2024-05-08 00:01:08,293 [ERROR] LogOutputStream:75 - [STDERR_REDIRECT] 
2024-05-08 11:24:20,726 [INFO] Activator:176 - 


2024-05-08 11:24:20,728 [INFO] Activator:177 - !SESSION log4j initialized
2024-05-08 11:24:26,822 [INFO] LogOutputStream:77 - [STDOUT_REDIRECT] 
2024-05-08 11:24:31,473 [INFO] ApplicationProperties:184 - Using Application install path: C:\ST\STM32CubeIDE_1.14.1\STM32CubeIDE\plugins\com.st.stm32cube.common.mx_6.11.0.202403141607
2024-05-08 11:24:31,493 [INFO] DbMcusXml:78 - Set database path to: C:\ST\STM32CubeIDE_1.14.1\STM32CubeIDE\plugins\com.st.stm32cube.common.mx_6.11.0.202403141607\\db\/mcu/
2024-05-08 11:24:31,494 [INFO] ApiDb:274 - Set plugin database path to: C:\ST\STM32CubeIDE_1.14.1\STM32CubeIDE\plugins\com.st.stm32cube.common.mx_6.11.0.202403141607\\db\/plugins/boardmanager/
2024-05-08 11:24:31,494 [WARN] ApiDb:259 - Overriding images path with different value:  => C:\ST\STM32CubeIDE_1.14.1\STM32CubeIDE\plugins\com.st.stm32cube.common.mx_6.11.0.202403141607\\db\/plugins/mcufinder/images/
2024-05-08 11:24:31,506 [INFO] ApiDb:250 - Set database path to: C:\Users\AAA\.stmcufinder\plugins\mcufinder//mcu/
2024-05-08 11:24:31,507 [INFO] DbMcusAds:125 - Set database path to: C:\Users\AAA\.stmcufinder\plugins\mcufinder//mcu/
2024-05-08 11:24:31,509 [INFO] CrossReferenceDbSqlite:203 - Set database path to: C:\Users\AAA\.stmcufinder\plugins\mcufinder//mcu/cs/
2024-05-08 11:24:31,626 [INFO] RulesReader:64 - Compatibility file has been processed (297 Rules)
2024-05-08 11:24:31,717 [INFO] DbMcusXml:78 - Set database path to: C:\ST\STM32CubeIDE_1.14.1\STM32CubeIDE\plugins\com.st.stm32cube.common.mx_6.11.0.202403141607\\db\/mcu/
2024-05-08 11:24:31,717 [INFO] ApiDb:274 - Set plugin database path to: C:\ST\STM32CubeIDE_1.14.1\STM32CubeIDE\plugins\com.st.stm32cube.common.mx_6.11.0.202403141607\\db\/plugins/boardmanager/
2024-05-08 11:24:31,717 [INFO] ApiDb:261 - Set plugin images path to: C:\ST\STM32CubeIDE_1.14.1\STM32CubeIDE\plugins\com.st.stm32cube.common.mx_6.11.0.202403141607\\db\/plugins/mcufinder/images/
2024-05-08 11:24:31,718 [WARN] DbFile:41 - Overriding database path with different value: C:\Users\AAA\.stmcufinder\plugins\mcufinder/ => C:\Users\AAA\.stmcufinder\plugins\mcufinder
2024-05-08 11:24:31,718 [INFO] ApiDb:250 - Set database path to: C:\Users\AAA\.stmcufinder\plugins\mcufinder//mcu/
2024-05-08 11:24:31,718 [WARN] DbFile:41 - Overriding database path with different value: C:\Users\AAA\.stmcufinder\plugins\mcufinder/ => C:\Users\AAA\.stmcufinder\plugins\mcufinder
2024-05-08 11:24:31,718 [INFO] DbMcusAds:125 - Set database path to: C:\Users\AAA\.stmcufinder\plugins\mcufinder//mcu/
2024-05-08 11:24:31,718 [WARN] DbFile:41 - Overriding database path with different value: C:\Users\AAA\.stmcufinder\plugins\mcufinder/ => C:\Users\AAA\.stmcufinder\plugins\mcufinder
2024-05-08 11:24:31,718 [WARN] DbFile:41 - Overriding database path with different value: C:\Users\AAA\.stmcufinder\plugins\mcufinder/ => C:\Users\AAA\.stmcufinder\plugins\mcufinder
2024-05-08 11:24:31,718 [INFO] CrossReferenceDbSqlite:203 - Set database path to: C:\Users\AAA\.stmcufinder\plugins\mcufinder//mcu/cs/
2024-05-08 11:24:31,799 [INFO] MainPanel:264 - HeapMemory: 268435456
2024-05-08 11:24:31,914 [INFO] DbMcusXml:78 - Set database path to: C:\ST\STM32CubeIDE_1.14.1\STM32CubeIDE\plugins\com.st.stm32cube.common.mx_6.11.0.202403141607\\db\/mcu/
2024-05-08 11:24:31,915 [INFO] ApiDb:274 - Set plugin database path to: C:\ST\STM32CubeIDE_1.14.1\STM32CubeIDE\plugins\com.st.stm32cube.common.mx_6.11.0.202403141607\\db\/plugins/boardmanager/
2024-05-08 11:24:31,915 [INFO] ApiDb:261 - Set plugin images path to: C:\ST\STM32CubeIDE_1.14.1\STM32CubeIDE\plugins\com.st.stm32cube.common.mx_6.11.0.202403141607\\db\/plugins/mcufinder/images/
2024-05-08 11:24:31,915 [WARN] DbFile:41 - Overriding database path with different value: C:\Users\AAA\.stmcufinder\plugins\mcufinder/ => C:\Users\AAA\.stmcufinder\plugins\mcufinder
2024-05-08 11:24:31,915 [INFO] ApiDb:250 - Set database path to: C:\Users\AAA\.stmcufinder\plugins\mcufinder//mcu/
2024-05-08 11:24:31,916 [WARN] DbFile:41 - Overriding database path with different value: C:\Users\AAA\.stmcufinder\plugins\mcufinder/ => C:\Users\AAA\.stmcufinder\plugins\mcufinder
2024-05-08 11:24:31,916 [INFO] DbMcusAds:125 - Set database path to: C:\Users\AAA\.stmcufinder\plugins\mcufinder//mcu/
2024-05-08 11:24:31,916 [WARN] DbFile:41 - Overriding database path with different value: C:\Users\AAA\.stmcufinder\plugins\mcufinder/ => C:\Users\AAA\.stmcufinder\plugins\mcufinder
2024-05-08 11:24:31,916 [WARN] DbFile:41 - Overriding database path with different value: C:\Users\AAA\.stmcufinder\plugins\mcufinder/ => C:\Users\AAA\.stmcufinder\plugins\mcufinder
2024-05-08 11:24:31,916 [INFO] CrossReferenceDbSqlite:203 - Set database path to: C:\Users\AAA\.stmcufinder\plugins\mcufinder//mcu/cs/
2024-05-08 11:24:31,936 [INFO] ApplicationProperties:184 - Using Application install path: C:\ST\STM32CubeIDE_1.14.1\STM32CubeIDE\plugins\com.st.stm32cube.common.mx_6.11.0.202403141607
2024-05-08 11:24:31,938 [INFO] PluginManage:196 - Search for loadable plugins [exclusion list=, ]
2024-05-08 11:24:31,941 [INFO] PluginManage:310 - Check plugin analytics
2024-05-08 11:24:32,139 [INFO] AnalyticsPlugin:253 - Accepted Software Licenses: 
2024-05-08 11:24:32,139 [INFO] AnalyticsPlugin:255 - Accepted CMSIS Pack Licenses: ARM.CMSIS.6.0.0
2024-05-08 11:24:32,139 [INFO] AnalyticsPlugin:257 - Accepted Firmware Licenses: 
2024-05-08 11:24:32,142 [INFO] PluginManage:359 - Loaded plugin analytics (category:tool,tabindex:-1)
2024-05-08 11:24:32,142 [INFO] PluginManage:310 - Check plugin cadmodel
2024-05-08 11:24:32,158 [INFO] CADModel:105 - Init CAD model plugin
2024-05-08 11:24:32,158 [INFO] PluginManage:359 - Loaded plugin cadmodel (category:power,tabindex:5)
2024-05-08 11:24:32,159 [INFO] PluginManage:310 - Check plugin clock
2024-05-08 11:24:32,179 [INFO] PluginManage:359 - Loaded plugin clock (category:base,tabindex:2)
2024-05-08 11:24:32,179 [INFO] PluginManage:310 - Check plugin ddr
2024-05-08 11:24:32,182 [INFO] PluginManage:359 - Loaded plugin ddr (category:tool,tabindex:6)
2024-05-08 11:24:32,182 [INFO] PluginManage:310 - Check plugin filemanager
2024-05-08 11:24:32,348 [INFO] PluginManage:359 - Loaded plugin filemanager (category:base,tabindex:10)
2024-05-08 11:24:32,348 [INFO] PluginManage:310 - Check plugin ipmanager
2024-05-08 11:24:32,360 [INFO] PluginManage:359 - Loaded plugin ipmanager (category:base,tabindex:5)
2024-05-08 11:24:32,360 [INFO] PluginManage:310 - Check plugin lpbam
2024-05-08 11:24:32,377 [INFO] PluginManage:359 - Loaded plugin lpbam (category:base,tabindex:0)
2024-05-08 11:24:32,377 [INFO] PluginManage:310 - Check plugin memorymap
2024-05-08 11:24:32,399 [INFO] PluginManage:359 - Loaded plugin memorymap (category:base,tabindex:4)
2024-05-08 11:24:32,399 [INFO] PluginManage:310 - Check plugin pinoutandconfiguration
2024-05-08 11:24:32,414 [INFO] PluginManage:359 - Loaded plugin pinoutandconfiguration (category:base,tabindex:1)
2024-05-08 11:24:32,415 [INFO] PluginManage:310 - Check plugin pinoutconfig
2024-05-08 11:24:32,526 [WARN] SupportedApi:132 - Cannot load RTOS API schema: s4s-elt-must-match.1: The content of 'definitions' must match (annotation?, (simpleType | complexType)?, (unique | key | keyref)*)). A problem was found starting at: attribute.
2024-05-08 11:24:32,705 [INFO] PluginManage:359 - Loaded plugin pinoutconfig (category:base,tabindex:0)
2024-05-08 11:24:32,705 [INFO] PluginManage:310 - Check plugin power
2024-05-08 11:24:32,728 [INFO] PluginManage:359 - Loaded plugin power (category:power,tabindex:4)
2024-05-08 11:24:32,728 [INFO] PluginManage:310 - Check plugin projectmanager
2024-05-08 11:24:32,748 [INFO] PluginManage:359 - Loaded plugin projectmanager (category:projectmanager,tabindex:3)
2024-05-08 11:24:32,748 [INFO] PluginManage:310 - Check plugin thirdparty
2024-05-08 11:24:33,043 [INFO] PluginManage:359 - Loaded plugin thirdparty (category:base,tabindex:-1)
2024-05-08 11:24:33,043 [WARN] IntegrityCheckThread:84 - waiting for thirdparty lock release [integrity check]
2024-05-08 11:24:33,043 [INFO] PluginManage:310 - Check plugin tools
2024-05-08 11:24:33,044 [INFO] IntegrityCheckThread:86 - entering critical section [integrity check]
2024-05-08 11:24:33,044 [INFO] ThirdPartyUpdaterWithRetryManager:70 - Updater plugin not ready yet. [1/15]
2024-05-08 11:24:33,080 [INFO] PluginManage:359 - Loaded plugin tools (category:base,tabindex:7)
2024-05-08 11:24:33,080 [INFO] PluginManage:310 - Check plugin tutovideos
2024-05-08 11:24:33,279 [INFO] PluginManage:359 - Loaded plugin tutovideos (category:base,tabindex:-1)
2024-05-08 11:24:33,279 [INFO] PluginManage:310 - Check plugin updater
2024-05-08 11:24:33,290 [INFO] PluginManage:359 - Loaded plugin updater (category:base,tabindex:12)
2024-05-08 11:24:33,290 [INFO] PluginManage:310 - Check plugin userauth
2024-05-08 11:24:33,296 [INFO] UserAuth:114 - Init User Auth plugin
2024-05-08 11:24:33,296 [INFO] PluginManage:359 - Loaded plugin userauth (category:base,tabindex:14)
2024-05-08 11:24:33,296 [INFO] PluginManage:283 - PluginManage : Loaded plugins [17]
2024-05-08 11:24:33,525 [INFO] PinOutPanel:1561 - setPackage(No Configuration,No Configuration)
2024-05-08 11:24:33,603 [INFO] CADModel:165 - CPN selected for project level
2024-05-08 11:24:33,603 [INFO] CADModel:114 - Register for checkConnection events
2024-05-08 11:24:33,628 [INFO] IPUIPlugin:80 - create IPUIPlugin
2024-05-08 11:24:33,628 [INFO] PluginManager:220 - loadIPPluginJar : add adc
2024-05-08 11:24:33,662 [INFO] IPUIPlugin:80 - create IPUIPlugin
2024-05-08 11:24:33,662 [INFO] PluginManager:220 - loadIPPluginJar : add aes
2024-05-08 11:24:33,699 [INFO] IPUIPlugin:80 - create IPUIPlugin
2024-05-08 11:24:33,699 [INFO] PluginManager:220 - loadIPPluginJar : add can
2024-05-08 11:24:33,721 [INFO] IPUIPlugin:80 - create IPUIPlugin
2024-05-08 11:24:33,721 [INFO] PluginManager:220 - loadIPPluginJar : add comp
2024-05-08 11:24:33,753 [INFO] IPUIPlugin:80 - create IPUIPlugin
2024-05-08 11:24:33,753 [INFO] PluginManager:220 - loadIPPluginJar : add cryp
2024-05-08 11:24:33,781 [INFO] IPUIPlugin:80 - create IPUIPlugin
2024-05-08 11:24:33,781 [INFO] PluginManager:220 - loadIPPluginJar : add dfsdm
2024-05-08 11:24:33,794 [INFO] IPUIPlugin:80 - create IPUIPlugin
2024-05-08 11:24:33,794 [INFO] PluginManager:220 - loadIPPluginJar : add dma
2024-05-08 11:24:33,829 [INFO] IPUIPlugin:80 - create IPUIPlugin
2024-05-08 11:24:33,829 [INFO] PluginManager:220 - loadIPPluginJar : add dma3
2024-05-08 11:24:33,869 [INFO] IPUIPlugin:80 - create IPUIPlugin
2024-05-08 11:24:33,869 [INFO] PluginManager:220 - loadIPPluginJar : add extmemmanager
2024-05-08 11:24:33,886 [INFO] IPUIPlugin:80 - create IPUIPlugin
2024-05-08 11:24:33,886 [INFO] PluginManager:220 - loadIPPluginJar : add fatfs
2024-05-08 11:24:33,927 [INFO] IPUIPlugin:80 - create IPUIPlugin
2024-05-08 11:24:33,927 [INFO] PluginManager:220 - loadIPPluginJar : add fmc
2024-05-08 11:24:33,941 [INFO] IPUIPlugin:80 - create IPUIPlugin
2024-05-08 11:24:33,941 [INFO] PluginManager:220 - loadIPPluginJar : add freertos
2024-05-08 11:24:33,959 [INFO] IPUIPlugin:80 - create IPUIPlugin
2024-05-08 11:24:33,959 [INFO] PluginManager:220 - loadIPPluginJar : add genericplugin
2024-05-08 11:24:34,038 [INFO] IPUIPlugin:80 - create IPUIPlugin
2024-05-08 11:24:34,038 [INFO] PluginManager:220 - loadIPPluginJar : add gfxmmu
2024-05-08 11:24:34,151 [INFO] IPUIPlugin:80 - create IPUIPlugin
2024-05-08 11:24:34,151 [INFO] PluginManager:220 - loadIPPluginJar : add gic
2024-05-08 11:24:34,163 [INFO] IPUIPlugin:80 - create IPUIPlugin
2024-05-08 11:24:34,163 [INFO] PluginManager:220 - loadIPPluginJar : add gpio
2024-05-08 11:24:34,244 [INFO] IPUIPlugin:80 - create IPUIPlugin
2024-05-08 11:24:34,244 [INFO] PluginManager:220 - loadIPPluginJar : add gtzc
2024-05-08 11:24:34,271 [INFO] IPUIPlugin:80 - create IPUIPlugin
2024-05-08 11:24:34,271 [INFO] PluginManager:220 - loadIPPluginJar : add hash
2024-05-08 11:24:34,315 [INFO] IPUIPlugin:80 - create IPUIPlugin
2024-05-08 11:24:34,316 [INFO] PluginManager:220 - loadIPPluginJar : add i2c
2024-05-08 11:24:34,349 [INFO] IPUIPlugin:80 - create IPUIPlugin
2024-05-08 11:24:34,349 [INFO] PluginManager:220 - loadIPPluginJar : add i2s
2024-05-08 11:24:34,386 [INFO] IPUIPlugin:80 - create IPUIPlugin
2024-05-08 11:24:34,386 [INFO] PluginManager:220 - loadIPPluginJar : add i3c
2024-05-08 11:24:34,492 [INFO] IPUIPlugin:80 - create IPUIPlugin
2024-05-08 11:24:34,492 [INFO] PluginManager:220 - loadIPPluginJar : add ipddr
2024-05-08 11:24:34,584 [INFO] IPUIPlugin:80 - create IPUIPlugin
2024-05-08 11:24:34,584 [INFO] PluginManager:220 - loadIPPluginJar : add linkedlist
2024-05-08 11:24:34,619 [INFO] IPUIPlugin:80 - create IPUIPlugin
2024-05-08 11:24:34,620 [INFO] PluginManager:220 - loadIPPluginJar : add lorawan
2024-05-08 11:24:34,652 [INFO] IPUIPlugin:80 - create IPUIPlugin
2024-05-08 11:24:34,652 [INFO] PluginManager:220 - loadIPPluginJar : add ltdc
2024-05-08 11:24:34,665 [INFO] IPUIPlugin:80 - create IPUIPlugin
2024-05-08 11:24:34,665 [INFO] PluginManager:220 - loadIPPluginJar : add mdma
2024-05-08 11:24:34,675 [INFO] IPUIPlugin:80 - create IPUIPlugin
2024-05-08 11:24:34,675 [INFO] PluginManager:220 - loadIPPluginJar : add nvic
2024-05-08 11:24:34,710 [INFO] IPUIPlugin:80 - create IPUIPlugin
2024-05-08 11:24:34,711 [INFO] PluginManager:220 - loadIPPluginJar : add opamp
2024-05-08 11:24:34,769 [INFO] IPUIPlugin:80 - create IPUIPlugin
2024-05-08 11:24:34,769 [INFO] PluginManager:220 - loadIPPluginJar : add openamp
2024-05-08 11:24:34,809 [INFO] IPUIPlugin:80 - create IPUIPlugin
2024-05-08 11:24:34,810 [INFO] PluginManager:220 - loadIPPluginJar : add pdm2pcm
2024-05-08 11:24:34,823 [INFO] IPUIPlugin:80 - create IPUIPlugin
2024-05-08 11:24:34,826 [INFO] PluginManager:220 - loadIPPluginJar : add plateformsettings
2024-05-08 11:24:34,845 [INFO] IPUIPlugin:80 - create IPUIPlugin
2024-05-08 11:24:34,845 [INFO] PluginManager:220 - loadIPPluginJar : add quadspi
2024-05-08 11:24:34,857 [INFO] IPUIPlugin:80 - create IPUIPlugin
2024-05-08 11:24:34,857 [INFO] PluginManager:220 - loadIPPluginJar : add resmgrutility
2024-05-08 11:24:34,902 [INFO] IPUIPlugin:80 - create IPUIPlugin
2024-05-08 11:24:34,902 [INFO] PluginManager:220 - loadIPPluginJar : add sai
2024-05-08 11:24:34,936 [INFO] IPUIPlugin:80 - create IPUIPlugin
2024-05-08 11:24:34,936 [INFO] PluginManager:220 - loadIPPluginJar : add spi
2024-05-08 11:24:34,998 [INFO] IPUIPlugin:80 - create IPUIPlugin
2024-05-08 11:24:34,998 [INFO] PluginManager:220 - loadIPPluginJar : add stm32_wpan
2024-05-08 11:24:35,018 [INFO] IPUIPlugin:80 - create IPUIPlugin
2024-05-08 11:24:35,018 [INFO] PluginManager:220 - loadIPPluginJar : add tim
2024-05-08 11:24:35,073 [INFO] IPUIPlugin:80 - create IPUIPlugin
2024-05-08 11:24:35,073 [INFO] PluginManager:220 - loadIPPluginJar : add touchsensing
2024-05-08 11:24:35,094 [INFO] IPUIPlugin:80 - create IPUIPlugin
2024-05-08 11:24:35,094 [INFO] PluginManager:220 - loadIPPluginJar : add tracer_emb
2024-05-08 11:24:35,116 [INFO] IPUIPlugin:80 - create IPUIPlugin
2024-05-08 11:24:35,116 [INFO] PluginManager:220 - loadIPPluginJar : add ts
2024-05-08 11:24:35,134 [INFO] IPUIPlugin:80 - create IPUIPlugin
2024-05-08 11:24:35,135 [INFO] PluginManager:220 - loadIPPluginJar : add tsc
2024-05-08 11:24:35,153 [INFO] IPUIPlugin:80 - create IPUIPlugin
2024-05-08 11:24:35,153 [INFO] PluginManager:220 - loadIPPluginJar : add ucpd
2024-05-08 11:24:35,192 [INFO] IPUIPlugin:80 - create IPUIPlugin
2024-05-08 11:24:35,192 [INFO] PluginManager:220 - loadIPPluginJar : add usart
2024-05-08 11:24:35,232 [INFO] IPUIPlugin:80 - create IPUIPlugin
2024-05-08 11:24:35,232 [INFO] PluginManager:220 - loadIPPluginJar : add usbx
2024-05-08 11:24:35,379 [INFO] CADModel:165 - CPN selected for project level
2024-05-08 11:24:35,379 [INFO] CADModel:114 - Register for checkConnection events
2024-05-08 11:24:35,379 [FATAL] Updater:308 - Updater called before beeing initialized
2024-05-08 11:24:35,379 [ERROR] CADModel:125 - Updater not yet initialized, retry later 
2024-05-08 11:24:35,524 [INFO] CADModel:165 - CPN selected for project level
2024-05-08 11:24:35,524 [INFO] CADModel:114 - Register for checkConnection events
2024-05-08 11:24:35,524 [FATAL] Updater:308 - Updater called before beeing initialized
2024-05-08 11:24:35,524 [ERROR] CADModel:125 - Updater not yet initialized, retry later 
2024-05-08 11:24:35,528 [FATAL] Updater:308 - Updater called before beeing initialized
2024-05-08 11:24:35,700 [FATAL] Updater:308 - Updater called before beeing initialized
2024-05-08 11:24:35,709 [INFO] DbMcusAds:53 - JSON generation date=Thu May 02 15:37:29 ICT 2024 (1714639049318)
2024-05-08 11:24:35,709 [FATAL] Updater:308 - Updater called before beeing initialized
2024-05-08 11:24:35,793 [WARN] DetailPanel:346 - Failed to get advertising image, set to default
2024-05-08 11:24:35,894 [FATAL] Updater:308 - Updater called before beeing initialized
2024-05-08 11:24:35,897 [FATAL] Updater:308 - Updater called before beeing initialized
2024-05-08 11:24:35,897 [FATAL] Updater:308 - Updater called before beeing initialized
2024-05-08 11:24:35,897 [WARN] DetailPanel:346 - Failed to get advertising image, set to default
2024-05-08 11:24:35,898 [FATAL] Updater:308 - Updater called before beeing initialized
2024-05-08 11:24:35,976 [ERROR] Updater:1120 - MainUpdater not yet initialized. External WinMGr cannot be set.
2024-05-08 11:24:35,991 [INFO] Updater:1056 - Updater Version found : 6.11.0
2024-05-08 11:24:36,014 [INFO] ApplicationProperties:184 - Using Application install path: C:\ST\STM32CubeIDE_1.14.1\STM32CubeIDE\plugins\com.st.stm32cube.common.mx_6.11.0.202403141607
2024-05-08 11:24:36,047 [INFO] ThirdPartyUpdaterWithRetryManager:70 - Updater plugin not ready yet. [2/15]
2024-05-08 11:24:37,596 [ERROR] LogOutputStream:75 - [STDERR_REDIRECT] May 08, 2024 11:24:37 AM java.util.prefs.WindowsPreferences <init>
2024-05-08 11:24:37,597 [ERROR] LogOutputStream:75 - [STDERR_REDIRECT] WARNING: Could not open/create prefs root node Software\JavaSoft\Prefs at root 0xffffffff80000002. Windows RegCreateKeyEx(...) returned error code 5.
2024-05-08 11:24:37,597 [ERROR] LogOutputStream:75 - [STDERR_REDIRECT] 
2024-05-08 11:24:38,423 [INFO] MainUpdater:2873 - connection check result : 10
2024-05-08 11:24:38,423 [INFO] MainUpdater:290 - Updater Check For Update Now.
2024-05-08 11:24:38,424 [INFO] MicroXplorer:498 - Change Database Version : DB.6.0.110
2024-05-08 11:24:38,442 [INFO] McuFinderGlobals:63 - Set McuFinder mode to 2 (CubeIDE integrated)
2024-05-08 11:24:38,455 [INFO] UserAuth:415 - Internet connection configuration mode: 1
2024-05-08 11:24:38,482 [INFO] JxBrowserEngine:152 - Initiate JxBrowser Engine with user profile folder
2024-05-08 11:24:38,618 [INFO] CheckServerUpdateThread:120 - End of CheckServer Thread
2024-05-08 11:24:39,274 [WARN] PackLoader:240 - Cannot read IP mode file for STMicroelectronics.FP-SNS-MOTENVWB1.1.4.0
2024-05-08 11:24:39,292 [WARN] PackLoader:240 - Cannot read IP mode file for STMicroelectronics.X-CUBE-SMBUS.2.1.0
2024-05-08 11:24:39,305 [WARN] PackLoader:240 - Cannot read IP mode file for STMicroelectronics.X-CUBE-TOUCHGFX.4.23.1
2024-05-08 11:24:39,317 [WARN] PackLoader:240 - Cannot read IP mode file for STMicroelectronics.X-CUBE-TOUCHGFX.4.23.0
2024-05-08 11:24:39,327 [WARN] PackLoader:240 - Cannot read IP mode file for STMicroelectronics.X-CUBE-TOUCHGFX.4.23.2
2024-05-08 11:24:39,376 [WARN] PackLoader:240 - Cannot read IP mode file for STMicroelectronics.X-CUBE-AZRTOS-F7.1.1.0
2024-05-08 11:24:39,396 [WARN] PackLoader:240 - Cannot read IP mode file for STMicroelectronics.FP-SNS-MOTENV1.4.3.2
2024-05-08 11:24:39,414 [WARN] PackLoader:240 - Cannot read IP mode file for STMicroelectronics.FP-SNS-FLIGHT1.5.0.2
2024-05-08 11:24:39,431 [WARN] PackLoader:240 - Cannot read IP mode file for STMicroelectronics.X-CUBE-DISPLAY.3.0.0
2024-05-08 11:24:39,449 [WARN] PackLoader:240 - Cannot read IP mode file for STMicroelectronics.X-CUBE-BLE1.7.0.0
2024-05-08 11:24:39,462 [WARN] PackLoader:240 - Cannot read IP mode file for emotas.I-CUBE-CANOPEN.1.3.0
2024-05-08 11:24:39,473 [WARN] PackLoader:240 - Cannot read IP mode file for STMicroelectronics.X-CUBE-TOUCHGFX.4.22.1
2024-05-08 11:24:39,488 [WARN] PackLoader:240 - Cannot read IP mode file for STMicroelectronics.X-CUBE-BLEMGR.3.1.0
2024-05-08 11:24:39,503 [WARN] PackLoader:240 - Cannot read IP mode file for STMicroelectronics.FP-SNS-SMARTAG2.1.2.0
2024-05-08 11:24:39,521 [INFO] LogOutputStream:77 - [STDOUT_REDIRECT] 1 : Invalid condition id : UX_CORESTACK_Condition cause : null
2024-05-08 11:24:39,522 [INFO] LogOutputStream:77 - [STDOUT_REDIRECT] 1 : Invalid condition id : UX_CORESTACK_Condition cause : null
2024-05-08 11:24:39,523 [INFO] LogOutputStream:77 - [STDOUT_REDIRECT] 1 : Invalid condition id : UX_CORESTACK_Condition cause : null
2024-05-08 11:24:39,524 [INFO] LogOutputStream:77 - [STDOUT_REDIRECT] 1 : Invalid condition id : UX_CORESTACK_Condition cause : null
2024-05-08 11:24:39,525 [INFO] LogOutputStream:77 - [STDOUT_REDIRECT] 1 : Invalid condition id : UX_CORESTACK_Condition cause : null
2024-05-08 11:24:39,527 [WARN] PackLoader:240 - Cannot read IP mode file for STMicroelectronics.X-CUBE-AZRTOS-WL.2.0.0
2024-05-08 11:24:39,539 [WARN] PackLoader:240 - Cannot read IP mode file for STMicroelectronics.FP-SNS-MOTENV1.5.0.0
2024-05-08 11:24:39,553 [WARN] PackLoader:240 - Cannot read IP mode file for WES.I-CUBE-Cesium.1.3.0
2024-05-08 11:24:39,563 [WARN] PackLoader:240 - Cannot read IP mode file for STMicroelectronics.X-CUBE-BLE2.3.3.0
2024-05-08 11:24:39,575 [WARN] PackLoader:240 - Cannot read IP mode file for STMicroelectronics.X-CUBE-TCPP.4.1.0
2024-05-08 11:24:39,592 [WARN] PackLoader:240 - Cannot read IP mode file for STMicroelectronics.X-CUBE-ALGOBUILD.1.3.0
2024-05-08 11:24:39,621 [WARN] PackLoader:240 - Cannot read IP mode file for STMicroelectronics.X-CUBE-AZRTOS-G0.1.1.0
2024-05-08 11:24:39,639 [WARN] PackLoader:240 - Cannot read IP mode file for STMicroelectronics.X-CUBE-SAFEA1.1.2.2
2024-05-08 11:24:39,652 [WARN] PackLoader:240 - Cannot read IP mode file for STMicroelectronics.X-CUBE-NFC4.3.0.0
2024-05-08 11:24:39,672 [WARN] PackLoader:240 - Cannot read IP mode file for STMicroelectronics.X-CUBE-BLEMGR.3.0.0
2024-05-08 11:24:39,686 [WARN] PackLoader:240 - Cannot read IP mode file for STMicroelectronics.FP-ATR-SIGFOX1.3.2.0
2024-05-08 11:24:39,698 [WARN] PackLoader:240 - Cannot read IP mode file for STMicroelectronics.X-CUBE-EEPRMA1.5.1.0
2024-05-08 11:24:39,734 [WARN] PackLoader:240 - Cannot read IP mode file for SEGGER.I-CUBE-embOS.1.3.1
2024-05-08 11:24:39,793 [WARN] PackLoader:240 - Cannot read IP mode file for STMicroelectronics.X-CUBE-GNSS1.6.0.0
2024-05-08 11:24:39,849 [WARN] PackLoader:240 - Cannot read IP mode file for STMicroelectronics.X-CUBE-AZRTOS-F4.1.1.0
2024-05-08 11:24:39,869 [WARN] PackLoader:240 - Cannot read IP mode file for wolfSSL.I-CUBE-wolfSSL.5.6.3
2024-05-08 11:24:39,881 [WARN] PackLoader:240 - Cannot read IP mode file for STMicroelectronics.X-CUBE-FREERTOS.1.2.0
2024-05-08 11:24:39,891 [WARN] PackLoader:240 - Cannot read IP mode file for wolfSSL.I-CUBE-wolfSSL.5.6.6
2024-05-08 11:24:39,915 [WARN] PackLoader:240 - Cannot read IP mode file for STMicroelectronics.X-CUBE-AZRTOS-L5.2.0.0
2024-05-08 11:24:39,962 [WARN] PackLoader:240 - Cannot read IP mode file for STMicroelectronics.X-CUBE-MEMS1.9.6.0
2024-05-08 11:24:40,088 [WARN] PackLoader:240 - Cannot read IP mode file for STMicroelectronics.X-CUBE-EEPRMA1.4.2.0
2024-05-08 11:24:40,101 [WARN] PackLoader:240 - Cannot read IP mode file for STMicroelectronics.X-CUBE-NFC6.3.1.0
2024-05-08 11:24:40,114 [WARN] PackLoader:240 - Cannot read IP mode file for ITTIA_DB.I-CUBE-ITTIADB.8.8.0
2024-05-08 11:24:40,165 [WARN] PackLoader:240 - Cannot read IP mode file for STMicroelectronics.X-CUBE-BLEMGR.2.0.0
2024-05-08 11:24:40,176 [WARN] PackLoader:240 - Cannot read IP mode file for STMicroelectronics.X-CUBE-AI.9.0.0
2024-05-08 11:24:40,201 [WARN] ConditionMgr:438 - getConditionDescription Invalid condition id : UX DEVICE CLASS RTOS Condition cause : null
2024-05-08 11:24:40,201 [WARN] ConditionMgr:438 - getConditionDescription Invalid condition id : UX DEVICE CLASS RTOS Condition cause : null
2024-05-08 11:24:40,203 [WARN] PackLoader:240 - Cannot read IP mode file for STMicroelectronics.X-CUBE-AZRTOS-H7.3.1.0
2024-05-08 11:24:40,205 [WARN] ConditionMgr:1039 - genDependencies : Invalid condition id : UX DEVICE CLASS RTOS Condition cause : null
2024-05-08 11:24:40,205 [WARN] ConditionMgr:1039 - genDependencies : Invalid condition id : UX DEVICE CLASS RTOS Condition cause : null
2024-05-08 11:24:40,205 [WARN] ConditionMgr:1039 - genDependencies : Invalid condition id : UX DEVICE CLASS RTOS Condition cause : null
2024-05-08 11:24:40,206 [WARN] ConditionMgr:1039 - genDependencies : Invalid condition id : UX DEVICE CLASS RTOS Condition cause : null
2024-05-08 11:24:40,206 [WARN] ConditionMgr:1039 - genDependencies : Invalid condition id : UX DEVICE CLASS RTOS Condition cause : null
2024-05-08 11:24:40,223 [WARN] PackLoader:240 - Cannot read IP mode file for STMicroelectronics.X-CUBE-NFC7.1.0.1
2024-05-08 11:24:40,244 [WARN] PackLoader:240 - Cannot read IP mode file for STMicroelectronics.X-CUBE-NFC6.3.0.0
2024-05-08 11:24:40,267 [WARN] PackLoader:240 - Cannot read IP mode file for STMicroelectronics.X-CUBE-EEPRMA1.4.1.0
2024-05-08 11:24:40,281 [WARN] PackLoader:240 - Cannot read IP mode file for STMicroelectronics.X-CUBE-AI.8.1.0
2024-05-08 11:24:40,334 [WARN] ConditionMgr:438 - getConditionDescription Invalid condition id : LAN8742 Phy interface Condition cause : null
2024-05-08 11:24:40,335 [WARN] PackLoader:240 - Cannot read IP mode file for STMicroelectronics.X-CUBE-AZRTOS-L4.2.0.0
2024-05-08 11:24:40,336 [WARN] ConditionMgr:1039 - genDependencies : Invalid condition id : LAN8742 Phy interface Condition cause : null
2024-05-08 11:24:40,337 [WARN] ConditionMgr:1039 - genDependencies : Invalid condition id : LAN8742 Phy interface Condition cause : null
2024-05-08 11:24:40,338 [WARN] ConditionMgr:1039 - genDependencies : Invalid condition id : LAN8742 Phy interface Condition cause : null
2024-05-08 11:24:40,411 [WARN] PackLoader:240 - Cannot read IP mode file for STMicroelectronics.X-CUBE-SFXS2LP1.4.0.0
2024-05-08 11:24:40,425 [WARN] PackLoader:240 - Cannot read IP mode file for STMicroelectronics.X-CUBE-ISPU.1.1.0
2024-05-08 11:24:40,451 [WARN] ConditionMgr:438 - getConditionDescription Invalid condition id : UX DEVICE CLASS RTOS Condition cause : null
2024-05-08 11:24:40,451 [WARN] ConditionMgr:438 - getConditionDescription Invalid condition id : UX DEVICE CLASS RTOS Condition cause : null
2024-05-08 11:24:40,454 [WARN] PackLoader:240 - Cannot read IP mode file for STMicroelectronics.X-CUBE-AZRTOS-WB.2.0.0
2024-05-08 11:24:40,456 [WARN] ConditionMgr:1039 - genDependencies : Invalid condition id : UX DEVICE CLASS RTOS Condition cause : null
2024-05-08 11:24:40,456 [WARN] ConditionMgr:1039 - genDependencies : Invalid condition id : UX DEVICE CLASS RTOS Condition cause : null
2024-05-08 11:24:40,457 [WARN] ConditionMgr:1039 - genDependencies : Invalid condition id : UX DEVICE CLASS RTOS Condition cause : null
2024-05-08 11:24:40,457 [WARN] ConditionMgr:1039 - genDependencies : Invalid condition id : UX DEVICE CLASS RTOS Condition cause : null
2024-05-08 11:24:40,457 [WARN] ConditionMgr:1039 - genDependencies : Invalid condition id : UX DEVICE CLASS RTOS Condition cause : null
2024-05-08 11:24:40,479 [WARN] PackLoader:240 - Cannot read IP mode file for STMicroelectronics.X-CUBE-SUBG2.5.0.0
2024-05-08 11:24:40,502 [WARN] PackLoader:240 - Cannot read IP mode file for STMicroelectronics.X-CUBE-TOF1.3.3.1
2024-05-08 11:24:40,534 [WARN] PackLoader:240 - Cannot read IP mode file for STMicroelectronics.X-CUBE-AZRTOS-G4.2.0.0
2024-05-08 11:24:40,556 [WARN] PackLoader:240 - Cannot read IP mode file for Infineon.AIROC-Wi-Fi-Bluetooth-STM32.1.5.1
2024-05-08 11:24:40,571 [WARN] PackLoader:240 - Cannot read IP mode file for STMicroelectronics.FP-SNS-MOTENVWB1.1.3.0
2024-05-08 11:24:40,582 [WARN] PackLoader:240 - Cannot read IP mode file for STMicroelectronics.FP-SNS-MOTENVWB1.1.3.1
2024-05-08 11:24:40,593 [WARN] PackLoader:240 - Cannot read IP mode file for STMicroelectronics.X-CUBE-ISPU.2.0.0
2024-05-08 11:24:40,641 [WARN] PackLoader:240 - Cannot read IP mode file for STMicroelectronics.X-CUBE-MEMS1.10.0.0
2024-05-08 11:24:40,766 [WARN] PackLoader:240 - Cannot read IP mode file for STMicroelectronics.X-CUBE-FREERTOS.1.1.0
2024-05-08 11:24:40,783 [WARN] PackLoader:240 - Cannot read IP mode file for portGmbH.I-Cube-SoM-uGOAL.1.1.0
2024-05-08 11:24:40,798 [WARN] PackLoader:240 - Cannot read IP mode file for STMicroelectronics.X-CUBE-ALS.1.0.1
2024-05-08 11:24:40,835 [WARN] PackLoader:240 - Cannot read IP mode file for STMicroelectronics.X-CUBE-AZRTOS-H7RS.1.0.0
2024-05-08 11:24:40,849 [WARN] PackLoader:240 - Cannot read IP mode file for STMicroelectronics.FP-ATR-ASTRA1.2.0.0
2024-05-08 11:24:40,867 [WARN] PackLoader:240 - Cannot read IP mode file for STMicroelectronics.X-CUBE-TOF1.3.4.0
2024-05-08 11:24:40,895 [WARN] PackLoader:240 - Cannot read IP mode file for STMicroelectronics.X-CUBE-TOF1.3.4.1
2024-05-08 11:24:40,927 [WARN] PackLoader:240 - Cannot read IP mode file for STMicroelectronics.X-CUBE-AZRTOS-H7.3.2.0
2024-05-08 11:24:40,930 [INFO] ThirdParty:978 - Integrity check success = true
2024-05-08 11:24:40,930 [INFO] IntegrityCheckThread:100 - exiting critical section [integrity check]
2024-05-08 11:24:40,930 [INFO] IntegrityCheckThread:103 - End integrity checks thread
2024-05-08 11:24:43,959 [INFO] WebApp:161 - Instantiating new browser for Auth
2024-05-08 11:24:44,565 [INFO] WebApp:779 - Register for checkConnection events
2024-05-08 11:24:44,565 [INFO] WebApp:414 - Apply proxy settings
2024-05-08 11:24:44,565 [INFO] WebApp:499 - Chromium requires no authentication
2024-05-08 11:24:44,574 [INFO] WebApp:442 - Direct internet connection detected
2024-05-08 11:24:44,749 [INFO] WebApp:192 - Starting web application
2024-05-08 11:24:44,750 [INFO] WebApp:544 - Web application path used C:\ST\STM32CubeIDE_1.14.1\STM32CubeIDE\plugins\com.st.stm32cube.common.mx_6.11.0.202403141607\db\plugins\mcufinder\reactClient1\index.html
2024-05-08 13:41:58,669 [ERROR] LogOutputStream:75 - [STDERR_REDIRECT] 
2024-05-08 14:59:27,428 [INFO] Activator:176 - 


2024-05-08 14:59:27,430 [INFO] Activator:177 - !SESSION log4j initialized
2024-05-08 14:59:34,682 [INFO] LogOutputStream:77 - [STDOUT_REDIRECT] 
2024-05-08 14:59:38,679 [INFO] ApplicationProperties:184 - Using Application install path: C:\ST\STM32CubeIDE_1.14.1\STM32CubeIDE\plugins\com.st.stm32cube.common.mx_6.11.0.202403141607
2024-05-08 14:59:38,699 [INFO] DbMcusXml:78 - Set database path to: C:\ST\STM32CubeIDE_1.14.1\STM32CubeIDE\plugins\com.st.stm32cube.common.mx_6.11.0.202403141607\\db\/mcu/
2024-05-08 14:59:38,700 [INFO] ApiDb:274 - Set plugin database path to: C:\ST\STM32CubeIDE_1.14.1\STM32CubeIDE\plugins\com.st.stm32cube.common.mx_6.11.0.202403141607\\db\/plugins/boardmanager/
2024-05-08 14:59:38,700 [WARN] ApiDb:259 - Overriding images path with different value:  => C:\ST\STM32CubeIDE_1.14.1\STM32CubeIDE\plugins\com.st.stm32cube.common.mx_6.11.0.202403141607\\db\/plugins/mcufinder/images/
2024-05-08 14:59:38,708 [INFO] ApiDb:250 - Set database path to: C:\Users\AAA\.stmcufinder\plugins\mcufinder//mcu/
2024-05-08 14:59:38,710 [INFO] DbMcusAds:125 - Set database path to: C:\Users\AAA\.stmcufinder\plugins\mcufinder//mcu/
2024-05-08 14:59:38,712 [INFO] CrossReferenceDbSqlite:203 - Set database path to: C:\Users\AAA\.stmcufinder\plugins\mcufinder//mcu/cs/
2024-05-08 14:59:38,826 [INFO] RulesReader:64 - Compatibility file has been processed (297 Rules)
2024-05-08 14:59:38,905 [INFO] DbMcusXml:78 - Set database path to: C:\ST\STM32CubeIDE_1.14.1\STM32CubeIDE\plugins\com.st.stm32cube.common.mx_6.11.0.202403141607\\db\/mcu/
2024-05-08 14:59:38,905 [INFO] ApiDb:274 - Set plugin database path to: C:\ST\STM32CubeIDE_1.14.1\STM32CubeIDE\plugins\com.st.stm32cube.common.mx_6.11.0.202403141607\\db\/plugins/boardmanager/
2024-05-08 14:59:38,905 [INFO] ApiDb:261 - Set plugin images path to: C:\ST\STM32CubeIDE_1.14.1\STM32CubeIDE\plugins\com.st.stm32cube.common.mx_6.11.0.202403141607\\db\/plugins/mcufinder/images/
2024-05-08 14:59:38,905 [WARN] DbFile:41 - Overriding database path with different value: C:\Users\AAA\.stmcufinder\plugins\mcufinder/ => C:\Users\AAA\.stmcufinder\plugins\mcufinder
2024-05-08 14:59:38,905 [INFO] ApiDb:250 - Set database path to: C:\Users\AAA\.stmcufinder\plugins\mcufinder//mcu/
2024-05-08 14:59:38,905 [WARN] DbFile:41 - Overriding database path with different value: C:\Users\AAA\.stmcufinder\plugins\mcufinder/ => C:\Users\AAA\.stmcufinder\plugins\mcufinder
2024-05-08 14:59:38,905 [INFO] DbMcusAds:125 - Set database path to: C:\Users\AAA\.stmcufinder\plugins\mcufinder//mcu/
2024-05-08 14:59:38,905 [WARN] DbFile:41 - Overriding database path with different value: C:\Users\AAA\.stmcufinder\plugins\mcufinder/ => C:\Users\AAA\.stmcufinder\plugins\mcufinder
2024-05-08 14:59:38,905 [WARN] DbFile:41 - Overriding database path with different value: C:\Users\AAA\.stmcufinder\plugins\mcufinder/ => C:\Users\AAA\.stmcufinder\plugins\mcufinder
2024-05-08 14:59:38,905 [INFO] CrossReferenceDbSqlite:203 - Set database path to: C:\Users\AAA\.stmcufinder\plugins\mcufinder//mcu/cs/
2024-05-08 14:59:38,976 [INFO] MainPanel:264 - HeapMemory: 268435456
2024-05-08 14:59:39,042 [INFO] DbMcusXml:78 - Set database path to: C:\ST\STM32CubeIDE_1.14.1\STM32CubeIDE\plugins\com.st.stm32cube.common.mx_6.11.0.202403141607\\db\/mcu/
2024-05-08 14:59:39,042 [INFO] ApiDb:274 - Set plugin database path to: C:\ST\STM32CubeIDE_1.14.1\STM32CubeIDE\plugins\com.st.stm32cube.common.mx_6.11.0.202403141607\\db\/plugins/boardmanager/
2024-05-08 14:59:39,042 [INFO] ApiDb:261 - Set plugin images path to: C:\ST\STM32CubeIDE_1.14.1\STM32CubeIDE\plugins\com.st.stm32cube.common.mx_6.11.0.202403141607\\db\/plugins/mcufinder/images/
2024-05-08 14:59:39,043 [WARN] DbFile:41 - Overriding database path with different value: C:\Users\AAA\.stmcufinder\plugins\mcufinder/ => C:\Users\AAA\.stmcufinder\plugins\mcufinder
2024-05-08 14:59:39,043 [INFO] ApiDb:250 - Set database path to: C:\Users\AAA\.stmcufinder\plugins\mcufinder//mcu/
2024-05-08 14:59:39,043 [WARN] DbFile:41 - Overriding database path with different value: C:\Users\AAA\.stmcufinder\plugins\mcufinder/ => C:\Users\AAA\.stmcufinder\plugins\mcufinder
2024-05-08 14:59:39,043 [INFO] DbMcusAds:125 - Set database path to: C:\Users\AAA\.stmcufinder\plugins\mcufinder//mcu/
2024-05-08 14:59:39,043 [WARN] DbFile:41 - Overriding database path with different value: C:\Users\AAA\.stmcufinder\plugins\mcufinder/ => C:\Users\AAA\.stmcufinder\plugins\mcufinder
2024-05-08 14:59:39,043 [WARN] DbFile:41 - Overriding database path with different value: C:\Users\AAA\.stmcufinder\plugins\mcufinder/ => C:\Users\AAA\.stmcufinder\plugins\mcufinder
2024-05-08 14:59:39,043 [INFO] CrossReferenceDbSqlite:203 - Set database path to: C:\Users\AAA\.stmcufinder\plugins\mcufinder//mcu/cs/
2024-05-08 14:59:39,057 [INFO] ApplicationProperties:184 - Using Application install path: C:\ST\STM32CubeIDE_1.14.1\STM32CubeIDE\plugins\com.st.stm32cube.common.mx_6.11.0.202403141607
2024-05-08 14:59:39,058 [INFO] PluginManage:196 - Search for loadable plugins [exclusion list=, ]
2024-05-08 14:59:39,059 [INFO] PluginManage:310 - Check plugin analytics
2024-05-08 14:59:39,204 [INFO] AnalyticsPlugin:253 - Accepted Software Licenses: 
2024-05-08 14:59:39,204 [INFO] AnalyticsPlugin:255 - Accepted CMSIS Pack Licenses: ARM.CMSIS.6.0.0
2024-05-08 14:59:39,204 [INFO] AnalyticsPlugin:257 - Accepted Firmware Licenses: 
2024-05-08 14:59:39,207 [INFO] PluginManage:359 - Loaded plugin analytics (category:tool,tabindex:-1)
2024-05-08 14:59:39,207 [INFO] PluginManage:310 - Check plugin cadmodel
2024-05-08 14:59:39,217 [INFO] CADModel:105 - Init CAD model plugin
2024-05-08 14:59:39,217 [INFO] PluginManage:359 - Loaded plugin cadmodel (category:power,tabindex:5)
2024-05-08 14:59:39,217 [INFO] PluginManage:310 - Check plugin clock
2024-05-08 14:59:39,232 [INFO] PluginManage:359 - Loaded plugin clock (category:base,tabindex:2)
2024-05-08 14:59:39,232 [INFO] PluginManage:310 - Check plugin ddr
2024-05-08 14:59:39,233 [INFO] PluginManage:359 - Loaded plugin ddr (category:tool,tabindex:6)
2024-05-08 14:59:39,233 [INFO] PluginManage:310 - Check plugin filemanager
2024-05-08 14:59:39,339 [INFO] PluginManage:359 - Loaded plugin filemanager (category:base,tabindex:10)
2024-05-08 14:59:39,339 [INFO] PluginManage:310 - Check plugin ipmanager
2024-05-08 14:59:39,345 [INFO] PluginManage:359 - Loaded plugin ipmanager (category:base,tabindex:5)
2024-05-08 14:59:39,345 [INFO] PluginManage:310 - Check plugin lpbam
2024-05-08 14:59:39,359 [INFO] PluginManage:359 - Loaded plugin lpbam (category:base,tabindex:0)
2024-05-08 14:59:39,359 [INFO] PluginManage:310 - Check plugin memorymap
2024-05-08 14:59:39,376 [INFO] PluginManage:359 - Loaded plugin memorymap (category:base,tabindex:4)
2024-05-08 14:59:39,376 [INFO] PluginManage:310 - Check plugin pinoutandconfiguration
2024-05-08 14:59:39,392 [INFO] PluginManage:359 - Loaded plugin pinoutandconfiguration (category:base,tabindex:1)
2024-05-08 14:59:39,392 [INFO] PluginManage:310 - Check plugin pinoutconfig
2024-05-08 14:59:39,484 [WARN] SupportedApi:132 - Cannot load RTOS API schema: s4s-elt-must-match.1: The content of 'definitions' must match (annotation?, (simpleType | complexType)?, (unique | key | keyref)*)). A problem was found starting at: attribute.
2024-05-08 14:59:39,629 [INFO] PluginManage:359 - Loaded plugin pinoutconfig (category:base,tabindex:0)
2024-05-08 14:59:39,629 [INFO] PluginManage:310 - Check plugin power
2024-05-08 14:59:39,645 [INFO] PluginManage:359 - Loaded plugin power (category:power,tabindex:4)
2024-05-08 14:59:39,645 [INFO] PluginManage:310 - Check plugin projectmanager
2024-05-08 14:59:39,661 [INFO] PluginManage:359 - Loaded plugin projectmanager (category:projectmanager,tabindex:3)
2024-05-08 14:59:39,662 [INFO] PluginManage:310 - Check plugin thirdparty
2024-05-08 14:59:39,897 [INFO] PluginManage:359 - Loaded plugin thirdparty (category:base,tabindex:-1)
2024-05-08 14:59:39,897 [WARN] IntegrityCheckThread:84 - waiting for thirdparty lock release [integrity check]
2024-05-08 14:59:39,897 [INFO] PluginManage:310 - Check plugin tools
2024-05-08 14:59:39,898 [INFO] IntegrityCheckThread:86 - entering critical section [integrity check]
2024-05-08 14:59:39,899 [INFO] ThirdPartyUpdaterWithRetryManager:70 - Updater plugin not ready yet. [1/15]
2024-05-08 14:59:39,925 [INFO] PluginManage:359 - Loaded plugin tools (category:base,tabindex:7)
2024-05-08 14:59:39,926 [INFO] PluginManage:310 - Check plugin tutovideos
2024-05-08 14:59:40,075 [INFO] PluginManage:359 - Loaded plugin tutovideos (category:base,tabindex:-1)
2024-05-08 14:59:40,075 [INFO] PluginManage:310 - Check plugin updater
2024-05-08 14:59:40,083 [INFO] PluginManage:359 - Loaded plugin updater (category:base,tabindex:12)
2024-05-08 14:59:40,083 [INFO] PluginManage:310 - Check plugin userauth
2024-05-08 14:59:40,087 [INFO] UserAuth:114 - Init User Auth plugin
2024-05-08 14:59:40,087 [INFO] PluginManage:359 - Loaded plugin userauth (category:base,tabindex:14)
2024-05-08 14:59:40,087 [INFO] PluginManage:283 - PluginManage : Loaded plugins [17]
2024-05-08 14:59:40,264 [INFO] PinOutPanel:1561 - setPackage(No Configuration,No Configuration)
2024-05-08 14:59:40,329 [INFO] CADModel:165 - CPN selected for project level
2024-05-08 14:59:40,330 [INFO] CADModel:114 - Register for checkConnection events
2024-05-08 14:59:40,350 [INFO] IPUIPlugin:80 - create IPUIPlugin
2024-05-08 14:59:40,350 [INFO] PluginManager:220 - loadIPPluginJar : add adc
2024-05-08 14:59:40,382 [INFO] IPUIPlugin:80 - create IPUIPlugin
2024-05-08 14:59:40,382 [INFO] PluginManager:220 - loadIPPluginJar : add aes
2024-05-08 14:59:40,417 [INFO] IPUIPlugin:80 - create IPUIPlugin
2024-05-08 14:59:40,417 [INFO] PluginManager:220 - loadIPPluginJar : add can
2024-05-08 14:59:40,436 [INFO] IPUIPlugin:80 - create IPUIPlugin
2024-05-08 14:59:40,436 [INFO] PluginManager:220 - loadIPPluginJar : add comp
2024-05-08 14:59:40,463 [INFO] IPUIPlugin:80 - create IPUIPlugin
2024-05-08 14:59:40,463 [INFO] PluginManager:220 - loadIPPluginJar : add cryp
2024-05-08 14:59:40,487 [INFO] IPUIPlugin:80 - create IPUIPlugin
2024-05-08 14:59:40,487 [INFO] PluginManager:220 - loadIPPluginJar : add dfsdm
2024-05-08 14:59:40,498 [INFO] IPUIPlugin:80 - create IPUIPlugin
2024-05-08 14:59:40,498 [INFO] PluginManager:220 - loadIPPluginJar : add dma
2024-05-08 14:59:40,534 [INFO] IPUIPlugin:80 - create IPUIPlugin
2024-05-08 14:59:40,534 [INFO] PluginManager:220 - loadIPPluginJar : add dma3
2024-05-08 14:59:40,574 [INFO] IPUIPlugin:80 - create IPUIPlugin
2024-05-08 14:59:40,574 [INFO] PluginManager:220 - loadIPPluginJar : add extmemmanager
2024-05-08 14:59:40,591 [INFO] IPUIPlugin:80 - create IPUIPlugin
2024-05-08 14:59:40,591 [INFO] PluginManager:220 - loadIPPluginJar : add fatfs
2024-05-08 14:59:40,634 [INFO] IPUIPlugin:80 - create IPUIPlugin
2024-05-08 14:59:40,634 [INFO] PluginManager:220 - loadIPPluginJar : add fmc
2024-05-08 14:59:40,648 [INFO] IPUIPlugin:80 - create IPUIPlugin
2024-05-08 14:59:40,648 [INFO] PluginManager:220 - loadIPPluginJar : add freertos
2024-05-08 14:59:40,665 [INFO] IPUIPlugin:80 - create IPUIPlugin
2024-05-08 14:59:40,665 [INFO] PluginManager:220 - loadIPPluginJar : add genericplugin
2024-05-08 14:59:40,737 [INFO] IPUIPlugin:80 - create IPUIPlugin
2024-05-08 14:59:40,737 [INFO] PluginManager:220 - loadIPPluginJar : add gfxmmu
2024-05-08 14:59:40,843 [INFO] IPUIPlugin:80 - create IPUIPlugin
2024-05-08 14:59:40,843 [INFO] PluginManager:220 - loadIPPluginJar : add gic
2024-05-08 14:59:40,853 [INFO] IPUIPlugin:80 - create IPUIPlugin
2024-05-08 14:59:40,853 [INFO] PluginManager:220 - loadIPPluginJar : add gpio
2024-05-08 14:59:40,933 [INFO] IPUIPlugin:80 - create IPUIPlugin
2024-05-08 14:59:40,933 [INFO] PluginManager:220 - loadIPPluginJar : add gtzc
2024-05-08 14:59:40,959 [INFO] IPUIPlugin:80 - create IPUIPlugin
2024-05-08 14:59:40,959 [INFO] PluginManager:220 - loadIPPluginJar : add hash
2024-05-08 14:59:41,002 [INFO] IPUIPlugin:80 - create IPUIPlugin
2024-05-08 14:59:41,002 [INFO] PluginManager:220 - loadIPPluginJar : add i2c
2024-05-08 14:59:41,032 [INFO] IPUIPlugin:80 - create IPUIPlugin
2024-05-08 14:59:41,034 [INFO] PluginManager:220 - loadIPPluginJar : add i2s
2024-05-08 14:59:41,067 [INFO] IPUIPlugin:80 - create IPUIPlugin
2024-05-08 14:59:41,067 [INFO] PluginManager:220 - loadIPPluginJar : add i3c
2024-05-08 14:59:41,159 [INFO] IPUIPlugin:80 - create IPUIPlugin
2024-05-08 14:59:41,159 [INFO] PluginManager:220 - loadIPPluginJar : add ipddr
2024-05-08 14:59:41,235 [INFO] IPUIPlugin:80 - create IPUIPlugin
2024-05-08 14:59:41,235 [INFO] PluginManager:220 - loadIPPluginJar : add linkedlist
2024-05-08 14:59:41,264 [INFO] IPUIPlugin:80 - create IPUIPlugin
2024-05-08 14:59:41,265 [INFO] PluginManager:220 - loadIPPluginJar : add lorawan
2024-05-08 14:59:41,295 [INFO] IPUIPlugin:80 - create IPUIPlugin
2024-05-08 14:59:41,295 [INFO] PluginManager:220 - loadIPPluginJar : add ltdc
2024-05-08 14:59:41,307 [INFO] IPUIPlugin:80 - create IPUIPlugin
2024-05-08 14:59:41,308 [INFO] PluginManager:220 - loadIPPluginJar : add mdma
2024-05-08 14:59:41,317 [INFO] IPUIPlugin:80 - create IPUIPlugin
2024-05-08 14:59:41,318 [INFO] PluginManager:220 - loadIPPluginJar : add nvic
2024-05-08 14:59:41,348 [INFO] IPUIPlugin:80 - create IPUIPlugin
2024-05-08 14:59:41,348 [INFO] PluginManager:220 - loadIPPluginJar : add opamp
2024-05-08 14:59:41,399 [INFO] IPUIPlugin:80 - create IPUIPlugin
2024-05-08 14:59:41,399 [INFO] PluginManager:220 - loadIPPluginJar : add openamp
2024-05-08 14:59:41,433 [INFO] IPUIPlugin:80 - create IPUIPlugin
2024-05-08 14:59:41,433 [INFO] PluginManager:220 - loadIPPluginJar : add pdm2pcm
2024-05-08 14:59:41,444 [INFO] IPUIPlugin:80 - create IPUIPlugin
2024-05-08 14:59:41,446 [INFO] PluginManager:220 - loadIPPluginJar : add plateformsettings
2024-05-08 14:59:41,465 [INFO] IPUIPlugin:80 - create IPUIPlugin
2024-05-08 14:59:41,466 [INFO] PluginManager:220 - loadIPPluginJar : add quadspi
2024-05-08 14:59:41,475 [INFO] IPUIPlugin:80 - create IPUIPlugin
2024-05-08 14:59:41,476 [INFO] PluginManager:220 - loadIPPluginJar : add resmgrutility
2024-05-08 14:59:41,518 [INFO] IPUIPlugin:80 - create IPUIPlugin
2024-05-08 14:59:41,519 [INFO] PluginManager:220 - loadIPPluginJar : add sai
2024-05-08 14:59:41,549 [INFO] IPUIPlugin:80 - create IPUIPlugin
2024-05-08 14:59:41,549 [INFO] PluginManager:220 - loadIPPluginJar : add spi
2024-05-08 14:59:41,611 [INFO] IPUIPlugin:80 - create IPUIPlugin
2024-05-08 14:59:41,611 [INFO] PluginManager:220 - loadIPPluginJar : add stm32_wpan
2024-05-08 14:59:41,630 [INFO] IPUIPlugin:80 - create IPUIPlugin
2024-05-08 14:59:41,631 [INFO] PluginManager:220 - loadIPPluginJar : add tim
2024-05-08 14:59:41,682 [INFO] IPUIPlugin:80 - create IPUIPlugin
2024-05-08 14:59:41,682 [INFO] PluginManager:220 - loadIPPluginJar : add touchsensing
2024-05-08 14:59:41,702 [INFO] IPUIPlugin:80 - create IPUIPlugin
2024-05-08 14:59:41,702 [INFO] PluginManager:220 - loadIPPluginJar : add tracer_emb
2024-05-08 14:59:41,721 [INFO] IPUIPlugin:80 - create IPUIPlugin
2024-05-08 14:59:41,721 [INFO] PluginManager:220 - loadIPPluginJar : add ts
2024-05-08 14:59:41,738 [INFO] IPUIPlugin:80 - create IPUIPlugin
2024-05-08 14:59:41,738 [INFO] PluginManager:220 - loadIPPluginJar : add tsc
2024-05-08 14:59:41,757 [INFO] IPUIPlugin:80 - create IPUIPlugin
2024-05-08 14:59:41,757 [INFO] PluginManager:220 - loadIPPluginJar : add ucpd
2024-05-08 14:59:41,799 [INFO] IPUIPlugin:80 - create IPUIPlugin
2024-05-08 14:59:41,799 [INFO] PluginManager:220 - loadIPPluginJar : add usart
2024-05-08 14:59:41,835 [INFO] IPUIPlugin:80 - create IPUIPlugin
2024-05-08 14:59:41,835 [INFO] PluginManager:220 - loadIPPluginJar : add usbx
2024-05-08 14:59:41,969 [INFO] CADModel:165 - CPN selected for project level
2024-05-08 14:59:41,969 [INFO] CADModel:114 - Register for checkConnection events
2024-05-08 14:59:41,969 [FATAL] Updater:308 - Updater called before beeing initialized
2024-05-08 14:59:41,969 [ERROR] CADModel:125 - Updater not yet initialized, retry later 
2024-05-08 14:59:42,079 [INFO] CADModel:165 - CPN selected for project level
2024-05-08 14:59:42,079 [INFO] CADModel:114 - Register for checkConnection events
2024-05-08 14:59:42,079 [FATAL] Updater:308 - Updater called before beeing initialized
2024-05-08 14:59:42,079 [ERROR] CADModel:125 - Updater not yet initialized, retry later 
2024-05-08 14:59:42,081 [FATAL] Updater:308 - Updater called before beeing initialized
2024-05-08 14:59:42,179 [FATAL] Updater:308 - Updater called before beeing initialized
2024-05-08 14:59:42,187 [INFO] DbMcusAds:53 - JSON generation date=Thu May 02 15:37:29 ICT 2024 (1714639049318)
2024-05-08 14:59:42,187 [FATAL] Updater:308 - Updater called before beeing initialized
2024-05-08 14:59:42,259 [WARN] DetailPanel:346 - Failed to get advertising image, set to default
2024-05-08 14:59:42,369 [FATAL] Updater:308 - Updater called before beeing initialized
2024-05-08 14:59:42,371 [FATAL] Updater:308 - Updater called before beeing initialized
2024-05-08 14:59:42,371 [FATAL] Updater:308 - Updater called before beeing initialized
2024-05-08 14:59:42,371 [WARN] DetailPanel:346 - Failed to get advertising image, set to default
2024-05-08 14:59:42,373 [FATAL] Updater:308 - Updater called before beeing initialized
2024-05-08 14:59:42,422 [ERROR] Updater:1120 - MainUpdater not yet initialized. External WinMGr cannot be set.
2024-05-08 14:59:42,432 [INFO] Updater:1056 - Updater Version found : 6.11.0
2024-05-08 14:59:42,443 [INFO] ApplicationProperties:184 - Using Application install path: C:\ST\STM32CubeIDE_1.14.1\STM32CubeIDE\plugins\com.st.stm32cube.common.mx_6.11.0.202403141607
2024-05-08 14:59:42,915 [INFO] ThirdPartyUpdaterWithRetryManager:70 - Updater plugin not ready yet. [2/15]
2024-05-08 14:59:44,032 [ERROR] LogOutputStream:75 - [STDERR_REDIRECT] May 08, 2024 2:59:44 PM java.util.prefs.WindowsPreferences <init>
2024-05-08 14:59:44,034 [ERROR] LogOutputStream:75 - [STDERR_REDIRECT] WARNING: Could not open/create prefs root node Software\JavaSoft\Prefs at root 0xffffffff80000002. Windows RegCreateKeyEx(...) returned error code 5.
2024-05-08 14:59:44,034 [ERROR] LogOutputStream:75 - [STDERR_REDIRECT] 
2024-05-08 14:59:44,873 [INFO] MainUpdater:2873 - connection check result : 10
2024-05-08 14:59:44,874 [INFO] MainUpdater:290 - Updater Check For Update Now.
2024-05-08 14:59:44,874 [INFO] MicroXplorer:498 - Change Database Version : DB.6.0.110
2024-05-08 14:59:44,886 [INFO] McuFinderGlobals:63 - Set McuFinder mode to 2 (CubeIDE integrated)
2024-05-08 14:59:44,899 [INFO] UserAuth:415 - Internet connection configuration mode: 1
2024-05-08 14:59:44,923 [INFO] JxBrowserEngine:152 - Initiate JxBrowser Engine with user profile folder
2024-05-08 14:59:45,073 [INFO] CheckServerUpdateThread:120 - End of CheckServer Thread
2024-05-08 14:59:46,194 [WARN] PackLoader:240 - Cannot read IP mode file for STMicroelectronics.FP-SNS-MOTENVWB1.1.4.0
2024-05-08 14:59:46,214 [WARN] PackLoader:240 - Cannot read IP mode file for STMicroelectronics.X-CUBE-SMBUS.2.1.0
2024-05-08 14:59:46,231 [WARN] PackLoader:240 - Cannot read IP mode file for STMicroelectronics.X-CUBE-TOUCHGFX.4.23.1
2024-05-08 14:59:46,246 [WARN] PackLoader:240 - Cannot read IP mode file for STMicroelectronics.X-CUBE-TOUCHGFX.4.23.0
2024-05-08 14:59:46,258 [WARN] PackLoader:240 - Cannot read IP mode file for STMicroelectronics.X-CUBE-TOUCHGFX.4.23.2
2024-05-08 14:59:46,317 [WARN] PackLoader:240 - Cannot read IP mode file for STMicroelectronics.X-CUBE-AZRTOS-F7.1.1.0
2024-05-08 14:59:46,338 [WARN] PackLoader:240 - Cannot read IP mode file for STMicroelectronics.FP-SNS-MOTENV1.4.3.2
2024-05-08 14:59:46,355 [WARN] PackLoader:240 - Cannot read IP mode file for STMicroelectronics.FP-SNS-FLIGHT1.5.0.2
2024-05-08 14:59:46,381 [WARN] PackLoader:240 - Cannot read IP mode file for STMicroelectronics.X-CUBE-DISPLAY.3.0.0
2024-05-08 14:59:46,413 [WARN] PackLoader:240 - Cannot read IP mode file for STMicroelectronics.X-CUBE-BLE1.7.0.0
2024-05-08 14:59:46,430 [WARN] PackLoader:240 - Cannot read IP mode file for emotas.I-CUBE-CANOPEN.1.3.0
2024-05-08 14:59:46,442 [WARN] PackLoader:240 - Cannot read IP mode file for STMicroelectronics.X-CUBE-TOUCHGFX.4.22.1
2024-05-08 14:59:46,463 [WARN] PackLoader:240 - Cannot read IP mode file for STMicroelectronics.X-CUBE-BLEMGR.3.1.0
2024-05-08 14:59:46,484 [WARN] PackLoader:240 - Cannot read IP mode file for STMicroelectronics.FP-SNS-SMARTAG2.1.2.0
2024-05-08 14:59:46,503 [INFO] LogOutputStream:77 - [STDOUT_REDIRECT] 1 : Invalid condition id : UX_CORESTACK_Condition cause : null
2024-05-08 14:59:46,503 [INFO] LogOutputStream:77 - [STDOUT_REDIRECT] 1 : Invalid condition id : UX_CORESTACK_Condition cause : null
2024-05-08 14:59:46,504 [INFO] LogOutputStream:77 - [STDOUT_REDIRECT] 1 : Invalid condition id : UX_CORESTACK_Condition cause : null
2024-05-08 14:59:46,505 [INFO] LogOutputStream:77 - [STDOUT_REDIRECT] 1 : Invalid condition id : UX_CORESTACK_Condition cause : null
2024-05-08 14:59:46,506 [INFO] LogOutputStream:77 - [STDOUT_REDIRECT] 1 : Invalid condition id : UX_CORESTACK_Condition cause : null
2024-05-08 14:59:46,509 [WARN] PackLoader:240 - Cannot read IP mode file for STMicroelectronics.X-CUBE-AZRTOS-WL.2.0.0
2024-05-08 14:59:46,524 [WARN] PackLoader:240 - Cannot read IP mode file for STMicroelectronics.FP-SNS-MOTENV1.5.0.0
2024-05-08 14:59:46,545 [WARN] PackLoader:240 - Cannot read IP mode file for WES.I-CUBE-Cesium.1.3.0
2024-05-08 14:59:46,556 [WARN] PackLoader:240 - Cannot read IP mode file for STMicroelectronics.X-CUBE-BLE2.3.3.0
2024-05-08 14:59:46,569 [WARN] PackLoader:240 - Cannot read IP mode file for STMicroelectronics.X-CUBE-TCPP.4.1.0
2024-05-08 14:59:46,584 [WARN] PackLoader:240 - Cannot read IP mode file for STMicroelectronics.X-CUBE-ALGOBUILD.1.3.0
2024-05-08 14:59:46,610 [WARN] PackLoader:240 - Cannot read IP mode file for STMicroelectronics.X-CUBE-AZRTOS-G0.1.1.0
2024-05-08 14:59:46,626 [WARN] PackLoader:240 - Cannot read IP mode file for STMicroelectronics.X-CUBE-SAFEA1.1.2.2
2024-05-08 14:59:46,641 [WARN] PackLoader:240 - Cannot read IP mode file for STMicroelectronics.X-CUBE-NFC4.3.0.0
2024-05-08 14:59:46,658 [WARN] PackLoader:240 - Cannot read IP mode file for STMicroelectronics.X-CUBE-BLEMGR.3.0.0
2024-05-08 14:59:46,673 [WARN] PackLoader:240 - Cannot read IP mode file for STMicroelectronics.FP-ATR-SIGFOX1.3.2.0
2024-05-08 14:59:46,687 [WARN] PackLoader:240 - Cannot read IP mode file for STMicroelectronics.X-CUBE-EEPRMA1.5.1.0
2024-05-08 14:59:46,727 [WARN] PackLoader:240 - Cannot read IP mode file for SEGGER.I-CUBE-embOS.1.3.1
2024-05-08 14:59:46,774 [WARN] PackLoader:240 - Cannot read IP mode file for STMicroelectronics.X-CUBE-GNSS1.6.0.0
2024-05-08 14:59:46,800 [WARN] PackLoader:240 - Cannot read IP mode file for STMicroelectronics.X-CUBE-AZRTOS-F4.1.1.0
2024-05-08 14:59:46,815 [WARN] PackLoader:240 - Cannot read IP mode file for wolfSSL.I-CUBE-wolfSSL.5.6.3
2024-05-08 14:59:46,831 [WARN] PackLoader:240 - Cannot read IP mode file for STMicroelectronics.X-CUBE-FREERTOS.1.2.0
2024-05-08 14:59:46,846 [WARN] PackLoader:240 - Cannot read IP mode file for wolfSSL.I-CUBE-wolfSSL.5.6.6
2024-05-08 14:59:46,885 [WARN] PackLoader:240 - Cannot read IP mode file for STMicroelectronics.X-CUBE-AZRTOS-L5.2.0.0
2024-05-08 14:59:46,970 [WARN] PackLoader:240 - Cannot read IP mode file for STMicroelectronics.X-CUBE-MEMS1.9.6.0
2024-05-08 14:59:47,127 [WARN] PackLoader:240 - Cannot read IP mode file for STMicroelectronics.X-CUBE-EEPRMA1.4.2.0
2024-05-08 14:59:47,142 [WARN] PackLoader:240 - Cannot read IP mode file for STMicroelectronics.X-CUBE-NFC6.3.1.0
2024-05-08 14:59:47,155 [WARN] PackLoader:240 - Cannot read IP mode file for ITTIA_DB.I-CUBE-ITTIADB.8.8.0
2024-05-08 14:59:47,208 [WARN] PackLoader:240 - Cannot read IP mode file for STMicroelectronics.X-CUBE-BLEMGR.2.0.0
2024-05-08 14:59:47,221 [WARN] PackLoader:240 - Cannot read IP mode file for STMicroelectronics.X-CUBE-AI.9.0.0
2024-05-08 14:59:47,244 [WARN] ConditionMgr:438 - getConditionDescription Invalid condition id : UX DEVICE CLASS RTOS Condition cause : null
2024-05-08 14:59:47,244 [WARN] ConditionMgr:438 - getConditionDescription Invalid condition id : UX DEVICE CLASS RTOS Condition cause : null
2024-05-08 14:59:47,247 [WARN] PackLoader:240 - Cannot read IP mode file for STMicroelectronics.X-CUBE-AZRTOS-H7.3.1.0
2024-05-08 14:59:47,248 [WARN] ConditionMgr:1039 - genDependencies : Invalid condition id : UX DEVICE CLASS RTOS Condition cause : null
2024-05-08 14:59:47,248 [WARN] ConditionMgr:1039 - genDependencies : Invalid condition id : UX DEVICE CLASS RTOS Condition cause : null
2024-05-08 14:59:47,248 [WARN] ConditionMgr:1039 - genDependencies : Invalid condition id : UX DEVICE CLASS RTOS Condition cause : null
2024-05-08 14:59:47,248 [WARN] ConditionMgr:1039 - genDependencies : Invalid condition id : UX DEVICE CLASS RTOS Condition cause : null
2024-05-08 14:59:47,249 [WARN] ConditionMgr:1039 - genDependencies : Invalid condition id : UX DEVICE CLASS RTOS Condition cause : null
2024-05-08 14:59:47,261 [WARN] PackLoader:240 - Cannot read IP mode file for STMicroelectronics.X-CUBE-NFC7.1.0.1
2024-05-08 14:59:47,274 [WARN] PackLoader:240 - Cannot read IP mode file for STMicroelectronics.X-CUBE-NFC6.3.0.0
2024-05-08 14:59:47,286 [WARN] PackLoader:240 - Cannot read IP mode file for STMicroelectronics.X-CUBE-EEPRMA1.4.1.0
2024-05-08 14:59:47,296 [WARN] PackLoader:240 - Cannot read IP mode file for STMicroelectronics.X-CUBE-AI.8.1.0
2024-05-08 14:59:47,325 [WARN] ConditionMgr:438 - getConditionDescription Invalid condition id : LAN8742 Phy interface Condition cause : null
2024-05-08 14:59:47,326 [WARN] PackLoader:240 - Cannot read IP mode file for STMicroelectronics.X-CUBE-AZRTOS-L4.2.0.0
2024-05-08 14:59:47,327 [WARN] ConditionMgr:1039 - genDependencies : Invalid condition id : LAN8742 Phy interface Condition cause : null
2024-05-08 14:59:47,327 [WARN] ConditionMgr:1039 - genDependencies : Invalid condition id : LAN8742 Phy interface Condition cause : null
2024-05-08 14:59:47,327 [WARN] ConditionMgr:1039 - genDependencies : Invalid condition id : LAN8742 Phy interface Condition cause : null
2024-05-08 14:59:47,387 [WARN] PackLoader:240 - Cannot read IP mode file for STMicroelectronics.X-CUBE-SFXS2LP1.4.0.0
2024-05-08 14:59:47,402 [WARN] PackLoader:240 - Cannot read IP mode file for STMicroelectronics.X-CUBE-ISPU.1.1.0
2024-05-08 14:59:47,429 [WARN] ConditionMgr:438 - getConditionDescription Invalid condition id : UX DEVICE CLASS RTOS Condition cause : null
2024-05-08 14:59:47,429 [WARN] ConditionMgr:438 - getConditionDescription Invalid condition id : UX DEVICE CLASS RTOS Condition cause : null
2024-05-08 14:59:47,433 [WARN] PackLoader:240 - Cannot read IP mode file for STMicroelectronics.X-CUBE-AZRTOS-WB.2.0.0
2024-05-08 14:59:47,433 [WARN] ConditionMgr:1039 - genDependencies : Invalid condition id : UX DEVICE CLASS RTOS Condition cause : null
2024-05-08 14:59:47,434 [WARN] ConditionMgr:1039 - genDependencies : Invalid condition id : UX DEVICE CLASS RTOS Condition cause : null
2024-05-08 14:59:47,434 [WARN] ConditionMgr:1039 - genDependencies : Invalid condition id : UX DEVICE CLASS RTOS Condition cause : null
2024-05-08 14:59:47,434 [WARN] ConditionMgr:1039 - genDependencies : Invalid condition id : UX DEVICE CLASS RTOS Condition cause : null
2024-05-08 14:59:47,434 [WARN] ConditionMgr:1039 - genDependencies : Invalid condition id : UX DEVICE CLASS RTOS Condition cause : null
2024-05-08 14:59:47,458 [WARN] PackLoader:240 - Cannot read IP mode file for STMicroelectronics.X-CUBE-SUBG2.5.0.0
2024-05-08 14:59:47,491 [WARN] PackLoader:240 - Cannot read IP mode file for STMicroelectronics.X-CUBE-TOF1.3.3.1
2024-05-08 14:59:47,541 [WARN] PackLoader:240 - Cannot read IP mode file for STMicroelectronics.X-CUBE-AZRTOS-G4.2.0.0
2024-05-08 14:59:47,565 [WARN] PackLoader:240 - Cannot read IP mode file for Infineon.AIROC-Wi-Fi-Bluetooth-STM32.1.5.1
2024-05-08 14:59:47,580 [WARN] PackLoader:240 - Cannot read IP mode file for STMicroelectronics.FP-SNS-MOTENVWB1.1.3.0
2024-05-08 14:59:47,594 [WARN] PackLoader:240 - Cannot read IP mode file for STMicroelectronics.FP-SNS-MOTENVWB1.1.3.1
2024-05-08 14:59:47,605 [WARN] PackLoader:240 - Cannot read IP mode file for STMicroelectronics.X-CUBE-ISPU.2.0.0
2024-05-08 14:59:47,660 [WARN] PackLoader:240 - Cannot read IP mode file for STMicroelectronics.X-CUBE-MEMS1.10.0.0
2024-05-08 14:59:47,773 [WARN] PackLoader:240 - Cannot read IP mode file for STMicroelectronics.X-CUBE-FREERTOS.1.1.0
2024-05-08 14:59:47,786 [WARN] PackLoader:240 - Cannot read IP mode file for portGmbH.I-Cube-SoM-uGOAL.1.1.0
2024-05-08 14:59:47,797 [WARN] PackLoader:240 - Cannot read IP mode file for STMicroelectronics.X-CUBE-ALS.1.0.1
2024-05-08 14:59:47,820 [WARN] PackLoader:240 - Cannot read IP mode file for STMicroelectronics.X-CUBE-AZRTOS-H7RS.1.0.0
2024-05-08 14:59:47,832 [WARN] PackLoader:240 - Cannot read IP mode file for STMicroelectronics.FP-ATR-ASTRA1.2.0.0
2024-05-08 14:59:47,846 [WARN] PackLoader:240 - Cannot read IP mode file for STMicroelectronics.X-CUBE-TOF1.3.4.0
2024-05-08 14:59:47,870 [WARN] PackLoader:240 - Cannot read IP mode file for STMicroelectronics.X-CUBE-TOF1.3.4.1
2024-05-08 14:59:47,920 [WARN] PackLoader:240 - Cannot read IP mode file for STMicroelectronics.X-CUBE-AZRTOS-H7.3.2.0
2024-05-08 14:59:47,924 [INFO] ThirdParty:978 - Integrity check success = true
2024-05-08 14:59:47,924 [INFO] IntegrityCheckThread:100 - exiting critical section [integrity check]
2024-05-08 14:59:47,924 [INFO] IntegrityCheckThread:103 - End integrity checks thread
2024-05-08 14:59:50,239 [INFO] WebApp:161 - Instantiating new browser for Auth
2024-05-08 14:59:50,744 [INFO] WebApp:779 - Register for checkConnection events
2024-05-08 14:59:50,745 [INFO] WebApp:414 - Apply proxy settings
2024-05-08 14:59:50,745 [INFO] WebApp:499 - Chromium requires no authentication
2024-05-08 14:59:50,751 [INFO] WebApp:442 - Direct internet connection detected
2024-05-08 14:59:50,886 [INFO] WebApp:192 - Starting web application
2024-05-08 14:59:50,886 [INFO] WebApp:544 - Web application path used C:\ST\STM32CubeIDE_1.14.1\STM32CubeIDE\plugins\com.st.stm32cube.common.mx_6.11.0.202403141607\db\plugins\mcufinder\reactClient1\index.html
