2024-05-22 12:44:05,824 [INFO] Activator:176 - 


2024-05-22 12:44:05,833 [INFO] Activator:177 - !SESSION log4j initialized
2024-05-22 12:44:13,981 [INFO] LogOutputStream:77 - [STDOUT_REDIRECT] 
2024-05-22 12:44:18,513 [INFO] ApplicationProperties:184 - Using Application install path: C:\ST\STM32CubeIDE_1.14.1\STM32CubeIDE\plugins\com.st.stm32cube.common.mx_6.11.0.202403141607
2024-05-22 12:44:18,541 [INFO] DbMcusXml:78 - Set database path to: C:\ST\STM32CubeIDE_1.14.1\STM32CubeIDE\plugins\com.st.stm32cube.common.mx_6.11.0.202403141607\\db\/mcu/
2024-05-22 12:44:18,542 [INFO] ApiDb:274 - Set plugin database path to: C:\ST\STM32CubeIDE_1.14.1\STM32CubeIDE\plugins\com.st.stm32cube.common.mx_6.11.0.202403141607\\db\/plugins/boardmanager/
2024-05-22 12:44:18,543 [WARN] ApiDb:259 - Overriding images path with different value:  => C:\ST\STM32CubeIDE_1.14.1\STM32CubeIDE\plugins\com.st.stm32cube.common.mx_6.11.0.202403141607\\db\/plugins/mcufinder/images/
2024-05-22 12:44:18,553 [INFO] ApiDb:250 - Set database path to: C:\Users\AAA\.stmcufinder\plugins\mcufinder//mcu/
2024-05-22 12:44:18,555 [INFO] DbMcusAds:125 - Set database path to: C:\Users\AAA\.stmcufinder\plugins\mcufinder//mcu/
2024-05-22 12:44:18,560 [INFO] CrossReferenceDbSqlite:203 - Set database path to: C:\Users\AAA\.stmcufinder\plugins\mcufinder//mcu/cs/
2024-05-22 12:44:18,765 [INFO] RulesReader:64 - Compatibility file has been processed (297 Rules)
2024-05-22 12:44:18,868 [INFO] DbMcusXml:78 - Set database path to: C:\ST\STM32CubeIDE_1.14.1\STM32CubeIDE\plugins\com.st.stm32cube.common.mx_6.11.0.202403141607\\db\/mcu/
2024-05-22 12:44:18,868 [INFO] ApiDb:274 - Set plugin database path to: C:\ST\STM32CubeIDE_1.14.1\STM32CubeIDE\plugins\com.st.stm32cube.common.mx_6.11.0.202403141607\\db\/plugins/boardmanager/
2024-05-22 12:44:18,868 [INFO] ApiDb:261 - Set plugin images path to: C:\ST\STM32CubeIDE_1.14.1\STM32CubeIDE\plugins\com.st.stm32cube.common.mx_6.11.0.202403141607\\db\/plugins/mcufinder/images/
2024-05-22 12:44:18,868 [WARN] DbFile:41 - Overriding database path with different value: C:\Users\AAA\.stmcufinder\plugins\mcufinder/ => C:\Users\AAA\.stmcufinder\plugins\mcufinder
2024-05-22 12:44:18,868 [INFO] ApiDb:250 - Set database path to: C:\Users\AAA\.stmcufinder\plugins\mcufinder//mcu/
2024-05-22 12:44:18,869 [WARN] DbFile:41 - Overriding database path with different value: C:\Users\AAA\.stmcufinder\plugins\mcufinder/ => C:\Users\AAA\.stmcufinder\plugins\mcufinder
2024-05-22 12:44:18,869 [INFO] DbMcusAds:125 - Set database path to: C:\Users\AAA\.stmcufinder\plugins\mcufinder//mcu/
2024-05-22 12:44:18,869 [WARN] DbFile:41 - Overriding database path with different value: C:\Users\AAA\.stmcufinder\plugins\mcufinder/ => C:\Users\AAA\.stmcufinder\plugins\mcufinder
2024-05-22 12:44:18,869 [WARN] DbFile:41 - Overriding database path with different value: C:\Users\AAA\.stmcufinder\plugins\mcufinder/ => C:\Users\AAA\.stmcufinder\plugins\mcufinder
2024-05-22 12:44:18,869 [INFO] CrossReferenceDbSqlite:203 - Set database path to: C:\Users\AAA\.stmcufinder\plugins\mcufinder//mcu/cs/
2024-05-22 12:44:18,963 [INFO] MainPanel:264 - HeapMemory: 268435456
2024-05-22 12:44:19,037 [INFO] DbMcusXml:78 - Set database path to: C:\ST\STM32CubeIDE_1.14.1\STM32CubeIDE\plugins\com.st.stm32cube.common.mx_6.11.0.202403141607\\db\/mcu/
2024-05-22 12:44:19,038 [INFO] ApiDb:274 - Set plugin database path to: C:\ST\STM32CubeIDE_1.14.1\STM32CubeIDE\plugins\com.st.stm32cube.common.mx_6.11.0.202403141607\\db\/plugins/boardmanager/
2024-05-22 12:44:19,038 [INFO] ApiDb:261 - Set plugin images path to: C:\ST\STM32CubeIDE_1.14.1\STM32CubeIDE\plugins\com.st.stm32cube.common.mx_6.11.0.202403141607\\db\/plugins/mcufinder/images/
2024-05-22 12:44:19,038 [WARN] DbFile:41 - Overriding database path with different value: C:\Users\AAA\.stmcufinder\plugins\mcufinder/ => C:\Users\AAA\.stmcufinder\plugins\mcufinder
2024-05-22 12:44:19,039 [INFO] ApiDb:250 - Set database path to: C:\Users\AAA\.stmcufinder\plugins\mcufinder//mcu/
2024-05-22 12:44:19,039 [WARN] DbFile:41 - Overriding database path with different value: C:\Users\AAA\.stmcufinder\plugins\mcufinder/ => C:\Users\AAA\.stmcufinder\plugins\mcufinder
2024-05-22 12:44:19,039 [INFO] DbMcusAds:125 - Set database path to: C:\Users\AAA\.stmcufinder\plugins\mcufinder//mcu/
2024-05-22 12:44:19,039 [WARN] DbFile:41 - Overriding database path with different value: C:\Users\AAA\.stmcufinder\plugins\mcufinder/ => C:\Users\AAA\.stmcufinder\plugins\mcufinder
2024-05-22 12:44:19,039 [WARN] DbFile:41 - Overriding database path with different value: C:\Users\AAA\.stmcufinder\plugins\mcufinder/ => C:\Users\AAA\.stmcufinder\plugins\mcufinder
2024-05-22 12:44:19,039 [INFO] CrossReferenceDbSqlite:203 - Set database path to: C:\Users\AAA\.stmcufinder\plugins\mcufinder//mcu/cs/
2024-05-22 12:44:19,062 [INFO] ApplicationProperties:184 - Using Application install path: C:\ST\STM32CubeIDE_1.14.1\STM32CubeIDE\plugins\com.st.stm32cube.common.mx_6.11.0.202403141607
2024-05-22 12:44:19,064 [INFO] PluginManage:196 - Search for loadable plugins [exclusion list=, ]
2024-05-22 12:44:19,066 [INFO] PluginManage:310 - Check plugin analytics
2024-05-22 12:44:19,257 [INFO] AnalyticsPlugin:253 - Accepted Software Licenses: 
2024-05-22 12:44:19,257 [INFO] AnalyticsPlugin:255 - Accepted CMSIS Pack Licenses: ARM.CMSIS.6.0.0
2024-05-22 12:44:19,257 [INFO] AnalyticsPlugin:257 - Accepted Firmware Licenses: 
2024-05-22 12:44:19,263 [INFO] PluginManage:359 - Loaded plugin analytics (category:tool,tabindex:-1)
2024-05-22 12:44:19,264 [INFO] PluginManage:310 - Check plugin cadmodel
2024-05-22 12:44:19,271 [INFO] CADModel:105 - Init CAD model plugin
2024-05-22 12:44:19,272 [INFO] PluginManage:359 - Loaded plugin cadmodel (category:power,tabindex:5)
2024-05-22 12:44:19,272 [INFO] PluginManage:310 - Check plugin clock
2024-05-22 12:44:19,282 [INFO] PluginManage:359 - Loaded plugin clock (category:base,tabindex:2)
2024-05-22 12:44:19,282 [INFO] PluginManage:310 - Check plugin ddr
2024-05-22 12:44:19,286 [INFO] PluginManage:359 - Loaded plugin ddr (category:tool,tabindex:6)
2024-05-22 12:44:19,286 [INFO] PluginManage:310 - Check plugin filemanager
2024-05-22 12:44:19,440 [INFO] PluginManage:359 - Loaded plugin filemanager (category:base,tabindex:10)
2024-05-22 12:44:19,440 [INFO] PluginManage:310 - Check plugin ipmanager
2024-05-22 12:44:19,450 [INFO] PluginManage:359 - Loaded plugin ipmanager (category:base,tabindex:5)
2024-05-22 12:44:19,450 [INFO] PluginManage:310 - Check plugin lpbam
2024-05-22 12:44:19,459 [INFO] PluginManage:359 - Loaded plugin lpbam (category:base,tabindex:0)
2024-05-22 12:44:19,459 [INFO] PluginManage:310 - Check plugin memorymap
2024-05-22 12:44:19,472 [INFO] PluginManage:359 - Loaded plugin memorymap (category:base,tabindex:4)
2024-05-22 12:44:19,472 [INFO] PluginManage:310 - Check plugin pinoutandconfiguration
2024-05-22 12:44:19,479 [INFO] PluginManage:359 - Loaded plugin pinoutandconfiguration (category:base,tabindex:1)
2024-05-22 12:44:19,479 [INFO] PluginManage:310 - Check plugin pinoutconfig
2024-05-22 12:44:19,584 [WARN] SupportedApi:132 - Cannot load RTOS API schema: s4s-elt-must-match.1: The content of 'definitions' must match (annotation?, (simpleType | complexType)?, (unique | key | keyref)*)). A problem was found starting at: attribute.
2024-05-22 12:44:19,750 [INFO] PluginManage:359 - Loaded plugin pinoutconfig (category:base,tabindex:0)
2024-05-22 12:44:19,750 [INFO] PluginManage:310 - Check plugin power
2024-05-22 12:44:19,766 [INFO] PluginManage:359 - Loaded plugin power (category:power,tabindex:4)
2024-05-22 12:44:19,766 [INFO] PluginManage:310 - Check plugin projectmanager
2024-05-22 12:44:19,790 [INFO] PluginManage:359 - Loaded plugin projectmanager (category:projectmanager,tabindex:3)
2024-05-22 12:44:19,790 [INFO] PluginManage:310 - Check plugin thirdparty
2024-05-22 12:44:19,933 [INFO] PluginManage:359 - Loaded plugin thirdparty (category:base,tabindex:-1)
2024-05-22 12:44:19,933 [WARN] IntegrityCheckThread:84 - waiting for thirdparty lock release [integrity check]
2024-05-22 12:44:19,933 [INFO] PluginManage:310 - Check plugin tools
2024-05-22 12:44:19,933 [INFO] IntegrityCheckThread:86 - entering critical section [integrity check]
2024-05-22 12:44:19,934 [INFO] ThirdPartyUpdaterWithRetryManager:70 - Updater plugin not ready yet. [1/15]
2024-05-22 12:44:19,937 [INFO] PluginManage:359 - Loaded plugin tools (category:base,tabindex:7)
2024-05-22 12:44:19,937 [INFO] PluginManage:310 - Check plugin tutovideos
2024-05-22 12:44:20,104 [INFO] PluginManage:359 - Loaded plugin tutovideos (category:base,tabindex:-1)
2024-05-22 12:44:20,104 [INFO] PluginManage:310 - Check plugin updater
2024-05-22 12:44:20,116 [INFO] PluginManage:359 - Loaded plugin updater (category:base,tabindex:12)
2024-05-22 12:44:20,117 [INFO] PluginManage:310 - Check plugin userauth
2024-05-22 12:44:20,124 [INFO] UserAuth:114 - Init User Auth plugin
2024-05-22 12:44:20,124 [INFO] PluginManage:359 - Loaded plugin userauth (category:base,tabindex:14)
2024-05-22 12:44:20,125 [INFO] PluginManage:283 - PluginManage : Loaded plugins [17]
2024-05-22 12:44:20,374 [INFO] PinOutPanel:1561 - setPackage(No Configuration,No Configuration)
2024-05-22 12:44:20,510 [INFO] CADModel:165 - CPN selected for project level
2024-05-22 12:44:20,510 [INFO] CADModel:114 - Register for checkConnection events
2024-05-22 12:44:20,531 [INFO] IPUIPlugin:80 - create IPUIPlugin
2024-05-22 12:44:20,531 [INFO] PluginManager:220 - loadIPPluginJar : add adc
2024-05-22 12:44:20,535 [INFO] IPUIPlugin:80 - create IPUIPlugin
2024-05-22 12:44:20,535 [INFO] PluginManager:220 - loadIPPluginJar : add aes
2024-05-22 12:44:20,537 [INFO] IPUIPlugin:80 - create IPUIPlugin
2024-05-22 12:44:20,537 [INFO] PluginManager:220 - loadIPPluginJar : add can
2024-05-22 12:44:20,539 [INFO] IPUIPlugin:80 - create IPUIPlugin
2024-05-22 12:44:20,539 [INFO] PluginManager:220 - loadIPPluginJar : add comp
2024-05-22 12:44:20,541 [INFO] IPUIPlugin:80 - create IPUIPlugin
2024-05-22 12:44:20,541 [INFO] PluginManager:220 - loadIPPluginJar : add cryp
2024-05-22 12:44:20,545 [INFO] IPUIPlugin:80 - create IPUIPlugin
2024-05-22 12:44:20,545 [INFO] PluginManager:220 - loadIPPluginJar : add dfsdm
2024-05-22 12:44:20,550 [INFO] IPUIPlugin:80 - create IPUIPlugin
2024-05-22 12:44:20,551 [INFO] PluginManager:220 - loadIPPluginJar : add dma
2024-05-22 12:44:20,553 [INFO] IPUIPlugin:80 - create IPUIPlugin
2024-05-22 12:44:20,553 [INFO] PluginManager:220 - loadIPPluginJar : add dma3
2024-05-22 12:44:20,555 [INFO] IPUIPlugin:80 - create IPUIPlugin
2024-05-22 12:44:20,555 [INFO] PluginManager:220 - loadIPPluginJar : add extmemmanager
2024-05-22 12:44:20,556 [INFO] IPUIPlugin:80 - create IPUIPlugin
2024-05-22 12:44:20,557 [INFO] PluginManager:220 - loadIPPluginJar : add fatfs
2024-05-22 12:44:20,561 [INFO] IPUIPlugin:80 - create IPUIPlugin
2024-05-22 12:44:20,561 [INFO] PluginManager:220 - loadIPPluginJar : add fmc
2024-05-22 12:44:20,565 [INFO] IPUIPlugin:80 - create IPUIPlugin
2024-05-22 12:44:20,565 [INFO] PluginManager:220 - loadIPPluginJar : add freertos
2024-05-22 12:44:20,567 [INFO] IPUIPlugin:80 - create IPUIPlugin
2024-05-22 12:44:20,567 [INFO] PluginManager:220 - loadIPPluginJar : add genericplugin
2024-05-22 12:44:20,569 [INFO] IPUIPlugin:80 - create IPUIPlugin
2024-05-22 12:44:20,570 [INFO] PluginManager:220 - loadIPPluginJar : add gfxmmu
2024-05-22 12:44:20,573 [INFO] IPUIPlugin:80 - create IPUIPlugin
2024-05-22 12:44:20,573 [INFO] PluginManager:220 - loadIPPluginJar : add gic
2024-05-22 12:44:20,577 [INFO] IPUIPlugin:80 - create IPUIPlugin
2024-05-22 12:44:20,577 [INFO] PluginManager:220 - loadIPPluginJar : add gpio
2024-05-22 12:44:20,579 [INFO] IPUIPlugin:80 - create IPUIPlugin
2024-05-22 12:44:20,580 [INFO] PluginManager:220 - loadIPPluginJar : add gtzc
2024-05-22 12:44:20,581 [INFO] IPUIPlugin:80 - create IPUIPlugin
2024-05-22 12:44:20,581 [INFO] PluginManager:220 - loadIPPluginJar : add hash
2024-05-22 12:44:20,584 [INFO] IPUIPlugin:80 - create IPUIPlugin
2024-05-22 12:44:20,584 [INFO] PluginManager:220 - loadIPPluginJar : add i2c
2024-05-22 12:44:20,586 [INFO] IPUIPlugin:80 - create IPUIPlugin
2024-05-22 12:44:20,586 [INFO] PluginManager:220 - loadIPPluginJar : add i2s
2024-05-22 12:44:20,589 [INFO] IPUIPlugin:80 - create IPUIPlugin
2024-05-22 12:44:20,589 [INFO] PluginManager:220 - loadIPPluginJar : add i3c
2024-05-22 12:44:20,592 [INFO] IPUIPlugin:80 - create IPUIPlugin
2024-05-22 12:44:20,592 [INFO] PluginManager:220 - loadIPPluginJar : add ipddr
2024-05-22 12:44:20,601 [INFO] IPUIPlugin:80 - create IPUIPlugin
2024-05-22 12:44:20,601 [INFO] PluginManager:220 - loadIPPluginJar : add linkedlist
2024-05-22 12:44:20,604 [INFO] IPUIPlugin:80 - create IPUIPlugin
2024-05-22 12:44:20,604 [INFO] PluginManager:220 - loadIPPluginJar : add lorawan
2024-05-22 12:44:20,606 [INFO] IPUIPlugin:80 - create IPUIPlugin
2024-05-22 12:44:20,606 [INFO] PluginManager:220 - loadIPPluginJar : add ltdc
2024-05-22 12:44:20,613 [INFO] IPUIPlugin:80 - create IPUIPlugin
2024-05-22 12:44:20,613 [INFO] PluginManager:220 - loadIPPluginJar : add mdma
2024-05-22 12:44:20,618 [INFO] IPUIPlugin:80 - create IPUIPlugin
2024-05-22 12:44:20,618 [INFO] PluginManager:220 - loadIPPluginJar : add nvic
2024-05-22 12:44:20,622 [INFO] IPUIPlugin:80 - create IPUIPlugin
2024-05-22 12:44:20,622 [INFO] PluginManager:220 - loadIPPluginJar : add opamp
2024-05-22 12:44:20,625 [INFO] IPUIPlugin:80 - create IPUIPlugin
2024-05-22 12:44:20,625 [INFO] PluginManager:220 - loadIPPluginJar : add openamp
2024-05-22 12:44:20,629 [INFO] IPUIPlugin:80 - create IPUIPlugin
2024-05-22 12:44:20,629 [INFO] PluginManager:220 - loadIPPluginJar : add pdm2pcm
2024-05-22 12:44:20,637 [INFO] IPUIPlugin:80 - create IPUIPlugin
2024-05-22 12:44:20,641 [INFO] PluginManager:220 - loadIPPluginJar : add plateformsettings
2024-05-22 12:44:20,644 [INFO] IPUIPlugin:80 - create IPUIPlugin
2024-05-22 12:44:20,644 [INFO] PluginManager:220 - loadIPPluginJar : add quadspi
2024-05-22 12:44:20,648 [INFO] IPUIPlugin:80 - create IPUIPlugin
2024-05-22 12:44:20,648 [INFO] PluginManager:220 - loadIPPluginJar : add resmgrutility
2024-05-22 12:44:20,651 [INFO] IPUIPlugin:80 - create IPUIPlugin
2024-05-22 12:44:20,651 [INFO] PluginManager:220 - loadIPPluginJar : add sai
2024-05-22 12:44:20,654 [INFO] IPUIPlugin:80 - create IPUIPlugin
2024-05-22 12:44:20,654 [INFO] PluginManager:220 - loadIPPluginJar : add spi
2024-05-22 12:44:20,661 [INFO] IPUIPlugin:80 - create IPUIPlugin
2024-05-22 12:44:20,661 [INFO] PluginManager:220 - loadIPPluginJar : add stm32_wpan
2024-05-22 12:44:20,663 [INFO] IPUIPlugin:80 - create IPUIPlugin
2024-05-22 12:44:20,663 [INFO] PluginManager:220 - loadIPPluginJar : add tim
2024-05-22 12:44:20,667 [INFO] IPUIPlugin:80 - create IPUIPlugin
2024-05-22 12:44:20,667 [INFO] PluginManager:220 - loadIPPluginJar : add touchsensing
2024-05-22 12:44:20,670 [INFO] IPUIPlugin:80 - create IPUIPlugin
2024-05-22 12:44:20,670 [INFO] PluginManager:220 - loadIPPluginJar : add tracer_emb
2024-05-22 12:44:20,673 [INFO] IPUIPlugin:80 - create IPUIPlugin
2024-05-22 12:44:20,673 [INFO] PluginManager:220 - loadIPPluginJar : add ts
2024-05-22 12:44:20,675 [INFO] IPUIPlugin:80 - create IPUIPlugin
2024-05-22 12:44:20,675 [INFO] PluginManager:220 - loadIPPluginJar : add tsc
2024-05-22 12:44:20,678 [INFO] IPUIPlugin:80 - create IPUIPlugin
2024-05-22 12:44:20,678 [INFO] PluginManager:220 - loadIPPluginJar : add ucpd
2024-05-22 12:44:20,681 [INFO] IPUIPlugin:80 - create IPUIPlugin
2024-05-22 12:44:20,681 [INFO] PluginManager:220 - loadIPPluginJar : add usart
2024-05-22 12:44:20,683 [INFO] IPUIPlugin:80 - create IPUIPlugin
2024-05-22 12:44:20,684 [INFO] PluginManager:220 - loadIPPluginJar : add usbx
2024-05-22 12:44:20,837 [INFO] CADModel:165 - CPN selected for project level
2024-05-22 12:44:20,837 [INFO] CADModel:114 - Register for checkConnection events
2024-05-22 12:44:20,837 [FATAL] Updater:308 - Updater called before beeing initialized
2024-05-22 12:44:20,837 [ERROR] CADModel:125 - Updater not yet initialized, retry later 
2024-05-22 12:44:20,977 [INFO] CADModel:165 - CPN selected for project level
2024-05-22 12:44:20,977 [INFO] CADModel:114 - Register for checkConnection events
2024-05-22 12:44:20,977 [FATAL] Updater:308 - Updater called before beeing initialized
2024-05-22 12:44:20,977 [ERROR] CADModel:125 - Updater not yet initialized, retry later 
2024-05-22 12:44:20,980 [FATAL] Updater:308 - Updater called before beeing initialized
2024-05-22 12:44:21,138 [FATAL] Updater:308 - Updater called before beeing initialized
2024-05-22 12:44:21,143 [INFO] DbMcusAds:53 - JSON generation date=Thu May 16 16:22:00 ICT 2024 (1715851320852)
2024-05-22 12:44:21,143 [FATAL] Updater:308 - Updater called before beeing initialized
2024-05-22 12:44:21,178 [WARN] DetailPanel:346 - Failed to get advertising image, set to default
2024-05-22 12:44:21,287 [FATAL] Updater:308 - Updater called before beeing initialized
2024-05-22 12:44:21,289 [FATAL] Updater:308 - Updater called before beeing initialized
2024-05-22 12:44:21,289 [FATAL] Updater:308 - Updater called before beeing initialized
2024-05-22 12:44:21,289 [WARN] DetailPanel:346 - Failed to get advertising image, set to default
2024-05-22 12:44:21,290 [FATAL] Updater:308 - Updater called before beeing initialized
2024-05-22 12:44:21,356 [ERROR] Updater:1120 - MainUpdater not yet initialized. External WinMGr cannot be set.
2024-05-22 12:44:21,360 [INFO] Updater:1056 - Updater Version found : 6.11.0
2024-05-22 12:44:21,378 [INFO] ApplicationProperties:184 - Using Application install path: C:\ST\STM32CubeIDE_1.14.1\STM32CubeIDE\plugins\com.st.stm32cube.common.mx_6.11.0.202403141607
2024-05-22 12:44:22,936 [INFO] ThirdPartyUpdaterWithRetryManager:70 - Updater plugin not ready yet. [2/15]
2024-05-22 12:44:22,956 [ERROR] LogOutputStream:75 - [STDERR_REDIRECT] May 22, 2024 12:44:22 PM java.util.prefs.WindowsPreferences <init>
2024-05-22 12:44:22,957 [ERROR] LogOutputStream:75 - [STDERR_REDIRECT] WARNING: Could not open/create prefs root node Software\JavaSoft\Prefs at root 0xffffffff80000002. Windows RegCreateKeyEx(...) returned error code 5.
2024-05-22 12:44:22,958 [ERROR] LogOutputStream:75 - [STDERR_REDIRECT] 
2024-05-22 12:44:23,826 [INFO] MainUpdater:2873 - connection check result : 10
2024-05-22 12:44:23,827 [INFO] MainUpdater:290 - Updater Check For Update Now.
2024-05-22 12:44:23,827 [INFO] MicroXplorer:498 - Change Database Version : DB.6.0.110
2024-05-22 12:44:23,835 [INFO] McuFinderGlobals:63 - Set McuFinder mode to 2 (CubeIDE integrated)
2024-05-22 12:44:23,844 [INFO] UserAuth:415 - Internet connection configuration mode: 1
2024-05-22 12:44:23,881 [INFO] JxBrowserEngine:152 - Initiate JxBrowser Engine with user profile folder
2024-05-22 12:44:24,059 [INFO] CheckServerUpdateThread:120 - End of CheckServer Thread
2024-05-22 12:44:25,434 [INFO] WebApp:161 - Instantiating new browser for Auth
2024-05-22 12:44:26,182 [INFO] WebApp:779 - Register for checkConnection events
2024-05-22 12:44:26,182 [INFO] WebApp:414 - Apply proxy settings
2024-05-22 12:44:26,183 [INFO] WebApp:499 - Chromium requires no authentication
2024-05-22 12:44:26,191 [INFO] WebApp:442 - Direct internet connection detected
2024-05-22 12:44:26,246 [WARN] PackLoader:240 - Cannot read IP mode file for STMicroelectronics.FP-SNS-MOTENVWB1.1.4.0
2024-05-22 12:44:26,264 [WARN] PackLoader:240 - Cannot read IP mode file for STMicroelectronics.X-CUBE-SMBUS.2.1.0
2024-05-22 12:44:26,269 [WARN] PackLoader:240 - Cannot read IP mode file for STMicroelectronics.X-CUBE-TOUCHGFX.4.23.1
2024-05-22 12:44:26,272 [WARN] PackLoader:240 - Cannot read IP mode file for STMicroelectronics.X-CUBE-TOUCHGFX.4.23.0
2024-05-22 12:44:26,276 [WARN] PackLoader:240 - Cannot read IP mode file for STMicroelectronics.X-CUBE-TOUCHGFX.4.23.2
2024-05-22 12:44:26,322 [WARN] PackLoader:240 - Cannot read IP mode file for STMicroelectronics.X-CUBE-AZRTOS-F7.1.1.0
2024-05-22 12:44:26,334 [WARN] PackLoader:240 - Cannot read IP mode file for STMicroelectronics.FP-SNS-MOTENV1.4.3.2
2024-05-22 12:44:26,352 [WARN] PackLoader:240 - Cannot read IP mode file for STMicroelectronics.FP-SNS-FLIGHT1.5.0.2
2024-05-22 12:44:26,372 [WARN] PackLoader:240 - Cannot read IP mode file for STMicroelectronics.X-CUBE-DISPLAY.3.0.0
2024-05-22 12:44:26,392 [WARN] PackLoader:240 - Cannot read IP mode file for STMicroelectronics.X-CUBE-BLE1.7.0.0
2024-05-22 12:44:26,400 [WARN] PackLoader:240 - Cannot read IP mode file for emotas.I-CUBE-CANOPEN.1.3.0
2024-05-22 12:44:26,404 [WARN] PackLoader:240 - Cannot read IP mode file for STMicroelectronics.X-CUBE-TOUCHGFX.4.22.1
2024-05-22 12:44:26,418 [WARN] PackLoader:240 - Cannot read IP mode file for STMicroelectronics.X-CUBE-BLEMGR.3.1.0
2024-05-22 12:44:26,428 [WARN] PackLoader:240 - Cannot read IP mode file for STMicroelectronics.FP-SNS-SMARTAG2.1.2.0
2024-05-22 12:44:26,438 [INFO] LogOutputStream:77 - [STDOUT_REDIRECT] 1 : Invalid condition id : UX_CORESTACK_Condition cause : null
2024-05-22 12:44:26,439 [INFO] LogOutputStream:77 - [STDOUT_REDIRECT] 1 : Invalid condition id : UX_CORESTACK_Condition cause : null
2024-05-22 12:44:26,441 [INFO] LogOutputStream:77 - [STDOUT_REDIRECT] 1 : Invalid condition id : UX_CORESTACK_Condition cause : null
2024-05-22 12:44:26,443 [INFO] LogOutputStream:77 - [STDOUT_REDIRECT] 1 : Invalid condition id : UX_CORESTACK_Condition cause : null
2024-05-22 12:44:26,444 [INFO] LogOutputStream:77 - [STDOUT_REDIRECT] 1 : Invalid condition id : UX_CORESTACK_Condition cause : null
2024-05-22 12:44:26,449 [WARN] PackLoader:240 - Cannot read IP mode file for STMicroelectronics.X-CUBE-AZRTOS-WL.2.0.0
2024-05-22 12:44:26,454 [WARN] PackLoader:240 - Cannot read IP mode file for STMicroelectronics.FP-SNS-MOTENV1.5.0.0
2024-05-22 12:44:26,466 [WARN] PackLoader:240 - Cannot read IP mode file for WES.I-CUBE-Cesium.1.3.0
2024-05-22 12:44:26,471 [WARN] PackLoader:240 - Cannot read IP mode file for STMicroelectronics.X-CUBE-BLE2.3.3.0
2024-05-22 12:44:26,478 [WARN] PackLoader:240 - Cannot read IP mode file for STMicroelectronics.X-CUBE-TCPP.4.1.0
2024-05-22 12:44:26,487 [WARN] PackLoader:240 - Cannot read IP mode file for STMicroelectronics.X-CUBE-ALGOBUILD.1.3.0
2024-05-22 12:44:26,506 [WARN] PackLoader:240 - Cannot read IP mode file for STMicroelectronics.X-CUBE-AZRTOS-G0.1.1.0
2024-05-22 12:44:26,516 [WARN] PackLoader:240 - Cannot read IP mode file for STMicroelectronics.X-CUBE-SAFEA1.1.2.2
2024-05-22 12:44:26,522 [WARN] PackLoader:240 - Cannot read IP mode file for STMicroelectronics.X-CUBE-NFC4.3.0.0
2024-05-22 12:44:26,530 [WARN] PackLoader:240 - Cannot read IP mode file for STMicroelectronics.X-CUBE-BLEMGR.3.0.0
2024-05-22 12:44:26,551 [WARN] PackLoader:240 - Cannot read IP mode file for STMicroelectronics.FP-ATR-SIGFOX1.3.2.0
2024-05-22 12:44:26,560 [WARN] PackLoader:240 - Cannot read IP mode file for STMicroelectronics.X-CUBE-EEPRMA1.5.1.0
2024-05-22 12:44:26,615 [WARN] PackLoader:240 - Cannot read IP mode file for SEGGER.I-CUBE-embOS.1.3.1
2024-05-22 12:44:26,698 [INFO] WebApp:192 - Starting web application
2024-05-22 12:44:26,698 [INFO] WebApp:544 - Web application path used C:\ST\STM32CubeIDE_1.14.1\STM32CubeIDE\plugins\com.st.stm32cube.common.mx_6.11.0.202403141607\db\plugins\mcufinder\reactClient1\index.html
2024-05-22 12:44:26,701 [WARN] PackLoader:240 - Cannot read IP mode file for STMicroelectronics.X-CUBE-ALGOBUILD.1.4.0
2024-05-22 12:44:26,709 [WARN] PackLoader:240 - Cannot read IP mode file for STMicroelectronics.X-CUBE-GNSS1.6.0.0
2024-05-22 12:44:26,742 [WARN] PackLoader:240 - Cannot read IP mode file for STMicroelectronics.X-CUBE-AZRTOS-F4.1.1.0
2024-05-22 12:44:26,756 [WARN] PackLoader:240 - Cannot read IP mode file for wolfSSL.I-CUBE-wolfSSL.5.6.3
2024-05-22 12:44:26,761 [WARN] PackLoader:240 - Cannot read IP mode file for STMicroelectronics.X-CUBE-FREERTOS.1.2.0
2024-05-22 12:44:26,764 [WARN] PackLoader:240 - Cannot read IP mode file for wolfSSL.I-CUBE-wolfSSL.5.6.6
2024-05-22 12:44:26,779 [WARN] PackLoader:240 - Cannot read IP mode file for STMicroelectronics.X-CUBE-AZRTOS-L5.2.0.0
2024-05-22 12:44:26,835 [WARN] PackLoader:240 - Cannot read IP mode file for STMicroelectronics.X-CUBE-MEMS1.9.6.0
2024-05-22 12:44:27,051 [WARN] PackLoader:240 - Cannot read IP mode file for STMicroelectronics.X-CUBE-EEPRMA1.4.2.0
2024-05-22 12:44:27,061 [WARN] PackLoader:240 - Cannot read IP mode file for STMicroelectronics.X-CUBE-NFC6.3.1.0
2024-05-22 12:44:27,070 [WARN] PackLoader:240 - Cannot read IP mode file for ITTIA_DB.I-CUBE-ITTIADB.8.8.0
2024-05-22 12:44:27,118 [WARN] PackLoader:240 - Cannot read IP mode file for STMicroelectronics.X-CUBE-BLEMGR.2.0.0
2024-05-22 12:44:27,125 [WARN] PackLoader:240 - Cannot read IP mode file for STMicroelectronics.X-CUBE-AI.9.0.0
2024-05-22 12:44:27,144 [WARN] ConditionMgr:438 - getConditionDescription Invalid condition id : UX DEVICE CLASS RTOS Condition cause : null
2024-05-22 12:44:27,144 [WARN] ConditionMgr:438 - getConditionDescription Invalid condition id : UX DEVICE CLASS RTOS Condition cause : null
2024-05-22 12:44:27,147 [WARN] PackLoader:240 - Cannot read IP mode file for STMicroelectronics.X-CUBE-AZRTOS-H7.3.1.0
2024-05-22 12:44:27,150 [WARN] ConditionMgr:1039 - genDependencies : Invalid condition id : UX DEVICE CLASS RTOS Condition cause : null
2024-05-22 12:44:27,150 [WARN] ConditionMgr:1039 - genDependencies : Invalid condition id : UX DEVICE CLASS RTOS Condition cause : null
2024-05-22 12:44:27,151 [WARN] ConditionMgr:1039 - genDependencies : Invalid condition id : UX DEVICE CLASS RTOS Condition cause : null
2024-05-22 12:44:27,152 [WARN] ConditionMgr:1039 - genDependencies : Invalid condition id : UX DEVICE CLASS RTOS Condition cause : null
2024-05-22 12:44:27,152 [WARN] ConditionMgr:1039 - genDependencies : Invalid condition id : UX DEVICE CLASS RTOS Condition cause : null
2024-05-22 12:44:27,159 [WARN] PackLoader:240 - Cannot read IP mode file for STMicroelectronics.X-CUBE-NFC7.1.0.1
2024-05-22 12:44:27,166 [WARN] PackLoader:240 - Cannot read IP mode file for STMicroelectronics.X-CUBE-NFC6.3.0.0
2024-05-22 12:44:27,172 [WARN] PackLoader:240 - Cannot read IP mode file for STMicroelectronics.X-CUBE-EEPRMA1.4.1.0
2024-05-22 12:44:27,177 [WARN] PackLoader:240 - Cannot read IP mode file for STMicroelectronics.X-CUBE-AI.8.1.0
2024-05-22 12:44:27,195 [WARN] ConditionMgr:438 - getConditionDescription Invalid condition id : LAN8742 Phy interface Condition cause : null
2024-05-22 12:44:27,196 [WARN] PackLoader:240 - Cannot read IP mode file for STMicroelectronics.X-CUBE-AZRTOS-L4.2.0.0
2024-05-22 12:44:27,197 [WARN] ConditionMgr:1039 - genDependencies : Invalid condition id : LAN8742 Phy interface Condition cause : null
2024-05-22 12:44:27,197 [WARN] ConditionMgr:1039 - genDependencies : Invalid condition id : LAN8742 Phy interface Condition cause : null
2024-05-22 12:44:27,198 [WARN] ConditionMgr:1039 - genDependencies : Invalid condition id : LAN8742 Phy interface Condition cause : null
2024-05-22 12:44:27,244 [WARN] PackLoader:240 - Cannot read IP mode file for STMicroelectronics.X-CUBE-SFXS2LP1.4.0.0
2024-05-22 12:44:27,249 [WARN] PackLoader:240 - Cannot read IP mode file for STMicroelectronics.X-CUBE-ISPU.1.1.0
2024-05-22 12:44:27,263 [WARN] ConditionMgr:438 - getConditionDescription Invalid condition id : UX DEVICE CLASS RTOS Condition cause : null
2024-05-22 12:44:27,263 [WARN] ConditionMgr:438 - getConditionDescription Invalid condition id : UX DEVICE CLASS RTOS Condition cause : null
2024-05-22 12:44:27,266 [WARN] PackLoader:240 - Cannot read IP mode file for STMicroelectronics.X-CUBE-AZRTOS-WB.2.0.0
2024-05-22 12:44:27,267 [WARN] ConditionMgr:1039 - genDependencies : Invalid condition id : UX DEVICE CLASS RTOS Condition cause : null
2024-05-22 12:44:27,267 [WARN] ConditionMgr:1039 - genDependencies : Invalid condition id : UX DEVICE CLASS RTOS Condition cause : null
2024-05-22 12:44:27,267 [WARN] ConditionMgr:1039 - genDependencies : Invalid condition id : UX DEVICE CLASS RTOS Condition cause : null
2024-05-22 12:44:27,268 [WARN] ConditionMgr:1039 - genDependencies : Invalid condition id : UX DEVICE CLASS RTOS Condition cause : null
2024-05-22 12:44:27,268 [WARN] ConditionMgr:1039 - genDependencies : Invalid condition id : UX DEVICE CLASS RTOS Condition cause : null
2024-05-22 12:44:27,278 [WARN] PackLoader:240 - Cannot read IP mode file for STMicroelectronics.X-CUBE-SUBG2.5.0.0
2024-05-22 12:44:27,294 [WARN] PackLoader:240 - Cannot read IP mode file for STMicroelectronics.X-CUBE-TOF1.3.3.1
2024-05-22 12:44:27,318 [WARN] PackLoader:240 - Cannot read IP mode file for STMicroelectronics.X-CUBE-AZRTOS-G4.2.0.0
2024-05-22 12:44:27,330 [WARN] PackLoader:240 - Cannot read IP mode file for Infineon.AIROC-Wi-Fi-Bluetooth-STM32.1.5.1
2024-05-22 12:44:27,337 [WARN] PackLoader:240 - Cannot read IP mode file for STMicroelectronics.FP-SNS-MOTENVWB1.1.3.0
2024-05-22 12:44:27,341 [WARN] PackLoader:240 - Cannot read IP mode file for STMicroelectronics.FP-SNS-MOTENVWB1.1.3.1
2024-05-22 12:44:27,344 [WARN] PackLoader:240 - Cannot read IP mode file for STMicroelectronics.X-CUBE-ISPU.2.0.0
2024-05-22 12:44:27,349 [WARN] PackLoader:240 - Cannot read IP mode file for STMicroelectronics.X-CUBE-ALS.1.0.2
2024-05-22 12:44:27,389 [WARN] PackLoader:240 - Cannot read IP mode file for STMicroelectronics.X-CUBE-MEMS1.10.0.0
2024-05-22 12:44:27,517 [WARN] PackLoader:240 - Cannot read IP mode file for STMicroelectronics.X-CUBE-FREERTOS.1.1.0
2024-05-22 12:44:27,525 [WARN] PackLoader:240 - Cannot read IP mode file for portGmbH.I-Cube-SoM-uGOAL.1.1.0
2024-05-22 12:44:27,528 [WARN] PackLoader:240 - Cannot read IP mode file for STMicroelectronics.X-CUBE-ALS.1.0.1
2024-05-22 12:44:27,543 [WARN] PackLoader:240 - Cannot read IP mode file for STMicroelectronics.X-CUBE-AZRTOS-H7RS.1.0.0
2024-05-22 12:44:27,550 [WARN] PackLoader:240 - Cannot read IP mode file for STMicroelectronics.FP-ATR-ASTRA1.2.0.0
2024-05-22 12:44:27,557 [WARN] PackLoader:240 - Cannot read IP mode file for STMicroelectronics.X-CUBE-TOF1.3.4.0
2024-05-22 12:44:27,572 [WARN] PackLoader:240 - Cannot read IP mode file for STMicroelectronics.X-CUBE-TOF1.3.4.1
2024-05-22 12:44:27,595 [WARN] PackLoader:240 - Cannot read IP mode file for STMicroelectronics.X-CUBE-AZRTOS-H7.3.2.0
2024-05-22 12:44:27,598 [INFO] ThirdParty:978 - Integrity check success = true
2024-05-22 12:44:27,598 [INFO] IntegrityCheckThread:100 - exiting critical section [integrity check]
2024-05-22 12:44:27,598 [INFO] IntegrityCheckThread:103 - End integrity checks thread
2024-05-22 17:31:39,261 [ERROR] LogOutputStream:75 - [STDERR_REDIRECT] 
2024-05-22 17:39:02,618 [INFO] Activator:176 - 


2024-05-22 17:39:02,621 [INFO] Activator:177 - !SESSION log4j initialized
2024-05-22 17:39:09,036 [INFO] LogOutputStream:77 - [STDOUT_REDIRECT] 
2024-05-22 17:39:14,634 [INFO] ApplicationProperties:184 - Using Application install path: C:\ST\STM32CubeIDE_1.14.1\STM32CubeIDE\plugins\com.st.stm32cube.common.mx_6.11.0.202403141607
2024-05-22 17:39:14,657 [INFO] DbMcusXml:78 - Set database path to: C:\ST\STM32CubeIDE_1.14.1\STM32CubeIDE\plugins\com.st.stm32cube.common.mx_6.11.0.202403141607\\db\/mcu/
2024-05-22 17:39:14,658 [INFO] ApiDb:274 - Set plugin database path to: C:\ST\STM32CubeIDE_1.14.1\STM32CubeIDE\plugins\com.st.stm32cube.common.mx_6.11.0.202403141607\\db\/plugins/boardmanager/
2024-05-22 17:39:14,658 [WARN] ApiDb:259 - Overriding images path with different value:  => C:\ST\STM32CubeIDE_1.14.1\STM32CubeIDE\plugins\com.st.stm32cube.common.mx_6.11.0.202403141607\\db\/plugins/mcufinder/images/
2024-05-22 17:39:14,673 [INFO] ApiDb:250 - Set database path to: C:\Users\AAA\.stmcufinder\plugins\mcufinder//mcu/
2024-05-22 17:39:14,675 [INFO] DbMcusAds:125 - Set database path to: C:\Users\AAA\.stmcufinder\plugins\mcufinder//mcu/
2024-05-22 17:39:14,679 [INFO] CrossReferenceDbSqlite:203 - Set database path to: C:\Users\AAA\.stmcufinder\plugins\mcufinder//mcu/cs/
2024-05-22 17:39:14,904 [INFO] RulesReader:64 - Compatibility file has been processed (297 Rules)
2024-05-22 17:39:15,149 [INFO] DbMcusXml:78 - Set database path to: C:\ST\STM32CubeIDE_1.14.1\STM32CubeIDE\plugins\com.st.stm32cube.common.mx_6.11.0.202403141607\\db\/mcu/
2024-05-22 17:39:15,149 [INFO] ApiDb:274 - Set plugin database path to: C:\ST\STM32CubeIDE_1.14.1\STM32CubeIDE\plugins\com.st.stm32cube.common.mx_6.11.0.202403141607\\db\/plugins/boardmanager/
2024-05-22 17:39:15,149 [INFO] ApiDb:261 - Set plugin images path to: C:\ST\STM32CubeIDE_1.14.1\STM32CubeIDE\plugins\com.st.stm32cube.common.mx_6.11.0.202403141607\\db\/plugins/mcufinder/images/
2024-05-22 17:39:15,149 [WARN] DbFile:41 - Overriding database path with different value: C:\Users\AAA\.stmcufinder\plugins\mcufinder/ => C:\Users\AAA\.stmcufinder\plugins\mcufinder
2024-05-22 17:39:15,150 [INFO] ApiDb:250 - Set database path to: C:\Users\AAA\.stmcufinder\plugins\mcufinder//mcu/
2024-05-22 17:39:15,150 [WARN] DbFile:41 - Overriding database path with different value: C:\Users\AAA\.stmcufinder\plugins\mcufinder/ => C:\Users\AAA\.stmcufinder\plugins\mcufinder
2024-05-22 17:39:15,150 [INFO] DbMcusAds:125 - Set database path to: C:\Users\AAA\.stmcufinder\plugins\mcufinder//mcu/
2024-05-22 17:39:15,150 [WARN] DbFile:41 - Overriding database path with different value: C:\Users\AAA\.stmcufinder\plugins\mcufinder/ => C:\Users\AAA\.stmcufinder\plugins\mcufinder
2024-05-22 17:39:15,150 [WARN] DbFile:41 - Overriding database path with different value: C:\Users\AAA\.stmcufinder\plugins\mcufinder/ => C:\Users\AAA\.stmcufinder\plugins\mcufinder
2024-05-22 17:39:15,150 [INFO] CrossReferenceDbSqlite:203 - Set database path to: C:\Users\AAA\.stmcufinder\plugins\mcufinder//mcu/cs/
2024-05-22 17:39:15,290 [INFO] MainPanel:264 - HeapMemory: 269484032
2024-05-22 17:39:15,441 [INFO] DbMcusXml:78 - Set database path to: C:\ST\STM32CubeIDE_1.14.1\STM32CubeIDE\plugins\com.st.stm32cube.common.mx_6.11.0.202403141607\\db\/mcu/
2024-05-22 17:39:15,441 [INFO] ApiDb:274 - Set plugin database path to: C:\ST\STM32CubeIDE_1.14.1\STM32CubeIDE\plugins\com.st.stm32cube.common.mx_6.11.0.202403141607\\db\/plugins/boardmanager/
2024-05-22 17:39:15,442 [INFO] ApiDb:261 - Set plugin images path to: C:\ST\STM32CubeIDE_1.14.1\STM32CubeIDE\plugins\com.st.stm32cube.common.mx_6.11.0.202403141607\\db\/plugins/mcufinder/images/
2024-05-22 17:39:15,442 [WARN] DbFile:41 - Overriding database path with different value: C:\Users\AAA\.stmcufinder\plugins\mcufinder/ => C:\Users\AAA\.stmcufinder\plugins\mcufinder
2024-05-22 17:39:15,442 [INFO] ApiDb:250 - Set database path to: C:\Users\AAA\.stmcufinder\plugins\mcufinder//mcu/
2024-05-22 17:39:15,443 [WARN] DbFile:41 - Overriding database path with different value: C:\Users\AAA\.stmcufinder\plugins\mcufinder/ => C:\Users\AAA\.stmcufinder\plugins\mcufinder
2024-05-22 17:39:15,443 [INFO] DbMcusAds:125 - Set database path to: C:\Users\AAA\.stmcufinder\plugins\mcufinder//mcu/
2024-05-22 17:39:15,443 [WARN] DbFile:41 - Overriding database path with different value: C:\Users\AAA\.stmcufinder\plugins\mcufinder/ => C:\Users\AAA\.stmcufinder\plugins\mcufinder
2024-05-22 17:39:15,443 [WARN] DbFile:41 - Overriding database path with different value: C:\Users\AAA\.stmcufinder\plugins\mcufinder/ => C:\Users\AAA\.stmcufinder\plugins\mcufinder
2024-05-22 17:39:15,443 [INFO] CrossReferenceDbSqlite:203 - Set database path to: C:\Users\AAA\.stmcufinder\plugins\mcufinder//mcu/cs/
2024-05-22 17:39:15,473 [INFO] ApplicationProperties:184 - Using Application install path: C:\ST\STM32CubeIDE_1.14.1\STM32CubeIDE\plugins\com.st.stm32cube.common.mx_6.11.0.202403141607
2024-05-22 17:39:15,477 [INFO] PluginManage:196 - Search for loadable plugins [exclusion list=, ]
2024-05-22 17:39:15,479 [INFO] PluginManage:310 - Check plugin analytics
2024-05-22 17:39:15,748 [INFO] AnalyticsPlugin:253 - Accepted Software Licenses: 
2024-05-22 17:39:15,748 [INFO] AnalyticsPlugin:255 - Accepted CMSIS Pack Licenses: ARM.CMSIS.6.0.0
2024-05-22 17:39:15,749 [INFO] AnalyticsPlugin:257 - Accepted Firmware Licenses: 
2024-05-22 17:39:15,753 [INFO] PluginManage:359 - Loaded plugin analytics (category:tool,tabindex:-1)
2024-05-22 17:39:15,753 [INFO] PluginManage:310 - Check plugin cadmodel
2024-05-22 17:39:15,771 [INFO] CADModel:105 - Init CAD model plugin
2024-05-22 17:39:15,772 [INFO] PluginManage:359 - Loaded plugin cadmodel (category:power,tabindex:5)
2024-05-22 17:39:15,772 [INFO] PluginManage:310 - Check plugin clock
2024-05-22 17:39:15,796 [INFO] PluginManage:359 - Loaded plugin clock (category:base,tabindex:2)
2024-05-22 17:39:15,796 [INFO] PluginManage:310 - Check plugin ddr
2024-05-22 17:39:15,800 [INFO] PluginManage:359 - Loaded plugin ddr (category:tool,tabindex:6)
2024-05-22 17:39:15,800 [INFO] PluginManage:310 - Check plugin filemanager
2024-05-22 17:39:15,995 [INFO] PluginManage:359 - Loaded plugin filemanager (category:base,tabindex:10)
2024-05-22 17:39:15,995 [INFO] PluginManage:310 - Check plugin ipmanager
2024-05-22 17:39:16,006 [INFO] PluginManage:359 - Loaded plugin ipmanager (category:base,tabindex:5)
2024-05-22 17:39:16,006 [INFO] PluginManage:310 - Check plugin lpbam
2024-05-22 17:39:16,029 [INFO] PluginManage:359 - Loaded plugin lpbam (category:base,tabindex:0)
2024-05-22 17:39:16,030 [INFO] PluginManage:310 - Check plugin memorymap
2024-05-22 17:39:16,064 [INFO] PluginManage:359 - Loaded plugin memorymap (category:base,tabindex:4)
2024-05-22 17:39:16,065 [INFO] PluginManage:310 - Check plugin pinoutandconfiguration
2024-05-22 17:39:16,090 [INFO] PluginManage:359 - Loaded plugin pinoutandconfiguration (category:base,tabindex:1)
2024-05-22 17:39:16,090 [INFO] PluginManage:310 - Check plugin pinoutconfig
2024-05-22 17:39:16,246 [WARN] SupportedApi:132 - Cannot load RTOS API schema: s4s-elt-must-match.1: The content of 'definitions' must match (annotation?, (simpleType | complexType)?, (unique | key | keyref)*)). A problem was found starting at: attribute.
2024-05-22 17:39:16,545 [INFO] PluginManage:359 - Loaded plugin pinoutconfig (category:base,tabindex:0)
2024-05-22 17:39:16,545 [INFO] PluginManage:310 - Check plugin power
2024-05-22 17:39:16,581 [INFO] PluginManage:359 - Loaded plugin power (category:power,tabindex:4)
2024-05-22 17:39:16,581 [INFO] PluginManage:310 - Check plugin projectmanager
2024-05-22 17:39:16,614 [INFO] PluginManage:359 - Loaded plugin projectmanager (category:projectmanager,tabindex:3)
2024-05-22 17:39:16,614 [INFO] PluginManage:310 - Check plugin thirdparty
2024-05-22 17:39:17,020 [INFO] PluginManage:359 - Loaded plugin thirdparty (category:base,tabindex:-1)
2024-05-22 17:39:17,020 [WARN] IntegrityCheckThread:84 - waiting for thirdparty lock release [integrity check]
2024-05-22 17:39:17,020 [INFO] PluginManage:310 - Check plugin tools
2024-05-22 17:39:17,021 [INFO] IntegrityCheckThread:86 - entering critical section [integrity check]
2024-05-22 17:39:17,021 [INFO] ThirdPartyUpdaterWithRetryManager:70 - Updater plugin not ready yet. [1/15]
2024-05-22 17:39:17,074 [INFO] PluginManage:359 - Loaded plugin tools (category:base,tabindex:7)
2024-05-22 17:39:17,074 [INFO] PluginManage:310 - Check plugin tutovideos
2024-05-22 17:39:17,424 [INFO] PluginManage:359 - Loaded plugin tutovideos (category:base,tabindex:-1)
2024-05-22 17:39:17,424 [INFO] PluginManage:310 - Check plugin updater
2024-05-22 17:39:17,446 [INFO] PluginManage:359 - Loaded plugin updater (category:base,tabindex:12)
2024-05-22 17:39:17,446 [INFO] PluginManage:310 - Check plugin userauth
2024-05-22 17:39:17,456 [INFO] UserAuth:114 - Init User Auth plugin
2024-05-22 17:39:17,456 [INFO] PluginManage:359 - Loaded plugin userauth (category:base,tabindex:14)
2024-05-22 17:39:17,457 [INFO] PluginManage:283 - PluginManage : Loaded plugins [17]
2024-05-22 17:39:17,813 [INFO] PinOutPanel:1561 - setPackage(No Configuration,No Configuration)
2024-05-22 17:39:17,932 [INFO] CADModel:165 - CPN selected for project level
2024-05-22 17:39:17,932 [INFO] CADModel:114 - Register for checkConnection events
2024-05-22 17:39:17,965 [INFO] IPUIPlugin:80 - create IPUIPlugin
2024-05-22 17:39:17,965 [INFO] PluginManager:220 - loadIPPluginJar : add adc
2024-05-22 17:39:18,012 [INFO] IPUIPlugin:80 - create IPUIPlugin
2024-05-22 17:39:18,012 [INFO] PluginManager:220 - loadIPPluginJar : add aes
2024-05-22 17:39:18,070 [INFO] IPUIPlugin:80 - create IPUIPlugin
2024-05-22 17:39:18,070 [INFO] PluginManager:220 - loadIPPluginJar : add can
2024-05-22 17:39:18,104 [INFO] IPUIPlugin:80 - create IPUIPlugin
2024-05-22 17:39:18,104 [INFO] PluginManager:220 - loadIPPluginJar : add comp
2024-05-22 17:39:18,153 [INFO] IPUIPlugin:80 - create IPUIPlugin
2024-05-22 17:39:18,153 [INFO] PluginManager:220 - loadIPPluginJar : add cryp
2024-05-22 17:39:18,200 [INFO] IPUIPlugin:80 - create IPUIPlugin
2024-05-22 17:39:18,200 [INFO] PluginManager:220 - loadIPPluginJar : add dfsdm
2024-05-22 17:39:18,220 [INFO] IPUIPlugin:80 - create IPUIPlugin
2024-05-22 17:39:18,221 [INFO] PluginManager:220 - loadIPPluginJar : add dma
2024-05-22 17:39:18,280 [INFO] IPUIPlugin:80 - create IPUIPlugin
2024-05-22 17:39:18,280 [INFO] PluginManager:220 - loadIPPluginJar : add dma3
2024-05-22 17:39:18,379 [INFO] IPUIPlugin:80 - create IPUIPlugin
2024-05-22 17:39:18,379 [INFO] PluginManager:220 - loadIPPluginJar : add extmemmanager
2024-05-22 17:39:18,413 [INFO] IPUIPlugin:80 - create IPUIPlugin
2024-05-22 17:39:18,414 [INFO] PluginManager:220 - loadIPPluginJar : add fatfs
2024-05-22 17:39:18,489 [INFO] IPUIPlugin:80 - create IPUIPlugin
2024-05-22 17:39:18,490 [INFO] PluginManager:220 - loadIPPluginJar : add fmc
2024-05-22 17:39:18,510 [INFO] IPUIPlugin:80 - create IPUIPlugin
2024-05-22 17:39:18,510 [INFO] PluginManager:220 - loadIPPluginJar : add freertos
2024-05-22 17:39:18,537 [INFO] IPUIPlugin:80 - create IPUIPlugin
2024-05-22 17:39:18,538 [INFO] PluginManager:220 - loadIPPluginJar : add genericplugin
2024-05-22 17:39:18,702 [INFO] IPUIPlugin:80 - create IPUIPlugin
2024-05-22 17:39:18,702 [INFO] PluginManager:220 - loadIPPluginJar : add gfxmmu
2024-05-22 17:39:18,930 [INFO] IPUIPlugin:80 - create IPUIPlugin
2024-05-22 17:39:18,930 [INFO] PluginManager:220 - loadIPPluginJar : add gic
2024-05-22 17:39:18,955 [INFO] IPUIPlugin:80 - create IPUIPlugin
2024-05-22 17:39:18,956 [INFO] PluginManager:220 - loadIPPluginJar : add gpio
2024-05-22 17:39:19,146 [INFO] IPUIPlugin:80 - create IPUIPlugin
2024-05-22 17:39:19,146 [INFO] PluginManager:220 - loadIPPluginJar : add gtzc
2024-05-22 17:39:19,201 [INFO] IPUIPlugin:80 - create IPUIPlugin
2024-05-22 17:39:19,202 [INFO] PluginManager:220 - loadIPPluginJar : add hash
2024-05-22 17:39:19,289 [INFO] IPUIPlugin:80 - create IPUIPlugin
2024-05-22 17:39:19,289 [INFO] PluginManager:220 - loadIPPluginJar : add i2c
2024-05-22 17:39:19,355 [INFO] IPUIPlugin:80 - create IPUIPlugin
2024-05-22 17:39:19,355 [INFO] PluginManager:220 - loadIPPluginJar : add i2s
2024-05-22 17:39:19,423 [INFO] IPUIPlugin:80 - create IPUIPlugin
2024-05-22 17:39:19,423 [INFO] PluginManager:220 - loadIPPluginJar : add i3c
2024-05-22 17:39:19,618 [INFO] IPUIPlugin:80 - create IPUIPlugin
2024-05-22 17:39:19,618 [INFO] PluginManager:220 - loadIPPluginJar : add ipddr
2024-05-22 17:39:19,772 [INFO] IPUIPlugin:80 - create IPUIPlugin
2024-05-22 17:39:19,773 [INFO] PluginManager:220 - loadIPPluginJar : add linkedlist
2024-05-22 17:39:19,843 [INFO] IPUIPlugin:80 - create IPUIPlugin
2024-05-22 17:39:19,843 [INFO] PluginManager:220 - loadIPPluginJar : add lorawan
2024-05-22 17:39:19,914 [INFO] IPUIPlugin:80 - create IPUIPlugin
2024-05-22 17:39:19,914 [INFO] PluginManager:220 - loadIPPluginJar : add ltdc
2024-05-22 17:39:19,946 [INFO] IPUIPlugin:80 - create IPUIPlugin
2024-05-22 17:39:19,946 [INFO] PluginManager:220 - loadIPPluginJar : add mdma
2024-05-22 17:39:19,967 [INFO] IPUIPlugin:80 - create IPUIPlugin
2024-05-22 17:39:19,967 [INFO] PluginManager:220 - loadIPPluginJar : add nvic
2024-05-22 17:39:20,025 [INFO] ThirdPartyUpdaterWithRetryManager:70 - Updater plugin not ready yet. [2/15]
2024-05-22 17:39:20,034 [INFO] IPUIPlugin:80 - create IPUIPlugin
2024-05-22 17:39:20,034 [INFO] PluginManager:220 - loadIPPluginJar : add opamp
2024-05-22 17:39:20,145 [INFO] IPUIPlugin:80 - create IPUIPlugin
2024-05-22 17:39:20,145 [INFO] PluginManager:220 - loadIPPluginJar : add openamp
2024-05-22 17:39:20,216 [INFO] IPUIPlugin:80 - create IPUIPlugin
2024-05-22 17:39:20,217 [INFO] PluginManager:220 - loadIPPluginJar : add pdm2pcm
2024-05-22 17:39:20,236 [INFO] IPUIPlugin:80 - create IPUIPlugin
2024-05-22 17:39:20,240 [INFO] PluginManager:220 - loadIPPluginJar : add plateformsettings
2024-05-22 17:39:20,275 [INFO] IPUIPlugin:80 - create IPUIPlugin
2024-05-22 17:39:20,276 [INFO] PluginManager:220 - loadIPPluginJar : add quadspi
2024-05-22 17:39:20,294 [INFO] IPUIPlugin:80 - create IPUIPlugin
2024-05-22 17:39:20,295 [INFO] PluginManager:220 - loadIPPluginJar : add resmgrutility
2024-05-22 17:39:20,377 [INFO] IPUIPlugin:80 - create IPUIPlugin
2024-05-22 17:39:20,377 [INFO] PluginManager:220 - loadIPPluginJar : add sai
2024-05-22 17:39:20,432 [INFO] IPUIPlugin:80 - create IPUIPlugin
2024-05-22 17:39:20,432 [INFO] PluginManager:220 - loadIPPluginJar : add spi
2024-05-22 17:39:20,546 [INFO] IPUIPlugin:80 - create IPUIPlugin
2024-05-22 17:39:20,547 [INFO] PluginManager:220 - loadIPPluginJar : add stm32_wpan
2024-05-22 17:39:20,574 [INFO] IPUIPlugin:80 - create IPUIPlugin
2024-05-22 17:39:20,575 [INFO] PluginManager:220 - loadIPPluginJar : add tim
2024-05-22 17:39:20,670 [INFO] IPUIPlugin:80 - create IPUIPlugin
2024-05-22 17:39:20,670 [INFO] PluginManager:220 - loadIPPluginJar : add touchsensing
2024-05-22 17:39:20,713 [INFO] IPUIPlugin:80 - create IPUIPlugin
2024-05-22 17:39:20,713 [INFO] PluginManager:220 - loadIPPluginJar : add tracer_emb
2024-05-22 17:39:20,745 [INFO] IPUIPlugin:80 - create IPUIPlugin
2024-05-22 17:39:20,745 [INFO] PluginManager:220 - loadIPPluginJar : add ts
2024-05-22 17:39:20,770 [INFO] IPUIPlugin:80 - create IPUIPlugin
2024-05-22 17:39:20,771 [INFO] PluginManager:220 - loadIPPluginJar : add tsc
2024-05-22 17:39:20,803 [INFO] IPUIPlugin:80 - create IPUIPlugin
2024-05-22 17:39:20,803 [INFO] PluginManager:220 - loadIPPluginJar : add ucpd
2024-05-22 17:39:20,859 [INFO] IPUIPlugin:80 - create IPUIPlugin
2024-05-22 17:39:20,860 [INFO] PluginManager:220 - loadIPPluginJar : add usart
2024-05-22 17:39:20,912 [INFO] IPUIPlugin:80 - create IPUIPlugin
2024-05-22 17:39:20,912 [INFO] PluginManager:220 - loadIPPluginJar : add usbx
2024-05-22 17:39:21,085 [INFO] CADModel:165 - CPN selected for project level
2024-05-22 17:39:21,085 [INFO] CADModel:114 - Register for checkConnection events
2024-05-22 17:39:21,085 [FATAL] Updater:308 - Updater called before beeing initialized
2024-05-22 17:39:21,085 [ERROR] CADModel:125 - Updater not yet initialized, retry later 
2024-05-22 17:39:21,256 [INFO] CADModel:165 - CPN selected for project level
2024-05-22 17:39:21,256 [INFO] CADModel:114 - Register for checkConnection events
2024-05-22 17:39:21,256 [FATAL] Updater:308 - Updater called before beeing initialized
2024-05-22 17:39:21,256 [ERROR] CADModel:125 - Updater not yet initialized, retry later 
2024-05-22 17:39:21,260 [FATAL] Updater:308 - Updater called before beeing initialized
2024-05-22 17:39:21,447 [FATAL] Updater:308 - Updater called before beeing initialized
2024-05-22 17:39:21,464 [INFO] DbMcusAds:53 - JSON generation date=Thu May 16 16:22:00 ICT 2024 (1715851320852)
2024-05-22 17:39:21,464 [FATAL] Updater:308 - Updater called before beeing initialized
2024-05-22 17:39:21,616 [WARN] DetailPanel:346 - Failed to get advertising image, set to default
2024-05-22 17:39:21,846 [FATAL] Updater:308 - Updater called before beeing initialized
2024-05-22 17:39:21,849 [FATAL] Updater:308 - Updater called before beeing initialized
2024-05-22 17:39:21,849 [FATAL] Updater:308 - Updater called before beeing initialized
2024-05-22 17:39:21,849 [WARN] DetailPanel:346 - Failed to get advertising image, set to default
2024-05-22 17:39:21,850 [FATAL] Updater:308 - Updater called before beeing initialized
2024-05-22 17:39:21,934 [ERROR] Updater:1120 - MainUpdater not yet initialized. External WinMGr cannot be set.
2024-05-22 17:39:21,949 [INFO] Updater:1056 - Updater Version found : 6.11.0
2024-05-22 17:39:21,985 [INFO] ApplicationProperties:184 - Using Application install path: C:\ST\STM32CubeIDE_1.14.1\STM32CubeIDE\plugins\com.st.stm32cube.common.mx_6.11.0.202403141607
2024-05-22 17:39:23,040 [INFO] ThirdPartyUpdaterWithRetryManager:70 - Updater plugin not ready yet. [3/15]
2024-05-22 17:39:23,612 [ERROR] LogOutputStream:75 - [STDERR_REDIRECT] May 22, 2024 5:39:23 PM java.util.prefs.WindowsPreferences <init>
2024-05-22 17:39:23,616 [ERROR] LogOutputStream:75 - [STDERR_REDIRECT] WARNING: Could not open/create prefs root node Software\JavaSoft\Prefs at root 0xffffffff80000002. Windows RegCreateKeyEx(...) returned error code 5.
2024-05-22 17:39:23,616 [ERROR] LogOutputStream:75 - [STDERR_REDIRECT] 
2024-05-22 17:39:24,067 [INFO] MainUpdater:2873 - connection check result : 22
2024-05-22 17:39:24,077 [INFO] MainUpdater:290 - Updater Check For Update Now.
2024-05-22 17:39:24,077 [INFO] MicroXplorer:498 - Change Database Version : DB.6.0.110
2024-05-22 17:39:24,097 [INFO] McuFinderGlobals:63 - Set McuFinder mode to 2 (CubeIDE integrated)
2024-05-22 17:39:24,119 [INFO] UserAuth:415 - Internet connection configuration mode: 2
2024-05-22 17:39:24,361 [INFO] CheckServerUpdateThread:120 - End of CheckServer Thread
2024-05-22 17:39:26,449 [WARN] PackLoader:240 - Cannot read IP mode file for STMicroelectronics.FP-SNS-MOTENVWB1.1.4.0
2024-05-22 17:39:26,483 [WARN] PackLoader:240 - Cannot read IP mode file for STMicroelectronics.X-CUBE-SMBUS.2.1.0
2024-05-22 17:39:26,507 [WARN] PackLoader:240 - Cannot read IP mode file for STMicroelectronics.X-CUBE-TOUCHGFX.4.23.1
2024-05-22 17:39:26,524 [WARN] PackLoader:240 - Cannot read IP mode file for STMicroelectronics.X-CUBE-TOUCHGFX.4.23.0
2024-05-22 17:39:26,542 [WARN] PackLoader:240 - Cannot read IP mode file for STMicroelectronics.X-CUBE-TOUCHGFX.4.23.2
2024-05-22 17:39:26,621 [WARN] PackLoader:240 - Cannot read IP mode file for STMicroelectronics.X-CUBE-AZRTOS-F7.1.1.0
2024-05-22 17:39:26,650 [WARN] PackLoader:240 - Cannot read IP mode file for STMicroelectronics.FP-SNS-MOTENV1.4.3.2
2024-05-22 17:39:26,673 [WARN] PackLoader:240 - Cannot read IP mode file for STMicroelectronics.FP-SNS-FLIGHT1.5.0.2
2024-05-22 17:39:26,699 [WARN] PackLoader:240 - Cannot read IP mode file for STMicroelectronics.X-CUBE-DISPLAY.3.0.0
2024-05-22 17:39:26,731 [WARN] PackLoader:240 - Cannot read IP mode file for STMicroelectronics.X-CUBE-BLE1.7.0.0
2024-05-22 17:39:26,752 [WARN] PackLoader:240 - Cannot read IP mode file for emotas.I-CUBE-CANOPEN.1.3.0
2024-05-22 17:39:26,770 [WARN] PackLoader:240 - Cannot read IP mode file for STMicroelectronics.X-CUBE-TOUCHGFX.4.22.1
2024-05-22 17:39:26,798 [WARN] PackLoader:240 - Cannot read IP mode file for STMicroelectronics.X-CUBE-BLEMGR.3.1.0
2024-05-22 17:39:26,819 [WARN] PackLoader:240 - Cannot read IP mode file for STMicroelectronics.FP-SNS-SMARTAG2.1.2.0
2024-05-22 17:39:26,856 [INFO] LogOutputStream:77 - [STDOUT_REDIRECT] 1 : Invalid condition id : UX_CORESTACK_Condition cause : null
2024-05-22 17:39:26,857 [INFO] LogOutputStream:77 - [STDOUT_REDIRECT] 1 : Invalid condition id : UX_CORESTACK_Condition cause : null
2024-05-22 17:39:26,859 [INFO] LogOutputStream:77 - [STDOUT_REDIRECT] 1 : Invalid condition id : UX_CORESTACK_Condition cause : null
2024-05-22 17:39:26,861 [INFO] LogOutputStream:77 - [STDOUT_REDIRECT] 1 : Invalid condition id : UX_CORESTACK_Condition cause : null
2024-05-22 17:39:26,863 [INFO] LogOutputStream:77 - [STDOUT_REDIRECT] 1 : Invalid condition id : UX_CORESTACK_Condition cause : null
2024-05-22 17:39:26,867 [WARN] PackLoader:240 - Cannot read IP mode file for STMicroelectronics.X-CUBE-AZRTOS-WL.2.0.0
2024-05-22 17:39:26,887 [WARN] PackLoader:240 - Cannot read IP mode file for STMicroelectronics.FP-SNS-MOTENV1.5.0.0
2024-05-22 17:39:26,916 [WARN] PackLoader:240 - Cannot read IP mode file for WES.I-CUBE-Cesium.1.3.0
2024-05-22 17:39:26,935 [WARN] PackLoader:240 - Cannot read IP mode file for STMicroelectronics.X-CUBE-BLE2.3.3.0
2024-05-22 17:39:26,959 [WARN] PackLoader:240 - Cannot read IP mode file for STMicroelectronics.X-CUBE-TCPP.4.1.0
2024-05-22 17:39:26,979 [WARN] PackLoader:240 - Cannot read IP mode file for STMicroelectronics.X-CUBE-ALGOBUILD.1.3.0
2024-05-22 17:39:27,022 [WARN] PackLoader:240 - Cannot read IP mode file for STMicroelectronics.X-CUBE-AZRTOS-G0.1.1.0
2024-05-22 17:39:27,042 [WARN] PackLoader:240 - Cannot read IP mode file for STMicroelectronics.X-CUBE-SAFEA1.1.2.2
2024-05-22 17:39:27,061 [WARN] PackLoader:240 - Cannot read IP mode file for STMicroelectronics.X-CUBE-NFC4.3.0.0
2024-05-22 17:39:27,082 [WARN] PackLoader:240 - Cannot read IP mode file for STMicroelectronics.X-CUBE-BLEMGR.3.0.0
2024-05-22 17:39:27,100 [WARN] PackLoader:240 - Cannot read IP mode file for STMicroelectronics.FP-ATR-SIGFOX1.3.2.0
2024-05-22 17:39:27,134 [WARN] PackLoader:240 - Cannot read IP mode file for STMicroelectronics.X-CUBE-EEPRMA1.5.1.0
2024-05-22 17:39:27,198 [WARN] PackLoader:240 - Cannot read IP mode file for SEGGER.I-CUBE-embOS.1.3.1
2024-05-22 17:39:27,263 [WARN] PackLoader:240 - Cannot read IP mode file for STMicroelectronics.X-CUBE-ALGOBUILD.1.4.0
2024-05-22 17:39:27,284 [WARN] PackLoader:240 - Cannot read IP mode file for STMicroelectronics.X-CUBE-GNSS1.6.0.0
2024-05-22 17:39:27,326 [WARN] PackLoader:240 - Cannot read IP mode file for STMicroelectronics.X-CUBE-AZRTOS-F4.1.1.0
2024-05-22 17:39:27,346 [WARN] PackLoader:240 - Cannot read IP mode file for wolfSSL.I-CUBE-wolfSSL.5.6.3
2024-05-22 17:39:27,361 [WARN] PackLoader:240 - Cannot read IP mode file for STMicroelectronics.X-CUBE-FREERTOS.1.2.0
2024-05-22 17:39:27,384 [WARN] PackLoader:240 - Cannot read IP mode file for wolfSSL.I-CUBE-wolfSSL.5.6.6
2024-05-22 17:39:27,439 [WARN] PackLoader:240 - Cannot read IP mode file for STMicroelectronics.X-CUBE-AZRTOS-L5.2.0.0
2024-05-22 17:39:27,539 [WARN] PackLoader:240 - Cannot read IP mode file for STMicroelectronics.X-CUBE-MEMS1.9.6.0
2024-05-22 17:39:27,810 [WARN] PackLoader:240 - Cannot read IP mode file for STMicroelectronics.X-CUBE-EEPRMA1.4.2.0
2024-05-22 17:39:27,834 [WARN] PackLoader:240 - Cannot read IP mode file for STMicroelectronics.X-CUBE-NFC6.3.1.0
2024-05-22 17:39:27,851 [WARN] PackLoader:240 - Cannot read IP mode file for ITTIA_DB.I-CUBE-ITTIADB.8.8.0
2024-05-22 17:39:27,915 [WARN] PackLoader:240 - Cannot read IP mode file for STMicroelectronics.X-CUBE-BLEMGR.2.0.0
2024-05-22 17:39:27,932 [WARN] PackLoader:240 - Cannot read IP mode file for STMicroelectronics.X-CUBE-AI.9.0.0
2024-05-22 17:39:27,965 [WARN] ConditionMgr:438 - getConditionDescription Invalid condition id : UX DEVICE CLASS RTOS Condition cause : null
2024-05-22 17:39:27,966 [WARN] ConditionMgr:438 - getConditionDescription Invalid condition id : UX DEVICE CLASS RTOS Condition cause : null
2024-05-22 17:39:27,970 [WARN] PackLoader:240 - Cannot read IP mode file for STMicroelectronics.X-CUBE-AZRTOS-H7.3.1.0
2024-05-22 17:39:27,971 [WARN] ConditionMgr:1039 - genDependencies : Invalid condition id : UX DEVICE CLASS RTOS Condition cause : null
2024-05-22 17:39:27,971 [WARN] ConditionMgr:1039 - genDependencies : Invalid condition id : UX DEVICE CLASS RTOS Condition cause : null
2024-05-22 17:39:27,972 [WARN] ConditionMgr:1039 - genDependencies : Invalid condition id : UX DEVICE CLASS RTOS Condition cause : null
2024-05-22 17:39:27,973 [WARN] ConditionMgr:1039 - genDependencies : Invalid condition id : UX DEVICE CLASS RTOS Condition cause : null
2024-05-22 17:39:27,973 [WARN] ConditionMgr:1039 - genDependencies : Invalid condition id : UX DEVICE CLASS RTOS Condition cause : null
2024-05-22 17:39:27,992 [WARN] PackLoader:240 - Cannot read IP mode file for STMicroelectronics.X-CUBE-NFC7.1.0.1
2024-05-22 17:39:28,009 [WARN] PackLoader:240 - Cannot read IP mode file for STMicroelectronics.X-CUBE-NFC6.3.0.0
2024-05-22 17:39:28,023 [WARN] PackLoader:240 - Cannot read IP mode file for STMicroelectronics.X-CUBE-EEPRMA1.4.1.0
2024-05-22 17:39:28,036 [WARN] PackLoader:240 - Cannot read IP mode file for STMicroelectronics.X-CUBE-AI.8.1.0
2024-05-22 17:39:28,069 [WARN] ConditionMgr:438 - getConditionDescription Invalid condition id : LAN8742 Phy interface Condition cause : null
2024-05-22 17:39:28,069 [WARN] PackLoader:240 - Cannot read IP mode file for STMicroelectronics.X-CUBE-AZRTOS-L4.2.0.0
2024-05-22 17:39:28,070 [WARN] ConditionMgr:1039 - genDependencies : Invalid condition id : LAN8742 Phy interface Condition cause : null
2024-05-22 17:39:28,070 [WARN] ConditionMgr:1039 - genDependencies : Invalid condition id : LAN8742 Phy interface Condition cause : null
2024-05-22 17:39:28,071 [WARN] ConditionMgr:1039 - genDependencies : Invalid condition id : LAN8742 Phy interface Condition cause : null
2024-05-22 17:39:28,137 [WARN] PackLoader:240 - Cannot read IP mode file for STMicroelectronics.X-CUBE-SFXS2LP1.4.0.0
2024-05-22 17:39:28,152 [WARN] PackLoader:240 - Cannot read IP mode file for STMicroelectronics.X-CUBE-ISPU.1.1.0
2024-05-22 17:39:28,174 [WARN] ConditionMgr:438 - getConditionDescription Invalid condition id : UX DEVICE CLASS RTOS Condition cause : null
2024-05-22 17:39:28,174 [WARN] ConditionMgr:438 - getConditionDescription Invalid condition id : UX DEVICE CLASS RTOS Condition cause : null
2024-05-22 17:39:28,176 [WARN] PackLoader:240 - Cannot read IP mode file for STMicroelectronics.X-CUBE-AZRTOS-WB.2.0.0
2024-05-22 17:39:28,176 [WARN] ConditionMgr:1039 - genDependencies : Invalid condition id : UX DEVICE CLASS RTOS Condition cause : null
2024-05-22 17:39:28,176 [WARN] ConditionMgr:1039 - genDependencies : Invalid condition id : UX DEVICE CLASS RTOS Condition cause : null
2024-05-22 17:39:28,176 [WARN] ConditionMgr:1039 - genDependencies : Invalid condition id : UX DEVICE CLASS RTOS Condition cause : null
2024-05-22 17:39:28,177 [WARN] ConditionMgr:1039 - genDependencies : Invalid condition id : UX DEVICE CLASS RTOS Condition cause : null
2024-05-22 17:39:28,177 [WARN] ConditionMgr:1039 - genDependencies : Invalid condition id : UX DEVICE CLASS RTOS Condition cause : null
2024-05-22 17:39:28,195 [WARN] PackLoader:240 - Cannot read IP mode file for STMicroelectronics.X-CUBE-SUBG2.5.0.0
2024-05-22 17:39:28,217 [WARN] PackLoader:240 - Cannot read IP mode file for STMicroelectronics.X-CUBE-TOF1.3.3.1
2024-05-22 17:39:28,247 [WARN] PackLoader:240 - Cannot read IP mode file for STMicroelectronics.X-CUBE-AZRTOS-G4.2.0.0
2024-05-22 17:39:28,275 [WARN] PackLoader:240 - Cannot read IP mode file for Infineon.AIROC-Wi-Fi-Bluetooth-STM32.1.5.1
2024-05-22 17:39:28,291 [WARN] PackLoader:240 - Cannot read IP mode file for STMicroelectronics.FP-SNS-MOTENVWB1.1.3.0
2024-05-22 17:39:28,303 [WARN] PackLoader:240 - Cannot read IP mode file for STMicroelectronics.FP-SNS-MOTENVWB1.1.3.1
2024-05-22 17:39:28,322 [WARN] PackLoader:240 - Cannot read IP mode file for STMicroelectronics.X-CUBE-ISPU.2.0.0
2024-05-22 17:39:28,337 [WARN] PackLoader:240 - Cannot read IP mode file for STMicroelectronics.X-CUBE-ALS.1.0.2
2024-05-22 17:39:28,384 [WARN] PackLoader:240 - Cannot read IP mode file for STMicroelectronics.X-CUBE-MEMS1.10.0.0
2024-05-22 17:39:28,491 [WARN] PackLoader:240 - Cannot read IP mode file for STMicroelectronics.X-CUBE-FREERTOS.1.1.0
2024-05-22 17:39:28,506 [WARN] PackLoader:240 - Cannot read IP mode file for portGmbH.I-Cube-SoM-uGOAL.1.1.0
2024-05-22 17:39:28,520 [WARN] PackLoader:240 - Cannot read IP mode file for STMicroelectronics.X-CUBE-ALS.1.0.1
2024-05-22 17:39:28,548 [WARN] PackLoader:240 - Cannot read IP mode file for STMicroelectronics.X-CUBE-AZRTOS-H7RS.1.0.0
2024-05-22 17:39:28,560 [WARN] PackLoader:240 - Cannot read IP mode file for STMicroelectronics.FP-ATR-ASTRA1.2.0.0
2024-05-22 17:39:28,577 [WARN] PackLoader:240 - Cannot read IP mode file for STMicroelectronics.X-CUBE-TOF1.3.4.0
2024-05-22 17:39:28,605 [WARN] PackLoader:240 - Cannot read IP mode file for STMicroelectronics.X-CUBE-TOF1.3.4.1
2024-05-22 17:39:28,641 [WARN] PackLoader:240 - Cannot read IP mode file for STMicroelectronics.X-CUBE-AZRTOS-H7.3.2.0
2024-05-22 17:39:28,644 [INFO] ThirdParty:978 - Integrity check success = true
2024-05-22 17:39:28,644 [INFO] IntegrityCheckThread:100 - exiting critical section [integrity check]
2024-05-22 17:39:28,644 [INFO] IntegrityCheckThread:103 - End integrity checks thread
2024-05-22 18:14:26,060 [ERROR] LogOutputStream:75 - [STDERR_REDIRECT] 
2024-05-22 22:12:38,407 [INFO] Activator:176 - 


2024-05-22 22:12:38,411 [INFO] Activator:177 - !SESSION log4j initialized
2024-05-22 22:12:46,935 [INFO] LogOutputStream:77 - [STDOUT_REDIRECT] 
2024-05-22 22:12:50,382 [INFO] ApplicationProperties:184 - Using Application install path: C:\ST\STM32CubeIDE_1.14.1\STM32CubeIDE\plugins\com.st.stm32cube.common.mx_6.11.0.202403141607
2024-05-22 22:12:50,404 [INFO] DbMcusXml:78 - Set database path to: C:\ST\STM32CubeIDE_1.14.1\STM32CubeIDE\plugins\com.st.stm32cube.common.mx_6.11.0.202403141607\\db\/mcu/
2024-05-22 22:12:50,405 [INFO] ApiDb:274 - Set plugin database path to: C:\ST\STM32CubeIDE_1.14.1\STM32CubeIDE\plugins\com.st.stm32cube.common.mx_6.11.0.202403141607\\db\/plugins/boardmanager/
2024-05-22 22:12:50,405 [WARN] ApiDb:259 - Overriding images path with different value:  => C:\ST\STM32CubeIDE_1.14.1\STM32CubeIDE\plugins\com.st.stm32cube.common.mx_6.11.0.202403141607\\db\/plugins/mcufinder/images/
2024-05-22 22:12:50,412 [INFO] ApiDb:250 - Set database path to: C:\Users\AAA\.stmcufinder\plugins\mcufinder//mcu/
2024-05-22 22:12:50,415 [INFO] DbMcusAds:125 - Set database path to: C:\Users\AAA\.stmcufinder\plugins\mcufinder//mcu/
2024-05-22 22:12:50,418 [INFO] CrossReferenceDbSqlite:203 - Set database path to: C:\Users\AAA\.stmcufinder\plugins\mcufinder//mcu/cs/
2024-05-22 22:12:50,589 [INFO] RulesReader:64 - Compatibility file has been processed (297 Rules)
2024-05-22 22:12:50,702 [INFO] DbMcusXml:78 - Set database path to: C:\ST\STM32CubeIDE_1.14.1\STM32CubeIDE\plugins\com.st.stm32cube.common.mx_6.11.0.202403141607\\db\/mcu/
2024-05-22 22:12:50,702 [INFO] ApiDb:274 - Set plugin database path to: C:\ST\STM32CubeIDE_1.14.1\STM32CubeIDE\plugins\com.st.stm32cube.common.mx_6.11.0.202403141607\\db\/plugins/boardmanager/
2024-05-22 22:12:50,702 [INFO] ApiDb:261 - Set plugin images path to: C:\ST\STM32CubeIDE_1.14.1\STM32CubeIDE\plugins\com.st.stm32cube.common.mx_6.11.0.202403141607\\db\/plugins/mcufinder/images/
2024-05-22 22:12:50,702 [WARN] DbFile:41 - Overriding database path with different value: C:\Users\AAA\.stmcufinder\plugins\mcufinder/ => C:\Users\AAA\.stmcufinder\plugins\mcufinder
2024-05-22 22:12:50,702 [INFO] ApiDb:250 - Set database path to: C:\Users\AAA\.stmcufinder\plugins\mcufinder//mcu/
2024-05-22 22:12:50,703 [WARN] DbFile:41 - Overriding database path with different value: C:\Users\AAA\.stmcufinder\plugins\mcufinder/ => C:\Users\AAA\.stmcufinder\plugins\mcufinder
2024-05-22 22:12:50,703 [INFO] DbMcusAds:125 - Set database path to: C:\Users\AAA\.stmcufinder\plugins\mcufinder//mcu/
2024-05-22 22:12:50,703 [WARN] DbFile:41 - Overriding database path with different value: C:\Users\AAA\.stmcufinder\plugins\mcufinder/ => C:\Users\AAA\.stmcufinder\plugins\mcufinder
2024-05-22 22:12:50,703 [WARN] DbFile:41 - Overriding database path with different value: C:\Users\AAA\.stmcufinder\plugins\mcufinder/ => C:\Users\AAA\.stmcufinder\plugins\mcufinder
2024-05-22 22:12:50,703 [INFO] CrossReferenceDbSqlite:203 - Set database path to: C:\Users\AAA\.stmcufinder\plugins\mcufinder//mcu/cs/
2024-05-22 22:12:50,812 [INFO] MainPanel:264 - HeapMemory: 268435456
2024-05-22 22:12:50,916 [INFO] DbMcusXml:78 - Set database path to: C:\ST\STM32CubeIDE_1.14.1\STM32CubeIDE\plugins\com.st.stm32cube.common.mx_6.11.0.202403141607\\db\/mcu/
2024-05-22 22:12:50,916 [INFO] ApiDb:274 - Set plugin database path to: C:\ST\STM32CubeIDE_1.14.1\STM32CubeIDE\plugins\com.st.stm32cube.common.mx_6.11.0.202403141607\\db\/plugins/boardmanager/
2024-05-22 22:12:50,916 [INFO] ApiDb:261 - Set plugin images path to: C:\ST\STM32CubeIDE_1.14.1\STM32CubeIDE\plugins\com.st.stm32cube.common.mx_6.11.0.202403141607\\db\/plugins/mcufinder/images/
2024-05-22 22:12:50,916 [WARN] DbFile:41 - Overriding database path with different value: C:\Users\AAA\.stmcufinder\plugins\mcufinder/ => C:\Users\AAA\.stmcufinder\plugins\mcufinder
2024-05-22 22:12:50,917 [INFO] ApiDb:250 - Set database path to: C:\Users\AAA\.stmcufinder\plugins\mcufinder//mcu/
2024-05-22 22:12:50,917 [WARN] DbFile:41 - Overriding database path with different value: C:\Users\AAA\.stmcufinder\plugins\mcufinder/ => C:\Users\AAA\.stmcufinder\plugins\mcufinder
2024-05-22 22:12:50,917 [INFO] DbMcusAds:125 - Set database path to: C:\Users\AAA\.stmcufinder\plugins\mcufinder//mcu/
2024-05-22 22:12:50,917 [WARN] DbFile:41 - Overriding database path with different value: C:\Users\AAA\.stmcufinder\plugins\mcufinder/ => C:\Users\AAA\.stmcufinder\plugins\mcufinder
2024-05-22 22:12:50,917 [WARN] DbFile:41 - Overriding database path with different value: C:\Users\AAA\.stmcufinder\plugins\mcufinder/ => C:\Users\AAA\.stmcufinder\plugins\mcufinder
2024-05-22 22:12:50,917 [INFO] CrossReferenceDbSqlite:203 - Set database path to: C:\Users\AAA\.stmcufinder\plugins\mcufinder//mcu/cs/
2024-05-22 22:12:50,941 [INFO] ApplicationProperties:184 - Using Application install path: C:\ST\STM32CubeIDE_1.14.1\STM32CubeIDE\plugins\com.st.stm32cube.common.mx_6.11.0.202403141607
2024-05-22 22:12:50,943 [INFO] PluginManage:196 - Search for loadable plugins [exclusion list=, ]
2024-05-22 22:12:50,945 [INFO] PluginManage:310 - Check plugin analytics
2024-05-22 22:12:51,147 [INFO] AnalyticsPlugin:253 - Accepted Software Licenses: 
2024-05-22 22:12:51,147 [INFO] AnalyticsPlugin:255 - Accepted CMSIS Pack Licenses: ARM.CMSIS.6.0.0
2024-05-22 22:12:51,147 [INFO] AnalyticsPlugin:257 - Accepted Firmware Licenses: 
2024-05-22 22:12:51,150 [INFO] PluginManage:359 - Loaded plugin analytics (category:tool,tabindex:-1)
2024-05-22 22:12:51,151 [INFO] PluginManage:310 - Check plugin cadmodel
2024-05-22 22:12:51,156 [INFO] CADModel:105 - Init CAD model plugin
2024-05-22 22:12:51,156 [INFO] PluginManage:359 - Loaded plugin cadmodel (category:power,tabindex:5)
2024-05-22 22:12:51,156 [INFO] PluginManage:310 - Check plugin clock
2024-05-22 22:12:51,166 [INFO] PluginManage:359 - Loaded plugin clock (category:base,tabindex:2)
2024-05-22 22:12:51,167 [INFO] PluginManage:310 - Check plugin ddr
2024-05-22 22:12:51,169 [INFO] PluginManage:359 - Loaded plugin ddr (category:tool,tabindex:6)
2024-05-22 22:12:51,169 [INFO] PluginManage:310 - Check plugin filemanager
2024-05-22 22:12:51,305 [INFO] PluginManage:359 - Loaded plugin filemanager (category:base,tabindex:10)
2024-05-22 22:12:51,305 [INFO] PluginManage:310 - Check plugin ipmanager
2024-05-22 22:12:51,312 [INFO] PluginManage:359 - Loaded plugin ipmanager (category:base,tabindex:5)
2024-05-22 22:12:51,312 [INFO] PluginManage:310 - Check plugin lpbam
2024-05-22 22:12:51,319 [INFO] PluginManage:359 - Loaded plugin lpbam (category:base,tabindex:0)
2024-05-22 22:12:51,319 [INFO] PluginManage:310 - Check plugin memorymap
2024-05-22 22:12:51,331 [INFO] PluginManage:359 - Loaded plugin memorymap (category:base,tabindex:4)
2024-05-22 22:12:51,331 [INFO] PluginManage:310 - Check plugin pinoutandconfiguration
2024-05-22 22:12:51,338 [INFO] PluginManage:359 - Loaded plugin pinoutandconfiguration (category:base,tabindex:1)
2024-05-22 22:12:51,338 [INFO] PluginManage:310 - Check plugin pinoutconfig
2024-05-22 22:12:51,456 [WARN] SupportedApi:132 - Cannot load RTOS API schema: s4s-elt-must-match.1: The content of 'definitions' must match (annotation?, (simpleType | complexType)?, (unique | key | keyref)*)). A problem was found starting at: attribute.
2024-05-22 22:12:51,614 [INFO] PluginManage:359 - Loaded plugin pinoutconfig (category:base,tabindex:0)
2024-05-22 22:12:51,614 [INFO] PluginManage:310 - Check plugin power
2024-05-22 22:12:51,626 [INFO] PluginManage:359 - Loaded plugin power (category:power,tabindex:4)
2024-05-22 22:12:51,626 [INFO] PluginManage:310 - Check plugin projectmanager
2024-05-22 22:12:51,646 [INFO] PluginManage:359 - Loaded plugin projectmanager (category:projectmanager,tabindex:3)
2024-05-22 22:12:51,646 [INFO] PluginManage:310 - Check plugin thirdparty
2024-05-22 22:12:51,781 [INFO] PluginManage:359 - Loaded plugin thirdparty (category:base,tabindex:-1)
2024-05-22 22:12:51,781 [WARN] IntegrityCheckThread:84 - waiting for thirdparty lock release [integrity check]
2024-05-22 22:12:51,781 [INFO] PluginManage:310 - Check plugin tools
2024-05-22 22:12:51,781 [INFO] IntegrityCheckThread:86 - entering critical section [integrity check]
2024-05-22 22:12:51,782 [INFO] ThirdPartyUpdaterWithRetryManager:70 - Updater plugin not ready yet. [1/15]
2024-05-22 22:12:51,784 [INFO] PluginManage:359 - Loaded plugin tools (category:base,tabindex:7)
2024-05-22 22:12:51,784 [INFO] PluginManage:310 - Check plugin tutovideos
2024-05-22 22:12:51,962 [INFO] PluginManage:359 - Loaded plugin tutovideos (category:base,tabindex:-1)
2024-05-22 22:12:51,962 [INFO] PluginManage:310 - Check plugin updater
2024-05-22 22:12:51,972 [INFO] PluginManage:359 - Loaded plugin updater (category:base,tabindex:12)
2024-05-22 22:12:51,972 [INFO] PluginManage:310 - Check plugin userauth
2024-05-22 22:12:51,976 [INFO] UserAuth:114 - Init User Auth plugin
2024-05-22 22:12:51,976 [INFO] PluginManage:359 - Loaded plugin userauth (category:base,tabindex:14)
2024-05-22 22:12:51,977 [INFO] PluginManage:283 - PluginManage : Loaded plugins [17]
2024-05-22 22:12:52,210 [INFO] PinOutPanel:1561 - setPackage(No Configuration,No Configuration)
2024-05-22 22:12:52,309 [INFO] CADModel:165 - CPN selected for project level
2024-05-22 22:12:52,309 [INFO] CADModel:114 - Register for checkConnection events
2024-05-22 22:12:52,327 [INFO] IPUIPlugin:80 - create IPUIPlugin
2024-05-22 22:12:52,327 [INFO] PluginManager:220 - loadIPPluginJar : add adc
2024-05-22 22:12:52,330 [INFO] IPUIPlugin:80 - create IPUIPlugin
2024-05-22 22:12:52,330 [INFO] PluginManager:220 - loadIPPluginJar : add aes
2024-05-22 22:12:52,332 [INFO] IPUIPlugin:80 - create IPUIPlugin
2024-05-22 22:12:52,332 [INFO] PluginManager:220 - loadIPPluginJar : add can
2024-05-22 22:12:52,334 [INFO] IPUIPlugin:80 - create IPUIPlugin
2024-05-22 22:12:52,334 [INFO] PluginManager:220 - loadIPPluginJar : add comp
2024-05-22 22:12:52,337 [INFO] IPUIPlugin:80 - create IPUIPlugin
2024-05-22 22:12:52,337 [INFO] PluginManager:220 - loadIPPluginJar : add cryp
2024-05-22 22:12:52,340 [INFO] IPUIPlugin:80 - create IPUIPlugin
2024-05-22 22:12:52,340 [INFO] PluginManager:220 - loadIPPluginJar : add dfsdm
2024-05-22 22:12:52,344 [INFO] IPUIPlugin:80 - create IPUIPlugin
2024-05-22 22:12:52,345 [INFO] PluginManager:220 - loadIPPluginJar : add dma
2024-05-22 22:12:52,347 [INFO] IPUIPlugin:80 - create IPUIPlugin
2024-05-22 22:12:52,347 [INFO] PluginManager:220 - loadIPPluginJar : add dma3
2024-05-22 22:12:52,349 [INFO] IPUIPlugin:80 - create IPUIPlugin
2024-05-22 22:12:52,349 [INFO] PluginManager:220 - loadIPPluginJar : add extmemmanager
2024-05-22 22:12:52,351 [INFO] IPUIPlugin:80 - create IPUIPlugin
2024-05-22 22:12:52,351 [INFO] PluginManager:220 - loadIPPluginJar : add fatfs
2024-05-22 22:12:52,354 [INFO] IPUIPlugin:80 - create IPUIPlugin
2024-05-22 22:12:52,354 [INFO] PluginManager:220 - loadIPPluginJar : add fmc
2024-05-22 22:12:52,358 [INFO] IPUIPlugin:80 - create IPUIPlugin
2024-05-22 22:12:52,359 [INFO] PluginManager:220 - loadIPPluginJar : add freertos
2024-05-22 22:12:52,360 [INFO] IPUIPlugin:80 - create IPUIPlugin
2024-05-22 22:12:52,360 [INFO] PluginManager:220 - loadIPPluginJar : add genericplugin
2024-05-22 22:12:52,362 [INFO] IPUIPlugin:80 - create IPUIPlugin
2024-05-22 22:12:52,362 [INFO] PluginManager:220 - loadIPPluginJar : add gfxmmu
2024-05-22 22:12:52,367 [INFO] IPUIPlugin:80 - create IPUIPlugin
2024-05-22 22:12:52,367 [INFO] PluginManager:220 - loadIPPluginJar : add gic
2024-05-22 22:12:52,370 [INFO] IPUIPlugin:80 - create IPUIPlugin
2024-05-22 22:12:52,370 [INFO] PluginManager:220 - loadIPPluginJar : add gpio
2024-05-22 22:12:52,373 [INFO] IPUIPlugin:80 - create IPUIPlugin
2024-05-22 22:12:52,373 [INFO] PluginManager:220 - loadIPPluginJar : add gtzc
2024-05-22 22:12:52,375 [INFO] IPUIPlugin:80 - create IPUIPlugin
2024-05-22 22:12:52,375 [INFO] PluginManager:220 - loadIPPluginJar : add hash
2024-05-22 22:12:52,378 [INFO] IPUIPlugin:80 - create IPUIPlugin
2024-05-22 22:12:52,378 [INFO] PluginManager:220 - loadIPPluginJar : add i2c
2024-05-22 22:12:52,382 [INFO] IPUIPlugin:80 - create IPUIPlugin
2024-05-22 22:12:52,382 [INFO] PluginManager:220 - loadIPPluginJar : add i2s
2024-05-22 22:12:52,385 [INFO] IPUIPlugin:80 - create IPUIPlugin
2024-05-22 22:12:52,385 [INFO] PluginManager:220 - loadIPPluginJar : add i3c
2024-05-22 22:12:52,388 [INFO] IPUIPlugin:80 - create IPUIPlugin
2024-05-22 22:12:52,388 [INFO] PluginManager:220 - loadIPPluginJar : add ipddr
2024-05-22 22:12:52,395 [INFO] IPUIPlugin:80 - create IPUIPlugin
2024-05-22 22:12:52,396 [INFO] PluginManager:220 - loadIPPluginJar : add linkedlist
2024-05-22 22:12:52,399 [INFO] IPUIPlugin:80 - create IPUIPlugin
2024-05-22 22:12:52,399 [INFO] PluginManager:220 - loadIPPluginJar : add lorawan
2024-05-22 22:12:52,400 [INFO] IPUIPlugin:80 - create IPUIPlugin
2024-05-22 22:12:52,401 [INFO] PluginManager:220 - loadIPPluginJar : add ltdc
2024-05-22 22:12:52,408 [INFO] IPUIPlugin:80 - create IPUIPlugin
2024-05-22 22:12:52,408 [INFO] PluginManager:220 - loadIPPluginJar : add mdma
2024-05-22 22:12:52,412 [INFO] IPUIPlugin:80 - create IPUIPlugin
2024-05-22 22:12:52,412 [INFO] PluginManager:220 - loadIPPluginJar : add nvic
2024-05-22 22:12:52,416 [INFO] IPUIPlugin:80 - create IPUIPlugin
2024-05-22 22:12:52,416 [INFO] PluginManager:220 - loadIPPluginJar : add opamp
2024-05-22 22:12:52,420 [INFO] IPUIPlugin:80 - create IPUIPlugin
2024-05-22 22:12:52,421 [INFO] PluginManager:220 - loadIPPluginJar : add openamp
2024-05-22 22:12:52,425 [INFO] IPUIPlugin:80 - create IPUIPlugin
2024-05-22 22:12:52,425 [INFO] PluginManager:220 - loadIPPluginJar : add pdm2pcm
2024-05-22 22:12:52,432 [INFO] IPUIPlugin:80 - create IPUIPlugin
2024-05-22 22:12:52,434 [INFO] PluginManager:220 - loadIPPluginJar : add plateformsettings
2024-05-22 22:12:52,437 [INFO] IPUIPlugin:80 - create IPUIPlugin
2024-05-22 22:12:52,437 [INFO] PluginManager:220 - loadIPPluginJar : add quadspi
2024-05-22 22:12:52,441 [INFO] IPUIPlugin:80 - create IPUIPlugin
2024-05-22 22:12:52,441 [INFO] PluginManager:220 - loadIPPluginJar : add resmgrutility
2024-05-22 22:12:52,445 [INFO] IPUIPlugin:80 - create IPUIPlugin
2024-05-22 22:12:52,445 [INFO] PluginManager:220 - loadIPPluginJar : add sai
2024-05-22 22:12:52,448 [INFO] IPUIPlugin:80 - create IPUIPlugin
2024-05-22 22:12:52,448 [INFO] PluginManager:220 - loadIPPluginJar : add spi
2024-05-22 22:12:52,454 [INFO] IPUIPlugin:80 - create IPUIPlugin
2024-05-22 22:12:52,455 [INFO] PluginManager:220 - loadIPPluginJar : add stm32_wpan
2024-05-22 22:12:52,457 [INFO] IPUIPlugin:80 - create IPUIPlugin
2024-05-22 22:12:52,457 [INFO] PluginManager:220 - loadIPPluginJar : add tim
2024-05-22 22:12:52,460 [INFO] IPUIPlugin:80 - create IPUIPlugin
2024-05-22 22:12:52,461 [INFO] PluginManager:220 - loadIPPluginJar : add touchsensing
2024-05-22 22:12:52,463 [INFO] IPUIPlugin:80 - create IPUIPlugin
2024-05-22 22:12:52,464 [INFO] PluginManager:220 - loadIPPluginJar : add tracer_emb
2024-05-22 22:12:52,466 [INFO] IPUIPlugin:80 - create IPUIPlugin
2024-05-22 22:12:52,466 [INFO] PluginManager:220 - loadIPPluginJar : add ts
2024-05-22 22:12:52,468 [INFO] IPUIPlugin:80 - create IPUIPlugin
2024-05-22 22:12:52,468 [INFO] PluginManager:220 - loadIPPluginJar : add tsc
2024-05-22 22:12:52,471 [INFO] IPUIPlugin:80 - create IPUIPlugin
2024-05-22 22:12:52,471 [INFO] PluginManager:220 - loadIPPluginJar : add ucpd
2024-05-22 22:12:52,475 [INFO] IPUIPlugin:80 - create IPUIPlugin
2024-05-22 22:12:52,475 [INFO] PluginManager:220 - loadIPPluginJar : add usart
2024-05-22 22:12:52,479 [INFO] IPUIPlugin:80 - create IPUIPlugin
2024-05-22 22:12:52,479 [INFO] PluginManager:220 - loadIPPluginJar : add usbx
2024-05-22 22:12:52,640 [INFO] CADModel:165 - CPN selected for project level
2024-05-22 22:12:52,641 [INFO] CADModel:114 - Register for checkConnection events
2024-05-22 22:12:52,641 [FATAL] Updater:308 - Updater called before beeing initialized
2024-05-22 22:12:52,641 [ERROR] CADModel:125 - Updater not yet initialized, retry later 
2024-05-22 22:12:52,792 [INFO] CADModel:165 - CPN selected for project level
2024-05-22 22:12:52,792 [INFO] CADModel:114 - Register for checkConnection events
2024-05-22 22:12:52,792 [FATAL] Updater:308 - Updater called before beeing initialized
2024-05-22 22:12:52,793 [ERROR] CADModel:125 - Updater not yet initialized, retry later 
2024-05-22 22:12:52,796 [FATAL] Updater:308 - Updater called before beeing initialized
2024-05-22 22:12:52,948 [FATAL] Updater:308 - Updater called before beeing initialized
2024-05-22 22:12:52,954 [INFO] DbMcusAds:53 - JSON generation date=Thu May 16 16:22:00 ICT 2024 (1715851320852)
2024-05-22 22:12:52,954 [FATAL] Updater:308 - Updater called before beeing initialized
2024-05-22 22:12:53,004 [WARN] DetailPanel:346 - Failed to get advertising image, set to default
2024-05-22 22:12:53,114 [FATAL] Updater:308 - Updater called before beeing initialized
2024-05-22 22:12:53,116 [FATAL] Updater:308 - Updater called before beeing initialized
2024-05-22 22:12:53,116 [FATAL] Updater:308 - Updater called before beeing initialized
2024-05-22 22:12:53,116 [WARN] DetailPanel:346 - Failed to get advertising image, set to default
2024-05-22 22:12:53,117 [FATAL] Updater:308 - Updater called before beeing initialized
2024-05-22 22:12:53,168 [ERROR] Updater:1120 - MainUpdater not yet initialized. External WinMGr cannot be set.
2024-05-22 22:12:53,170 [INFO] Updater:1056 - Updater Version found : 6.11.0
2024-05-22 22:12:53,187 [INFO] ApplicationProperties:184 - Using Application install path: C:\ST\STM32CubeIDE_1.14.1\STM32CubeIDE\plugins\com.st.stm32cube.common.mx_6.11.0.202403141607
2024-05-22 22:12:54,784 [INFO] ThirdPartyUpdaterWithRetryManager:70 - Updater plugin not ready yet. [2/15]
2024-05-22 22:12:54,806 [ERROR] LogOutputStream:75 - [STDERR_REDIRECT] May 22, 2024 10:12:54 PM java.util.prefs.WindowsPreferences <init>
2024-05-22 22:12:54,808 [ERROR] LogOutputStream:75 - [STDERR_REDIRECT] WARNING: Could not open/create prefs root node Software\JavaSoft\Prefs at root 0xffffffff80000002. Windows RegCreateKeyEx(...) returned error code 5.
2024-05-22 22:12:54,808 [ERROR] LogOutputStream:75 - [STDERR_REDIRECT] 
2024-05-22 22:12:56,019 [INFO] MainUpdater:2873 - connection check result : 10
2024-05-22 22:12:56,020 [INFO] MainUpdater:290 - Updater Check For Update Now.
2024-05-22 22:12:56,020 [INFO] MicroXplorer:498 - Change Database Version : DB.6.0.110
2024-05-22 22:12:56,028 [INFO] McuFinderGlobals:63 - Set McuFinder mode to 2 (CubeIDE integrated)
2024-05-22 22:12:56,037 [INFO] UserAuth:415 - Internet connection configuration mode: 1
2024-05-22 22:12:56,077 [INFO] JxBrowserEngine:152 - Initiate JxBrowser Engine with user profile folder
2024-05-22 22:12:56,317 [INFO] CheckServerUpdateThread:120 - End of CheckServer Thread
2024-05-22 22:12:58,078 [WARN] PackLoader:240 - Cannot read IP mode file for STMicroelectronics.FP-SNS-MOTENVWB1.1.4.0
2024-05-22 22:12:58,092 [WARN] PackLoader:240 - Cannot read IP mode file for STMicroelectronics.X-CUBE-SMBUS.2.1.0
2024-05-22 22:12:58,100 [WARN] PackLoader:240 - Cannot read IP mode file for STMicroelectronics.X-CUBE-TOUCHGFX.4.23.1
2024-05-22 22:12:58,103 [WARN] PackLoader:240 - Cannot read IP mode file for STMicroelectronics.X-CUBE-TOUCHGFX.4.23.0
2024-05-22 22:12:58,107 [WARN] PackLoader:240 - Cannot read IP mode file for STMicroelectronics.X-CUBE-TOUCHGFX.4.23.2
2024-05-22 22:12:58,154 [WARN] PackLoader:240 - Cannot read IP mode file for STMicroelectronics.X-CUBE-AZRTOS-F7.1.1.0
2024-05-22 22:12:58,170 [WARN] PackLoader:240 - Cannot read IP mode file for STMicroelectronics.FP-SNS-MOTENV1.4.3.2
2024-05-22 22:12:58,180 [WARN] PackLoader:240 - Cannot read IP mode file for STMicroelectronics.FP-SNS-FLIGHT1.5.0.2
2024-05-22 22:12:58,190 [WARN] PackLoader:240 - Cannot read IP mode file for STMicroelectronics.X-CUBE-DISPLAY.3.0.0
2024-05-22 22:12:58,206 [WARN] PackLoader:240 - Cannot read IP mode file for STMicroelectronics.X-CUBE-BLE1.7.0.0
2024-05-22 22:12:58,214 [WARN] PackLoader:240 - Cannot read IP mode file for emotas.I-CUBE-CANOPEN.1.3.0
2024-05-22 22:12:58,218 [WARN] PackLoader:240 - Cannot read IP mode file for STMicroelectronics.X-CUBE-TOUCHGFX.4.22.1
2024-05-22 22:12:58,233 [WARN] PackLoader:240 - Cannot read IP mode file for STMicroelectronics.X-CUBE-BLEMGR.3.1.0
2024-05-22 22:12:58,244 [WARN] PackLoader:240 - Cannot read IP mode file for STMicroelectronics.FP-SNS-SMARTAG2.1.2.0
2024-05-22 22:12:58,261 [INFO] LogOutputStream:77 - [STDOUT_REDIRECT] 1 : Invalid condition id : UX_CORESTACK_Condition cause : null
2024-05-22 22:12:58,262 [INFO] LogOutputStream:77 - [STDOUT_REDIRECT] 1 : Invalid condition id : UX_CORESTACK_Condition cause : null
2024-05-22 22:12:58,265 [INFO] LogOutputStream:77 - [STDOUT_REDIRECT] 1 : Invalid condition id : UX_CORESTACK_Condition cause : null
2024-05-22 22:12:58,266 [INFO] LogOutputStream:77 - [STDOUT_REDIRECT] 1 : Invalid condition id : UX_CORESTACK_Condition cause : null
2024-05-22 22:12:58,268 [INFO] LogOutputStream:77 - [STDOUT_REDIRECT] 1 : Invalid condition id : UX_CORESTACK_Condition cause : null
2024-05-22 22:12:58,273 [WARN] PackLoader:240 - Cannot read IP mode file for STMicroelectronics.X-CUBE-AZRTOS-WL.2.0.0
2024-05-22 22:12:58,280 [WARN] PackLoader:240 - Cannot read IP mode file for STMicroelectronics.FP-SNS-MOTENV1.5.0.0
2024-05-22 22:12:58,292 [WARN] PackLoader:240 - Cannot read IP mode file for WES.I-CUBE-Cesium.1.3.0
2024-05-22 22:12:58,299 [WARN] PackLoader:240 - Cannot read IP mode file for STMicroelectronics.X-CUBE-BLE2.3.3.0
2024-05-22 22:12:58,307 [WARN] PackLoader:240 - Cannot read IP mode file for STMicroelectronics.X-CUBE-TCPP.4.1.0
2024-05-22 22:12:58,318 [WARN] PackLoader:240 - Cannot read IP mode file for STMicroelectronics.X-CUBE-ALGOBUILD.1.3.0
2024-05-22 22:12:58,342 [WARN] PackLoader:240 - Cannot read IP mode file for STMicroelectronics.X-CUBE-AZRTOS-G0.1.1.0
2024-05-22 22:12:58,352 [WARN] PackLoader:240 - Cannot read IP mode file for STMicroelectronics.X-CUBE-SAFEA1.1.2.2
2024-05-22 22:12:58,361 [WARN] PackLoader:240 - Cannot read IP mode file for STMicroelectronics.X-CUBE-NFC4.3.0.0
2024-05-22 22:12:58,375 [WARN] PackLoader:240 - Cannot read IP mode file for STMicroelectronics.X-CUBE-BLEMGR.3.0.0
2024-05-22 22:12:58,385 [WARN] PackLoader:240 - Cannot read IP mode file for STMicroelectronics.FP-ATR-SIGFOX1.3.2.0
2024-05-22 22:12:58,393 [WARN] PackLoader:240 - Cannot read IP mode file for STMicroelectronics.X-CUBE-EEPRMA1.5.1.0
2024-05-22 22:12:58,446 [WARN] PackLoader:240 - Cannot read IP mode file for SEGGER.I-CUBE-embOS.1.3.1
2024-05-22 22:12:58,522 [WARN] PackLoader:240 - Cannot read IP mode file for STMicroelectronics.X-CUBE-ALGOBUILD.1.4.0
2024-05-22 22:12:58,531 [WARN] PackLoader:240 - Cannot read IP mode file for STMicroelectronics.X-CUBE-GNSS1.6.0.0
2024-05-22 22:12:58,565 [WARN] PackLoader:240 - Cannot read IP mode file for STMicroelectronics.X-CUBE-AZRTOS-F4.1.1.0
2024-05-22 22:12:58,574 [WARN] PackLoader:240 - Cannot read IP mode file for wolfSSL.I-CUBE-wolfSSL.5.6.3
2024-05-22 22:12:58,581 [WARN] PackLoader:240 - Cannot read IP mode file for STMicroelectronics.X-CUBE-FREERTOS.1.2.0
2024-05-22 22:12:58,587 [WARN] PackLoader:240 - Cannot read IP mode file for wolfSSL.I-CUBE-wolfSSL.5.6.6
2024-05-22 22:12:58,608 [WARN] PackLoader:240 - Cannot read IP mode file for STMicroelectronics.X-CUBE-AZRTOS-L5.2.0.0
2024-05-22 22:12:58,684 [WARN] PackLoader:240 - Cannot read IP mode file for STMicroelectronics.X-CUBE-MEMS1.9.6.0
2024-05-22 22:12:58,993 [WARN] PackLoader:240 - Cannot read IP mode file for STMicroelectronics.X-CUBE-EEPRMA1.4.2.0
2024-05-22 22:12:59,011 [WARN] PackLoader:240 - Cannot read IP mode file for STMicroelectronics.X-CUBE-NFC6.3.1.0
2024-05-22 22:12:59,022 [WARN] PackLoader:240 - Cannot read IP mode file for ITTIA_DB.I-CUBE-ITTIADB.8.8.0
2024-05-22 22:12:59,085 [WARN] PackLoader:240 - Cannot read IP mode file for STMicroelectronics.X-CUBE-BLEMGR.2.0.0
2024-05-22 22:12:59,096 [WARN] PackLoader:240 - Cannot read IP mode file for STMicroelectronics.X-CUBE-AI.9.0.0
2024-05-22 22:12:59,126 [WARN] ConditionMgr:438 - getConditionDescription Invalid condition id : UX DEVICE CLASS RTOS Condition cause : null
2024-05-22 22:12:59,127 [WARN] ConditionMgr:438 - getConditionDescription Invalid condition id : UX DEVICE CLASS RTOS Condition cause : null
2024-05-22 22:12:59,132 [WARN] PackLoader:240 - Cannot read IP mode file for STMicroelectronics.X-CUBE-AZRTOS-H7.3.1.0
2024-05-22 22:12:59,134 [WARN] ConditionMgr:1039 - genDependencies : Invalid condition id : UX DEVICE CLASS RTOS Condition cause : null
2024-05-22 22:12:59,134 [WARN] ConditionMgr:1039 - genDependencies : Invalid condition id : UX DEVICE CLASS RTOS Condition cause : null
2024-05-22 22:12:59,135 [WARN] ConditionMgr:1039 - genDependencies : Invalid condition id : UX DEVICE CLASS RTOS Condition cause : null
2024-05-22 22:12:59,136 [WARN] ConditionMgr:1039 - genDependencies : Invalid condition id : UX DEVICE CLASS RTOS Condition cause : null
2024-05-22 22:12:59,136 [WARN] ConditionMgr:1039 - genDependencies : Invalid condition id : UX DEVICE CLASS RTOS Condition cause : null
2024-05-22 22:12:59,147 [WARN] PackLoader:240 - Cannot read IP mode file for STMicroelectronics.X-CUBE-NFC7.1.0.1
2024-05-22 22:12:59,158 [WARN] PackLoader:240 - Cannot read IP mode file for STMicroelectronics.X-CUBE-NFC6.3.0.0
2024-05-22 22:12:59,168 [WARN] PackLoader:240 - Cannot read IP mode file for STMicroelectronics.X-CUBE-EEPRMA1.4.1.0
2024-05-22 22:12:59,174 [WARN] PackLoader:240 - Cannot read IP mode file for STMicroelectronics.X-CUBE-AI.8.1.0
2024-05-22 22:12:59,201 [WARN] ConditionMgr:438 - getConditionDescription Invalid condition id : LAN8742 Phy interface Condition cause : null
2024-05-22 22:12:59,202 [WARN] PackLoader:240 - Cannot read IP mode file for STMicroelectronics.X-CUBE-AZRTOS-L4.2.0.0
2024-05-22 22:12:59,209 [WARN] ConditionMgr:1039 - genDependencies : Invalid condition id : LAN8742 Phy interface Condition cause : null
2024-05-22 22:12:59,209 [WARN] ConditionMgr:1039 - genDependencies : Invalid condition id : LAN8742 Phy interface Condition cause : null
2024-05-22 22:12:59,210 [WARN] ConditionMgr:1039 - genDependencies : Invalid condition id : LAN8742 Phy interface Condition cause : null
2024-05-22 22:12:59,278 [WARN] PackLoader:240 - Cannot read IP mode file for STMicroelectronics.X-CUBE-SFXS2LP1.4.0.0
2024-05-22 22:12:59,286 [WARN] PackLoader:240 - Cannot read IP mode file for STMicroelectronics.X-CUBE-ISPU.1.1.0
2024-05-22 22:12:59,307 [WARN] ConditionMgr:438 - getConditionDescription Invalid condition id : UX DEVICE CLASS RTOS Condition cause : null
2024-05-22 22:12:59,307 [WARN] ConditionMgr:438 - getConditionDescription Invalid condition id : UX DEVICE CLASS RTOS Condition cause : null
2024-05-22 22:12:59,310 [WARN] PackLoader:240 - Cannot read IP mode file for STMicroelectronics.X-CUBE-AZRTOS-WB.2.0.0
2024-05-22 22:12:59,311 [WARN] ConditionMgr:1039 - genDependencies : Invalid condition id : UX DEVICE CLASS RTOS Condition cause : null
2024-05-22 22:12:59,311 [WARN] ConditionMgr:1039 - genDependencies : Invalid condition id : UX DEVICE CLASS RTOS Condition cause : null
2024-05-22 22:12:59,311 [WARN] ConditionMgr:1039 - genDependencies : Invalid condition id : UX DEVICE CLASS RTOS Condition cause : null
2024-05-22 22:12:59,312 [WARN] ConditionMgr:1039 - genDependencies : Invalid condition id : UX DEVICE CLASS RTOS Condition cause : null
2024-05-22 22:12:59,312 [WARN] ConditionMgr:1039 - genDependencies : Invalid condition id : UX DEVICE CLASS RTOS Condition cause : null
2024-05-22 22:12:59,328 [WARN] PackLoader:240 - Cannot read IP mode file for STMicroelectronics.X-CUBE-SUBG2.5.0.0
2024-05-22 22:12:59,347 [WARN] PackLoader:240 - Cannot read IP mode file for STMicroelectronics.X-CUBE-TOF1.3.3.1
2024-05-22 22:12:59,378 [WARN] PackLoader:240 - Cannot read IP mode file for STMicroelectronics.X-CUBE-AZRTOS-G4.2.0.0
2024-05-22 22:12:59,397 [WARN] PackLoader:240 - Cannot read IP mode file for Infineon.AIROC-Wi-Fi-Bluetooth-STM32.1.5.1
2024-05-22 22:12:59,405 [WARN] PackLoader:240 - Cannot read IP mode file for STMicroelectronics.FP-SNS-MOTENVWB1.1.3.0
2024-05-22 22:12:59,410 [WARN] PackLoader:240 - Cannot read IP mode file for STMicroelectronics.FP-SNS-MOTENVWB1.1.3.1
2024-05-22 22:12:59,415 [WARN] PackLoader:240 - Cannot read IP mode file for STMicroelectronics.X-CUBE-ISPU.2.0.0
2024-05-22 22:12:59,420 [WARN] PackLoader:240 - Cannot read IP mode file for STMicroelectronics.X-CUBE-ALS.1.0.2
2024-05-22 22:12:59,469 [WARN] PackLoader:240 - Cannot read IP mode file for STMicroelectronics.X-CUBE-MEMS1.10.0.0
2024-05-22 22:12:59,661 [WARN] PackLoader:240 - Cannot read IP mode file for STMicroelectronics.X-CUBE-FREERTOS.1.1.0
2024-05-22 22:12:59,670 [WARN] PackLoader:240 - Cannot read IP mode file for portGmbH.I-Cube-SoM-uGOAL.1.1.0
2024-05-22 22:12:59,677 [WARN] PackLoader:240 - Cannot read IP mode file for STMicroelectronics.X-CUBE-ALS.1.0.1
2024-05-22 22:12:59,708 [WARN] PackLoader:240 - Cannot read IP mode file for STMicroelectronics.X-CUBE-AZRTOS-H7RS.1.0.0
2024-05-22 22:12:59,727 [WARN] PackLoader:240 - Cannot read IP mode file for STMicroelectronics.FP-ATR-ASTRA1.2.0.0
2024-05-22 22:12:59,742 [WARN] PackLoader:240 - Cannot read IP mode file for STMicroelectronics.X-CUBE-TOF1.3.4.0
2024-05-22 22:12:59,772 [WARN] PackLoader:240 - Cannot read IP mode file for STMicroelectronics.X-CUBE-TOF1.3.4.1
2024-05-22 22:12:59,807 [WARN] PackLoader:240 - Cannot read IP mode file for STMicroelectronics.X-CUBE-AZRTOS-H7.3.2.0
2024-05-22 22:12:59,813 [INFO] ThirdParty:978 - Integrity check success = true
2024-05-22 22:12:59,813 [INFO] IntegrityCheckThread:100 - exiting critical section [integrity check]
2024-05-22 22:12:59,813 [INFO] IntegrityCheckThread:103 - End integrity checks thread
2024-05-22 22:13:02,790 [INFO] WebApp:161 - Instantiating new browser for Auth
2024-05-22 22:13:03,531 [INFO] WebApp:779 - Register for checkConnection events
2024-05-22 22:13:03,531 [INFO] WebApp:414 - Apply proxy settings
2024-05-22 22:13:03,532 [INFO] WebApp:499 - Chromium requires no authentication
2024-05-22 22:13:03,558 [INFO] WebApp:442 - Direct internet connection detected
2024-05-22 22:13:03,778 [INFO] WebApp:192 - Starting web application
2024-05-22 22:13:03,778 [INFO] WebApp:544 - Web application path used C:\ST\STM32CubeIDE_1.14.1\STM32CubeIDE\plugins\com.st.stm32cube.common.mx_6.11.0.202403141607\db\plugins\mcufinder\reactClient1\index.html
2024-05-22 23:40:06,757 [ERROR] LogOutputStream:75 - [STDERR_REDIRECT] 
