2024-07-01 03:26:00,810 [INFO] Activator:176 - 


2024-07-01 03:26:00,827 [INFO] Activator:177 - !SESSION log4j initialized
2024-07-01 03:26:10,385 [INFO] LogOutputStream:77 - [STDOUT_REDIRECT] 
2024-07-01 03:26:15,875 [INFO] ApplicationProperties:184 - Using Application install path: C:\ST\STM32CubeIDE_1.14.1\STM32CubeIDE\plugins\com.st.stm32cube.common.mx_6.11.0.202403141607
2024-07-01 03:26:15,896 [INFO] DbMcusXml:78 - Set database path to: C:\ST\STM32CubeIDE_1.14.1\STM32CubeIDE\plugins\com.st.stm32cube.common.mx_6.11.0.202403141607\\db\/mcu/
2024-07-01 03:26:15,897 [INFO] ApiDb:274 - Set plugin database path to: C:\ST\STM32CubeIDE_1.14.1\STM32CubeIDE\plugins\com.st.stm32cube.common.mx_6.11.0.202403141607\\db\/plugins/boardmanager/
2024-07-01 03:26:15,897 [WARN] ApiDb:259 - Overriding images path with different value:  => C:\ST\STM32CubeIDE_1.14.1\STM32CubeIDE\plugins\com.st.stm32cube.common.mx_6.11.0.202403141607\\db\/plugins/mcufinder/images/
2024-07-01 03:26:15,910 [INFO] ApiDb:250 - Set database path to: C:\Users\AAA\.stmcufinder\plugins\mcufinder//mcu/
2024-07-01 03:26:15,911 [INFO] DbMcusAds:125 - Set database path to: C:\Users\AAA\.stmcufinder\plugins\mcufinder//mcu/
2024-07-01 03:26:15,912 [INFO] CrossReferenceDbSqlite:203 - Set database path to: C:\Users\AAA\.stmcufinder\plugins\mcufinder//mcu/cs/
2024-07-01 03:26:16,055 [INFO] RulesReader:64 - Compatibility file has been processed (297 Rules)
2024-07-01 03:26:16,172 [INFO] DbMcusXml:78 - Set database path to: C:\ST\STM32CubeIDE_1.14.1\STM32CubeIDE\plugins\com.st.stm32cube.common.mx_6.11.0.202403141607\\db\/mcu/
2024-07-01 03:26:16,172 [INFO] ApiDb:274 - Set plugin database path to: C:\ST\STM32CubeIDE_1.14.1\STM32CubeIDE\plugins\com.st.stm32cube.common.mx_6.11.0.202403141607\\db\/plugins/boardmanager/
2024-07-01 03:26:16,173 [INFO] ApiDb:261 - Set plugin images path to: C:\ST\STM32CubeIDE_1.14.1\STM32CubeIDE\plugins\com.st.stm32cube.common.mx_6.11.0.202403141607\\db\/plugins/mcufinder/images/
2024-07-01 03:26:16,173 [WARN] DbFile:41 - Overriding database path with different value: C:\Users\AAA\.stmcufinder\plugins\mcufinder/ => C:\Users\AAA\.stmcufinder\plugins\mcufinder
2024-07-01 03:26:16,173 [INFO] ApiDb:250 - Set database path to: C:\Users\AAA\.stmcufinder\plugins\mcufinder//mcu/
2024-07-01 03:26:16,173 [WARN] DbFile:41 - Overriding database path with different value: C:\Users\AAA\.stmcufinder\plugins\mcufinder/ => C:\Users\AAA\.stmcufinder\plugins\mcufinder
2024-07-01 03:26:16,173 [INFO] DbMcusAds:125 - Set database path to: C:\Users\AAA\.stmcufinder\plugins\mcufinder//mcu/
2024-07-01 03:26:16,174 [WARN] DbFile:41 - Overriding database path with different value: C:\Users\AAA\.stmcufinder\plugins\mcufinder/ => C:\Users\AAA\.stmcufinder\plugins\mcufinder
2024-07-01 03:26:16,174 [WARN] DbFile:41 - Overriding database path with different value: C:\Users\AAA\.stmcufinder\plugins\mcufinder/ => C:\Users\AAA\.stmcufinder\plugins\mcufinder
2024-07-01 03:26:16,174 [INFO] CrossReferenceDbSqlite:203 - Set database path to: C:\Users\AAA\.stmcufinder\plugins\mcufinder//mcu/cs/
2024-07-01 03:26:16,270 [INFO] MainPanel:264 - HeapMemory: 268435456
2024-07-01 03:26:16,364 [INFO] DbMcusXml:78 - Set database path to: C:\ST\STM32CubeIDE_1.14.1\STM32CubeIDE\plugins\com.st.stm32cube.common.mx_6.11.0.202403141607\\db\/mcu/
2024-07-01 03:26:16,364 [INFO] ApiDb:274 - Set plugin database path to: C:\ST\STM32CubeIDE_1.14.1\STM32CubeIDE\plugins\com.st.stm32cube.common.mx_6.11.0.202403141607\\db\/plugins/boardmanager/
2024-07-01 03:26:16,364 [INFO] ApiDb:261 - Set plugin images path to: C:\ST\STM32CubeIDE_1.14.1\STM32CubeIDE\plugins\com.st.stm32cube.common.mx_6.11.0.202403141607\\db\/plugins/mcufinder/images/
2024-07-01 03:26:16,364 [WARN] DbFile:41 - Overriding database path with different value: C:\Users\AAA\.stmcufinder\plugins\mcufinder/ => C:\Users\AAA\.stmcufinder\plugins\mcufinder
2024-07-01 03:26:16,364 [INFO] ApiDb:250 - Set database path to: C:\Users\AAA\.stmcufinder\plugins\mcufinder//mcu/
2024-07-01 03:26:16,364 [WARN] DbFile:41 - Overriding database path with different value: C:\Users\AAA\.stmcufinder\plugins\mcufinder/ => C:\Users\AAA\.stmcufinder\plugins\mcufinder
2024-07-01 03:26:16,364 [INFO] DbMcusAds:125 - Set database path to: C:\Users\AAA\.stmcufinder\plugins\mcufinder//mcu/
2024-07-01 03:26:16,365 [WARN] DbFile:41 - Overriding database path with different value: C:\Users\AAA\.stmcufinder\plugins\mcufinder/ => C:\Users\AAA\.stmcufinder\plugins\mcufinder
2024-07-01 03:26:16,365 [WARN] DbFile:41 - Overriding database path with different value: C:\Users\AAA\.stmcufinder\plugins\mcufinder/ => C:\Users\AAA\.stmcufinder\plugins\mcufinder
2024-07-01 03:26:16,365 [INFO] CrossReferenceDbSqlite:203 - Set database path to: C:\Users\AAA\.stmcufinder\plugins\mcufinder//mcu/cs/
2024-07-01 03:26:16,387 [INFO] ApplicationProperties:184 - Using Application install path: C:\ST\STM32CubeIDE_1.14.1\STM32CubeIDE\plugins\com.st.stm32cube.common.mx_6.11.0.202403141607
2024-07-01 03:26:16,389 [INFO] PluginManage:196 - Search for loadable plugins [exclusion list=, ]
2024-07-01 03:26:16,391 [INFO] PluginManage:310 - Check plugin analytics
2024-07-01 03:26:16,598 [INFO] AnalyticsPlugin:253 - Accepted Software Licenses: 
2024-07-01 03:26:16,598 [INFO] AnalyticsPlugin:255 - Accepted CMSIS Pack Licenses: ARM.CMSIS.6.0.0
2024-07-01 03:26:16,599 [INFO] AnalyticsPlugin:257 - Accepted Firmware Licenses: 
2024-07-01 03:26:16,605 [INFO] PluginManage:359 - Loaded plugin analytics (category:tool,tabindex:-1)
2024-07-01 03:26:16,606 [INFO] PluginManage:310 - Check plugin cadmodel
2024-07-01 03:26:16,625 [INFO] CADModel:105 - Init CAD model plugin
2024-07-01 03:26:16,625 [INFO] PluginManage:359 - Loaded plugin cadmodel (category:power,tabindex:5)
2024-07-01 03:26:16,626 [INFO] PluginManage:310 - Check plugin clock
2024-07-01 03:26:16,650 [INFO] PluginManage:359 - Loaded plugin clock (category:base,tabindex:2)
2024-07-01 03:26:16,651 [INFO] PluginManage:310 - Check plugin ddr
2024-07-01 03:26:16,653 [INFO] PluginManage:359 - Loaded plugin ddr (category:tool,tabindex:6)
2024-07-01 03:26:16,653 [INFO] PluginManage:310 - Check plugin filemanager
2024-07-01 03:26:16,806 [INFO] PluginManage:359 - Loaded plugin filemanager (category:base,tabindex:10)
2024-07-01 03:26:16,806 [INFO] PluginManage:310 - Check plugin ipmanager
2024-07-01 03:26:16,818 [INFO] PluginManage:359 - Loaded plugin ipmanager (category:base,tabindex:5)
2024-07-01 03:26:16,819 [INFO] PluginManage:310 - Check plugin lpbam
2024-07-01 03:26:16,839 [INFO] PluginManage:359 - Loaded plugin lpbam (category:base,tabindex:0)
2024-07-01 03:26:16,839 [INFO] PluginManage:310 - Check plugin memorymap
2024-07-01 03:26:16,864 [INFO] PluginManage:359 - Loaded plugin memorymap (category:base,tabindex:4)
2024-07-01 03:26:16,865 [INFO] PluginManage:310 - Check plugin pinoutandconfiguration
2024-07-01 03:26:16,885 [INFO] PluginManage:359 - Loaded plugin pinoutandconfiguration (category:base,tabindex:1)
2024-07-01 03:26:16,885 [INFO] PluginManage:310 - Check plugin pinoutconfig
2024-07-01 03:26:16,999 [WARN] SupportedApi:132 - Cannot load RTOS API schema: s4s-elt-must-match.1: The content of 'definitions' must match (annotation?, (simpleType | complexType)?, (unique | key | keyref)*)). A problem was found starting at: attribute.
2024-07-01 03:26:17,147 [INFO] PluginManage:359 - Loaded plugin pinoutconfig (category:base,tabindex:0)
2024-07-01 03:26:17,147 [INFO] PluginManage:310 - Check plugin power
2024-07-01 03:26:17,169 [INFO] PluginManage:359 - Loaded plugin power (category:power,tabindex:4)
2024-07-01 03:26:17,169 [INFO] PluginManage:310 - Check plugin projectmanager
2024-07-01 03:26:17,192 [INFO] PluginManage:359 - Loaded plugin projectmanager (category:projectmanager,tabindex:3)
2024-07-01 03:26:17,192 [INFO] PluginManage:310 - Check plugin thirdparty
2024-07-01 03:26:17,484 [INFO] PluginManage:359 - Loaded plugin thirdparty (category:base,tabindex:-1)
2024-07-01 03:26:17,484 [WARN] IntegrityCheckThread:84 - waiting for thirdparty lock release [integrity check]
2024-07-01 03:26:17,484 [INFO] PluginManage:310 - Check plugin tools
2024-07-01 03:26:17,484 [INFO] IntegrityCheckThread:86 - entering critical section [integrity check]
2024-07-01 03:26:17,485 [INFO] ThirdPartyUpdaterWithRetryManager:70 - Updater plugin not ready yet. [1/15]
2024-07-01 03:26:17,520 [INFO] PluginManage:359 - Loaded plugin tools (category:base,tabindex:7)
2024-07-01 03:26:17,520 [INFO] PluginManage:310 - Check plugin tutovideos
2024-07-01 03:26:17,737 [INFO] PluginManage:359 - Loaded plugin tutovideos (category:base,tabindex:-1)
2024-07-01 03:26:17,737 [INFO] PluginManage:310 - Check plugin updater
2024-07-01 03:26:17,754 [INFO] PluginManage:359 - Loaded plugin updater (category:base,tabindex:12)
2024-07-01 03:26:17,754 [INFO] PluginManage:310 - Check plugin userauth
2024-07-01 03:26:17,763 [INFO] UserAuth:114 - Init User Auth plugin
2024-07-01 03:26:17,764 [INFO] PluginManage:359 - Loaded plugin userauth (category:base,tabindex:14)
2024-07-01 03:26:17,764 [INFO] PluginManage:283 - PluginManage : Loaded plugins [17]
2024-07-01 03:26:18,020 [INFO] PinOutPanel:1561 - setPackage(No Configuration,No Configuration)
2024-07-01 03:26:18,130 [INFO] CADModel:165 - CPN selected for project level
2024-07-01 03:26:18,131 [INFO] CADModel:114 - Register for checkConnection events
2024-07-01 03:26:18,167 [INFO] IPUIPlugin:80 - create IPUIPlugin
2024-07-01 03:26:18,167 [INFO] PluginManager:220 - loadIPPluginJar : add adc
2024-07-01 03:26:18,206 [INFO] IPUIPlugin:80 - create IPUIPlugin
2024-07-01 03:26:18,206 [INFO] PluginManager:220 - loadIPPluginJar : add aes
2024-07-01 03:26:18,250 [INFO] IPUIPlugin:80 - create IPUIPlugin
2024-07-01 03:26:18,251 [INFO] PluginManager:220 - loadIPPluginJar : add can
2024-07-01 03:26:18,273 [INFO] IPUIPlugin:80 - create IPUIPlugin
2024-07-01 03:26:18,273 [INFO] PluginManager:220 - loadIPPluginJar : add comp
2024-07-01 03:26:18,307 [INFO] IPUIPlugin:80 - create IPUIPlugin
2024-07-01 03:26:18,308 [INFO] PluginManager:220 - loadIPPluginJar : add cryp
2024-07-01 03:26:18,334 [INFO] IPUIPlugin:80 - create IPUIPlugin
2024-07-01 03:26:18,334 [INFO] PluginManager:220 - loadIPPluginJar : add dfsdm
2024-07-01 03:26:18,347 [INFO] IPUIPlugin:80 - create IPUIPlugin
2024-07-01 03:26:18,347 [INFO] PluginManager:220 - loadIPPluginJar : add dma
2024-07-01 03:26:18,389 [INFO] IPUIPlugin:80 - create IPUIPlugin
2024-07-01 03:26:18,389 [INFO] PluginManager:220 - loadIPPluginJar : add dma3
2024-07-01 03:26:18,432 [INFO] IPUIPlugin:80 - create IPUIPlugin
2024-07-01 03:26:18,432 [INFO] PluginManager:220 - loadIPPluginJar : add extmemmanager
2024-07-01 03:26:18,457 [INFO] IPUIPlugin:80 - create IPUIPlugin
2024-07-01 03:26:18,458 [INFO] PluginManager:220 - loadIPPluginJar : add fatfs
2024-07-01 03:26:18,511 [INFO] IPUIPlugin:80 - create IPUIPlugin
2024-07-01 03:26:18,512 [INFO] PluginManager:220 - loadIPPluginJar : add fmc
2024-07-01 03:26:18,528 [INFO] IPUIPlugin:80 - create IPUIPlugin
2024-07-01 03:26:18,528 [INFO] PluginManager:220 - loadIPPluginJar : add freertos
2024-07-01 03:26:18,549 [INFO] IPUIPlugin:80 - create IPUIPlugin
2024-07-01 03:26:18,549 [INFO] PluginManager:220 - loadIPPluginJar : add genericplugin
2024-07-01 03:26:18,679 [INFO] IPUIPlugin:80 - create IPUIPlugin
2024-07-01 03:26:18,679 [INFO] PluginManager:220 - loadIPPluginJar : add gfxmmu
2024-07-01 03:26:18,862 [INFO] IPUIPlugin:80 - create IPUIPlugin
2024-07-01 03:26:18,862 [INFO] PluginManager:220 - loadIPPluginJar : add gic
2024-07-01 03:26:18,878 [INFO] IPUIPlugin:80 - create IPUIPlugin
2024-07-01 03:26:18,878 [INFO] PluginManager:220 - loadIPPluginJar : add gpio
2024-07-01 03:26:18,980 [INFO] IPUIPlugin:80 - create IPUIPlugin
2024-07-01 03:26:18,980 [INFO] PluginManager:220 - loadIPPluginJar : add gtzc
2024-07-01 03:26:19,016 [INFO] IPUIPlugin:80 - create IPUIPlugin
2024-07-01 03:26:19,016 [INFO] PluginManager:220 - loadIPPluginJar : add hash
2024-07-01 03:26:19,072 [INFO] IPUIPlugin:80 - create IPUIPlugin
2024-07-01 03:26:19,072 [INFO] PluginManager:220 - loadIPPluginJar : add i2c
2024-07-01 03:26:19,115 [INFO] IPUIPlugin:80 - create IPUIPlugin
2024-07-01 03:26:19,115 [INFO] PluginManager:220 - loadIPPluginJar : add i2s
2024-07-01 03:26:19,161 [INFO] IPUIPlugin:80 - create IPUIPlugin
2024-07-01 03:26:19,161 [INFO] PluginManager:220 - loadIPPluginJar : add i3c
2024-07-01 03:26:19,269 [INFO] IPUIPlugin:80 - create IPUIPlugin
2024-07-01 03:26:19,269 [INFO] PluginManager:220 - loadIPPluginJar : add ipddr
2024-07-01 03:26:19,360 [INFO] IPUIPlugin:80 - create IPUIPlugin
2024-07-01 03:26:19,360 [INFO] PluginManager:220 - loadIPPluginJar : add linkedlist
2024-07-01 03:26:19,397 [INFO] IPUIPlugin:80 - create IPUIPlugin
2024-07-01 03:26:19,397 [INFO] PluginManager:220 - loadIPPluginJar : add lorawan
2024-07-01 03:26:19,431 [INFO] IPUIPlugin:80 - create IPUIPlugin
2024-07-01 03:26:19,431 [INFO] PluginManager:220 - loadIPPluginJar : add ltdc
2024-07-01 03:26:19,446 [INFO] IPUIPlugin:80 - create IPUIPlugin
2024-07-01 03:26:19,446 [INFO] PluginManager:220 - loadIPPluginJar : add mdma
2024-07-01 03:26:19,456 [INFO] IPUIPlugin:80 - create IPUIPlugin
2024-07-01 03:26:19,457 [INFO] PluginManager:220 - loadIPPluginJar : add nvic
2024-07-01 03:26:19,491 [INFO] IPUIPlugin:80 - create IPUIPlugin
2024-07-01 03:26:19,491 [INFO] PluginManager:220 - loadIPPluginJar : add opamp
2024-07-01 03:26:19,552 [INFO] IPUIPlugin:80 - create IPUIPlugin
2024-07-01 03:26:19,552 [INFO] PluginManager:220 - loadIPPluginJar : add openamp
2024-07-01 03:26:19,592 [INFO] IPUIPlugin:80 - create IPUIPlugin
2024-07-01 03:26:19,592 [INFO] PluginManager:220 - loadIPPluginJar : add pdm2pcm
2024-07-01 03:26:19,606 [INFO] IPUIPlugin:80 - create IPUIPlugin
2024-07-01 03:26:19,609 [INFO] PluginManager:220 - loadIPPluginJar : add plateformsettings
2024-07-01 03:26:19,629 [INFO] IPUIPlugin:80 - create IPUIPlugin
2024-07-01 03:26:19,629 [INFO] PluginManager:220 - loadIPPluginJar : add quadspi
2024-07-01 03:26:19,640 [INFO] IPUIPlugin:80 - create IPUIPlugin
2024-07-01 03:26:19,640 [INFO] PluginManager:220 - loadIPPluginJar : add resmgrutility
2024-07-01 03:26:19,693 [INFO] IPUIPlugin:80 - create IPUIPlugin
2024-07-01 03:26:19,693 [INFO] PluginManager:220 - loadIPPluginJar : add sai
2024-07-01 03:26:19,729 [INFO] IPUIPlugin:80 - create IPUIPlugin
2024-07-01 03:26:19,730 [INFO] PluginManager:220 - loadIPPluginJar : add spi
2024-07-01 03:26:19,796 [INFO] IPUIPlugin:80 - create IPUIPlugin
2024-07-01 03:26:19,796 [INFO] PluginManager:220 - loadIPPluginJar : add stm32_wpan
2024-07-01 03:26:19,818 [INFO] IPUIPlugin:80 - create IPUIPlugin
2024-07-01 03:26:19,818 [INFO] PluginManager:220 - loadIPPluginJar : add tim
2024-07-01 03:26:19,883 [INFO] IPUIPlugin:80 - create IPUIPlugin
2024-07-01 03:26:19,884 [INFO] PluginManager:220 - loadIPPluginJar : add touchsensing
2024-07-01 03:26:19,904 [INFO] IPUIPlugin:80 - create IPUIPlugin
2024-07-01 03:26:19,904 [INFO] PluginManager:220 - loadIPPluginJar : add tracer_emb
2024-07-01 03:26:19,928 [INFO] IPUIPlugin:80 - create IPUIPlugin
2024-07-01 03:26:19,928 [INFO] PluginManager:220 - loadIPPluginJar : add ts
2024-07-01 03:26:19,949 [INFO] IPUIPlugin:80 - create IPUIPlugin
2024-07-01 03:26:19,950 [INFO] PluginManager:220 - loadIPPluginJar : add tsc
2024-07-01 03:26:19,972 [INFO] IPUIPlugin:80 - create IPUIPlugin
2024-07-01 03:26:19,972 [INFO] PluginManager:220 - loadIPPluginJar : add ucpd
2024-07-01 03:26:20,018 [INFO] IPUIPlugin:80 - create IPUIPlugin
2024-07-01 03:26:20,018 [INFO] PluginManager:220 - loadIPPluginJar : add usart
2024-07-01 03:26:20,058 [INFO] IPUIPlugin:80 - create IPUIPlugin
2024-07-01 03:26:20,058 [INFO] PluginManager:220 - loadIPPluginJar : add usbx
2024-07-01 03:26:20,195 [INFO] CADModel:165 - CPN selected for project level
2024-07-01 03:26:20,196 [INFO] CADModel:114 - Register for checkConnection events
2024-07-01 03:26:20,196 [FATAL] Updater:308 - Updater called before beeing initialized
2024-07-01 03:26:20,196 [ERROR] CADModel:125 - Updater not yet initialized, retry later 
2024-07-01 03:26:20,343 [INFO] CADModel:165 - CPN selected for project level
2024-07-01 03:26:20,343 [INFO] CADModel:114 - Register for checkConnection events
2024-07-01 03:26:20,343 [FATAL] Updater:308 - Updater called before beeing initialized
2024-07-01 03:26:20,343 [ERROR] CADModel:125 - Updater not yet initialized, retry later 
2024-07-01 03:26:20,346 [FATAL] Updater:308 - Updater called before beeing initialized
2024-07-01 03:26:20,485 [FATAL] Updater:308 - Updater called before beeing initialized
2024-07-01 03:26:20,488 [INFO] ThirdPartyUpdaterWithRetryManager:70 - Updater plugin not ready yet. [2/15]
2024-07-01 03:26:20,494 [INFO] DbMcusAds:53 - JSON generation date=Thu May 16 16:22:00 ICT 2024 (1715851320852)
2024-07-01 03:26:20,495 [FATAL] Updater:308 - Updater called before beeing initialized
2024-07-01 03:26:20,575 [WARN] DetailPanel:346 - Failed to get advertising image, set to default
2024-07-01 03:26:20,669 [FATAL] Updater:308 - Updater called before beeing initialized
2024-07-01 03:26:20,670 [FATAL] Updater:308 - Updater called before beeing initialized
2024-07-01 03:26:20,672 [FATAL] Updater:308 - Updater called before beeing initialized
2024-07-01 03:26:20,672 [WARN] DetailPanel:346 - Failed to get advertising image, set to default
2024-07-01 03:26:20,672 [FATAL] Updater:308 - Updater called before beeing initialized
2024-07-01 03:26:20,747 [ERROR] Updater:1120 - MainUpdater not yet initialized. External WinMGr cannot be set.
2024-07-01 03:26:20,757 [INFO] Updater:1056 - Updater Version found : 6.11.0
2024-07-01 03:26:20,775 [INFO] ApplicationProperties:184 - Using Application install path: C:\ST\STM32CubeIDE_1.14.1\STM32CubeIDE\plugins\com.st.stm32cube.common.mx_6.11.0.202403141607
2024-07-01 03:26:22,353 [ERROR] LogOutputStream:75 - [STDERR_REDIRECT] Jul 01, 2024 3:26:22 AM java.util.prefs.WindowsPreferences <init>
2024-07-01 03:26:22,354 [ERROR] LogOutputStream:75 - [STDERR_REDIRECT] WARNING: Could not open/create prefs root node Software\JavaSoft\Prefs at root 0xffffffff80000002. Windows RegCreateKeyEx(...) returned error code 5.
2024-07-01 03:26:22,355 [ERROR] LogOutputStream:75 - [STDERR_REDIRECT] 
2024-07-01 03:26:22,627 [INFO] MainUpdater:2873 - connection check result : 22
2024-07-01 03:26:22,628 [INFO] MainUpdater:290 - Updater Check For Update Now.
2024-07-01 03:26:22,628 [INFO] MicroXplorer:498 - Change Database Version : DB.6.0.110
2024-07-01 03:26:22,646 [INFO] McuFinderGlobals:63 - Set McuFinder mode to 2 (CubeIDE integrated)
2024-07-01 03:26:22,662 [INFO] UserAuth:415 - Internet connection configuration mode: 2
2024-07-01 03:26:22,829 [INFO] CheckServerUpdateThread:120 - End of CheckServer Thread
2024-07-01 03:26:23,748 [WARN] PackLoader:240 - Cannot read IP mode file for STMicroelectronics.FP-SNS-MOTENVWB1.1.4.0
2024-07-01 03:26:23,764 [WARN] PackLoader:240 - Cannot read IP mode file for STMicroelectronics.X-CUBE-SMBUS.2.1.0
2024-07-01 03:26:23,776 [WARN] PackLoader:240 - Cannot read IP mode file for STMicroelectronics.X-CUBE-TOUCHGFX.4.23.1
2024-07-01 03:26:23,786 [WARN] PackLoader:240 - Cannot read IP mode file for STMicroelectronics.X-CUBE-TOUCHGFX.4.23.0
2024-07-01 03:26:23,794 [WARN] PackLoader:240 - Cannot read IP mode file for STMicroelectronics.X-CUBE-TOUCHGFX.4.23.2
2024-07-01 03:26:23,835 [WARN] PackLoader:240 - Cannot read IP mode file for STMicroelectronics.X-CUBE-AZRTOS-F7.1.1.0
2024-07-01 03:26:23,852 [WARN] PackLoader:240 - Cannot read IP mode file for STMicroelectronics.FP-SNS-MOTENV1.4.3.2
2024-07-01 03:26:23,865 [WARN] PackLoader:240 - Cannot read IP mode file for STMicroelectronics.FP-SNS-FLIGHT1.5.0.2
2024-07-01 03:26:23,880 [WARN] PackLoader:240 - Cannot read IP mode file for STMicroelectronics.X-CUBE-DISPLAY.3.0.0
2024-07-01 03:26:23,898 [WARN] PackLoader:240 - Cannot read IP mode file for STMicroelectronics.X-CUBE-BLE1.7.0.0
2024-07-01 03:26:23,910 [WARN] PackLoader:240 - Cannot read IP mode file for emotas.I-CUBE-CANOPEN.1.3.0
2024-07-01 03:26:23,921 [WARN] PackLoader:240 - Cannot read IP mode file for STMicroelectronics.X-CUBE-TOUCHGFX.4.22.1
2024-07-01 03:26:23,935 [WARN] PackLoader:240 - Cannot read IP mode file for STMicroelectronics.X-CUBE-BLEMGR.3.1.0
2024-07-01 03:26:23,949 [WARN] PackLoader:240 - Cannot read IP mode file for STMicroelectronics.FP-SNS-SMARTAG2.1.2.0
2024-07-01 03:26:23,968 [INFO] LogOutputStream:77 - [STDOUT_REDIRECT] 1 : Invalid condition id : UX_CORESTACK_Condition cause : null
2024-07-01 03:26:23,968 [INFO] LogOutputStream:77 - [STDOUT_REDIRECT] 1 : Invalid condition id : UX_CORESTACK_Condition cause : null
2024-07-01 03:26:23,969 [INFO] LogOutputStream:77 - [STDOUT_REDIRECT] 1 : Invalid condition id : UX_CORESTACK_Condition cause : null
2024-07-01 03:26:23,970 [INFO] LogOutputStream:77 - [STDOUT_REDIRECT] 1 : Invalid condition id : UX_CORESTACK_Condition cause : null
2024-07-01 03:26:23,971 [INFO] LogOutputStream:77 - [STDOUT_REDIRECT] 1 : Invalid condition id : UX_CORESTACK_Condition cause : null
2024-07-01 03:26:23,974 [WARN] PackLoader:240 - Cannot read IP mode file for STMicroelectronics.X-CUBE-AZRTOS-WL.2.0.0
2024-07-01 03:26:23,985 [WARN] PackLoader:240 - Cannot read IP mode file for STMicroelectronics.FP-SNS-MOTENV1.5.0.0
2024-07-01 03:26:23,997 [WARN] PackLoader:240 - Cannot read IP mode file for wolfSSL.I-CUBE-wolfMQTT.1.19.0
2024-07-01 03:26:24,014 [WARN] PackLoader:240 - Cannot read IP mode file for WES.I-CUBE-Cesium.1.3.0
2024-07-01 03:26:24,026 [WARN] PackLoader:240 - Cannot read IP mode file for STMicroelectronics.X-CUBE-BLE2.3.3.0
2024-07-01 03:26:24,039 [WARN] PackLoader:240 - Cannot read IP mode file for STMicroelectronics.X-CUBE-TCPP.4.1.0
2024-07-01 03:26:24,053 [WARN] PackLoader:240 - Cannot read IP mode file for STMicroelectronics.X-CUBE-ALGOBUILD.1.3.0
2024-07-01 03:26:24,079 [WARN] PackLoader:240 - Cannot read IP mode file for STMicroelectronics.X-CUBE-AZRTOS-G0.1.1.0
2024-07-01 03:26:24,093 [WARN] PackLoader:240 - Cannot read IP mode file for STMicroelectronics.X-CUBE-SAFEA1.1.2.2
2024-07-01 03:26:24,106 [WARN] PackLoader:240 - Cannot read IP mode file for STMicroelectronics.X-CUBE-NFC4.3.0.0
2024-07-01 03:26:24,122 [WARN] PackLoader:240 - Cannot read IP mode file for STMicroelectronics.X-CUBE-BLEMGR.3.0.0
2024-07-01 03:26:24,136 [WARN] PackLoader:240 - Cannot read IP mode file for STMicroelectronics.FP-ATR-SIGFOX1.3.2.0
2024-07-01 03:26:24,149 [WARN] PackLoader:240 - Cannot read IP mode file for STMicroelectronics.X-CUBE-EEPRMA1.5.1.0
2024-07-01 03:26:24,182 [WARN] PackLoader:240 - Cannot read IP mode file for SEGGER.I-CUBE-embOS.1.3.1
2024-07-01 03:26:24,221 [WARN] PackLoader:240 - Cannot read IP mode file for STMicroelectronics.X-CUBE-ALGOBUILD.1.4.0
2024-07-01 03:26:24,233 [WARN] PackLoader:240 - Cannot read IP mode file for STMicroelectronics.X-CUBE-GNSS1.6.0.0
2024-07-01 03:26:24,269 [WARN] PackLoader:240 - Cannot read IP mode file for STMicroelectronics.X-CUBE-AZRTOS-F4.1.1.0
2024-07-01 03:26:24,295 [WARN] PackLoader:240 - Cannot read IP mode file for wolfSSL.I-CUBE-wolfSSL.5.6.3
2024-07-01 03:26:24,315 [WARN] PackLoader:240 - Cannot read IP mode file for STMicroelectronics.X-CUBE-FREERTOS.1.2.0
2024-07-01 03:26:24,330 [WARN] PackLoader:240 - Cannot read IP mode file for wolfSSL.I-CUBE-wolfSSL.5.6.6
2024-07-01 03:26:24,376 [WARN] PackLoader:240 - Cannot read IP mode file for STMicroelectronics.X-CUBE-AZRTOS-L5.2.0.0
2024-07-01 03:26:24,454 [WARN] PackLoader:240 - Cannot read IP mode file for STMicroelectronics.X-CUBE-MEMS1.9.6.0
2024-07-01 03:26:24,559 [WARN] PackLoader:240 - Cannot read IP mode file for STMicroelectronics.X-CUBE-EEPRMA1.4.2.0
2024-07-01 03:26:24,574 [WARN] PackLoader:240 - Cannot read IP mode file for STMicroelectronics.X-CUBE-NFC6.3.1.0
2024-07-01 03:26:24,587 [WARN] PackLoader:240 - Cannot read IP mode file for ITTIA_DB.I-CUBE-ITTIADB.8.8.0
2024-07-01 03:26:24,639 [WARN] PackLoader:240 - Cannot read IP mode file for STMicroelectronics.X-CUBE-BLEMGR.2.0.0
2024-07-01 03:26:24,651 [WARN] PackLoader:240 - Cannot read IP mode file for STMicroelectronics.X-CUBE-AI.9.0.0
2024-07-01 03:26:24,677 [WARN] ConditionMgr:438 - getConditionDescription Invalid condition id : UX DEVICE CLASS RTOS Condition cause : null
2024-07-01 03:26:24,678 [WARN] ConditionMgr:438 - getConditionDescription Invalid condition id : UX DEVICE CLASS RTOS Condition cause : null
2024-07-01 03:26:24,680 [WARN] PackLoader:240 - Cannot read IP mode file for STMicroelectronics.X-CUBE-AZRTOS-H7.3.1.0
2024-07-01 03:26:24,680 [WARN] ConditionMgr:1039 - genDependencies : Invalid condition id : UX DEVICE CLASS RTOS Condition cause : null
2024-07-01 03:26:24,681 [WARN] ConditionMgr:1039 - genDependencies : Invalid condition id : UX DEVICE CLASS RTOS Condition cause : null
2024-07-01 03:26:24,681 [WARN] ConditionMgr:1039 - genDependencies : Invalid condition id : UX DEVICE CLASS RTOS Condition cause : null
2024-07-01 03:26:24,681 [WARN] ConditionMgr:1039 - genDependencies : Invalid condition id : UX DEVICE CLASS RTOS Condition cause : null
2024-07-01 03:26:24,681 [WARN] ConditionMgr:1039 - genDependencies : Invalid condition id : UX DEVICE CLASS RTOS Condition cause : null
2024-07-01 03:26:24,697 [WARN] PackLoader:240 - Cannot read IP mode file for STMicroelectronics.X-CUBE-NFC7.1.0.1
2024-07-01 03:26:24,709 [WARN] PackLoader:240 - Cannot read IP mode file for STMicroelectronics.X-CUBE-NFC6.3.0.0
2024-07-01 03:26:24,721 [WARN] PackLoader:240 - Cannot read IP mode file for STMicroelectronics.X-CUBE-EEPRMA1.4.1.0
2024-07-01 03:26:24,734 [WARN] PackLoader:240 - Cannot read IP mode file for STMicroelectronics.X-CUBE-AI.8.1.0
2024-07-01 03:26:24,763 [WARN] ConditionMgr:438 - getConditionDescription Invalid condition id : LAN8742 Phy interface Condition cause : null
2024-07-01 03:26:24,763 [WARN] PackLoader:240 - Cannot read IP mode file for STMicroelectronics.X-CUBE-AZRTOS-L4.2.0.0
2024-07-01 03:26:24,764 [WARN] ConditionMgr:1039 - genDependencies : Invalid condition id : LAN8742 Phy interface Condition cause : null
2024-07-01 03:26:24,764 [WARN] ConditionMgr:1039 - genDependencies : Invalid condition id : LAN8742 Phy interface Condition cause : null
2024-07-01 03:26:24,765 [WARN] ConditionMgr:1039 - genDependencies : Invalid condition id : LAN8742 Phy interface Condition cause : null
2024-07-01 03:26:24,831 [WARN] PackLoader:240 - Cannot read IP mode file for STMicroelectronics.X-CUBE-SFXS2LP1.4.0.0
2024-07-01 03:26:24,847 [WARN] PackLoader:240 - Cannot read IP mode file for STMicroelectronics.X-CUBE-ISPU.1.1.0
2024-07-01 03:26:24,870 [WARN] ConditionMgr:438 - getConditionDescription Invalid condition id : UX DEVICE CLASS RTOS Condition cause : null
2024-07-01 03:26:24,870 [WARN] ConditionMgr:438 - getConditionDescription Invalid condition id : UX DEVICE CLASS RTOS Condition cause : null
2024-07-01 03:26:24,872 [WARN] PackLoader:240 - Cannot read IP mode file for STMicroelectronics.X-CUBE-AZRTOS-WB.2.0.0
2024-07-01 03:26:24,873 [WARN] ConditionMgr:1039 - genDependencies : Invalid condition id : UX DEVICE CLASS RTOS Condition cause : null
2024-07-01 03:26:24,873 [WARN] ConditionMgr:1039 - genDependencies : Invalid condition id : UX DEVICE CLASS RTOS Condition cause : null
2024-07-01 03:26:24,874 [WARN] ConditionMgr:1039 - genDependencies : Invalid condition id : UX DEVICE CLASS RTOS Condition cause : null
2024-07-01 03:26:24,874 [WARN] ConditionMgr:1039 - genDependencies : Invalid condition id : UX DEVICE CLASS RTOS Condition cause : null
2024-07-01 03:26:24,875 [WARN] ConditionMgr:1039 - genDependencies : Invalid condition id : UX DEVICE CLASS RTOS Condition cause : null
2024-07-01 03:26:24,895 [WARN] PackLoader:240 - Cannot read IP mode file for STMicroelectronics.X-CUBE-SUBG2.5.0.0
2024-07-01 03:26:24,918 [WARN] PackLoader:240 - Cannot read IP mode file for STMicroelectronics.X-CUBE-TOF1.3.3.1
2024-07-01 03:26:24,950 [WARN] PackLoader:240 - Cannot read IP mode file for STMicroelectronics.X-CUBE-AZRTOS-G4.2.0.0
2024-07-01 03:26:24,973 [WARN] PackLoader:240 - Cannot read IP mode file for Infineon.AIROC-Wi-Fi-Bluetooth-STM32.1.5.1
2024-07-01 03:26:24,986 [WARN] PackLoader:240 - Cannot read IP mode file for STMicroelectronics.FP-SNS-MOTENVWB1.1.3.0
2024-07-01 03:26:24,998 [WARN] PackLoader:240 - Cannot read IP mode file for STMicroelectronics.FP-SNS-MOTENVWB1.1.3.1
2024-07-01 03:26:25,009 [WARN] PackLoader:240 - Cannot read IP mode file for STMicroelectronics.X-CUBE-ISPU.2.0.0
2024-07-01 03:26:25,019 [WARN] PackLoader:240 - Cannot read IP mode file for STMicroelectronics.X-CUBE-ALS.1.0.2
2024-07-01 03:26:25,059 [WARN] PackLoader:240 - Cannot read IP mode file for STMicroelectronics.X-CUBE-MEMS1.10.0.0
2024-07-01 03:26:25,159 [WARN] PackLoader:240 - Cannot read IP mode file for STMicroelectronics.X-CUBE-FREERTOS.1.1.0
2024-07-01 03:26:25,169 [WARN] PackLoader:240 - Cannot read IP mode file for STMicroelectronics.X-CUBE-TOUCHGFX.4.24.0
2024-07-01 03:26:25,181 [WARN] PackLoader:240 - Cannot read IP mode file for portGmbH.I-Cube-SoM-uGOAL.1.1.0
2024-07-01 03:26:25,192 [WARN] PackLoader:240 - Cannot read IP mode file for STMicroelectronics.X-CUBE-ALS.1.0.1
2024-07-01 03:26:25,218 [WARN] PackLoader:240 - Cannot read IP mode file for STMicroelectronics.X-CUBE-AZRTOS-H7RS.1.0.0
2024-07-01 03:26:25,231 [WARN] PackLoader:240 - Cannot read IP mode file for STMicroelectronics.FP-ATR-ASTRA1.2.0.0
2024-07-01 03:26:25,247 [WARN] PackLoader:240 - Cannot read IP mode file for STMicroelectronics.X-CUBE-TOF1.3.4.0
2024-07-01 03:26:25,269 [WARN] PackLoader:240 - Cannot read IP mode file for STMicroelectronics.X-CUBE-TOF1.3.4.1
2024-07-01 03:26:25,302 [WARN] PackLoader:240 - Cannot read IP mode file for STMicroelectronics.X-CUBE-AZRTOS-H7.3.2.0
2024-07-01 03:26:25,305 [INFO] ThirdParty:978 - Integrity check success = true
2024-07-01 03:26:25,305 [INFO] IntegrityCheckThread:100 - exiting critical section [integrity check]
2024-07-01 03:26:25,305 [INFO] IntegrityCheckThread:103 - End integrity checks thread
2024-07-01 17:21:11,171 [ERROR] LogOutputStream:75 - [STDERR_REDIRECT] 
