2024-05-12 22:33:31,714 [INFO] Activator:176 - 


2024-05-12 22:33:31,721 [INFO] Activator:177 - !SESSION log4j initialized
2024-05-12 22:33:39,467 [INFO] LogOutputStream:77 - [STDOUT_REDIRECT] 
2024-05-12 22:33:44,966 [INFO] ApplicationProperties:184 - Using Application install path: C:\ST\STM32CubeIDE_1.14.1\STM32CubeIDE\plugins\com.st.stm32cube.common.mx_6.11.0.202403141607
2024-05-12 22:33:44,991 [INFO] DbMcusXml:78 - Set database path to: C:\ST\STM32CubeIDE_1.14.1\STM32CubeIDE\plugins\com.st.stm32cube.common.mx_6.11.0.202403141607\\db\/mcu/
2024-05-12 22:33:44,991 [INFO] ApiDb:274 - Set plugin database path to: C:\ST\STM32CubeIDE_1.14.1\STM32CubeIDE\plugins\com.st.stm32cube.common.mx_6.11.0.202403141607\\db\/plugins/boardmanager/
2024-05-12 22:33:44,992 [WARN] ApiDb:259 - Overriding images path with different value:  => C:\ST\STM32CubeIDE_1.14.1\STM32CubeIDE\plugins\com.st.stm32cube.common.mx_6.11.0.202403141607\\db\/plugins/mcufinder/images/
2024-05-12 22:33:45,007 [INFO] ApiDb:250 - Set database path to: C:\Users\AAA\.stmcufinder\plugins\mcufinder//mcu/
2024-05-12 22:33:45,008 [INFO] DbMcusAds:125 - Set database path to: C:\Users\AAA\.stmcufinder\plugins\mcufinder//mcu/
2024-05-12 22:33:45,010 [INFO] CrossReferenceDbSqlite:203 - Set database path to: C:\Users\AAA\.stmcufinder\plugins\mcufinder//mcu/cs/
2024-05-12 22:33:45,191 [INFO] RulesReader:64 - Compatibility file has been processed (297 Rules)
2024-05-12 22:33:45,312 [INFO] DbMcusXml:78 - Set database path to: C:\ST\STM32CubeIDE_1.14.1\STM32CubeIDE\plugins\com.st.stm32cube.common.mx_6.11.0.202403141607\\db\/mcu/
2024-05-12 22:33:45,312 [INFO] ApiDb:274 - Set plugin database path to: C:\ST\STM32CubeIDE_1.14.1\STM32CubeIDE\plugins\com.st.stm32cube.common.mx_6.11.0.202403141607\\db\/plugins/boardmanager/
2024-05-12 22:33:45,312 [INFO] ApiDb:261 - Set plugin images path to: C:\ST\STM32CubeIDE_1.14.1\STM32CubeIDE\plugins\com.st.stm32cube.common.mx_6.11.0.202403141607\\db\/plugins/mcufinder/images/
2024-05-12 22:33:45,312 [WARN] DbFile:41 - Overriding database path with different value: C:\Users\AAA\.stmcufinder\plugins\mcufinder/ => C:\Users\AAA\.stmcufinder\plugins\mcufinder
2024-05-12 22:33:45,312 [INFO] ApiDb:250 - Set database path to: C:\Users\AAA\.stmcufinder\plugins\mcufinder//mcu/
2024-05-12 22:33:45,312 [WARN] DbFile:41 - Overriding database path with different value: C:\Users\AAA\.stmcufinder\plugins\mcufinder/ => C:\Users\AAA\.stmcufinder\plugins\mcufinder
2024-05-12 22:33:45,313 [INFO] DbMcusAds:125 - Set database path to: C:\Users\AAA\.stmcufinder\plugins\mcufinder//mcu/
2024-05-12 22:33:45,313 [WARN] DbFile:41 - Overriding database path with different value: C:\Users\AAA\.stmcufinder\plugins\mcufinder/ => C:\Users\AAA\.stmcufinder\plugins\mcufinder
2024-05-12 22:33:45,313 [WARN] DbFile:41 - Overriding database path with different value: C:\Users\AAA\.stmcufinder\plugins\mcufinder/ => C:\Users\AAA\.stmcufinder\plugins\mcufinder
2024-05-12 22:33:45,313 [INFO] CrossReferenceDbSqlite:203 - Set database path to: C:\Users\AAA\.stmcufinder\plugins\mcufinder//mcu/cs/
2024-05-12 22:33:45,413 [INFO] MainPanel:264 - HeapMemory: 268435456
2024-05-12 22:33:45,533 [INFO] DbMcusXml:78 - Set database path to: C:\ST\STM32CubeIDE_1.14.1\STM32CubeIDE\plugins\com.st.stm32cube.common.mx_6.11.0.202403141607\\db\/mcu/
2024-05-12 22:33:45,533 [INFO] ApiDb:274 - Set plugin database path to: C:\ST\STM32CubeIDE_1.14.1\STM32CubeIDE\plugins\com.st.stm32cube.common.mx_6.11.0.202403141607\\db\/plugins/boardmanager/
2024-05-12 22:33:45,533 [INFO] ApiDb:261 - Set plugin images path to: C:\ST\STM32CubeIDE_1.14.1\STM32CubeIDE\plugins\com.st.stm32cube.common.mx_6.11.0.202403141607\\db\/plugins/mcufinder/images/
2024-05-12 22:33:45,533 [WARN] DbFile:41 - Overriding database path with different value: C:\Users\AAA\.stmcufinder\plugins\mcufinder/ => C:\Users\AAA\.stmcufinder\plugins\mcufinder
2024-05-12 22:33:45,533 [INFO] ApiDb:250 - Set database path to: C:\Users\AAA\.stmcufinder\plugins\mcufinder//mcu/
2024-05-12 22:33:45,533 [WARN] DbFile:41 - Overriding database path with different value: C:\Users\AAA\.stmcufinder\plugins\mcufinder/ => C:\Users\AAA\.stmcufinder\plugins\mcufinder
2024-05-12 22:33:45,533 [INFO] DbMcusAds:125 - Set database path to: C:\Users\AAA\.stmcufinder\plugins\mcufinder//mcu/
2024-05-12 22:33:45,534 [WARN] DbFile:41 - Overriding database path with different value: C:\Users\AAA\.stmcufinder\plugins\mcufinder/ => C:\Users\AAA\.stmcufinder\plugins\mcufinder
2024-05-12 22:33:45,534 [WARN] DbFile:41 - Overriding database path with different value: C:\Users\AAA\.stmcufinder\plugins\mcufinder/ => C:\Users\AAA\.stmcufinder\plugins\mcufinder
2024-05-12 22:33:45,534 [INFO] CrossReferenceDbSqlite:203 - Set database path to: C:\Users\AAA\.stmcufinder\plugins\mcufinder//mcu/cs/
2024-05-12 22:33:45,557 [INFO] ApplicationProperties:184 - Using Application install path: C:\ST\STM32CubeIDE_1.14.1\STM32CubeIDE\plugins\com.st.stm32cube.common.mx_6.11.0.202403141607
2024-05-12 22:33:45,558 [INFO] PluginManage:196 - Search for loadable plugins [exclusion list=, ]
2024-05-12 22:33:45,559 [INFO] PluginManage:310 - Check plugin analytics
2024-05-12 22:33:45,761 [INFO] AnalyticsPlugin:253 - Accepted Software Licenses: 
2024-05-12 22:33:45,761 [INFO] AnalyticsPlugin:255 - Accepted CMSIS Pack Licenses: ARM.CMSIS.6.0.0
2024-05-12 22:33:45,762 [INFO] AnalyticsPlugin:257 - Accepted Firmware Licenses: 
2024-05-12 22:33:45,764 [INFO] PluginManage:359 - Loaded plugin analytics (category:tool,tabindex:-1)
2024-05-12 22:33:45,765 [INFO] PluginManage:310 - Check plugin cadmodel
2024-05-12 22:33:45,779 [INFO] CADModel:105 - Init CAD model plugin
2024-05-12 22:33:45,779 [INFO] PluginManage:359 - Loaded plugin cadmodel (category:power,tabindex:5)
2024-05-12 22:33:45,779 [INFO] PluginManage:310 - Check plugin clock
2024-05-12 22:33:45,805 [INFO] PluginManage:359 - Loaded plugin clock (category:base,tabindex:2)
2024-05-12 22:33:45,805 [INFO] PluginManage:310 - Check plugin ddr
2024-05-12 22:33:45,809 [INFO] PluginManage:359 - Loaded plugin ddr (category:tool,tabindex:6)
2024-05-12 22:33:45,809 [INFO] PluginManage:310 - Check plugin filemanager
2024-05-12 22:33:45,977 [INFO] PluginManage:359 - Loaded plugin filemanager (category:base,tabindex:10)
2024-05-12 22:33:45,977 [INFO] PluginManage:310 - Check plugin ipmanager
2024-05-12 22:33:45,986 [INFO] PluginManage:359 - Loaded plugin ipmanager (category:base,tabindex:5)
2024-05-12 22:33:45,986 [INFO] PluginManage:310 - Check plugin lpbam
2024-05-12 22:33:46,004 [INFO] PluginManage:359 - Loaded plugin lpbam (category:base,tabindex:0)
2024-05-12 22:33:46,004 [INFO] PluginManage:310 - Check plugin memorymap
2024-05-12 22:33:46,034 [INFO] PluginManage:359 - Loaded plugin memorymap (category:base,tabindex:4)
2024-05-12 22:33:46,034 [INFO] PluginManage:310 - Check plugin pinoutandconfiguration
2024-05-12 22:33:46,051 [INFO] PluginManage:359 - Loaded plugin pinoutandconfiguration (category:base,tabindex:1)
2024-05-12 22:33:46,051 [INFO] PluginManage:310 - Check plugin pinoutconfig
2024-05-12 22:33:46,155 [WARN] SupportedApi:132 - Cannot load RTOS API schema: s4s-elt-must-match.1: The content of 'definitions' must match (annotation?, (simpleType | complexType)?, (unique | key | keyref)*)). A problem was found starting at: attribute.
2024-05-12 22:33:46,363 [INFO] PluginManage:359 - Loaded plugin pinoutconfig (category:base,tabindex:0)
2024-05-12 22:33:46,363 [INFO] PluginManage:310 - Check plugin power
2024-05-12 22:33:46,387 [INFO] PluginManage:359 - Loaded plugin power (category:power,tabindex:4)
2024-05-12 22:33:46,387 [INFO] PluginManage:310 - Check plugin projectmanager
2024-05-12 22:33:46,407 [INFO] PluginManage:359 - Loaded plugin projectmanager (category:projectmanager,tabindex:3)
2024-05-12 22:33:46,407 [INFO] PluginManage:310 - Check plugin thirdparty
2024-05-12 22:33:46,678 [INFO] PluginManage:359 - Loaded plugin thirdparty (category:base,tabindex:-1)
2024-05-12 22:33:46,679 [WARN] IntegrityCheckThread:84 - waiting for thirdparty lock release [integrity check]
2024-05-12 22:33:46,679 [INFO] PluginManage:310 - Check plugin tools
2024-05-12 22:33:46,679 [INFO] IntegrityCheckThread:86 - entering critical section [integrity check]
2024-05-12 22:33:46,679 [INFO] ThirdPartyUpdaterWithRetryManager:70 - Updater plugin not ready yet. [1/15]
2024-05-12 22:33:46,715 [INFO] PluginManage:359 - Loaded plugin tools (category:base,tabindex:7)
2024-05-12 22:33:46,715 [INFO] PluginManage:310 - Check plugin tutovideos
2024-05-12 22:33:46,923 [INFO] PluginManage:359 - Loaded plugin tutovideos (category:base,tabindex:-1)
2024-05-12 22:33:46,923 [INFO] PluginManage:310 - Check plugin updater
2024-05-12 22:33:46,935 [INFO] PluginManage:359 - Loaded plugin updater (category:base,tabindex:12)
2024-05-12 22:33:46,935 [INFO] PluginManage:310 - Check plugin userauth
2024-05-12 22:33:46,942 [INFO] UserAuth:114 - Init User Auth plugin
2024-05-12 22:33:46,942 [INFO] PluginManage:359 - Loaded plugin userauth (category:base,tabindex:14)
2024-05-12 22:33:46,944 [INFO] PluginManage:283 - PluginManage : Loaded plugins [17]
2024-05-12 22:33:47,166 [INFO] PinOutPanel:1561 - setPackage(No Configuration,No Configuration)
2024-05-12 22:33:47,247 [INFO] CADModel:165 - CPN selected for project level
2024-05-12 22:33:47,247 [INFO] CADModel:114 - Register for checkConnection events
2024-05-12 22:33:47,271 [INFO] IPUIPlugin:80 - create IPUIPlugin
2024-05-12 22:33:47,271 [INFO] PluginManager:220 - loadIPPluginJar : add adc
2024-05-12 22:33:47,301 [INFO] IPUIPlugin:80 - create IPUIPlugin
2024-05-12 22:33:47,302 [INFO] PluginManager:220 - loadIPPluginJar : add aes
2024-05-12 22:33:47,335 [INFO] IPUIPlugin:80 - create IPUIPlugin
2024-05-12 22:33:47,335 [INFO] PluginManager:220 - loadIPPluginJar : add can
2024-05-12 22:33:47,353 [INFO] IPUIPlugin:80 - create IPUIPlugin
2024-05-12 22:33:47,353 [INFO] PluginManager:220 - loadIPPluginJar : add comp
2024-05-12 22:33:47,380 [INFO] IPUIPlugin:80 - create IPUIPlugin
2024-05-12 22:33:47,380 [INFO] PluginManager:220 - loadIPPluginJar : add cryp
2024-05-12 22:33:47,405 [INFO] IPUIPlugin:80 - create IPUIPlugin
2024-05-12 22:33:47,405 [INFO] PluginManager:220 - loadIPPluginJar : add dfsdm
2024-05-12 22:33:47,418 [INFO] IPUIPlugin:80 - create IPUIPlugin
2024-05-12 22:33:47,419 [INFO] PluginManager:220 - loadIPPluginJar : add dma
2024-05-12 22:33:47,459 [INFO] IPUIPlugin:80 - create IPUIPlugin
2024-05-12 22:33:47,459 [INFO] PluginManager:220 - loadIPPluginJar : add dma3
2024-05-12 22:33:47,505 [INFO] IPUIPlugin:80 - create IPUIPlugin
2024-05-12 22:33:47,505 [INFO] PluginManager:220 - loadIPPluginJar : add extmemmanager
2024-05-12 22:33:47,524 [INFO] IPUIPlugin:80 - create IPUIPlugin
2024-05-12 22:33:47,524 [INFO] PluginManager:220 - loadIPPluginJar : add fatfs
2024-05-12 22:33:47,570 [INFO] IPUIPlugin:80 - create IPUIPlugin
2024-05-12 22:33:47,571 [INFO] PluginManager:220 - loadIPPluginJar : add fmc
2024-05-12 22:33:47,585 [INFO] IPUIPlugin:80 - create IPUIPlugin
2024-05-12 22:33:47,586 [INFO] PluginManager:220 - loadIPPluginJar : add freertos
2024-05-12 22:33:47,603 [INFO] IPUIPlugin:80 - create IPUIPlugin
2024-05-12 22:33:47,603 [INFO] PluginManager:220 - loadIPPluginJar : add genericplugin
2024-05-12 22:33:47,691 [INFO] IPUIPlugin:80 - create IPUIPlugin
2024-05-12 22:33:47,691 [INFO] PluginManager:220 - loadIPPluginJar : add gfxmmu
2024-05-12 22:33:47,814 [INFO] IPUIPlugin:80 - create IPUIPlugin
2024-05-12 22:33:47,814 [INFO] PluginManager:220 - loadIPPluginJar : add gic
2024-05-12 22:33:47,825 [INFO] IPUIPlugin:80 - create IPUIPlugin
2024-05-12 22:33:47,825 [INFO] PluginManager:220 - loadIPPluginJar : add gpio
2024-05-12 22:33:47,919 [INFO] IPUIPlugin:80 - create IPUIPlugin
2024-05-12 22:33:47,919 [INFO] PluginManager:220 - loadIPPluginJar : add gtzc
2024-05-12 22:33:47,947 [INFO] IPUIPlugin:80 - create IPUIPlugin
2024-05-12 22:33:47,947 [INFO] PluginManager:220 - loadIPPluginJar : add hash
2024-05-12 22:33:47,997 [INFO] IPUIPlugin:80 - create IPUIPlugin
2024-05-12 22:33:47,997 [INFO] PluginManager:220 - loadIPPluginJar : add i2c
2024-05-12 22:33:48,032 [INFO] IPUIPlugin:80 - create IPUIPlugin
2024-05-12 22:33:48,032 [INFO] PluginManager:220 - loadIPPluginJar : add i2s
2024-05-12 22:33:48,067 [INFO] IPUIPlugin:80 - create IPUIPlugin
2024-05-12 22:33:48,068 [INFO] PluginManager:220 - loadIPPluginJar : add i3c
2024-05-12 22:33:48,173 [INFO] IPUIPlugin:80 - create IPUIPlugin
2024-05-12 22:33:48,173 [INFO] PluginManager:220 - loadIPPluginJar : add ipddr
2024-05-12 22:33:48,271 [INFO] IPUIPlugin:80 - create IPUIPlugin
2024-05-12 22:33:48,271 [INFO] PluginManager:220 - loadIPPluginJar : add linkedlist
2024-05-12 22:33:48,305 [INFO] IPUIPlugin:80 - create IPUIPlugin
2024-05-12 22:33:48,305 [INFO] PluginManager:220 - loadIPPluginJar : add lorawan
2024-05-12 22:33:48,339 [INFO] IPUIPlugin:80 - create IPUIPlugin
2024-05-12 22:33:48,339 [INFO] PluginManager:220 - loadIPPluginJar : add ltdc
2024-05-12 22:33:48,353 [INFO] IPUIPlugin:80 - create IPUIPlugin
2024-05-12 22:33:48,353 [INFO] PluginManager:220 - loadIPPluginJar : add mdma
2024-05-12 22:33:48,364 [INFO] IPUIPlugin:80 - create IPUIPlugin
2024-05-12 22:33:48,364 [INFO] PluginManager:220 - loadIPPluginJar : add nvic
2024-05-12 22:33:48,398 [INFO] IPUIPlugin:80 - create IPUIPlugin
2024-05-12 22:33:48,399 [INFO] PluginManager:220 - loadIPPluginJar : add opamp
2024-05-12 22:33:48,458 [INFO] IPUIPlugin:80 - create IPUIPlugin
2024-05-12 22:33:48,458 [INFO] PluginManager:220 - loadIPPluginJar : add openamp
2024-05-12 22:33:48,510 [INFO] IPUIPlugin:80 - create IPUIPlugin
2024-05-12 22:33:48,510 [INFO] PluginManager:220 - loadIPPluginJar : add pdm2pcm
2024-05-12 22:33:48,526 [INFO] IPUIPlugin:80 - create IPUIPlugin
2024-05-12 22:33:48,529 [INFO] PluginManager:220 - loadIPPluginJar : add plateformsettings
2024-05-12 22:33:48,554 [INFO] IPUIPlugin:80 - create IPUIPlugin
2024-05-12 22:33:48,554 [INFO] PluginManager:220 - loadIPPluginJar : add quadspi
2024-05-12 22:33:48,567 [INFO] IPUIPlugin:80 - create IPUIPlugin
2024-05-12 22:33:48,568 [INFO] PluginManager:220 - loadIPPluginJar : add resmgrutility
2024-05-12 22:33:48,625 [INFO] IPUIPlugin:80 - create IPUIPlugin
2024-05-12 22:33:48,625 [INFO] PluginManager:220 - loadIPPluginJar : add sai
2024-05-12 22:33:48,665 [INFO] IPUIPlugin:80 - create IPUIPlugin
2024-05-12 22:33:48,666 [INFO] PluginManager:220 - loadIPPluginJar : add spi
2024-05-12 22:33:48,748 [INFO] IPUIPlugin:80 - create IPUIPlugin
2024-05-12 22:33:48,749 [INFO] PluginManager:220 - loadIPPluginJar : add stm32_wpan
2024-05-12 22:33:48,772 [INFO] IPUIPlugin:80 - create IPUIPlugin
2024-05-12 22:33:48,772 [INFO] PluginManager:220 - loadIPPluginJar : add tim
2024-05-12 22:33:48,834 [INFO] IPUIPlugin:80 - create IPUIPlugin
2024-05-12 22:33:48,834 [INFO] PluginManager:220 - loadIPPluginJar : add touchsensing
2024-05-12 22:33:48,854 [INFO] IPUIPlugin:80 - create IPUIPlugin
2024-05-12 22:33:48,854 [INFO] PluginManager:220 - loadIPPluginJar : add tracer_emb
2024-05-12 22:33:48,874 [INFO] IPUIPlugin:80 - create IPUIPlugin
2024-05-12 22:33:48,874 [INFO] PluginManager:220 - loadIPPluginJar : add ts
2024-05-12 22:33:48,893 [INFO] IPUIPlugin:80 - create IPUIPlugin
2024-05-12 22:33:48,893 [INFO] PluginManager:220 - loadIPPluginJar : add tsc
2024-05-12 22:33:48,912 [INFO] IPUIPlugin:80 - create IPUIPlugin
2024-05-12 22:33:48,912 [INFO] PluginManager:220 - loadIPPluginJar : add ucpd
2024-05-12 22:33:48,955 [INFO] IPUIPlugin:80 - create IPUIPlugin
2024-05-12 22:33:48,955 [INFO] PluginManager:220 - loadIPPluginJar : add usart
2024-05-12 22:33:48,998 [INFO] IPUIPlugin:80 - create IPUIPlugin
2024-05-12 22:33:48,998 [INFO] PluginManager:220 - loadIPPluginJar : add usbx
2024-05-12 22:33:49,140 [INFO] CADModel:165 - CPN selected for project level
2024-05-12 22:33:49,141 [INFO] CADModel:114 - Register for checkConnection events
2024-05-12 22:33:49,141 [FATAL] Updater:308 - Updater called before beeing initialized
2024-05-12 22:33:49,141 [ERROR] CADModel:125 - Updater not yet initialized, retry later 
2024-05-12 22:33:49,301 [INFO] CADModel:165 - CPN selected for project level
2024-05-12 22:33:49,301 [INFO] CADModel:114 - Register for checkConnection events
2024-05-12 22:33:49,301 [FATAL] Updater:308 - Updater called before beeing initialized
2024-05-12 22:33:49,302 [ERROR] CADModel:125 - Updater not yet initialized, retry later 
2024-05-12 22:33:49,305 [FATAL] Updater:308 - Updater called before beeing initialized
2024-05-12 22:33:49,458 [FATAL] Updater:308 - Updater called before beeing initialized
2024-05-12 22:33:49,467 [INFO] DbMcusAds:53 - JSON generation date=Thu May 02 15:37:29 ICT 2024 (1714639049318)
2024-05-12 22:33:49,467 [FATAL] Updater:308 - Updater called before beeing initialized
2024-05-12 22:33:49,546 [WARN] DetailPanel:346 - Failed to get advertising image, set to default
2024-05-12 22:33:49,639 [FATAL] Updater:308 - Updater called before beeing initialized
2024-05-12 22:33:49,641 [FATAL] Updater:308 - Updater called before beeing initialized
2024-05-12 22:33:49,641 [FATAL] Updater:308 - Updater called before beeing initialized
2024-05-12 22:33:49,641 [WARN] DetailPanel:346 - Failed to get advertising image, set to default
2024-05-12 22:33:49,642 [FATAL] Updater:308 - Updater called before beeing initialized
2024-05-12 22:33:49,681 [INFO] ThirdPartyUpdaterWithRetryManager:70 - Updater plugin not ready yet. [2/15]
2024-05-12 22:33:49,704 [ERROR] Updater:1120 - MainUpdater not yet initialized. External WinMGr cannot be set.
2024-05-12 22:33:49,715 [INFO] Updater:1056 - Updater Version found : 6.11.0
2024-05-12 22:33:49,737 [INFO] ApplicationProperties:184 - Using Application install path: C:\ST\STM32CubeIDE_1.14.1\STM32CubeIDE\plugins\com.st.stm32cube.common.mx_6.11.0.202403141607
2024-05-12 22:33:51,323 [ERROR] LogOutputStream:75 - [STDERR_REDIRECT] May 12, 2024 10:33:51 PM java.util.prefs.WindowsPreferences <init>
2024-05-12 22:33:51,325 [ERROR] LogOutputStream:75 - [STDERR_REDIRECT] WARNING: Could not open/create prefs root node Software\JavaSoft\Prefs at root 0xffffffff80000002. Windows RegCreateKeyEx(...) returned error code 5.
2024-05-12 22:33:51,325 [ERROR] LogOutputStream:75 - [STDERR_REDIRECT] 
2024-05-12 22:33:52,682 [FATAL] Updater:308 - Updater called before beeing initialized
2024-05-12 22:33:52,682 [ERROR] IntegrityCheckThread:130 - Cannot retrieve database content from updater: error 21
2024-05-12 22:33:52,682 [INFO] ThirdParty:978 - Integrity check success = false
2024-05-12 22:33:52,683 [INFO] IntegrityCheckThread:100 - exiting critical section [integrity check]
2024-05-12 22:33:52,683 [INFO] IntegrityCheckThread:103 - End integrity checks thread
2024-05-12 22:33:52,993 [INFO] MainUpdater:2873 - connection check result : 10
2024-05-12 22:33:52,994 [INFO] MainUpdater:290 - Updater Check For Update Now.
2024-05-12 22:33:52,994 [INFO] MicroXplorer:498 - Change Database Version : DB.6.0.110
2024-05-12 22:33:53,020 [INFO] McuFinderGlobals:63 - Set McuFinder mode to 2 (CubeIDE integrated)
2024-05-12 22:33:53,038 [INFO] UserAuth:415 - Internet connection configuration mode: 1
2024-05-12 22:33:53,079 [INFO] JxBrowserEngine:152 - Initiate JxBrowser Engine with user profile folder
2024-05-12 22:33:53,245 [INFO] CheckServerUpdateThread:120 - End of CheckServer Thread
2024-05-12 22:33:58,328 [INFO] WebApp:161 - Instantiating new browser for Auth
2024-05-12 22:33:58,960 [INFO] WebApp:779 - Register for checkConnection events
2024-05-12 22:33:58,960 [INFO] WebApp:414 - Apply proxy settings
2024-05-12 22:33:58,960 [INFO] WebApp:499 - Chromium requires no authentication
2024-05-12 22:33:58,972 [INFO] WebApp:442 - Direct internet connection detected
2024-05-12 22:33:59,156 [INFO] WebApp:192 - Starting web application
2024-05-12 22:33:59,156 [INFO] WebApp:544 - Web application path used C:\ST\STM32CubeIDE_1.14.1\STM32CubeIDE\plugins\com.st.stm32cube.common.mx_6.11.0.202403141607\db\plugins\mcufinder\reactClient1\index.html
2024-05-12 22:47:55,195 [ERROR] LogOutputStream:75 - [STDERR_REDIRECT] 
2024-05-12 22:47:55,197 [ERROR] LogOutputStream:75 - [STDERR_REDIRECT] 
