2024-07-02 09:28:51,695 [INFO] Activator:176 - 


2024-07-02 09:28:51,701 [INFO] Activator:177 - !SESSION log4j initialized
2024-07-02 09:28:56,351 [INFO] LogOutputStream:77 - [STDOUT_REDIRECT] 
2024-07-02 09:29:01,292 [INFO] ApplicationProperties:184 - Using Application install path: C:\ST\STM32CubeIDE_1.14.1\STM32CubeIDE\plugins\com.st.stm32cube.common.mx_6.11.0.202403141607
2024-07-02 09:29:01,317 [INFO] DbMcusXml:78 - Set database path to: C:\ST\STM32CubeIDE_1.14.1\STM32CubeIDE\plugins\com.st.stm32cube.common.mx_6.11.0.202403141607\\db\/mcu/
2024-07-02 09:29:01,318 [INFO] ApiDb:274 - Set plugin database path to: C:\ST\STM32CubeIDE_1.14.1\STM32CubeIDE\plugins\com.st.stm32cube.common.mx_6.11.0.202403141607\\db\/plugins/boardmanager/
2024-07-02 09:29:01,318 [WARN] ApiDb:259 - Overriding images path with different value:  => C:\ST\STM32CubeIDE_1.14.1\STM32CubeIDE\plugins\com.st.stm32cube.common.mx_6.11.0.202403141607\\db\/plugins/mcufinder/images/
2024-07-02 09:29:01,331 [INFO] ApiDb:250 - Set database path to: C:\Users\AAA\.stmcufinder\plugins\mcufinder//mcu/
2024-07-02 09:29:01,332 [INFO] DbMcusAds:125 - Set database path to: C:\Users\AAA\.stmcufinder\plugins\mcufinder//mcu/
2024-07-02 09:29:01,335 [INFO] CrossReferenceDbSqlite:203 - Set database path to: C:\Users\AAA\.stmcufinder\plugins\mcufinder//mcu/cs/
2024-07-02 09:29:01,479 [INFO] RulesReader:64 - Compatibility file has been processed (297 Rules)
2024-07-02 09:29:01,585 [INFO] DbMcusXml:78 - Set database path to: C:\ST\STM32CubeIDE_1.14.1\STM32CubeIDE\plugins\com.st.stm32cube.common.mx_6.11.0.202403141607\\db\/mcu/
2024-07-02 09:29:01,585 [INFO] ApiDb:274 - Set plugin database path to: C:\ST\STM32CubeIDE_1.14.1\STM32CubeIDE\plugins\com.st.stm32cube.common.mx_6.11.0.202403141607\\db\/plugins/boardmanager/
2024-07-02 09:29:01,586 [INFO] ApiDb:261 - Set plugin images path to: C:\ST\STM32CubeIDE_1.14.1\STM32CubeIDE\plugins\com.st.stm32cube.common.mx_6.11.0.202403141607\\db\/plugins/mcufinder/images/
2024-07-02 09:29:01,586 [WARN] DbFile:41 - Overriding database path with different value: C:\Users\AAA\.stmcufinder\plugins\mcufinder/ => C:\Users\AAA\.stmcufinder\plugins\mcufinder
2024-07-02 09:29:01,586 [INFO] ApiDb:250 - Set database path to: C:\Users\AAA\.stmcufinder\plugins\mcufinder//mcu/
2024-07-02 09:29:01,586 [WARN] DbFile:41 - Overriding database path with different value: C:\Users\AAA\.stmcufinder\plugins\mcufinder/ => C:\Users\AAA\.stmcufinder\plugins\mcufinder
2024-07-02 09:29:01,586 [INFO] DbMcusAds:125 - Set database path to: C:\Users\AAA\.stmcufinder\plugins\mcufinder//mcu/
2024-07-02 09:29:01,586 [WARN] DbFile:41 - Overriding database path with different value: C:\Users\AAA\.stmcufinder\plugins\mcufinder/ => C:\Users\AAA\.stmcufinder\plugins\mcufinder
2024-07-02 09:29:01,586 [WARN] DbFile:41 - Overriding database path with different value: C:\Users\AAA\.stmcufinder\plugins\mcufinder/ => C:\Users\AAA\.stmcufinder\plugins\mcufinder
2024-07-02 09:29:01,586 [INFO] CrossReferenceDbSqlite:203 - Set database path to: C:\Users\AAA\.stmcufinder\plugins\mcufinder//mcu/cs/
2024-07-02 09:29:01,672 [INFO] MainPanel:264 - HeapMemory: 268435456
2024-07-02 09:29:01,798 [INFO] DbMcusXml:78 - Set database path to: C:\ST\STM32CubeIDE_1.14.1\STM32CubeIDE\plugins\com.st.stm32cube.common.mx_6.11.0.202403141607\\db\/mcu/
2024-07-02 09:29:01,798 [INFO] ApiDb:274 - Set plugin database path to: C:\ST\STM32CubeIDE_1.14.1\STM32CubeIDE\plugins\com.st.stm32cube.common.mx_6.11.0.202403141607\\db\/plugins/boardmanager/
2024-07-02 09:29:01,798 [INFO] ApiDb:261 - Set plugin images path to: C:\ST\STM32CubeIDE_1.14.1\STM32CubeIDE\plugins\com.st.stm32cube.common.mx_6.11.0.202403141607\\db\/plugins/mcufinder/images/
2024-07-02 09:29:01,798 [WARN] DbFile:41 - Overriding database path with different value: C:\Users\AAA\.stmcufinder\plugins\mcufinder/ => C:\Users\AAA\.stmcufinder\plugins\mcufinder
2024-07-02 09:29:01,798 [INFO] ApiDb:250 - Set database path to: C:\Users\AAA\.stmcufinder\plugins\mcufinder//mcu/
2024-07-02 09:29:01,799 [WARN] DbFile:41 - Overriding database path with different value: C:\Users\AAA\.stmcufinder\plugins\mcufinder/ => C:\Users\AAA\.stmcufinder\plugins\mcufinder
2024-07-02 09:29:01,799 [INFO] DbMcusAds:125 - Set database path to: C:\Users\AAA\.stmcufinder\plugins\mcufinder//mcu/
2024-07-02 09:29:01,799 [WARN] DbFile:41 - Overriding database path with different value: C:\Users\AAA\.stmcufinder\plugins\mcufinder/ => C:\Users\AAA\.stmcufinder\plugins\mcufinder
2024-07-02 09:29:01,799 [WARN] DbFile:41 - Overriding database path with different value: C:\Users\AAA\.stmcufinder\plugins\mcufinder/ => C:\Users\AAA\.stmcufinder\plugins\mcufinder
2024-07-02 09:29:01,799 [INFO] CrossReferenceDbSqlite:203 - Set database path to: C:\Users\AAA\.stmcufinder\plugins\mcufinder//mcu/cs/
2024-07-02 09:29:01,818 [INFO] ApplicationProperties:184 - Using Application install path: C:\ST\STM32CubeIDE_1.14.1\STM32CubeIDE\plugins\com.st.stm32cube.common.mx_6.11.0.202403141607
2024-07-02 09:29:01,820 [INFO] PluginManage:196 - Search for loadable plugins [exclusion list=, ]
2024-07-02 09:29:01,821 [INFO] PluginManage:310 - Check plugin analytics
2024-07-02 09:29:01,983 [INFO] AnalyticsPlugin:253 - Accepted Software Licenses: 
2024-07-02 09:29:01,983 [INFO] AnalyticsPlugin:255 - Accepted CMSIS Pack Licenses: ARM.CMSIS.6.0.0
2024-07-02 09:29:01,983 [INFO] AnalyticsPlugin:257 - Accepted Firmware Licenses: 
2024-07-02 09:29:01,986 [INFO] PluginManage:359 - Loaded plugin analytics (category:tool,tabindex:-1)
2024-07-02 09:29:01,987 [INFO] PluginManage:310 - Check plugin cadmodel
2024-07-02 09:29:02,000 [INFO] CADModel:105 - Init CAD model plugin
2024-07-02 09:29:02,000 [INFO] PluginManage:359 - Loaded plugin cadmodel (category:power,tabindex:5)
2024-07-02 09:29:02,000 [INFO] PluginManage:310 - Check plugin clock
2024-07-02 09:29:02,017 [INFO] PluginManage:359 - Loaded plugin clock (category:base,tabindex:2)
2024-07-02 09:29:02,017 [INFO] PluginManage:310 - Check plugin ddr
2024-07-02 09:29:02,019 [INFO] PluginManage:359 - Loaded plugin ddr (category:tool,tabindex:6)
2024-07-02 09:29:02,019 [INFO] PluginManage:310 - Check plugin filemanager
2024-07-02 09:29:02,146 [INFO] PluginManage:359 - Loaded plugin filemanager (category:base,tabindex:10)
2024-07-02 09:29:02,146 [INFO] PluginManage:310 - Check plugin ipmanager
2024-07-02 09:29:02,154 [INFO] PluginManage:359 - Loaded plugin ipmanager (category:base,tabindex:5)
2024-07-02 09:29:02,154 [INFO] PluginManage:310 - Check plugin lpbam
2024-07-02 09:29:02,169 [INFO] PluginManage:359 - Loaded plugin lpbam (category:base,tabindex:0)
2024-07-02 09:29:02,169 [INFO] PluginManage:310 - Check plugin memorymap
2024-07-02 09:29:02,189 [INFO] PluginManage:359 - Loaded plugin memorymap (category:base,tabindex:4)
2024-07-02 09:29:02,189 [INFO] PluginManage:310 - Check plugin pinoutandconfiguration
2024-07-02 09:29:02,205 [INFO] PluginManage:359 - Loaded plugin pinoutandconfiguration (category:base,tabindex:1)
2024-07-02 09:29:02,205 [INFO] PluginManage:310 - Check plugin pinoutconfig
2024-07-02 09:29:02,293 [WARN] SupportedApi:132 - Cannot load RTOS API schema: s4s-elt-must-match.1: The content of 'definitions' must match (annotation?, (simpleType | complexType)?, (unique | key | keyref)*)). A problem was found starting at: attribute.
2024-07-02 09:29:02,479 [INFO] PluginManage:359 - Loaded plugin pinoutconfig (category:base,tabindex:0)
2024-07-02 09:29:02,479 [INFO] PluginManage:310 - Check plugin power
2024-07-02 09:29:02,502 [INFO] PluginManage:359 - Loaded plugin power (category:power,tabindex:4)
2024-07-02 09:29:02,503 [INFO] PluginManage:310 - Check plugin projectmanager
2024-07-02 09:29:02,526 [INFO] PluginManage:359 - Loaded plugin projectmanager (category:projectmanager,tabindex:3)
2024-07-02 09:29:02,526 [INFO] PluginManage:310 - Check plugin thirdparty
2024-07-02 09:29:02,916 [INFO] PluginManage:359 - Loaded plugin thirdparty (category:base,tabindex:-1)
2024-07-02 09:29:02,916 [WARN] IntegrityCheckThread:84 - waiting for thirdparty lock release [integrity check]
2024-07-02 09:29:02,917 [INFO] IntegrityCheckThread:86 - entering critical section [integrity check]
2024-07-02 09:29:02,917 [INFO] PluginManage:310 - Check plugin tools
2024-07-02 09:29:02,917 [INFO] ThirdPartyUpdaterWithRetryManager:70 - Updater plugin not ready yet. [1/15]
2024-07-02 09:29:02,963 [INFO] PluginManage:359 - Loaded plugin tools (category:base,tabindex:7)
2024-07-02 09:29:02,963 [INFO] PluginManage:310 - Check plugin tutovideos
2024-07-02 09:29:03,311 [INFO] PluginManage:359 - Loaded plugin tutovideos (category:base,tabindex:-1)
2024-07-02 09:29:03,312 [INFO] PluginManage:310 - Check plugin updater
2024-07-02 09:29:03,327 [INFO] PluginManage:359 - Loaded plugin updater (category:base,tabindex:12)
2024-07-02 09:29:03,327 [INFO] PluginManage:310 - Check plugin userauth
2024-07-02 09:29:03,335 [INFO] UserAuth:114 - Init User Auth plugin
2024-07-02 09:29:03,335 [INFO] PluginManage:359 - Loaded plugin userauth (category:base,tabindex:14)
2024-07-02 09:29:03,335 [INFO] PluginManage:283 - PluginManage : Loaded plugins [17]
2024-07-02 09:29:03,587 [INFO] PinOutPanel:1561 - setPackage(No Configuration,No Configuration)
2024-07-02 09:29:03,666 [INFO] CADModel:165 - CPN selected for project level
2024-07-02 09:29:03,666 [INFO] CADModel:114 - Register for checkConnection events
2024-07-02 09:29:03,688 [INFO] IPUIPlugin:80 - create IPUIPlugin
2024-07-02 09:29:03,689 [INFO] PluginManager:220 - loadIPPluginJar : add adc
2024-07-02 09:29:03,721 [INFO] IPUIPlugin:80 - create IPUIPlugin
2024-07-02 09:29:03,721 [INFO] PluginManager:220 - loadIPPluginJar : add aes
2024-07-02 09:29:03,762 [INFO] IPUIPlugin:80 - create IPUIPlugin
2024-07-02 09:29:03,762 [INFO] PluginManager:220 - loadIPPluginJar : add can
2024-07-02 09:29:03,787 [INFO] IPUIPlugin:80 - create IPUIPlugin
2024-07-02 09:29:03,787 [INFO] PluginManager:220 - loadIPPluginJar : add comp
2024-07-02 09:29:03,839 [INFO] IPUIPlugin:80 - create IPUIPlugin
2024-07-02 09:29:03,839 [INFO] PluginManager:220 - loadIPPluginJar : add cryp
2024-07-02 09:29:03,872 [INFO] IPUIPlugin:80 - create IPUIPlugin
2024-07-02 09:29:03,872 [INFO] PluginManager:220 - loadIPPluginJar : add dfsdm
2024-07-02 09:29:03,884 [INFO] IPUIPlugin:80 - create IPUIPlugin
2024-07-02 09:29:03,884 [INFO] PluginManager:220 - loadIPPluginJar : add dma
2024-07-02 09:29:03,927 [INFO] IPUIPlugin:80 - create IPUIPlugin
2024-07-02 09:29:03,927 [INFO] PluginManager:220 - loadIPPluginJar : add dma3
2024-07-02 09:29:03,970 [INFO] IPUIPlugin:80 - create IPUIPlugin
2024-07-02 09:29:03,970 [INFO] PluginManager:220 - loadIPPluginJar : add extmemmanager
2024-07-02 09:29:03,988 [INFO] IPUIPlugin:80 - create IPUIPlugin
2024-07-02 09:29:03,989 [INFO] PluginManager:220 - loadIPPluginJar : add fatfs
2024-07-02 09:29:04,034 [INFO] IPUIPlugin:80 - create IPUIPlugin
2024-07-02 09:29:04,034 [INFO] PluginManager:220 - loadIPPluginJar : add fmc
2024-07-02 09:29:04,053 [INFO] IPUIPlugin:80 - create IPUIPlugin
2024-07-02 09:29:04,054 [INFO] PluginManager:220 - loadIPPluginJar : add freertos
2024-07-02 09:29:04,077 [INFO] IPUIPlugin:80 - create IPUIPlugin
2024-07-02 09:29:04,078 [INFO] PluginManager:220 - loadIPPluginJar : add genericplugin
2024-07-02 09:29:04,165 [INFO] IPUIPlugin:80 - create IPUIPlugin
2024-07-02 09:29:04,165 [INFO] PluginManager:220 - loadIPPluginJar : add gfxmmu
2024-07-02 09:29:04,281 [INFO] IPUIPlugin:80 - create IPUIPlugin
2024-07-02 09:29:04,281 [INFO] PluginManager:220 - loadIPPluginJar : add gic
2024-07-02 09:29:04,293 [INFO] IPUIPlugin:80 - create IPUIPlugin
2024-07-02 09:29:04,293 [INFO] PluginManager:220 - loadIPPluginJar : add gpio
2024-07-02 09:29:04,396 [INFO] IPUIPlugin:80 - create IPUIPlugin
2024-07-02 09:29:04,396 [INFO] PluginManager:220 - loadIPPluginJar : add gtzc
2024-07-02 09:29:04,432 [INFO] IPUIPlugin:80 - create IPUIPlugin
2024-07-02 09:29:04,432 [INFO] PluginManager:220 - loadIPPluginJar : add hash
2024-07-02 09:29:04,489 [INFO] IPUIPlugin:80 - create IPUIPlugin
2024-07-02 09:29:04,489 [INFO] PluginManager:220 - loadIPPluginJar : add i2c
2024-07-02 09:29:04,530 [INFO] IPUIPlugin:80 - create IPUIPlugin
2024-07-02 09:29:04,531 [INFO] PluginManager:220 - loadIPPluginJar : add i2s
2024-07-02 09:29:04,572 [INFO] IPUIPlugin:80 - create IPUIPlugin
2024-07-02 09:29:04,572 [INFO] PluginManager:220 - loadIPPluginJar : add i3c
2024-07-02 09:29:04,677 [INFO] IPUIPlugin:80 - create IPUIPlugin
2024-07-02 09:29:04,678 [INFO] PluginManager:220 - loadIPPluginJar : add ipddr
2024-07-02 09:29:04,769 [INFO] IPUIPlugin:80 - create IPUIPlugin
2024-07-02 09:29:04,769 [INFO] PluginManager:220 - loadIPPluginJar : add linkedlist
2024-07-02 09:29:04,804 [INFO] IPUIPlugin:80 - create IPUIPlugin
2024-07-02 09:29:04,804 [INFO] PluginManager:220 - loadIPPluginJar : add lorawan
2024-07-02 09:29:04,837 [INFO] IPUIPlugin:80 - create IPUIPlugin
2024-07-02 09:29:04,837 [INFO] PluginManager:220 - loadIPPluginJar : add ltdc
2024-07-02 09:29:04,858 [INFO] IPUIPlugin:80 - create IPUIPlugin
2024-07-02 09:29:04,858 [INFO] PluginManager:220 - loadIPPluginJar : add mdma
2024-07-02 09:29:04,869 [INFO] IPUIPlugin:80 - create IPUIPlugin
2024-07-02 09:29:04,869 [INFO] PluginManager:220 - loadIPPluginJar : add nvic
2024-07-02 09:29:04,903 [INFO] IPUIPlugin:80 - create IPUIPlugin
2024-07-02 09:29:04,903 [INFO] PluginManager:220 - loadIPPluginJar : add opamp
2024-07-02 09:29:04,962 [INFO] IPUIPlugin:80 - create IPUIPlugin
2024-07-02 09:29:04,963 [INFO] PluginManager:220 - loadIPPluginJar : add openamp
2024-07-02 09:29:05,008 [INFO] IPUIPlugin:80 - create IPUIPlugin
2024-07-02 09:29:05,008 [INFO] PluginManager:220 - loadIPPluginJar : add pdm2pcm
2024-07-02 09:29:05,021 [INFO] IPUIPlugin:80 - create IPUIPlugin
2024-07-02 09:29:05,023 [INFO] PluginManager:220 - loadIPPluginJar : add plateformsettings
2024-07-02 09:29:05,044 [INFO] IPUIPlugin:80 - create IPUIPlugin
2024-07-02 09:29:05,044 [INFO] PluginManager:220 - loadIPPluginJar : add quadspi
2024-07-02 09:29:05,056 [INFO] IPUIPlugin:80 - create IPUIPlugin
2024-07-02 09:29:05,056 [INFO] PluginManager:220 - loadIPPluginJar : add resmgrutility
2024-07-02 09:29:05,100 [INFO] IPUIPlugin:80 - create IPUIPlugin
2024-07-02 09:29:05,100 [INFO] PluginManager:220 - loadIPPluginJar : add sai
2024-07-02 09:29:05,135 [INFO] IPUIPlugin:80 - create IPUIPlugin
2024-07-02 09:29:05,136 [INFO] PluginManager:220 - loadIPPluginJar : add spi
2024-07-02 09:29:05,198 [INFO] IPUIPlugin:80 - create IPUIPlugin
2024-07-02 09:29:05,198 [INFO] PluginManager:220 - loadIPPluginJar : add stm32_wpan
2024-07-02 09:29:05,220 [INFO] IPUIPlugin:80 - create IPUIPlugin
2024-07-02 09:29:05,221 [INFO] PluginManager:220 - loadIPPluginJar : add tim
2024-07-02 09:29:05,280 [INFO] IPUIPlugin:80 - create IPUIPlugin
2024-07-02 09:29:05,280 [INFO] PluginManager:220 - loadIPPluginJar : add touchsensing
2024-07-02 09:29:05,306 [INFO] IPUIPlugin:80 - create IPUIPlugin
2024-07-02 09:29:05,306 [INFO] PluginManager:220 - loadIPPluginJar : add tracer_emb
2024-07-02 09:29:05,331 [INFO] IPUIPlugin:80 - create IPUIPlugin
2024-07-02 09:29:05,331 [INFO] PluginManager:220 - loadIPPluginJar : add ts
2024-07-02 09:29:05,355 [INFO] IPUIPlugin:80 - create IPUIPlugin
2024-07-02 09:29:05,356 [INFO] PluginManager:220 - loadIPPluginJar : add tsc
2024-07-02 09:29:05,388 [INFO] IPUIPlugin:80 - create IPUIPlugin
2024-07-02 09:29:05,389 [INFO] PluginManager:220 - loadIPPluginJar : add ucpd
2024-07-02 09:29:05,444 [INFO] IPUIPlugin:80 - create IPUIPlugin
2024-07-02 09:29:05,444 [INFO] PluginManager:220 - loadIPPluginJar : add usart
2024-07-02 09:29:05,487 [INFO] IPUIPlugin:80 - create IPUIPlugin
2024-07-02 09:29:05,487 [INFO] PluginManager:220 - loadIPPluginJar : add usbx
2024-07-02 09:29:05,632 [INFO] CADModel:165 - CPN selected for project level
2024-07-02 09:29:05,632 [INFO] CADModel:114 - Register for checkConnection events
2024-07-02 09:29:05,632 [FATAL] Updater:308 - Updater called before beeing initialized
2024-07-02 09:29:05,632 [ERROR] CADModel:125 - Updater not yet initialized, retry later 
2024-07-02 09:29:05,827 [INFO] CADModel:165 - CPN selected for project level
2024-07-02 09:29:05,828 [INFO] CADModel:114 - Register for checkConnection events
2024-07-02 09:29:05,828 [FATAL] Updater:308 - Updater called before beeing initialized
2024-07-02 09:29:05,828 [ERROR] CADModel:125 - Updater not yet initialized, retry later 
2024-07-02 09:29:05,831 [FATAL] Updater:308 - Updater called before beeing initialized
2024-07-02 09:29:05,919 [INFO] ThirdPartyUpdaterWithRetryManager:70 - Updater plugin not ready yet. [2/15]
2024-07-02 09:29:05,997 [FATAL] Updater:308 - Updater called before beeing initialized
2024-07-02 09:29:06,008 [INFO] DbMcusAds:53 - JSON generation date=Thu May 16 16:22:00 ICT 2024 (1715851320852)
2024-07-02 09:29:06,008 [FATAL] Updater:308 - Updater called before beeing initialized
2024-07-02 09:29:06,095 [WARN] DetailPanel:346 - Failed to get advertising image, set to default
2024-07-02 09:29:06,185 [FATAL] Updater:308 - Updater called before beeing initialized
2024-07-02 09:29:06,187 [FATAL] Updater:308 - Updater called before beeing initialized
2024-07-02 09:29:06,187 [FATAL] Updater:308 - Updater called before beeing initialized
2024-07-02 09:29:06,187 [WARN] DetailPanel:346 - Failed to get advertising image, set to default
2024-07-02 09:29:06,188 [FATAL] Updater:308 - Updater called before beeing initialized
2024-07-02 09:29:06,251 [ERROR] Updater:1120 - MainUpdater not yet initialized. External WinMGr cannot be set.
2024-07-02 09:29:06,260 [INFO] Updater:1056 - Updater Version found : 6.11.0
2024-07-02 09:29:06,277 [INFO] ApplicationProperties:184 - Using Application install path: C:\ST\STM32CubeIDE_1.14.1\STM32CubeIDE\plugins\com.st.stm32cube.common.mx_6.11.0.202403141607
2024-07-02 09:29:07,916 [ERROR] LogOutputStream:75 - [STDERR_REDIRECT] Jul 02, 2024 9:29:07 AM java.util.prefs.WindowsPreferences <init>
2024-07-02 09:29:07,917 [ERROR] LogOutputStream:75 - [STDERR_REDIRECT] WARNING: Could not open/create prefs root node Software\JavaSoft\Prefs at root 0xffffffff80000002. Windows RegCreateKeyEx(...) returned error code 5.
2024-07-02 09:29:07,918 [ERROR] LogOutputStream:75 - [STDERR_REDIRECT] 
2024-07-02 09:29:08,349 [INFO] MainUpdater:2873 - connection check result : 22
2024-07-02 09:29:08,350 [INFO] MainUpdater:290 - Updater Check For Update Now.
2024-07-02 09:29:08,350 [INFO] MicroXplorer:498 - Change Database Version : DB.6.0.110
2024-07-02 09:29:08,377 [INFO] McuFinderGlobals:63 - Set McuFinder mode to 2 (CubeIDE integrated)
2024-07-02 09:29:08,409 [INFO] UserAuth:415 - Internet connection configuration mode: 2
2024-07-02 09:29:08,617 [INFO] CheckServerUpdateThread:120 - End of CheckServer Thread
2024-07-02 09:29:09,283 [WARN] PackLoader:240 - Cannot read IP mode file for STMicroelectronics.FP-SNS-MOTENVWB1.1.4.0
2024-07-02 09:29:09,304 [WARN] PackLoader:240 - Cannot read IP mode file for STMicroelectronics.X-CUBE-SMBUS.2.1.0
2024-07-02 09:29:09,320 [WARN] PackLoader:240 - Cannot read IP mode file for STMicroelectronics.X-CUBE-TOUCHGFX.4.23.1
2024-07-02 09:29:09,335 [WARN] PackLoader:240 - Cannot read IP mode file for STMicroelectronics.X-CUBE-TOUCHGFX.4.23.0
2024-07-02 09:29:09,351 [WARN] PackLoader:240 - Cannot read IP mode file for STMicroelectronics.X-CUBE-TOUCHGFX.4.23.2
2024-07-02 09:29:09,412 [WARN] PackLoader:240 - Cannot read IP mode file for STMicroelectronics.X-CUBE-AZRTOS-F7.1.1.0
2024-07-02 09:29:09,449 [WARN] PackLoader:240 - Cannot read IP mode file for STMicroelectronics.FP-SNS-MOTENV1.4.3.2
2024-07-02 09:29:09,473 [WARN] PackLoader:240 - Cannot read IP mode file for STMicroelectronics.FP-SNS-FLIGHT1.5.0.2
2024-07-02 09:29:09,497 [WARN] PackLoader:240 - Cannot read IP mode file for STMicroelectronics.X-CUBE-DISPLAY.3.0.0
2024-07-02 09:29:09,526 [WARN] PackLoader:240 - Cannot read IP mode file for STMicroelectronics.X-CUBE-BLE1.7.0.0
2024-07-02 09:29:09,548 [WARN] PackLoader:240 - Cannot read IP mode file for emotas.I-CUBE-CANOPEN.1.3.0
2024-07-02 09:29:09,565 [WARN] PackLoader:240 - Cannot read IP mode file for STMicroelectronics.X-CUBE-TOUCHGFX.4.22.1
2024-07-02 09:29:09,644 [WARN] PackLoader:240 - Cannot read IP mode file for STMicroelectronics.X-CUBE-BLEMGR.3.1.0
2024-07-02 09:29:09,698 [WARN] PackLoader:240 - Cannot read IP mode file for STMicroelectronics.FP-SNS-SMARTAG2.1.2.0
2024-07-02 09:29:09,728 [INFO] LogOutputStream:77 - [STDOUT_REDIRECT] 1 : Invalid condition id : UX_CORESTACK_Condition cause : null
2024-07-02 09:29:09,729 [INFO] LogOutputStream:77 - [STDOUT_REDIRECT] 1 : Invalid condition id : UX_CORESTACK_Condition cause : null
2024-07-02 09:29:09,732 [INFO] LogOutputStream:77 - [STDOUT_REDIRECT] 1 : Invalid condition id : UX_CORESTACK_Condition cause : null
2024-07-02 09:29:09,739 [INFO] LogOutputStream:77 - [STDOUT_REDIRECT] 1 : Invalid condition id : UX_CORESTACK_Condition cause : null
2024-07-02 09:29:09,741 [INFO] LogOutputStream:77 - [STDOUT_REDIRECT] 1 : Invalid condition id : UX_CORESTACK_Condition cause : null
2024-07-02 09:29:09,747 [WARN] PackLoader:240 - Cannot read IP mode file for STMicroelectronics.X-CUBE-AZRTOS-WL.2.0.0
2024-07-02 09:29:09,769 [WARN] PackLoader:240 - Cannot read IP mode file for STMicroelectronics.FP-SNS-MOTENV1.5.0.0
2024-07-02 09:29:09,788 [WARN] PackLoader:240 - Cannot read IP mode file for wolfSSL.I-CUBE-wolfMQTT.1.19.0
2024-07-02 09:29:09,817 [WARN] PackLoader:240 - Cannot read IP mode file for WES.I-CUBE-Cesium.1.3.0
2024-07-02 09:29:09,834 [WARN] PackLoader:240 - Cannot read IP mode file for STMicroelectronics.X-CUBE-BLE2.3.3.0
2024-07-02 09:29:09,856 [WARN] PackLoader:240 - Cannot read IP mode file for STMicroelectronics.X-CUBE-TCPP.4.1.0
2024-07-02 09:29:09,879 [WARN] PackLoader:240 - Cannot read IP mode file for STMicroelectronics.X-CUBE-ALGOBUILD.1.3.0
2024-07-02 09:29:09,920 [WARN] PackLoader:240 - Cannot read IP mode file for STMicroelectronics.X-CUBE-AZRTOS-G0.1.1.0
2024-07-02 09:29:09,958 [WARN] PackLoader:240 - Cannot read IP mode file for STMicroelectronics.X-CUBE-SAFEA1.1.2.2
2024-07-02 09:29:09,988 [WARN] PackLoader:240 - Cannot read IP mode file for STMicroelectronics.X-CUBE-NFC4.3.0.0
2024-07-02 09:29:10,011 [WARN] PackLoader:240 - Cannot read IP mode file for STMicroelectronics.X-CUBE-BLEMGR.3.0.0
2024-07-02 09:29:10,032 [WARN] PackLoader:240 - Cannot read IP mode file for STMicroelectronics.FP-ATR-SIGFOX1.3.2.0
2024-07-02 09:29:10,052 [WARN] PackLoader:240 - Cannot read IP mode file for STMicroelectronics.X-CUBE-EEPRMA1.5.1.0
2024-07-02 09:29:10,116 [WARN] PackLoader:240 - Cannot read IP mode file for SEGGER.I-CUBE-embOS.1.3.1
2024-07-02 09:29:10,195 [WARN] PackLoader:240 - Cannot read IP mode file for STMicroelectronics.X-CUBE-ALGOBUILD.1.4.0
2024-07-02 09:29:10,213 [WARN] PackLoader:240 - Cannot read IP mode file for STMicroelectronics.X-CUBE-GNSS1.6.0.0
2024-07-02 09:29:10,265 [WARN] PackLoader:240 - Cannot read IP mode file for STMicroelectronics.X-CUBE-AZRTOS-F4.1.1.0
2024-07-02 09:29:10,291 [WARN] PackLoader:240 - Cannot read IP mode file for wolfSSL.I-CUBE-wolfSSL.5.6.3
2024-07-02 09:29:10,310 [WARN] PackLoader:240 - Cannot read IP mode file for STMicroelectronics.X-CUBE-FREERTOS.1.2.0
2024-07-02 09:29:10,384 [WARN] PackLoader:240 - Cannot read IP mode file for wolfSSL.I-CUBE-wolfSSL.5.6.6
2024-07-02 09:29:10,425 [WARN] PackLoader:240 - Cannot read IP mode file for STMicroelectronics.X-CUBE-AZRTOS-L5.2.0.0
2024-07-02 09:29:10,510 [WARN] PackLoader:240 - Cannot read IP mode file for STMicroelectronics.X-CUBE-MEMS1.9.6.0
2024-07-02 09:29:10,686 [WARN] PackLoader:240 - Cannot read IP mode file for STMicroelectronics.X-CUBE-EEPRMA1.4.2.0
2024-07-02 09:29:10,705 [WARN] PackLoader:240 - Cannot read IP mode file for STMicroelectronics.X-CUBE-NFC6.3.1.0
2024-07-02 09:29:10,723 [WARN] PackLoader:240 - Cannot read IP mode file for ITTIA_DB.I-CUBE-ITTIADB.8.8.0
2024-07-02 09:29:10,791 [WARN] PackLoader:240 - Cannot read IP mode file for STMicroelectronics.X-CUBE-BLEMGR.2.0.0
2024-07-02 09:29:10,809 [WARN] PackLoader:240 - Cannot read IP mode file for STMicroelectronics.X-CUBE-AI.9.0.0
2024-07-02 09:29:10,847 [WARN] ConditionMgr:438 - getConditionDescription Invalid condition id : UX DEVICE CLASS RTOS Condition cause : null
2024-07-02 09:29:10,847 [WARN] ConditionMgr:438 - getConditionDescription Invalid condition id : UX DEVICE CLASS RTOS Condition cause : null
2024-07-02 09:29:10,851 [WARN] PackLoader:240 - Cannot read IP mode file for STMicroelectronics.X-CUBE-AZRTOS-H7.3.1.0
2024-07-02 09:29:10,852 [WARN] ConditionMgr:1039 - genDependencies : Invalid condition id : UX DEVICE CLASS RTOS Condition cause : null
2024-07-02 09:29:10,852 [WARN] ConditionMgr:1039 - genDependencies : Invalid condition id : UX DEVICE CLASS RTOS Condition cause : null
2024-07-02 09:29:10,853 [WARN] ConditionMgr:1039 - genDependencies : Invalid condition id : UX DEVICE CLASS RTOS Condition cause : null
2024-07-02 09:29:10,853 [WARN] ConditionMgr:1039 - genDependencies : Invalid condition id : UX DEVICE CLASS RTOS Condition cause : null
2024-07-02 09:29:10,854 [WARN] ConditionMgr:1039 - genDependencies : Invalid condition id : UX DEVICE CLASS RTOS Condition cause : null
2024-07-02 09:29:10,875 [WARN] PackLoader:240 - Cannot read IP mode file for STMicroelectronics.X-CUBE-NFC7.1.0.1
2024-07-02 09:29:10,894 [WARN] PackLoader:240 - Cannot read IP mode file for STMicroelectronics.X-CUBE-NFC6.3.0.0
2024-07-02 09:29:10,914 [WARN] PackLoader:240 - Cannot read IP mode file for STMicroelectronics.X-CUBE-EEPRMA1.4.1.0
2024-07-02 09:29:10,932 [WARN] PackLoader:240 - Cannot read IP mode file for STMicroelectronics.X-CUBE-AI.8.1.0
2024-07-02 09:29:10,988 [WARN] ConditionMgr:438 - getConditionDescription Invalid condition id : LAN8742 Phy interface Condition cause : null
2024-07-02 09:29:10,989 [WARN] PackLoader:240 - Cannot read IP mode file for STMicroelectronics.X-CUBE-AZRTOS-L4.2.0.0
2024-07-02 09:29:10,991 [WARN] ConditionMgr:1039 - genDependencies : Invalid condition id : LAN8742 Phy interface Condition cause : null
2024-07-02 09:29:10,991 [WARN] ConditionMgr:1039 - genDependencies : Invalid condition id : LAN8742 Phy interface Condition cause : null
2024-07-02 09:29:10,992 [WARN] ConditionMgr:1039 - genDependencies : Invalid condition id : LAN8742 Phy interface Condition cause : null
2024-07-02 09:29:11,083 [WARN] PackLoader:240 - Cannot read IP mode file for STMicroelectronics.X-CUBE-SFXS2LP1.4.0.0
2024-07-02 09:29:11,099 [WARN] PackLoader:240 - Cannot read IP mode file for STMicroelectronics.X-CUBE-ISPU.1.1.0
2024-07-02 09:29:11,129 [WARN] ConditionMgr:438 - getConditionDescription Invalid condition id : UX DEVICE CLASS RTOS Condition cause : null
2024-07-02 09:29:11,130 [WARN] ConditionMgr:438 - getConditionDescription Invalid condition id : UX DEVICE CLASS RTOS Condition cause : null
2024-07-02 09:29:11,132 [WARN] PackLoader:240 - Cannot read IP mode file for STMicroelectronics.X-CUBE-AZRTOS-WB.2.0.0
2024-07-02 09:29:11,133 [WARN] ConditionMgr:1039 - genDependencies : Invalid condition id : UX DEVICE CLASS RTOS Condition cause : null
2024-07-02 09:29:11,133 [WARN] ConditionMgr:1039 - genDependencies : Invalid condition id : UX DEVICE CLASS RTOS Condition cause : null
2024-07-02 09:29:11,133 [WARN] ConditionMgr:1039 - genDependencies : Invalid condition id : UX DEVICE CLASS RTOS Condition cause : null
2024-07-02 09:29:11,134 [WARN] ConditionMgr:1039 - genDependencies : Invalid condition id : UX DEVICE CLASS RTOS Condition cause : null
2024-07-02 09:29:11,134 [WARN] ConditionMgr:1039 - genDependencies : Invalid condition id : UX DEVICE CLASS RTOS Condition cause : null
2024-07-02 09:29:11,154 [WARN] PackLoader:240 - Cannot read IP mode file for STMicroelectronics.X-CUBE-SUBG2.5.0.0
2024-07-02 09:29:11,175 [WARN] PackLoader:240 - Cannot read IP mode file for STMicroelectronics.X-CUBE-TOF1.3.3.1
2024-07-02 09:29:11,211 [WARN] PackLoader:240 - Cannot read IP mode file for STMicroelectronics.X-CUBE-AZRTOS-G4.2.0.0
2024-07-02 09:29:11,239 [WARN] PackLoader:240 - Cannot read IP mode file for Infineon.AIROC-Wi-Fi-Bluetooth-STM32.1.5.1
2024-07-02 09:29:11,258 [WARN] PackLoader:240 - Cannot read IP mode file for STMicroelectronics.FP-SNS-MOTENVWB1.1.3.0
2024-07-02 09:29:11,270 [WARN] PackLoader:240 - Cannot read IP mode file for STMicroelectronics.FP-SNS-MOTENVWB1.1.3.1
2024-07-02 09:29:11,281 [WARN] PackLoader:240 - Cannot read IP mode file for STMicroelectronics.X-CUBE-ISPU.2.0.0
2024-07-02 09:29:11,294 [WARN] PackLoader:240 - Cannot read IP mode file for STMicroelectronics.X-CUBE-ALS.1.0.2
2024-07-02 09:29:11,343 [WARN] PackLoader:240 - Cannot read IP mode file for STMicroelectronics.X-CUBE-MEMS1.10.0.0
2024-07-02 09:29:11,433 [WARN] PackLoader:240 - Cannot read IP mode file for STMicroelectronics.X-CUBE-FREERTOS.1.1.0
2024-07-02 09:29:11,444 [WARN] PackLoader:240 - Cannot read IP mode file for STMicroelectronics.X-CUBE-TOUCHGFX.4.24.0
2024-07-02 09:29:11,455 [WARN] PackLoader:240 - Cannot read IP mode file for portGmbH.I-Cube-SoM-uGOAL.1.1.0
2024-07-02 09:29:11,466 [WARN] PackLoader:240 - Cannot read IP mode file for STMicroelectronics.X-CUBE-ALS.1.0.1
2024-07-02 09:29:11,502 [WARN] PackLoader:240 - Cannot read IP mode file for STMicroelectronics.X-CUBE-AZRTOS-H7RS.1.0.0
2024-07-02 09:29:11,516 [WARN] PackLoader:240 - Cannot read IP mode file for STMicroelectronics.FP-ATR-ASTRA1.2.0.0
2024-07-02 09:29:11,546 [WARN] PackLoader:240 - Cannot read IP mode file for STMicroelectronics.X-CUBE-TOF1.3.4.0
2024-07-02 09:29:11,573 [WARN] PackLoader:240 - Cannot read IP mode file for STMicroelectronics.X-CUBE-TOF1.3.4.1
2024-07-02 09:29:11,608 [WARN] PackLoader:240 - Cannot read IP mode file for STMicroelectronics.X-CUBE-AZRTOS-H7.3.2.0
2024-07-02 09:29:11,610 [INFO] ThirdParty:978 - Integrity check success = true
2024-07-02 09:29:11,610 [INFO] IntegrityCheckThread:100 - exiting critical section [integrity check]
2024-07-02 09:29:11,610 [INFO] IntegrityCheckThread:103 - End integrity checks thread
2024-07-02 11:43:19,618 [ERROR] LogOutputStream:75 - [STDERR_REDIRECT] 
