2024-07-09 16:38:52,992 [INFO] Activator:176 - 


2024-07-09 16:38:53,000 [INFO] Activator:177 - !SESSION log4j initialized
2024-07-09 16:39:03,043 [INFO] LogOutputStream:77 - [STDOUT_REDIRECT] 
2024-07-09 16:39:09,947 [INFO] ApplicationProperties:184 - Using Application install path: C:\ST\STM32CubeIDE_1.14.1\STM32CubeIDE\plugins\com.st.stm32cube.common.mx_6.11.0.202403141607
2024-07-09 16:39:09,965 [INFO] DbMcusXml:78 - Set database path to: C:\ST\STM32CubeIDE_1.14.1\STM32CubeIDE\plugins\com.st.stm32cube.common.mx_6.11.0.202403141607\\db\/mcu/
2024-07-09 16:39:09,966 [INFO] ApiDb:274 - Set plugin database path to: C:\ST\STM32CubeIDE_1.14.1\STM32CubeIDE\plugins\com.st.stm32cube.common.mx_6.11.0.202403141607\\db\/plugins/boardmanager/
2024-07-09 16:39:09,966 [WARN] ApiDb:259 - Overriding images path with different value:  => C:\ST\STM32CubeIDE_1.14.1\STM32CubeIDE\plugins\com.st.stm32cube.common.mx_6.11.0.202403141607\\db\/plugins/mcufinder/images/
2024-07-09 16:39:09,977 [INFO] ApiDb:250 - Set database path to: C:\Users\AAA\.stmcufinder\plugins\mcufinder//mcu/
2024-07-09 16:39:09,978 [INFO] DbMcusAds:125 - Set database path to: C:\Users\AAA\.stmcufinder\plugins\mcufinder//mcu/
2024-07-09 16:39:09,981 [INFO] CrossReferenceDbSqlite:203 - Set database path to: C:\Users\AAA\.stmcufinder\plugins\mcufinder//mcu/cs/
2024-07-09 16:39:10,123 [INFO] RulesReader:64 - Compatibility file has been processed (297 Rules)
2024-07-09 16:39:10,224 [INFO] DbMcusXml:78 - Set database path to: C:\ST\STM32CubeIDE_1.14.1\STM32CubeIDE\plugins\com.st.stm32cube.common.mx_6.11.0.202403141607\\db\/mcu/
2024-07-09 16:39:10,224 [INFO] ApiDb:274 - Set plugin database path to: C:\ST\STM32CubeIDE_1.14.1\STM32CubeIDE\plugins\com.st.stm32cube.common.mx_6.11.0.202403141607\\db\/plugins/boardmanager/
2024-07-09 16:39:10,224 [INFO] ApiDb:261 - Set plugin images path to: C:\ST\STM32CubeIDE_1.14.1\STM32CubeIDE\plugins\com.st.stm32cube.common.mx_6.11.0.202403141607\\db\/plugins/mcufinder/images/
2024-07-09 16:39:10,225 [WARN] DbFile:41 - Overriding database path with different value: C:\Users\AAA\.stmcufinder\plugins\mcufinder/ => C:\Users\AAA\.stmcufinder\plugins\mcufinder
2024-07-09 16:39:10,225 [INFO] ApiDb:250 - Set database path to: C:\Users\AAA\.stmcufinder\plugins\mcufinder//mcu/
2024-07-09 16:39:10,225 [WARN] DbFile:41 - Overriding database path with different value: C:\Users\AAA\.stmcufinder\plugins\mcufinder/ => C:\Users\AAA\.stmcufinder\plugins\mcufinder
2024-07-09 16:39:10,225 [INFO] DbMcusAds:125 - Set database path to: C:\Users\AAA\.stmcufinder\plugins\mcufinder//mcu/
2024-07-09 16:39:10,225 [WARN] DbFile:41 - Overriding database path with different value: C:\Users\AAA\.stmcufinder\plugins\mcufinder/ => C:\Users\AAA\.stmcufinder\plugins\mcufinder
2024-07-09 16:39:10,225 [WARN] DbFile:41 - Overriding database path with different value: C:\Users\AAA\.stmcufinder\plugins\mcufinder/ => C:\Users\AAA\.stmcufinder\plugins\mcufinder
2024-07-09 16:39:10,225 [INFO] CrossReferenceDbSqlite:203 - Set database path to: C:\Users\AAA\.stmcufinder\plugins\mcufinder//mcu/cs/
2024-07-09 16:39:10,320 [INFO] MainPanel:264 - HeapMemory: 268435456
2024-07-09 16:39:10,415 [INFO] DbMcusXml:78 - Set database path to: C:\ST\STM32CubeIDE_1.14.1\STM32CubeIDE\plugins\com.st.stm32cube.common.mx_6.11.0.202403141607\\db\/mcu/
2024-07-09 16:39:10,415 [INFO] ApiDb:274 - Set plugin database path to: C:\ST\STM32CubeIDE_1.14.1\STM32CubeIDE\plugins\com.st.stm32cube.common.mx_6.11.0.202403141607\\db\/plugins/boardmanager/
2024-07-09 16:39:10,415 [INFO] ApiDb:261 - Set plugin images path to: C:\ST\STM32CubeIDE_1.14.1\STM32CubeIDE\plugins\com.st.stm32cube.common.mx_6.11.0.202403141607\\db\/plugins/mcufinder/images/
2024-07-09 16:39:10,416 [WARN] DbFile:41 - Overriding database path with different value: C:\Users\AAA\.stmcufinder\plugins\mcufinder/ => C:\Users\AAA\.stmcufinder\plugins\mcufinder
2024-07-09 16:39:10,416 [INFO] ApiDb:250 - Set database path to: C:\Users\AAA\.stmcufinder\plugins\mcufinder//mcu/
2024-07-09 16:39:10,416 [WARN] DbFile:41 - Overriding database path with different value: C:\Users\AAA\.stmcufinder\plugins\mcufinder/ => C:\Users\AAA\.stmcufinder\plugins\mcufinder
2024-07-09 16:39:10,416 [INFO] DbMcusAds:125 - Set database path to: C:\Users\AAA\.stmcufinder\plugins\mcufinder//mcu/
2024-07-09 16:39:10,416 [WARN] DbFile:41 - Overriding database path with different value: C:\Users\AAA\.stmcufinder\plugins\mcufinder/ => C:\Users\AAA\.stmcufinder\plugins\mcufinder
2024-07-09 16:39:10,416 [WARN] DbFile:41 - Overriding database path with different value: C:\Users\AAA\.stmcufinder\plugins\mcufinder/ => C:\Users\AAA\.stmcufinder\plugins\mcufinder
2024-07-09 16:39:10,416 [INFO] CrossReferenceDbSqlite:203 - Set database path to: C:\Users\AAA\.stmcufinder\plugins\mcufinder//mcu/cs/
2024-07-09 16:39:10,438 [INFO] ApplicationProperties:184 - Using Application install path: C:\ST\STM32CubeIDE_1.14.1\STM32CubeIDE\plugins\com.st.stm32cube.common.mx_6.11.0.202403141607
2024-07-09 16:39:10,440 [INFO] PluginManage:196 - Search for loadable plugins [exclusion list=, ]
2024-07-09 16:39:10,441 [INFO] PluginManage:310 - Check plugin analytics
2024-07-09 16:39:10,644 [INFO] AnalyticsPlugin:253 - Accepted Software Licenses: 
2024-07-09 16:39:10,644 [INFO] AnalyticsPlugin:255 - Accepted CMSIS Pack Licenses: ARM.CMSIS.6.0.0
2024-07-09 16:39:10,645 [INFO] AnalyticsPlugin:257 - Accepted Firmware Licenses: 
2024-07-09 16:39:10,648 [INFO] PluginManage:359 - Loaded plugin analytics (category:tool,tabindex:-1)
2024-07-09 16:39:10,648 [INFO] PluginManage:310 - Check plugin cadmodel
2024-07-09 16:39:10,672 [INFO] CADModel:105 - Init CAD model plugin
2024-07-09 16:39:10,672 [INFO] PluginManage:359 - Loaded plugin cadmodel (category:power,tabindex:5)
2024-07-09 16:39:10,672 [INFO] PluginManage:310 - Check plugin clock
2024-07-09 16:39:10,694 [INFO] PluginManage:359 - Loaded plugin clock (category:base,tabindex:2)
2024-07-09 16:39:10,695 [INFO] PluginManage:310 - Check plugin ddr
2024-07-09 16:39:10,698 [INFO] PluginManage:359 - Loaded plugin ddr (category:tool,tabindex:6)
2024-07-09 16:39:10,698 [INFO] PluginManage:310 - Check plugin filemanager
2024-07-09 16:39:10,877 [INFO] PluginManage:359 - Loaded plugin filemanager (category:base,tabindex:10)
2024-07-09 16:39:10,877 [INFO] PluginManage:310 - Check plugin ipmanager
2024-07-09 16:39:10,886 [INFO] PluginManage:359 - Loaded plugin ipmanager (category:base,tabindex:5)
2024-07-09 16:39:10,886 [INFO] PluginManage:310 - Check plugin lpbam
2024-07-09 16:39:10,903 [INFO] PluginManage:359 - Loaded plugin lpbam (category:base,tabindex:0)
2024-07-09 16:39:10,903 [INFO] PluginManage:310 - Check plugin memorymap
2024-07-09 16:39:10,933 [INFO] PluginManage:359 - Loaded plugin memorymap (category:base,tabindex:4)
2024-07-09 16:39:10,933 [INFO] PluginManage:310 - Check plugin pinoutandconfiguration
2024-07-09 16:39:10,965 [INFO] PluginManage:359 - Loaded plugin pinoutandconfiguration (category:base,tabindex:1)
2024-07-09 16:39:10,965 [INFO] PluginManage:310 - Check plugin pinoutconfig
2024-07-09 16:39:11,079 [WARN] SupportedApi:132 - Cannot load RTOS API schema: s4s-elt-must-match.1: The content of 'definitions' must match (annotation?, (simpleType | complexType)?, (unique | key | keyref)*)). A problem was found starting at: attribute.
2024-07-09 16:39:11,231 [INFO] PluginManage:359 - Loaded plugin pinoutconfig (category:base,tabindex:0)
2024-07-09 16:39:11,231 [INFO] PluginManage:310 - Check plugin power
2024-07-09 16:39:11,254 [INFO] PluginManage:359 - Loaded plugin power (category:power,tabindex:4)
2024-07-09 16:39:11,254 [INFO] PluginManage:310 - Check plugin projectmanager
2024-07-09 16:39:11,275 [INFO] PluginManage:359 - Loaded plugin projectmanager (category:projectmanager,tabindex:3)
2024-07-09 16:39:11,276 [INFO] PluginManage:310 - Check plugin thirdparty
2024-07-09 16:39:11,629 [INFO] PluginManage:359 - Loaded plugin thirdparty (category:base,tabindex:-1)
2024-07-09 16:39:11,629 [INFO] PluginManage:310 - Check plugin tools
2024-07-09 16:39:11,629 [WARN] IntegrityCheckThread:84 - waiting for thirdparty lock release [integrity check]
2024-07-09 16:39:11,629 [INFO] IntegrityCheckThread:86 - entering critical section [integrity check]
2024-07-09 16:39:11,630 [INFO] ThirdPartyUpdaterWithRetryManager:70 - Updater plugin not ready yet. [1/15]
2024-07-09 16:39:11,664 [INFO] PluginManage:359 - Loaded plugin tools (category:base,tabindex:7)
2024-07-09 16:39:11,664 [INFO] PluginManage:310 - Check plugin tutovideos
2024-07-09 16:39:11,854 [INFO] PluginManage:359 - Loaded plugin tutovideos (category:base,tabindex:-1)
2024-07-09 16:39:11,854 [INFO] PluginManage:310 - Check plugin updater
2024-07-09 16:39:11,866 [INFO] PluginManage:359 - Loaded plugin updater (category:base,tabindex:12)
2024-07-09 16:39:11,867 [INFO] PluginManage:310 - Check plugin userauth
2024-07-09 16:39:11,875 [INFO] UserAuth:114 - Init User Auth plugin
2024-07-09 16:39:11,875 [INFO] PluginManage:359 - Loaded plugin userauth (category:base,tabindex:14)
2024-07-09 16:39:11,875 [INFO] PluginManage:283 - PluginManage : Loaded plugins [17]
2024-07-09 16:39:12,115 [INFO] PinOutPanel:1561 - setPackage(No Configuration,No Configuration)
2024-07-09 16:39:12,201 [INFO] CADModel:165 - CPN selected for project level
2024-07-09 16:39:12,201 [INFO] CADModel:114 - Register for checkConnection events
2024-07-09 16:39:12,225 [INFO] IPUIPlugin:80 - create IPUIPlugin
2024-07-09 16:39:12,225 [INFO] PluginManager:220 - loadIPPluginJar : add adc
2024-07-09 16:39:12,263 [INFO] IPUIPlugin:80 - create IPUIPlugin
2024-07-09 16:39:12,263 [INFO] PluginManager:220 - loadIPPluginJar : add aes
2024-07-09 16:39:12,305 [INFO] IPUIPlugin:80 - create IPUIPlugin
2024-07-09 16:39:12,306 [INFO] PluginManager:220 - loadIPPluginJar : add can
2024-07-09 16:39:12,330 [INFO] IPUIPlugin:80 - create IPUIPlugin
2024-07-09 16:39:12,330 [INFO] PluginManager:220 - loadIPPluginJar : add comp
2024-07-09 16:39:12,381 [INFO] IPUIPlugin:80 - create IPUIPlugin
2024-07-09 16:39:12,382 [INFO] PluginManager:220 - loadIPPluginJar : add cryp
2024-07-09 16:39:12,420 [INFO] IPUIPlugin:80 - create IPUIPlugin
2024-07-09 16:39:12,420 [INFO] PluginManager:220 - loadIPPluginJar : add dfsdm
2024-07-09 16:39:12,439 [INFO] IPUIPlugin:80 - create IPUIPlugin
2024-07-09 16:39:12,440 [INFO] PluginManager:220 - loadIPPluginJar : add dma
2024-07-09 16:39:12,490 [INFO] IPUIPlugin:80 - create IPUIPlugin
2024-07-09 16:39:12,491 [INFO] PluginManager:220 - loadIPPluginJar : add dma3
2024-07-09 16:39:12,537 [INFO] IPUIPlugin:80 - create IPUIPlugin
2024-07-09 16:39:12,537 [INFO] PluginManager:220 - loadIPPluginJar : add extmemmanager
2024-07-09 16:39:12,561 [INFO] IPUIPlugin:80 - create IPUIPlugin
2024-07-09 16:39:12,561 [INFO] PluginManager:220 - loadIPPluginJar : add fatfs
2024-07-09 16:39:12,634 [INFO] IPUIPlugin:80 - create IPUIPlugin
2024-07-09 16:39:12,634 [INFO] PluginManager:220 - loadIPPluginJar : add fmc
2024-07-09 16:39:12,648 [INFO] IPUIPlugin:80 - create IPUIPlugin
2024-07-09 16:39:12,648 [INFO] PluginManager:220 - loadIPPluginJar : add freertos
2024-07-09 16:39:12,669 [INFO] IPUIPlugin:80 - create IPUIPlugin
2024-07-09 16:39:12,669 [INFO] PluginManager:220 - loadIPPluginJar : add genericplugin
2024-07-09 16:39:12,765 [INFO] IPUIPlugin:80 - create IPUIPlugin
2024-07-09 16:39:12,765 [INFO] PluginManager:220 - loadIPPluginJar : add gfxmmu
2024-07-09 16:39:12,943 [INFO] IPUIPlugin:80 - create IPUIPlugin
2024-07-09 16:39:12,943 [INFO] PluginManager:220 - loadIPPluginJar : add gic
2024-07-09 16:39:12,955 [INFO] IPUIPlugin:80 - create IPUIPlugin
2024-07-09 16:39:12,955 [INFO] PluginManager:220 - loadIPPluginJar : add gpio
2024-07-09 16:39:13,097 [INFO] IPUIPlugin:80 - create IPUIPlugin
2024-07-09 16:39:13,098 [INFO] PluginManager:220 - loadIPPluginJar : add gtzc
2024-07-09 16:39:13,139 [INFO] IPUIPlugin:80 - create IPUIPlugin
2024-07-09 16:39:13,139 [INFO] PluginManager:220 - loadIPPluginJar : add hash
2024-07-09 16:39:13,212 [INFO] IPUIPlugin:80 - create IPUIPlugin
2024-07-09 16:39:13,212 [INFO] PluginManager:220 - loadIPPluginJar : add i2c
2024-07-09 16:39:13,264 [INFO] IPUIPlugin:80 - create IPUIPlugin
2024-07-09 16:39:13,265 [INFO] PluginManager:220 - loadIPPluginJar : add i2s
2024-07-09 16:39:13,327 [INFO] IPUIPlugin:80 - create IPUIPlugin
2024-07-09 16:39:13,327 [INFO] PluginManager:220 - loadIPPluginJar : add i3c
2024-07-09 16:39:13,447 [INFO] IPUIPlugin:80 - create IPUIPlugin
2024-07-09 16:39:13,447 [INFO] PluginManager:220 - loadIPPluginJar : add ipddr
2024-07-09 16:39:13,541 [INFO] IPUIPlugin:80 - create IPUIPlugin
2024-07-09 16:39:13,541 [INFO] PluginManager:220 - loadIPPluginJar : add linkedlist
2024-07-09 16:39:13,577 [INFO] IPUIPlugin:80 - create IPUIPlugin
2024-07-09 16:39:13,577 [INFO] PluginManager:220 - loadIPPluginJar : add lorawan
2024-07-09 16:39:13,615 [INFO] IPUIPlugin:80 - create IPUIPlugin
2024-07-09 16:39:13,615 [INFO] PluginManager:220 - loadIPPluginJar : add ltdc
2024-07-09 16:39:13,629 [INFO] IPUIPlugin:80 - create IPUIPlugin
2024-07-09 16:39:13,630 [INFO] PluginManager:220 - loadIPPluginJar : add mdma
2024-07-09 16:39:13,642 [INFO] IPUIPlugin:80 - create IPUIPlugin
2024-07-09 16:39:13,642 [INFO] PluginManager:220 - loadIPPluginJar : add nvic
2024-07-09 16:39:13,679 [INFO] IPUIPlugin:80 - create IPUIPlugin
2024-07-09 16:39:13,679 [INFO] PluginManager:220 - loadIPPluginJar : add opamp
2024-07-09 16:39:13,743 [INFO] IPUIPlugin:80 - create IPUIPlugin
2024-07-09 16:39:13,743 [INFO] PluginManager:220 - loadIPPluginJar : add openamp
2024-07-09 16:39:13,814 [INFO] IPUIPlugin:80 - create IPUIPlugin
2024-07-09 16:39:13,814 [INFO] PluginManager:220 - loadIPPluginJar : add pdm2pcm
2024-07-09 16:39:13,832 [INFO] IPUIPlugin:80 - create IPUIPlugin
2024-07-09 16:39:13,835 [INFO] PluginManager:220 - loadIPPluginJar : add plateformsettings
2024-07-09 16:39:13,869 [INFO] IPUIPlugin:80 - create IPUIPlugin
2024-07-09 16:39:13,869 [INFO] PluginManager:220 - loadIPPluginJar : add quadspi
2024-07-09 16:39:13,888 [INFO] IPUIPlugin:80 - create IPUIPlugin
2024-07-09 16:39:13,888 [INFO] PluginManager:220 - loadIPPluginJar : add resmgrutility
2024-07-09 16:39:13,957 [INFO] IPUIPlugin:80 - create IPUIPlugin
2024-07-09 16:39:13,957 [INFO] PluginManager:220 - loadIPPluginJar : add sai
2024-07-09 16:39:14,002 [INFO] IPUIPlugin:80 - create IPUIPlugin
2024-07-09 16:39:14,003 [INFO] PluginManager:220 - loadIPPluginJar : add spi
2024-07-09 16:39:14,105 [INFO] IPUIPlugin:80 - create IPUIPlugin
2024-07-09 16:39:14,106 [INFO] PluginManager:220 - loadIPPluginJar : add stm32_wpan
2024-07-09 16:39:14,146 [INFO] IPUIPlugin:80 - create IPUIPlugin
2024-07-09 16:39:14,146 [INFO] PluginManager:220 - loadIPPluginJar : add tim
2024-07-09 16:39:14,258 [INFO] IPUIPlugin:80 - create IPUIPlugin
2024-07-09 16:39:14,258 [INFO] PluginManager:220 - loadIPPluginJar : add touchsensing
2024-07-09 16:39:14,300 [INFO] IPUIPlugin:80 - create IPUIPlugin
2024-07-09 16:39:14,300 [INFO] PluginManager:220 - loadIPPluginJar : add tracer_emb
2024-07-09 16:39:14,335 [INFO] IPUIPlugin:80 - create IPUIPlugin
2024-07-09 16:39:14,335 [INFO] PluginManager:220 - loadIPPluginJar : add ts
2024-07-09 16:39:14,365 [INFO] IPUIPlugin:80 - create IPUIPlugin
2024-07-09 16:39:14,366 [INFO] PluginManager:220 - loadIPPluginJar : add tsc
2024-07-09 16:39:14,399 [INFO] IPUIPlugin:80 - create IPUIPlugin
2024-07-09 16:39:14,399 [INFO] PluginManager:220 - loadIPPluginJar : add ucpd
2024-07-09 16:39:14,448 [INFO] IPUIPlugin:80 - create IPUIPlugin
2024-07-09 16:39:14,448 [INFO] PluginManager:220 - loadIPPluginJar : add usart
2024-07-09 16:39:14,505 [INFO] IPUIPlugin:80 - create IPUIPlugin
2024-07-09 16:39:14,505 [INFO] PluginManager:220 - loadIPPluginJar : add usbx
2024-07-09 16:39:14,631 [INFO] ThirdPartyUpdaterWithRetryManager:70 - Updater plugin not ready yet. [2/15]
2024-07-09 16:39:14,649 [INFO] CADModel:165 - CPN selected for project level
2024-07-09 16:39:14,649 [INFO] CADModel:114 - Register for checkConnection events
2024-07-09 16:39:14,649 [FATAL] Updater:308 - Updater called before beeing initialized
2024-07-09 16:39:14,649 [ERROR] CADModel:125 - Updater not yet initialized, retry later 
2024-07-09 16:39:14,802 [INFO] CADModel:165 - CPN selected for project level
2024-07-09 16:39:14,802 [INFO] CADModel:114 - Register for checkConnection events
2024-07-09 16:39:14,803 [FATAL] Updater:308 - Updater called before beeing initialized
2024-07-09 16:39:14,803 [ERROR] CADModel:125 - Updater not yet initialized, retry later 
2024-07-09 16:39:14,806 [FATAL] Updater:308 - Updater called before beeing initialized
2024-07-09 16:39:14,964 [FATAL] Updater:308 - Updater called before beeing initialized
2024-07-09 16:39:14,980 [INFO] DbMcusAds:53 - JSON generation date=Thu May 16 16:22:00 ICT 2024 (1715851320852)
2024-07-09 16:39:14,980 [FATAL] Updater:308 - Updater called before beeing initialized
2024-07-09 16:39:15,104 [WARN] DetailPanel:346 - Failed to get advertising image, set to default
2024-07-09 16:39:15,247 [FATAL] Updater:308 - Updater called before beeing initialized
2024-07-09 16:39:15,249 [FATAL] Updater:308 - Updater called before beeing initialized
2024-07-09 16:39:15,249 [FATAL] Updater:308 - Updater called before beeing initialized
2024-07-09 16:39:15,249 [WARN] DetailPanel:346 - Failed to get advertising image, set to default
2024-07-09 16:39:15,250 [FATAL] Updater:308 - Updater called before beeing initialized
2024-07-09 16:39:15,335 [ERROR] Updater:1120 - MainUpdater not yet initialized. External WinMGr cannot be set.
2024-07-09 16:39:15,352 [INFO] Updater:1056 - Updater Version found : 6.11.0
2024-07-09 16:39:15,372 [INFO] ApplicationProperties:184 - Using Application install path: C:\ST\STM32CubeIDE_1.14.1\STM32CubeIDE\plugins\com.st.stm32cube.common.mx_6.11.0.202403141607
2024-07-09 16:39:16,957 [ERROR] LogOutputStream:75 - [STDERR_REDIRECT] Jul 09, 2024 4:39:16 PM java.util.prefs.WindowsPreferences <init>
2024-07-09 16:39:16,959 [ERROR] LogOutputStream:75 - [STDERR_REDIRECT] WARNING: Could not open/create prefs root node Software\JavaSoft\Prefs at root 0xffffffff80000002. Windows RegCreateKeyEx(...) returned error code 5.
2024-07-09 16:39:16,959 [ERROR] LogOutputStream:75 - [STDERR_REDIRECT] 
2024-07-09 16:39:17,268 [INFO] MainUpdater:2873 - connection check result : 22
2024-07-09 16:39:17,269 [INFO] MainUpdater:290 - Updater Check For Update Now.
2024-07-09 16:39:17,269 [INFO] MicroXplorer:498 - Change Database Version : DB.6.0.110
2024-07-09 16:39:17,307 [INFO] McuFinderGlobals:63 - Set McuFinder mode to 2 (CubeIDE integrated)
2024-07-09 16:39:17,351 [INFO] UserAuth:415 - Internet connection configuration mode: 2
2024-07-09 16:39:17,516 [INFO] CheckServerUpdateThread:120 - End of CheckServer Thread
2024-07-09 16:39:18,060 [WARN] PackLoader:240 - Cannot read IP mode file for STMicroelectronics.FP-SNS-MOTENVWB1.1.4.0
2024-07-09 16:39:18,088 [WARN] PackLoader:240 - Cannot read IP mode file for STMicroelectronics.X-CUBE-SMBUS.2.1.0
2024-07-09 16:39:18,105 [WARN] PackLoader:240 - Cannot read IP mode file for STMicroelectronics.X-CUBE-TOUCHGFX.4.23.1
2024-07-09 16:39:18,120 [WARN] PackLoader:240 - Cannot read IP mode file for STMicroelectronics.X-CUBE-TOUCHGFX.4.23.0
2024-07-09 16:39:18,132 [WARN] PackLoader:240 - Cannot read IP mode file for STMicroelectronics.X-CUBE-TOUCHGFX.4.23.2
2024-07-09 16:39:18,211 [WARN] PackLoader:240 - Cannot read IP mode file for STMicroelectronics.X-CUBE-AZRTOS-F7.1.1.0
2024-07-09 16:39:18,305 [WARN] PackLoader:240 - Cannot read IP mode file for STMicroelectronics.FP-SNS-MOTENV1.4.3.2
2024-07-09 16:39:18,332 [WARN] PackLoader:240 - Cannot read IP mode file for STMicroelectronics.FP-SNS-FLIGHT1.5.0.2
2024-07-09 16:39:18,355 [WARN] PackLoader:240 - Cannot read IP mode file for STMicroelectronics.X-CUBE-DISPLAY.3.0.0
2024-07-09 16:39:18,381 [WARN] PackLoader:240 - Cannot read IP mode file for STMicroelectronics.X-CUBE-BLE1.7.0.0
2024-07-09 16:39:18,401 [WARN] PackLoader:240 - Cannot read IP mode file for emotas.I-CUBE-CANOPEN.1.3.0
2024-07-09 16:39:18,416 [WARN] PackLoader:240 - Cannot read IP mode file for STMicroelectronics.X-CUBE-TOUCHGFX.4.22.1
2024-07-09 16:39:18,439 [WARN] PackLoader:240 - Cannot read IP mode file for STMicroelectronics.X-CUBE-BLEMGR.3.1.0
2024-07-09 16:39:18,460 [WARN] PackLoader:240 - Cannot read IP mode file for STMicroelectronics.FP-SNS-SMARTAG2.1.2.0
2024-07-09 16:39:18,487 [INFO] LogOutputStream:77 - [STDOUT_REDIRECT] 1 : Invalid condition id : UX_CORESTACK_Condition cause : null
2024-07-09 16:39:18,488 [INFO] LogOutputStream:77 - [STDOUT_REDIRECT] 1 : Invalid condition id : UX_CORESTACK_Condition cause : null
2024-07-09 16:39:18,490 [INFO] LogOutputStream:77 - [STDOUT_REDIRECT] 1 : Invalid condition id : UX_CORESTACK_Condition cause : null
2024-07-09 16:39:18,491 [INFO] LogOutputStream:77 - [STDOUT_REDIRECT] 1 : Invalid condition id : UX_CORESTACK_Condition cause : null
2024-07-09 16:39:18,493 [INFO] LogOutputStream:77 - [STDOUT_REDIRECT] 1 : Invalid condition id : UX_CORESTACK_Condition cause : null
2024-07-09 16:39:18,498 [WARN] PackLoader:240 - Cannot read IP mode file for STMicroelectronics.X-CUBE-AZRTOS-WL.2.0.0
2024-07-09 16:39:18,516 [WARN] PackLoader:240 - Cannot read IP mode file for STMicroelectronics.FP-SNS-MOTENV1.5.0.0
2024-07-09 16:39:18,534 [WARN] PackLoader:240 - Cannot read IP mode file for wolfSSL.I-CUBE-wolfMQTT.1.19.0
2024-07-09 16:39:18,551 [WARN] PackLoader:240 - Cannot read IP mode file for WES.I-CUBE-Cesium.1.3.0
2024-07-09 16:39:18,565 [WARN] PackLoader:240 - Cannot read IP mode file for STMicroelectronics.X-CUBE-BLE2.3.3.0
2024-07-09 16:39:18,583 [WARN] PackLoader:240 - Cannot read IP mode file for STMicroelectronics.X-CUBE-TCPP.4.1.0
2024-07-09 16:39:18,616 [WARN] PackLoader:240 - Cannot read IP mode file for STMicroelectronics.X-CUBE-ALGOBUILD.1.3.0
2024-07-09 16:39:18,673 [WARN] PackLoader:240 - Cannot read IP mode file for STMicroelectronics.X-CUBE-AZRTOS-G0.1.1.0
2024-07-09 16:39:18,695 [WARN] PackLoader:240 - Cannot read IP mode file for STMicroelectronics.X-CUBE-SAFEA1.1.2.2
2024-07-09 16:39:18,714 [WARN] PackLoader:240 - Cannot read IP mode file for STMicroelectronics.X-CUBE-NFC4.3.0.0
2024-07-09 16:39:18,738 [WARN] PackLoader:240 - Cannot read IP mode file for STMicroelectronics.X-CUBE-BLEMGR.3.0.0
2024-07-09 16:39:18,757 [WARN] PackLoader:240 - Cannot read IP mode file for STMicroelectronics.FP-ATR-SIGFOX1.3.2.0
2024-07-09 16:39:18,777 [WARN] PackLoader:240 - Cannot read IP mode file for STMicroelectronics.X-CUBE-EEPRMA1.5.1.0
2024-07-09 16:39:18,845 [WARN] PackLoader:240 - Cannot read IP mode file for SEGGER.I-CUBE-embOS.1.3.1
2024-07-09 16:39:18,986 [WARN] PackLoader:240 - Cannot read IP mode file for STMicroelectronics.X-CUBE-ALGOBUILD.1.4.0
2024-07-09 16:39:19,009 [WARN] PackLoader:240 - Cannot read IP mode file for STMicroelectronics.X-CUBE-GNSS1.6.0.0
2024-07-09 16:39:19,073 [WARN] PackLoader:240 - Cannot read IP mode file for STMicroelectronics.X-CUBE-AZRTOS-F4.1.1.0
2024-07-09 16:39:19,094 [WARN] PackLoader:240 - Cannot read IP mode file for wolfSSL.I-CUBE-wolfSSL.5.6.3
2024-07-09 16:39:19,112 [WARN] PackLoader:240 - Cannot read IP mode file for STMicroelectronics.X-CUBE-FREERTOS.1.2.0
2024-07-09 16:39:19,128 [WARN] PackLoader:240 - Cannot read IP mode file for wolfSSL.I-CUBE-wolfSSL.5.6.6
2024-07-09 16:39:19,169 [WARN] PackLoader:240 - Cannot read IP mode file for STMicroelectronics.X-CUBE-AZRTOS-L5.2.0.0
2024-07-09 16:39:19,237 [WARN] PackLoader:240 - Cannot read IP mode file for STMicroelectronics.X-CUBE-MEMS1.9.6.0
2024-07-09 16:39:19,415 [WARN] PackLoader:240 - Cannot read IP mode file for STMicroelectronics.X-CUBE-EEPRMA1.4.2.0
2024-07-09 16:39:19,437 [WARN] PackLoader:240 - Cannot read IP mode file for STMicroelectronics.X-CUBE-NFC6.3.1.0
2024-07-09 16:39:19,463 [WARN] PackLoader:240 - Cannot read IP mode file for ITTIA_DB.I-CUBE-ITTIADB.8.8.0
2024-07-09 16:39:19,553 [WARN] PackLoader:240 - Cannot read IP mode file for STMicroelectronics.X-CUBE-BLEMGR.2.0.0
2024-07-09 16:39:19,573 [WARN] PackLoader:240 - Cannot read IP mode file for STMicroelectronics.X-CUBE-AI.9.0.0
2024-07-09 16:39:19,611 [WARN] ConditionMgr:438 - getConditionDescription Invalid condition id : UX DEVICE CLASS RTOS Condition cause : null
2024-07-09 16:39:19,611 [WARN] ConditionMgr:438 - getConditionDescription Invalid condition id : UX DEVICE CLASS RTOS Condition cause : null
2024-07-09 16:39:19,614 [WARN] PackLoader:240 - Cannot read IP mode file for STMicroelectronics.X-CUBE-AZRTOS-H7.3.1.0
2024-07-09 16:39:19,615 [WARN] ConditionMgr:1039 - genDependencies : Invalid condition id : UX DEVICE CLASS RTOS Condition cause : null
2024-07-09 16:39:19,615 [WARN] ConditionMgr:1039 - genDependencies : Invalid condition id : UX DEVICE CLASS RTOS Condition cause : null
2024-07-09 16:39:19,616 [WARN] ConditionMgr:1039 - genDependencies : Invalid condition id : UX DEVICE CLASS RTOS Condition cause : null
2024-07-09 16:39:19,616 [WARN] ConditionMgr:1039 - genDependencies : Invalid condition id : UX DEVICE CLASS RTOS Condition cause : null
2024-07-09 16:39:19,616 [WARN] ConditionMgr:1039 - genDependencies : Invalid condition id : UX DEVICE CLASS RTOS Condition cause : null
2024-07-09 16:39:19,636 [WARN] PackLoader:240 - Cannot read IP mode file for STMicroelectronics.X-CUBE-NFC7.1.0.1
2024-07-09 16:39:19,654 [WARN] PackLoader:240 - Cannot read IP mode file for STMicroelectronics.X-CUBE-NFC6.3.0.0
2024-07-09 16:39:19,675 [WARN] PackLoader:240 - Cannot read IP mode file for STMicroelectronics.X-CUBE-EEPRMA1.4.1.0
2024-07-09 16:39:19,691 [WARN] PackLoader:240 - Cannot read IP mode file for STMicroelectronics.X-CUBE-AI.8.1.0
2024-07-09 16:39:19,747 [WARN] ConditionMgr:438 - getConditionDescription Invalid condition id : LAN8742 Phy interface Condition cause : null
2024-07-09 16:39:19,749 [WARN] PackLoader:240 - Cannot read IP mode file for STMicroelectronics.X-CUBE-AZRTOS-L4.2.0.0
2024-07-09 16:39:19,750 [WARN] ConditionMgr:1039 - genDependencies : Invalid condition id : LAN8742 Phy interface Condition cause : null
2024-07-09 16:39:19,750 [WARN] ConditionMgr:1039 - genDependencies : Invalid condition id : LAN8742 Phy interface Condition cause : null
2024-07-09 16:39:19,751 [WARN] ConditionMgr:1039 - genDependencies : Invalid condition id : LAN8742 Phy interface Condition cause : null
2024-07-09 16:39:19,897 [WARN] PackLoader:240 - Cannot read IP mode file for STMicroelectronics.X-CUBE-SFXS2LP1.4.0.0
2024-07-09 16:39:19,915 [WARN] PackLoader:240 - Cannot read IP mode file for STMicroelectronics.X-CUBE-ISPU.1.1.0
2024-07-09 16:39:19,954 [WARN] ConditionMgr:438 - getConditionDescription Invalid condition id : UX DEVICE CLASS RTOS Condition cause : null
2024-07-09 16:39:19,955 [WARN] ConditionMgr:438 - getConditionDescription Invalid condition id : UX DEVICE CLASS RTOS Condition cause : null
2024-07-09 16:39:19,957 [WARN] PackLoader:240 - Cannot read IP mode file for STMicroelectronics.X-CUBE-AZRTOS-WB.2.0.0
2024-07-09 16:39:19,957 [WARN] ConditionMgr:1039 - genDependencies : Invalid condition id : UX DEVICE CLASS RTOS Condition cause : null
2024-07-09 16:39:19,957 [WARN] ConditionMgr:1039 - genDependencies : Invalid condition id : UX DEVICE CLASS RTOS Condition cause : null
2024-07-09 16:39:19,958 [WARN] ConditionMgr:1039 - genDependencies : Invalid condition id : UX DEVICE CLASS RTOS Condition cause : null
2024-07-09 16:39:19,958 [WARN] ConditionMgr:1039 - genDependencies : Invalid condition id : UX DEVICE CLASS RTOS Condition cause : null
2024-07-09 16:39:19,958 [WARN] ConditionMgr:1039 - genDependencies : Invalid condition id : UX DEVICE CLASS RTOS Condition cause : null
2024-07-09 16:39:19,993 [WARN] PackLoader:240 - Cannot read IP mode file for STMicroelectronics.X-CUBE-SUBG2.5.0.0
2024-07-09 16:39:20,042 [WARN] PackLoader:240 - Cannot read IP mode file for STMicroelectronics.X-CUBE-TOF1.3.3.1
2024-07-09 16:39:20,085 [WARN] PackLoader:240 - Cannot read IP mode file for STMicroelectronics.X-CUBE-AZRTOS-G4.2.0.0
2024-07-09 16:39:20,125 [WARN] PackLoader:240 - Cannot read IP mode file for Infineon.AIROC-Wi-Fi-Bluetooth-STM32.1.5.1
2024-07-09 16:39:20,148 [WARN] PackLoader:240 - Cannot read IP mode file for STMicroelectronics.FP-SNS-MOTENVWB1.1.3.0
2024-07-09 16:39:20,168 [WARN] PackLoader:240 - Cannot read IP mode file for STMicroelectronics.FP-SNS-MOTENVWB1.1.3.1
2024-07-09 16:39:20,185 [WARN] PackLoader:240 - Cannot read IP mode file for STMicroelectronics.X-CUBE-ISPU.2.0.0
2024-07-09 16:39:20,212 [WARN] PackLoader:240 - Cannot read IP mode file for STMicroelectronics.X-CUBE-ALS.1.0.2
2024-07-09 16:39:20,293 [WARN] PackLoader:240 - Cannot read IP mode file for STMicroelectronics.X-CUBE-MEMS1.10.0.0
2024-07-09 16:39:20,441 [WARN] PackLoader:240 - Cannot read IP mode file for STMicroelectronics.X-CUBE-FREERTOS.1.1.0
2024-07-09 16:39:20,458 [WARN] PackLoader:240 - Cannot read IP mode file for STMicroelectronics.X-CUBE-TOUCHGFX.4.24.0
2024-07-09 16:39:20,483 [WARN] PackLoader:240 - Cannot read IP mode file for portGmbH.I-Cube-SoM-uGOAL.1.1.0
2024-07-09 16:39:20,501 [WARN] PackLoader:240 - Cannot read IP mode file for STMicroelectronics.X-CUBE-ALS.1.0.1
2024-07-09 16:39:20,542 [WARN] PackLoader:240 - Cannot read IP mode file for STMicroelectronics.X-CUBE-AZRTOS-H7RS.1.0.0
2024-07-09 16:39:20,575 [WARN] PackLoader:240 - Cannot read IP mode file for STMicroelectronics.FP-ATR-ASTRA1.2.0.0
2024-07-09 16:39:20,623 [WARN] PackLoader:240 - Cannot read IP mode file for STMicroelectronics.X-CUBE-TOF1.3.4.0
2024-07-09 16:39:20,668 [WARN] PackLoader:240 - Cannot read IP mode file for STMicroelectronics.X-CUBE-TOF1.3.4.1
2024-07-09 16:39:20,718 [WARN] PackLoader:240 - Cannot read IP mode file for STMicroelectronics.X-CUBE-AZRTOS-H7.3.2.0
2024-07-09 16:39:20,722 [INFO] ThirdParty:978 - Integrity check success = true
2024-07-09 16:39:20,722 [INFO] IntegrityCheckThread:100 - exiting critical section [integrity check]
2024-07-09 16:39:20,722 [INFO] IntegrityCheckThread:103 - End integrity checks thread
