2024-05-11 15:26:44,769 [INFO] Activator:176 - 


2024-05-11 15:26:44,777 [INFO] Activator:177 - !SESSION log4j initialized
2024-05-11 15:26:54,537 [INFO] LogOutputStream:77 - [STDOUT_REDIRECT] 
2024-05-11 15:27:00,103 [INFO] ApplicationProperties:184 - Using Application install path: C:\ST\STM32CubeIDE_1.14.1\STM32CubeIDE\plugins\com.st.stm32cube.common.mx_6.11.0.202403141607
2024-05-11 15:27:00,127 [INFO] DbMcusXml:78 - Set database path to: C:\ST\STM32CubeIDE_1.14.1\STM32CubeIDE\plugins\com.st.stm32cube.common.mx_6.11.0.202403141607\\db\/mcu/
2024-05-11 15:27:00,127 [INFO] ApiDb:274 - Set plugin database path to: C:\ST\STM32CubeIDE_1.14.1\STM32CubeIDE\plugins\com.st.stm32cube.common.mx_6.11.0.202403141607\\db\/plugins/boardmanager/
2024-05-11 15:27:00,128 [WARN] ApiDb:259 - Overriding images path with different value:  => C:\ST\STM32CubeIDE_1.14.1\STM32CubeIDE\plugins\com.st.stm32cube.common.mx_6.11.0.202403141607\\db\/plugins/mcufinder/images/
2024-05-11 15:27:00,141 [INFO] ApiDb:250 - Set database path to: C:\Users\AAA\.stmcufinder\plugins\mcufinder//mcu/
2024-05-11 15:27:00,143 [INFO] DbMcusAds:125 - Set database path to: C:\Users\AAA\.stmcufinder\plugins\mcufinder//mcu/
2024-05-11 15:27:00,145 [INFO] CrossReferenceDbSqlite:203 - Set database path to: C:\Users\AAA\.stmcufinder\plugins\mcufinder//mcu/cs/
2024-05-11 15:27:00,321 [INFO] RulesReader:64 - Compatibility file has been processed (297 Rules)
2024-05-11 15:27:00,414 [INFO] DbMcusXml:78 - Set database path to: C:\ST\STM32CubeIDE_1.14.1\STM32CubeIDE\plugins\com.st.stm32cube.common.mx_6.11.0.202403141607\\db\/mcu/
2024-05-11 15:27:00,414 [INFO] ApiDb:274 - Set plugin database path to: C:\ST\STM32CubeIDE_1.14.1\STM32CubeIDE\plugins\com.st.stm32cube.common.mx_6.11.0.202403141607\\db\/plugins/boardmanager/
2024-05-11 15:27:00,414 [INFO] ApiDb:261 - Set plugin images path to: C:\ST\STM32CubeIDE_1.14.1\STM32CubeIDE\plugins\com.st.stm32cube.common.mx_6.11.0.202403141607\\db\/plugins/mcufinder/images/
2024-05-11 15:27:00,414 [WARN] DbFile:41 - Overriding database path with different value: C:\Users\AAA\.stmcufinder\plugins\mcufinder/ => C:\Users\AAA\.stmcufinder\plugins\mcufinder
2024-05-11 15:27:00,414 [INFO] ApiDb:250 - Set database path to: C:\Users\AAA\.stmcufinder\plugins\mcufinder//mcu/
2024-05-11 15:27:00,414 [WARN] DbFile:41 - Overriding database path with different value: C:\Users\AAA\.stmcufinder\plugins\mcufinder/ => C:\Users\AAA\.stmcufinder\plugins\mcufinder
2024-05-11 15:27:00,414 [INFO] DbMcusAds:125 - Set database path to: C:\Users\AAA\.stmcufinder\plugins\mcufinder//mcu/
2024-05-11 15:27:00,414 [WARN] DbFile:41 - Overriding database path with different value: C:\Users\AAA\.stmcufinder\plugins\mcufinder/ => C:\Users\AAA\.stmcufinder\plugins\mcufinder
2024-05-11 15:27:00,414 [WARN] DbFile:41 - Overriding database path with different value: C:\Users\AAA\.stmcufinder\plugins\mcufinder/ => C:\Users\AAA\.stmcufinder\plugins\mcufinder
2024-05-11 15:27:00,414 [INFO] CrossReferenceDbSqlite:203 - Set database path to: C:\Users\AAA\.stmcufinder\plugins\mcufinder//mcu/cs/
2024-05-11 15:27:00,490 [INFO] MainPanel:264 - HeapMemory: 268435456
2024-05-11 15:27:00,597 [INFO] DbMcusXml:78 - Set database path to: C:\ST\STM32CubeIDE_1.14.1\STM32CubeIDE\plugins\com.st.stm32cube.common.mx_6.11.0.202403141607\\db\/mcu/
2024-05-11 15:27:00,597 [INFO] ApiDb:274 - Set plugin database path to: C:\ST\STM32CubeIDE_1.14.1\STM32CubeIDE\plugins\com.st.stm32cube.common.mx_6.11.0.202403141607\\db\/plugins/boardmanager/
2024-05-11 15:27:00,597 [INFO] ApiDb:261 - Set plugin images path to: C:\ST\STM32CubeIDE_1.14.1\STM32CubeIDE\plugins\com.st.stm32cube.common.mx_6.11.0.202403141607\\db\/plugins/mcufinder/images/
2024-05-11 15:27:00,597 [WARN] DbFile:41 - Overriding database path with different value: C:\Users\AAA\.stmcufinder\plugins\mcufinder/ => C:\Users\AAA\.stmcufinder\plugins\mcufinder
2024-05-11 15:27:00,597 [INFO] ApiDb:250 - Set database path to: C:\Users\AAA\.stmcufinder\plugins\mcufinder//mcu/
2024-05-11 15:27:00,597 [WARN] DbFile:41 - Overriding database path with different value: C:\Users\AAA\.stmcufinder\plugins\mcufinder/ => C:\Users\AAA\.stmcufinder\plugins\mcufinder
2024-05-11 15:27:00,597 [INFO] DbMcusAds:125 - Set database path to: C:\Users\AAA\.stmcufinder\plugins\mcufinder//mcu/
2024-05-11 15:27:00,597 [WARN] DbFile:41 - Overriding database path with different value: C:\Users\AAA\.stmcufinder\plugins\mcufinder/ => C:\Users\AAA\.stmcufinder\plugins\mcufinder
2024-05-11 15:27:00,598 [WARN] DbFile:41 - Overriding database path with different value: C:\Users\AAA\.stmcufinder\plugins\mcufinder/ => C:\Users\AAA\.stmcufinder\plugins\mcufinder
2024-05-11 15:27:00,598 [INFO] CrossReferenceDbSqlite:203 - Set database path to: C:\Users\AAA\.stmcufinder\plugins\mcufinder//mcu/cs/
2024-05-11 15:27:00,616 [INFO] ApplicationProperties:184 - Using Application install path: C:\ST\STM32CubeIDE_1.14.1\STM32CubeIDE\plugins\com.st.stm32cube.common.mx_6.11.0.202403141607
2024-05-11 15:27:00,627 [INFO] PluginManage:196 - Search for loadable plugins [exclusion list=, ]
2024-05-11 15:27:00,628 [INFO] PluginManage:310 - Check plugin analytics
2024-05-11 15:27:00,810 [INFO] AnalyticsPlugin:253 - Accepted Software Licenses: 
2024-05-11 15:27:00,810 [INFO] AnalyticsPlugin:255 - Accepted CMSIS Pack Licenses: ARM.CMSIS.6.0.0
2024-05-11 15:27:00,810 [INFO] AnalyticsPlugin:257 - Accepted Firmware Licenses: 
2024-05-11 15:27:00,812 [INFO] PluginManage:359 - Loaded plugin analytics (category:tool,tabindex:-1)
2024-05-11 15:27:00,812 [INFO] PluginManage:310 - Check plugin cadmodel
2024-05-11 15:27:00,833 [INFO] CADModel:105 - Init CAD model plugin
2024-05-11 15:27:00,833 [INFO] PluginManage:359 - Loaded plugin cadmodel (category:power,tabindex:5)
2024-05-11 15:27:00,833 [INFO] PluginManage:310 - Check plugin clock
2024-05-11 15:27:00,849 [INFO] PluginManage:359 - Loaded plugin clock (category:base,tabindex:2)
2024-05-11 15:27:00,849 [INFO] PluginManage:310 - Check plugin ddr
2024-05-11 15:27:00,851 [INFO] PluginManage:359 - Loaded plugin ddr (category:tool,tabindex:6)
2024-05-11 15:27:00,851 [INFO] PluginManage:310 - Check plugin filemanager
2024-05-11 15:27:00,987 [INFO] PluginManage:359 - Loaded plugin filemanager (category:base,tabindex:10)
2024-05-11 15:27:00,987 [INFO] PluginManage:310 - Check plugin ipmanager
2024-05-11 15:27:00,994 [INFO] PluginManage:359 - Loaded plugin ipmanager (category:base,tabindex:5)
2024-05-11 15:27:00,994 [INFO] PluginManage:310 - Check plugin lpbam
2024-05-11 15:27:01,010 [INFO] PluginManage:359 - Loaded plugin lpbam (category:base,tabindex:0)
2024-05-11 15:27:01,010 [INFO] PluginManage:310 - Check plugin memorymap
2024-05-11 15:27:01,032 [INFO] PluginManage:359 - Loaded plugin memorymap (category:base,tabindex:4)
2024-05-11 15:27:01,032 [INFO] PluginManage:310 - Check plugin pinoutandconfiguration
2024-05-11 15:27:01,048 [INFO] PluginManage:359 - Loaded plugin pinoutandconfiguration (category:base,tabindex:1)
2024-05-11 15:27:01,048 [INFO] PluginManage:310 - Check plugin pinoutconfig
2024-05-11 15:27:01,151 [WARN] SupportedApi:132 - Cannot load RTOS API schema: s4s-elt-must-match.1: The content of 'definitions' must match (annotation?, (simpleType | complexType)?, (unique | key | keyref)*)). A problem was found starting at: attribute.
2024-05-11 15:27:01,270 [INFO] PluginManage:359 - Loaded plugin pinoutconfig (category:base,tabindex:0)
2024-05-11 15:27:01,270 [INFO] PluginManage:310 - Check plugin power
2024-05-11 15:27:01,293 [INFO] PluginManage:359 - Loaded plugin power (category:power,tabindex:4)
2024-05-11 15:27:01,294 [INFO] PluginManage:310 - Check plugin projectmanager
2024-05-11 15:27:01,310 [INFO] PluginManage:359 - Loaded plugin projectmanager (category:projectmanager,tabindex:3)
2024-05-11 15:27:01,310 [INFO] PluginManage:310 - Check plugin thirdparty
2024-05-11 15:27:01,558 [INFO] PluginManage:359 - Loaded plugin thirdparty (category:base,tabindex:-1)
2024-05-11 15:27:01,558 [WARN] IntegrityCheckThread:84 - waiting for thirdparty lock release [integrity check]
2024-05-11 15:27:01,559 [INFO] PluginManage:310 - Check plugin tools
2024-05-11 15:27:01,559 [INFO] IntegrityCheckThread:86 - entering critical section [integrity check]
2024-05-11 15:27:01,559 [INFO] ThirdPartyUpdaterWithRetryManager:70 - Updater plugin not ready yet. [1/15]
2024-05-11 15:27:01,586 [INFO] PluginManage:359 - Loaded plugin tools (category:base,tabindex:7)
2024-05-11 15:27:01,586 [INFO] PluginManage:310 - Check plugin tutovideos
2024-05-11 15:27:01,771 [INFO] PluginManage:359 - Loaded plugin tutovideos (category:base,tabindex:-1)
2024-05-11 15:27:01,771 [INFO] PluginManage:310 - Check plugin updater
2024-05-11 15:27:01,781 [INFO] PluginManage:359 - Loaded plugin updater (category:base,tabindex:12)
2024-05-11 15:27:01,781 [INFO] PluginManage:310 - Check plugin userauth
2024-05-11 15:27:01,787 [INFO] UserAuth:114 - Init User Auth plugin
2024-05-11 15:27:01,787 [INFO] PluginManage:359 - Loaded plugin userauth (category:base,tabindex:14)
2024-05-11 15:27:01,787 [INFO] PluginManage:283 - PluginManage : Loaded plugins [17]
2024-05-11 15:27:02,027 [INFO] PinOutPanel:1561 - setPackage(No Configuration,No Configuration)
2024-05-11 15:27:02,101 [INFO] CADModel:165 - CPN selected for project level
2024-05-11 15:27:02,101 [INFO] CADModel:114 - Register for checkConnection events
2024-05-11 15:27:02,206 [INFO] IPUIPlugin:80 - create IPUIPlugin
2024-05-11 15:27:02,206 [INFO] PluginManager:220 - loadIPPluginJar : add adc
2024-05-11 15:27:02,236 [INFO] IPUIPlugin:80 - create IPUIPlugin
2024-05-11 15:27:02,236 [INFO] PluginManager:220 - loadIPPluginJar : add aes
2024-05-11 15:27:02,268 [INFO] IPUIPlugin:80 - create IPUIPlugin
2024-05-11 15:27:02,269 [INFO] PluginManager:220 - loadIPPluginJar : add can
2024-05-11 15:27:02,286 [INFO] IPUIPlugin:80 - create IPUIPlugin
2024-05-11 15:27:02,286 [INFO] PluginManager:220 - loadIPPluginJar : add comp
2024-05-11 15:27:02,315 [INFO] IPUIPlugin:80 - create IPUIPlugin
2024-05-11 15:27:02,315 [INFO] PluginManager:220 - loadIPPluginJar : add cryp
2024-05-11 15:27:02,339 [INFO] IPUIPlugin:80 - create IPUIPlugin
2024-05-11 15:27:02,339 [INFO] PluginManager:220 - loadIPPluginJar : add dfsdm
2024-05-11 15:27:02,350 [INFO] IPUIPlugin:80 - create IPUIPlugin
2024-05-11 15:27:02,350 [INFO] PluginManager:220 - loadIPPluginJar : add dma
2024-05-11 15:27:02,382 [INFO] IPUIPlugin:80 - create IPUIPlugin
2024-05-11 15:27:02,384 [INFO] PluginManager:220 - loadIPPluginJar : add dma3
2024-05-11 15:27:02,419 [INFO] IPUIPlugin:80 - create IPUIPlugin
2024-05-11 15:27:02,420 [INFO] PluginManager:220 - loadIPPluginJar : add extmemmanager
2024-05-11 15:27:02,436 [INFO] IPUIPlugin:80 - create IPUIPlugin
2024-05-11 15:27:02,436 [INFO] PluginManager:220 - loadIPPluginJar : add fatfs
2024-05-11 15:27:02,475 [INFO] IPUIPlugin:80 - create IPUIPlugin
2024-05-11 15:27:02,475 [INFO] PluginManager:220 - loadIPPluginJar : add fmc
2024-05-11 15:27:02,487 [INFO] IPUIPlugin:80 - create IPUIPlugin
2024-05-11 15:27:02,487 [INFO] PluginManager:220 - loadIPPluginJar : add freertos
2024-05-11 15:27:02,503 [INFO] IPUIPlugin:80 - create IPUIPlugin
2024-05-11 15:27:02,503 [INFO] PluginManager:220 - loadIPPluginJar : add genericplugin
2024-05-11 15:27:02,581 [INFO] IPUIPlugin:80 - create IPUIPlugin
2024-05-11 15:27:02,581 [INFO] PluginManager:220 - loadIPPluginJar : add gfxmmu
2024-05-11 15:27:02,708 [INFO] IPUIPlugin:80 - create IPUIPlugin
2024-05-11 15:27:02,709 [INFO] PluginManager:220 - loadIPPluginJar : add gic
2024-05-11 15:27:02,724 [INFO] IPUIPlugin:80 - create IPUIPlugin
2024-05-11 15:27:02,724 [INFO] PluginManager:220 - loadIPPluginJar : add gpio
2024-05-11 15:27:02,805 [INFO] IPUIPlugin:80 - create IPUIPlugin
2024-05-11 15:27:02,805 [INFO] PluginManager:220 - loadIPPluginJar : add gtzc
2024-05-11 15:27:02,836 [INFO] IPUIPlugin:80 - create IPUIPlugin
2024-05-11 15:27:02,836 [INFO] PluginManager:220 - loadIPPluginJar : add hash
2024-05-11 15:27:02,880 [INFO] IPUIPlugin:80 - create IPUIPlugin
2024-05-11 15:27:02,880 [INFO] PluginManager:220 - loadIPPluginJar : add i2c
2024-05-11 15:27:02,913 [INFO] IPUIPlugin:80 - create IPUIPlugin
2024-05-11 15:27:02,913 [INFO] PluginManager:220 - loadIPPluginJar : add i2s
2024-05-11 15:27:02,950 [INFO] IPUIPlugin:80 - create IPUIPlugin
2024-05-11 15:27:02,950 [INFO] PluginManager:220 - loadIPPluginJar : add i3c
2024-05-11 15:27:03,049 [INFO] IPUIPlugin:80 - create IPUIPlugin
2024-05-11 15:27:03,049 [INFO] PluginManager:220 - loadIPPluginJar : add ipddr
2024-05-11 15:27:03,121 [INFO] IPUIPlugin:80 - create IPUIPlugin
2024-05-11 15:27:03,123 [INFO] PluginManager:220 - loadIPPluginJar : add linkedlist
2024-05-11 15:27:03,150 [INFO] IPUIPlugin:80 - create IPUIPlugin
2024-05-11 15:27:03,150 [INFO] PluginManager:220 - loadIPPluginJar : add lorawan
2024-05-11 15:27:03,179 [INFO] IPUIPlugin:80 - create IPUIPlugin
2024-05-11 15:27:03,180 [INFO] PluginManager:220 - loadIPPluginJar : add ltdc
2024-05-11 15:27:03,191 [INFO] IPUIPlugin:80 - create IPUIPlugin
2024-05-11 15:27:03,191 [INFO] PluginManager:220 - loadIPPluginJar : add mdma
2024-05-11 15:27:03,201 [INFO] IPUIPlugin:80 - create IPUIPlugin
2024-05-11 15:27:03,201 [INFO] PluginManager:220 - loadIPPluginJar : add nvic
2024-05-11 15:27:03,230 [INFO] IPUIPlugin:80 - create IPUIPlugin
2024-05-11 15:27:03,230 [INFO] PluginManager:220 - loadIPPluginJar : add opamp
2024-05-11 15:27:03,279 [INFO] IPUIPlugin:80 - create IPUIPlugin
2024-05-11 15:27:03,279 [INFO] PluginManager:220 - loadIPPluginJar : add openamp
2024-05-11 15:27:03,312 [INFO] IPUIPlugin:80 - create IPUIPlugin
2024-05-11 15:27:03,312 [INFO] PluginManager:220 - loadIPPluginJar : add pdm2pcm
2024-05-11 15:27:03,324 [INFO] IPUIPlugin:80 - create IPUIPlugin
2024-05-11 15:27:03,326 [INFO] PluginManager:220 - loadIPPluginJar : add plateformsettings
2024-05-11 15:27:03,341 [INFO] IPUIPlugin:80 - create IPUIPlugin
2024-05-11 15:27:03,341 [INFO] PluginManager:220 - loadIPPluginJar : add quadspi
2024-05-11 15:27:03,352 [INFO] IPUIPlugin:80 - create IPUIPlugin
2024-05-11 15:27:03,352 [INFO] PluginManager:220 - loadIPPluginJar : add resmgrutility
2024-05-11 15:27:03,392 [INFO] IPUIPlugin:80 - create IPUIPlugin
2024-05-11 15:27:03,392 [INFO] PluginManager:220 - loadIPPluginJar : add sai
2024-05-11 15:27:03,420 [INFO] IPUIPlugin:80 - create IPUIPlugin
2024-05-11 15:27:03,421 [INFO] PluginManager:220 - loadIPPluginJar : add spi
2024-05-11 15:27:03,479 [INFO] IPUIPlugin:80 - create IPUIPlugin
2024-05-11 15:27:03,479 [INFO] PluginManager:220 - loadIPPluginJar : add stm32_wpan
2024-05-11 15:27:03,497 [INFO] IPUIPlugin:80 - create IPUIPlugin
2024-05-11 15:27:03,497 [INFO] PluginManager:220 - loadIPPluginJar : add tim
2024-05-11 15:27:03,548 [INFO] IPUIPlugin:80 - create IPUIPlugin
2024-05-11 15:27:03,548 [INFO] PluginManager:220 - loadIPPluginJar : add touchsensing
2024-05-11 15:27:03,566 [INFO] IPUIPlugin:80 - create IPUIPlugin
2024-05-11 15:27:03,566 [INFO] PluginManager:220 - loadIPPluginJar : add tracer_emb
2024-05-11 15:27:03,584 [INFO] IPUIPlugin:80 - create IPUIPlugin
2024-05-11 15:27:03,584 [INFO] PluginManager:220 - loadIPPluginJar : add ts
2024-05-11 15:27:03,602 [INFO] IPUIPlugin:80 - create IPUIPlugin
2024-05-11 15:27:03,602 [INFO] PluginManager:220 - loadIPPluginJar : add tsc
2024-05-11 15:27:03,619 [INFO] IPUIPlugin:80 - create IPUIPlugin
2024-05-11 15:27:03,619 [INFO] PluginManager:220 - loadIPPluginJar : add ucpd
2024-05-11 15:27:03,654 [INFO] IPUIPlugin:80 - create IPUIPlugin
2024-05-11 15:27:03,654 [INFO] PluginManager:220 - loadIPPluginJar : add usart
2024-05-11 15:27:03,689 [INFO] IPUIPlugin:80 - create IPUIPlugin
2024-05-11 15:27:03,689 [INFO] PluginManager:220 - loadIPPluginJar : add usbx
2024-05-11 15:27:03,820 [INFO] CADModel:165 - CPN selected for project level
2024-05-11 15:27:03,820 [INFO] CADModel:114 - Register for checkConnection events
2024-05-11 15:27:03,820 [FATAL] Updater:308 - Updater called before beeing initialized
2024-05-11 15:27:03,820 [ERROR] CADModel:125 - Updater not yet initialized, retry later 
2024-05-11 15:27:03,958 [INFO] CADModel:165 - CPN selected for project level
2024-05-11 15:27:03,958 [INFO] CADModel:114 - Register for checkConnection events
2024-05-11 15:27:03,958 [FATAL] Updater:308 - Updater called before beeing initialized
2024-05-11 15:27:03,958 [ERROR] CADModel:125 - Updater not yet initialized, retry later 
2024-05-11 15:27:03,961 [FATAL] Updater:308 - Updater called before beeing initialized
2024-05-11 15:27:04,067 [FATAL] Updater:308 - Updater called before beeing initialized
2024-05-11 15:27:04,078 [INFO] DbMcusAds:53 - JSON generation date=Thu May 02 15:37:29 ICT 2024 (1714639049318)
2024-05-11 15:27:04,078 [FATAL] Updater:308 - Updater called before beeing initialized
2024-05-11 15:27:04,173 [WARN] DetailPanel:346 - Failed to get advertising image, set to default
2024-05-11 15:27:04,286 [FATAL] Updater:308 - Updater called before beeing initialized
2024-05-11 15:27:04,290 [FATAL] Updater:308 - Updater called before beeing initialized
2024-05-11 15:27:04,290 [FATAL] Updater:308 - Updater called before beeing initialized
2024-05-11 15:27:04,290 [WARN] DetailPanel:346 - Failed to get advertising image, set to default
2024-05-11 15:27:04,291 [FATAL] Updater:308 - Updater called before beeing initialized
2024-05-11 15:27:04,343 [ERROR] Updater:1120 - MainUpdater not yet initialized. External WinMGr cannot be set.
2024-05-11 15:27:04,353 [INFO] Updater:1056 - Updater Version found : 6.11.0
2024-05-11 15:27:04,367 [INFO] ApplicationProperties:184 - Using Application install path: C:\ST\STM32CubeIDE_1.14.1\STM32CubeIDE\plugins\com.st.stm32cube.common.mx_6.11.0.202403141607
2024-05-11 15:27:04,559 [INFO] ThirdPartyUpdaterWithRetryManager:70 - Updater plugin not ready yet. [2/15]
2024-05-11 15:27:05,949 [ERROR] LogOutputStream:75 - [STDERR_REDIRECT] May 11, 2024 3:27:05 PM java.util.prefs.WindowsPreferences <init>
2024-05-11 15:27:05,950 [ERROR] LogOutputStream:75 - [STDERR_REDIRECT] WARNING: Could not open/create prefs root node Software\JavaSoft\Prefs at root 0xffffffff80000002. Windows RegCreateKeyEx(...) returned error code 5.
2024-05-11 15:27:05,950 [ERROR] LogOutputStream:75 - [STDERR_REDIRECT] 
2024-05-11 15:27:06,817 [INFO] MainUpdater:2873 - connection check result : 10
2024-05-11 15:27:06,817 [INFO] MainUpdater:3567 - Updater definition file requires update
2024-05-11 15:27:06,818 [INFO] MainUpdater:290 - Updater Check For Update Now.
2024-05-11 15:27:06,818 [INFO] MicroXplorer:498 - Change Database Version : DB.6.0.110
2024-05-11 15:27:06,831 [INFO] McuFinderGlobals:63 - Set McuFinder mode to 2 (CubeIDE integrated)
2024-05-11 15:27:06,843 [INFO] UserAuth:415 - Internet connection configuration mode: 1
2024-05-11 15:27:06,863 [INFO] JxBrowserEngine:152 - Initiate JxBrowser Engine with user profile folder
2024-05-11 15:27:07,329 [INFO] ServerAccessManage:473 - Download File updaters.zip
2024-05-11 15:27:07,399 [INFO] FileExtend:240 - Unzip File : updaters.zip
2024-05-11 15:27:07,399 [INFO] FileExtend:255 - Standard Zip Deflate
2024-05-11 15:27:07,562 [WARN] MainUpdater:1194 - Updater busy. Cannot search thirdparties
2024-05-11 15:27:07,631 [INFO] ThirdPartyUpdaterWithRetryManager:96 - Updater plugin is busy. [1/15]
2024-05-11 15:27:08,341 [INFO] ServerAccessManage:473 - Download File PacksControlFlags.xml
2024-05-11 15:27:08,434 [INFO] ServerAccessManage:473 - Download File cubemx.pidx
2024-05-11 15:27:09,666 [INFO] ServerAccessManage:473 - Download File STMicroelectronics.X-CUBE-ALGOBUILD.pdsc
2024-05-11 15:27:10,632 [WARN] MainUpdater:1194 - Updater busy. Cannot search thirdparties
2024-05-11 15:27:10,632 [INFO] ThirdPartyUpdaterWithRetryManager:96 - Updater plugin is busy. [2/15]
2024-05-11 15:27:13,634 [WARN] MainUpdater:1194 - Updater busy. Cannot search thirdparties
2024-05-11 15:27:13,634 [INFO] ThirdPartyUpdaterWithRetryManager:96 - Updater plugin is busy. [3/15]
2024-05-11 15:27:15,163 [INFO] WebApp:161 - Instantiating new browser for Auth
2024-05-11 15:27:16,636 [WARN] MainUpdater:1194 - Updater busy. Cannot search thirdparties
2024-05-11 15:27:16,636 [INFO] ThirdPartyUpdaterWithRetryManager:96 - Updater plugin is busy. [4/15]
2024-05-11 15:27:16,895 [INFO] ServerAccessManage:473 - Download File Cesanta.I-CUBE-Mongoose.pdsc
2024-05-11 15:27:17,308 [INFO] WebApp:779 - Register for checkConnection events
2024-05-11 15:27:17,308 [INFO] WebApp:414 - Apply proxy settings
2024-05-11 15:27:17,308 [INFO] WebApp:499 - Chromium requires no authentication
2024-05-11 15:27:17,381 [INFO] WebApp:442 - Direct internet connection detected
2024-05-11 15:27:17,698 [INFO] WebApp:192 - Starting web application
2024-05-11 15:27:17,698 [INFO] WebApp:544 - Web application path used C:\ST\STM32CubeIDE_1.14.1\STM32CubeIDE\plugins\com.st.stm32cube.common.mx_6.11.0.202403141607\db\plugins\mcufinder\reactClient1\index.html
2024-05-11 15:27:18,134 [ERROR] ServerAccessManage:1089 - Problem, file not found on Server
2024-05-11 15:27:18,406 [INFO] CheckServerUpdateThread:120 - End of CheckServer Thread
2024-05-11 15:27:18,977 [WARN] PackLoader:240 - Cannot read IP mode file for STMicroelectronics.X-CUBE-ALGOBUILD.1.4.0
2024-05-11 15:27:18,986 [WARN] PackLoader:240 - Cannot read IP mode file for Cesanta.I-CUBE-Mongoose.7.13.0
2024-05-11 15:27:18,987 [INFO] PopulateThirdPartyThread:66 - Ending populate Thread
2024-05-11 15:27:19,013 [INFO] ThirdParty:1030 - CMSIS Pack Vendor :Cesanta I-CUBE-Mongoose 7.13.0
2024-05-11 15:27:19,013 [INFO] ThirdParty:1030 - CMSIS Pack Vendor :STMicroelectronics X-CUBE-ALGOBUILD 1.4.0
2024-05-11 15:27:19,013 [INFO] LoadServerUpdatesThread:375 - End of LoadServerUpdate Thread
2024-05-11 15:27:21,518 [WARN] PackLoader:240 - Cannot read IP mode file for STMicroelectronics.FP-SNS-MOTENVWB1.1.4.0
2024-05-11 15:27:21,582 [WARN] PackLoader:240 - Cannot read IP mode file for STMicroelectronics.X-CUBE-SMBUS.2.1.0
2024-05-11 15:27:21,620 [WARN] PackLoader:240 - Cannot read IP mode file for STMicroelectronics.X-CUBE-TOUCHGFX.4.23.1
2024-05-11 15:27:21,656 [WARN] PackLoader:240 - Cannot read IP mode file for STMicroelectronics.X-CUBE-TOUCHGFX.4.23.0
2024-05-11 15:27:21,666 [WARN] PackLoader:240 - Cannot read IP mode file for STMicroelectronics.X-CUBE-TOUCHGFX.4.23.2
2024-05-11 15:27:21,695 [WARN] PackLoader:240 - Cannot read IP mode file for STMicroelectronics.X-CUBE-AZRTOS-F7.1.1.0
2024-05-11 15:27:21,719 [WARN] PackLoader:240 - Cannot read IP mode file for STMicroelectronics.FP-SNS-MOTENV1.4.3.2
2024-05-11 15:27:21,727 [WARN] PackLoader:240 - Cannot read IP mode file for STMicroelectronics.FP-SNS-FLIGHT1.5.0.2
2024-05-11 15:27:21,774 [WARN] PackLoader:240 - Cannot read IP mode file for STMicroelectronics.X-CUBE-DISPLAY.3.0.0
2024-05-11 15:27:21,792 [WARN] PackLoader:240 - Cannot read IP mode file for STMicroelectronics.X-CUBE-BLE1.7.0.0
2024-05-11 15:27:21,805 [WARN] PackLoader:240 - Cannot read IP mode file for emotas.I-CUBE-CANOPEN.1.3.0
2024-05-11 15:27:21,816 [WARN] PackLoader:240 - Cannot read IP mode file for STMicroelectronics.X-CUBE-TOUCHGFX.4.22.1
2024-05-11 15:27:21,832 [WARN] PackLoader:240 - Cannot read IP mode file for STMicroelectronics.X-CUBE-BLEMGR.3.1.0
2024-05-11 15:27:21,845 [WARN] PackLoader:240 - Cannot read IP mode file for STMicroelectronics.FP-SNS-SMARTAG2.1.2.0
2024-05-11 15:27:21,863 [INFO] LogOutputStream:77 - [STDOUT_REDIRECT] 1 : Invalid condition id : UX_CORESTACK_Condition cause : null
2024-05-11 15:27:21,863 [INFO] LogOutputStream:77 - [STDOUT_REDIRECT] 1 : Invalid condition id : UX_CORESTACK_Condition cause : null
2024-05-11 15:27:21,865 [INFO] LogOutputStream:77 - [STDOUT_REDIRECT] 1 : Invalid condition id : UX_CORESTACK_Condition cause : null
2024-05-11 15:27:21,867 [INFO] LogOutputStream:77 - [STDOUT_REDIRECT] 1 : Invalid condition id : UX_CORESTACK_Condition cause : null
2024-05-11 15:27:21,868 [INFO] LogOutputStream:77 - [STDOUT_REDIRECT] 1 : Invalid condition id : UX_CORESTACK_Condition cause : null
2024-05-11 15:27:21,870 [WARN] PackLoader:240 - Cannot read IP mode file for STMicroelectronics.X-CUBE-AZRTOS-WL.2.0.0
2024-05-11 15:27:21,883 [WARN] PackLoader:240 - Cannot read IP mode file for STMicroelectronics.FP-SNS-MOTENV1.5.0.0
2024-05-11 15:27:21,900 [WARN] PackLoader:240 - Cannot read IP mode file for WES.I-CUBE-Cesium.1.3.0
2024-05-11 15:27:21,911 [WARN] PackLoader:240 - Cannot read IP mode file for STMicroelectronics.X-CUBE-BLE2.3.3.0
2024-05-11 15:27:21,923 [WARN] PackLoader:240 - Cannot read IP mode file for STMicroelectronics.X-CUBE-TCPP.4.1.0
2024-05-11 15:27:21,940 [WARN] PackLoader:240 - Cannot read IP mode file for STMicroelectronics.X-CUBE-ALGOBUILD.1.3.0
2024-05-11 15:27:21,968 [WARN] PackLoader:240 - Cannot read IP mode file for STMicroelectronics.X-CUBE-AZRTOS-G0.1.1.0
2024-05-11 15:27:21,985 [WARN] PackLoader:240 - Cannot read IP mode file for STMicroelectronics.X-CUBE-SAFEA1.1.2.2
2024-05-11 15:27:22,000 [WARN] PackLoader:240 - Cannot read IP mode file for STMicroelectronics.X-CUBE-NFC4.3.0.0
2024-05-11 15:27:22,016 [WARN] PackLoader:240 - Cannot read IP mode file for STMicroelectronics.X-CUBE-BLEMGR.3.0.0
2024-05-11 15:27:22,023 [WARN] PackLoader:240 - Cannot read IP mode file for STMicroelectronics.FP-ATR-SIGFOX1.3.2.0
2024-05-11 15:27:22,034 [WARN] PackLoader:240 - Cannot read IP mode file for STMicroelectronics.X-CUBE-EEPRMA1.5.1.0
2024-05-11 15:27:22,070 [WARN] PackLoader:240 - Cannot read IP mode file for SEGGER.I-CUBE-embOS.1.3.1
2024-05-11 15:27:22,131 [WARN] PackLoader:240 - Cannot read IP mode file for STMicroelectronics.X-CUBE-ALGOBUILD.1.4.0
2024-05-11 15:27:22,145 [WARN] PackLoader:240 - Cannot read IP mode file for STMicroelectronics.X-CUBE-GNSS1.6.0.0
2024-05-11 15:27:22,174 [WARN] PackLoader:240 - Cannot read IP mode file for STMicroelectronics.X-CUBE-AZRTOS-F4.1.1.0
2024-05-11 15:27:22,206 [WARN] PackLoader:240 - Cannot read IP mode file for wolfSSL.I-CUBE-wolfSSL.5.6.3
2024-05-11 15:27:22,223 [WARN] PackLoader:240 - Cannot read IP mode file for STMicroelectronics.X-CUBE-FREERTOS.1.2.0
2024-05-11 15:27:22,248 [WARN] PackLoader:240 - Cannot read IP mode file for wolfSSL.I-CUBE-wolfSSL.5.6.6
2024-05-11 15:27:22,663 [WARN] PackLoader:240 - Cannot read IP mode file for STMicroelectronics.X-CUBE-AZRTOS-L5.2.0.0
2024-05-11 15:27:22,881 [WARN] PackLoader:240 - Cannot read IP mode file for STMicroelectronics.X-CUBE-MEMS1.9.6.0
2024-05-11 15:27:22,989 [WARN] PackLoader:240 - Cannot read IP mode file for STMicroelectronics.X-CUBE-EEPRMA1.4.2.0
2024-05-11 15:27:23,027 [WARN] PackLoader:240 - Cannot read IP mode file for STMicroelectronics.X-CUBE-NFC6.3.1.0
2024-05-11 15:27:23,057 [WARN] PackLoader:240 - Cannot read IP mode file for ITTIA_DB.I-CUBE-ITTIADB.8.8.0
2024-05-11 15:27:23,795 [WARN] PackLoader:240 - Cannot read IP mode file for STMicroelectronics.X-CUBE-BLEMGR.2.0.0
2024-05-11 15:27:23,833 [WARN] PackLoader:240 - Cannot read IP mode file for STMicroelectronics.X-CUBE-AI.9.0.0
2024-05-11 15:27:23,908 [WARN] ConditionMgr:438 - getConditionDescription Invalid condition id : UX DEVICE CLASS RTOS Condition cause : null
2024-05-11 15:27:23,908 [WARN] ConditionMgr:438 - getConditionDescription Invalid condition id : UX DEVICE CLASS RTOS Condition cause : null
2024-05-11 15:27:23,910 [WARN] PackLoader:240 - Cannot read IP mode file for STMicroelectronics.X-CUBE-AZRTOS-H7.3.1.0
2024-05-11 15:27:23,911 [WARN] ConditionMgr:1039 - genDependencies : Invalid condition id : UX DEVICE CLASS RTOS Condition cause : null
2024-05-11 15:27:23,911 [WARN] ConditionMgr:1039 - genDependencies : Invalid condition id : UX DEVICE CLASS RTOS Condition cause : null
2024-05-11 15:27:23,911 [WARN] ConditionMgr:1039 - genDependencies : Invalid condition id : UX DEVICE CLASS RTOS Condition cause : null
2024-05-11 15:27:23,912 [WARN] ConditionMgr:1039 - genDependencies : Invalid condition id : UX DEVICE CLASS RTOS Condition cause : null
2024-05-11 15:27:23,912 [WARN] ConditionMgr:1039 - genDependencies : Invalid condition id : UX DEVICE CLASS RTOS Condition cause : null
2024-05-11 15:27:23,948 [WARN] PackLoader:240 - Cannot read IP mode file for STMicroelectronics.X-CUBE-NFC7.1.0.1
2024-05-11 15:27:24,075 [WARN] PackLoader:240 - Cannot read IP mode file for STMicroelectronics.X-CUBE-NFC6.3.0.0
2024-05-11 15:27:24,107 [WARN] PackLoader:240 - Cannot read IP mode file for STMicroelectronics.X-CUBE-EEPRMA1.4.1.0
2024-05-11 15:27:24,117 [WARN] PackLoader:240 - Cannot read IP mode file for STMicroelectronics.X-CUBE-AI.8.1.0
2024-05-11 15:27:24,143 [WARN] ConditionMgr:438 - getConditionDescription Invalid condition id : LAN8742 Phy interface Condition cause : null
2024-05-11 15:27:24,143 [WARN] PackLoader:240 - Cannot read IP mode file for STMicroelectronics.X-CUBE-AZRTOS-L4.2.0.0
2024-05-11 15:27:24,144 [WARN] ConditionMgr:1039 - genDependencies : Invalid condition id : LAN8742 Phy interface Condition cause : null
2024-05-11 15:27:24,144 [WARN] ConditionMgr:1039 - genDependencies : Invalid condition id : LAN8742 Phy interface Condition cause : null
2024-05-11 15:27:24,144 [WARN] ConditionMgr:1039 - genDependencies : Invalid condition id : LAN8742 Phy interface Condition cause : null
2024-05-11 15:27:24,233 [WARN] PackLoader:240 - Cannot read IP mode file for STMicroelectronics.X-CUBE-SFXS2LP1.4.0.0
2024-05-11 15:27:24,244 [WARN] PackLoader:240 - Cannot read IP mode file for STMicroelectronics.X-CUBE-ISPU.1.1.0
2024-05-11 15:27:24,293 [WARN] ConditionMgr:438 - getConditionDescription Invalid condition id : UX DEVICE CLASS RTOS Condition cause : null
2024-05-11 15:27:24,293 [WARN] ConditionMgr:438 - getConditionDescription Invalid condition id : UX DEVICE CLASS RTOS Condition cause : null
2024-05-11 15:27:24,294 [WARN] PackLoader:240 - Cannot read IP mode file for STMicroelectronics.X-CUBE-AZRTOS-WB.2.0.0
2024-05-11 15:27:24,294 [WARN] ConditionMgr:1039 - genDependencies : Invalid condition id : UX DEVICE CLASS RTOS Condition cause : null
2024-05-11 15:27:24,294 [WARN] ConditionMgr:1039 - genDependencies : Invalid condition id : UX DEVICE CLASS RTOS Condition cause : null
2024-05-11 15:27:24,295 [WARN] ConditionMgr:1039 - genDependencies : Invalid condition id : UX DEVICE CLASS RTOS Condition cause : null
2024-05-11 15:27:24,295 [WARN] ConditionMgr:1039 - genDependencies : Invalid condition id : UX DEVICE CLASS RTOS Condition cause : null
2024-05-11 15:27:24,295 [WARN] ConditionMgr:1039 - genDependencies : Invalid condition id : UX DEVICE CLASS RTOS Condition cause : null
2024-05-11 15:27:24,311 [WARN] PackLoader:240 - Cannot read IP mode file for STMicroelectronics.X-CUBE-SUBG2.5.0.0
2024-05-11 15:27:24,361 [WARN] PackLoader:240 - Cannot read IP mode file for STMicroelectronics.X-CUBE-TOF1.3.3.1
2024-05-11 15:27:24,413 [WARN] PackLoader:240 - Cannot read IP mode file for STMicroelectronics.X-CUBE-AZRTOS-G4.2.0.0
2024-05-11 15:27:24,466 [WARN] PackLoader:240 - Cannot read IP mode file for Infineon.AIROC-Wi-Fi-Bluetooth-STM32.1.5.1
2024-05-11 15:27:24,509 [WARN] PackLoader:240 - Cannot read IP mode file for STMicroelectronics.FP-SNS-MOTENVWB1.1.3.0
2024-05-11 15:27:24,520 [WARN] PackLoader:240 - Cannot read IP mode file for STMicroelectronics.FP-SNS-MOTENVWB1.1.3.1
2024-05-11 15:27:24,531 [WARN] PackLoader:240 - Cannot read IP mode file for STMicroelectronics.X-CUBE-ISPU.2.0.0
2024-05-11 15:27:24,605 [WARN] PackLoader:240 - Cannot read IP mode file for STMicroelectronics.X-CUBE-MEMS1.10.0.0
2024-05-11 15:27:24,731 [WARN] PackLoader:240 - Cannot read IP mode file for STMicroelectronics.X-CUBE-FREERTOS.1.1.0
2024-05-11 15:27:24,829 [WARN] PackLoader:240 - Cannot read IP mode file for portGmbH.I-Cube-SoM-uGOAL.1.1.0
2024-05-11 15:27:24,983 [WARN] PackLoader:240 - Cannot read IP mode file for STMicroelectronics.X-CUBE-ALS.1.0.1
2024-05-11 15:27:25,370 [WARN] PackLoader:240 - Cannot read IP mode file for STMicroelectronics.X-CUBE-AZRTOS-H7RS.1.0.0
2024-05-11 15:27:25,400 [WARN] PackLoader:240 - Cannot read IP mode file for STMicroelectronics.FP-ATR-ASTRA1.2.0.0
2024-05-11 15:27:25,618 [WARN] PackLoader:240 - Cannot read IP mode file for STMicroelectronics.X-CUBE-TOF1.3.4.0
2024-05-11 15:27:26,115 [WARN] PackLoader:240 - Cannot read IP mode file for STMicroelectronics.X-CUBE-TOF1.3.4.1
2024-05-11 15:27:26,414 [WARN] PackLoader:240 - Cannot read IP mode file for STMicroelectronics.X-CUBE-AZRTOS-H7.3.2.0
2024-05-11 15:27:26,416 [INFO] ThirdParty:978 - Integrity check success = true
2024-05-11 15:27:26,416 [INFO] IntegrityCheckThread:100 - exiting critical section [integrity check]
2024-05-11 15:27:26,416 [INFO] IntegrityCheckThread:103 - End integrity checks thread
2024-05-11 18:17:19,936 [ERROR] LogOutputStream:75 - [STDERR_REDIRECT] 
2024-05-11 18:17:19,938 [ERROR] LogOutputStream:75 - [STDERR_REDIRECT] 
