2024-05-24 10:34:54,546 [INFO] Activator:176 - 


2024-05-24 10:34:54,564 [INFO] Activator:177 - !SESSION log4j initialized
2024-05-24 10:35:06,129 [INFO] LogOutputStream:77 - [STDOUT_REDIRECT] 
2024-05-24 10:35:10,705 [INFO] ApplicationProperties:184 - Using Application install path: C:\ST\STM32CubeIDE_1.14.1\STM32CubeIDE\plugins\com.st.stm32cube.common.mx_6.11.0.202403141607
2024-05-24 10:35:10,726 [INFO] DbMcusXml:78 - Set database path to: C:\ST\STM32CubeIDE_1.14.1\STM32CubeIDE\plugins\com.st.stm32cube.common.mx_6.11.0.202403141607\\db\/mcu/
2024-05-24 10:35:10,726 [INFO] ApiDb:274 - Set plugin database path to: C:\ST\STM32CubeIDE_1.14.1\STM32CubeIDE\plugins\com.st.stm32cube.common.mx_6.11.0.202403141607\\db\/plugins/boardmanager/
2024-05-24 10:35:10,727 [WARN] ApiDb:259 - Overriding images path with different value:  => C:\ST\STM32CubeIDE_1.14.1\STM32CubeIDE\plugins\com.st.stm32cube.common.mx_6.11.0.202403141607\\db\/plugins/mcufinder/images/
2024-05-24 10:35:10,737 [INFO] ApiDb:250 - Set database path to: C:\Users\AAA\.stmcufinder\plugins\mcufinder//mcu/
2024-05-24 10:35:10,739 [INFO] DbMcusAds:125 - Set database path to: C:\Users\AAA\.stmcufinder\plugins\mcufinder//mcu/
2024-05-24 10:35:10,741 [INFO] CrossReferenceDbSqlite:203 - Set database path to: C:\Users\AAA\.stmcufinder\plugins\mcufinder//mcu/cs/
2024-05-24 10:35:10,880 [INFO] RulesReader:64 - Compatibility file has been processed (297 Rules)
2024-05-24 10:35:10,993 [INFO] DbMcusXml:78 - Set database path to: C:\ST\STM32CubeIDE_1.14.1\STM32CubeIDE\plugins\com.st.stm32cube.common.mx_6.11.0.202403141607\\db\/mcu/
2024-05-24 10:35:10,993 [INFO] ApiDb:274 - Set plugin database path to: C:\ST\STM32CubeIDE_1.14.1\STM32CubeIDE\plugins\com.st.stm32cube.common.mx_6.11.0.202403141607\\db\/plugins/boardmanager/
2024-05-24 10:35:10,993 [INFO] ApiDb:261 - Set plugin images path to: C:\ST\STM32CubeIDE_1.14.1\STM32CubeIDE\plugins\com.st.stm32cube.common.mx_6.11.0.202403141607\\db\/plugins/mcufinder/images/
2024-05-24 10:35:10,994 [WARN] DbFile:41 - Overriding database path with different value: C:\Users\AAA\.stmcufinder\plugins\mcufinder/ => C:\Users\AAA\.stmcufinder\plugins\mcufinder
2024-05-24 10:35:10,994 [INFO] ApiDb:250 - Set database path to: C:\Users\AAA\.stmcufinder\plugins\mcufinder//mcu/
2024-05-24 10:35:10,994 [WARN] DbFile:41 - Overriding database path with different value: C:\Users\AAA\.stmcufinder\plugins\mcufinder/ => C:\Users\AAA\.stmcufinder\plugins\mcufinder
2024-05-24 10:35:10,994 [INFO] DbMcusAds:125 - Set database path to: C:\Users\AAA\.stmcufinder\plugins\mcufinder//mcu/
2024-05-24 10:35:10,994 [WARN] DbFile:41 - Overriding database path with different value: C:\Users\AAA\.stmcufinder\plugins\mcufinder/ => C:\Users\AAA\.stmcufinder\plugins\mcufinder
2024-05-24 10:35:10,994 [WARN] DbFile:41 - Overriding database path with different value: C:\Users\AAA\.stmcufinder\plugins\mcufinder/ => C:\Users\AAA\.stmcufinder\plugins\mcufinder
2024-05-24 10:35:10,994 [INFO] CrossReferenceDbSqlite:203 - Set database path to: C:\Users\AAA\.stmcufinder\plugins\mcufinder//mcu/cs/
2024-05-24 10:35:11,108 [INFO] MainPanel:264 - HeapMemory: 268435456
2024-05-24 10:35:11,218 [INFO] DbMcusXml:78 - Set database path to: C:\ST\STM32CubeIDE_1.14.1\STM32CubeIDE\plugins\com.st.stm32cube.common.mx_6.11.0.202403141607\\db\/mcu/
2024-05-24 10:35:11,218 [INFO] ApiDb:274 - Set plugin database path to: C:\ST\STM32CubeIDE_1.14.1\STM32CubeIDE\plugins\com.st.stm32cube.common.mx_6.11.0.202403141607\\db\/plugins/boardmanager/
2024-05-24 10:35:11,218 [INFO] ApiDb:261 - Set plugin images path to: C:\ST\STM32CubeIDE_1.14.1\STM32CubeIDE\plugins\com.st.stm32cube.common.mx_6.11.0.202403141607\\db\/plugins/mcufinder/images/
2024-05-24 10:35:11,218 [WARN] DbFile:41 - Overriding database path with different value: C:\Users\AAA\.stmcufinder\plugins\mcufinder/ => C:\Users\AAA\.stmcufinder\plugins\mcufinder
2024-05-24 10:35:11,218 [INFO] ApiDb:250 - Set database path to: C:\Users\AAA\.stmcufinder\plugins\mcufinder//mcu/
2024-05-24 10:35:11,218 [WARN] DbFile:41 - Overriding database path with different value: C:\Users\AAA\.stmcufinder\plugins\mcufinder/ => C:\Users\AAA\.stmcufinder\plugins\mcufinder
2024-05-24 10:35:11,218 [INFO] DbMcusAds:125 - Set database path to: C:\Users\AAA\.stmcufinder\plugins\mcufinder//mcu/
2024-05-24 10:35:11,218 [WARN] DbFile:41 - Overriding database path with different value: C:\Users\AAA\.stmcufinder\plugins\mcufinder/ => C:\Users\AAA\.stmcufinder\plugins\mcufinder
2024-05-24 10:35:11,219 [WARN] DbFile:41 - Overriding database path with different value: C:\Users\AAA\.stmcufinder\plugins\mcufinder/ => C:\Users\AAA\.stmcufinder\plugins\mcufinder
2024-05-24 10:35:11,219 [INFO] CrossReferenceDbSqlite:203 - Set database path to: C:\Users\AAA\.stmcufinder\plugins\mcufinder//mcu/cs/
2024-05-24 10:35:11,241 [INFO] ApplicationProperties:184 - Using Application install path: C:\ST\STM32CubeIDE_1.14.1\STM32CubeIDE\plugins\com.st.stm32cube.common.mx_6.11.0.202403141607
2024-05-24 10:35:11,243 [INFO] PluginManage:196 - Search for loadable plugins [exclusion list=, ]
2024-05-24 10:35:11,245 [INFO] PluginManage:310 - Check plugin analytics
2024-05-24 10:35:11,455 [INFO] AnalyticsPlugin:253 - Accepted Software Licenses: 
2024-05-24 10:35:11,455 [INFO] AnalyticsPlugin:255 - Accepted CMSIS Pack Licenses: ARM.CMSIS.6.0.0
2024-05-24 10:35:11,455 [INFO] AnalyticsPlugin:257 - Accepted Firmware Licenses: 
2024-05-24 10:35:11,458 [INFO] PluginManage:359 - Loaded plugin analytics (category:tool,tabindex:-1)
2024-05-24 10:35:11,459 [INFO] PluginManage:310 - Check plugin cadmodel
2024-05-24 10:35:11,468 [INFO] CADModel:105 - Init CAD model plugin
2024-05-24 10:35:11,468 [INFO] PluginManage:359 - Loaded plugin cadmodel (category:power,tabindex:5)
2024-05-24 10:35:11,470 [INFO] PluginManage:310 - Check plugin clock
2024-05-24 10:35:11,488 [INFO] PluginManage:359 - Loaded plugin clock (category:base,tabindex:2)
2024-05-24 10:35:11,488 [INFO] PluginManage:310 - Check plugin ddr
2024-05-24 10:35:11,493 [INFO] PluginManage:359 - Loaded plugin ddr (category:tool,tabindex:6)
2024-05-24 10:35:11,493 [INFO] PluginManage:310 - Check plugin filemanager
2024-05-24 10:35:11,662 [INFO] PluginManage:359 - Loaded plugin filemanager (category:base,tabindex:10)
2024-05-24 10:35:11,662 [INFO] PluginManage:310 - Check plugin ipmanager
2024-05-24 10:35:11,673 [INFO] PluginManage:359 - Loaded plugin ipmanager (category:base,tabindex:5)
2024-05-24 10:35:11,673 [INFO] PluginManage:310 - Check plugin lpbam
2024-05-24 10:35:11,683 [INFO] PluginManage:359 - Loaded plugin lpbam (category:base,tabindex:0)
2024-05-24 10:35:11,683 [INFO] PluginManage:310 - Check plugin memorymap
2024-05-24 10:35:11,700 [INFO] PluginManage:359 - Loaded plugin memorymap (category:base,tabindex:4)
2024-05-24 10:35:11,700 [INFO] PluginManage:310 - Check plugin pinoutandconfiguration
2024-05-24 10:35:11,709 [INFO] PluginManage:359 - Loaded plugin pinoutandconfiguration (category:base,tabindex:1)
2024-05-24 10:35:11,709 [INFO] PluginManage:310 - Check plugin pinoutconfig
2024-05-24 10:35:11,817 [WARN] SupportedApi:132 - Cannot load RTOS API schema: s4s-elt-must-match.1: The content of 'definitions' must match (annotation?, (simpleType | complexType)?, (unique | key | keyref)*)). A problem was found starting at: attribute.
2024-05-24 10:35:12,007 [INFO] PluginManage:359 - Loaded plugin pinoutconfig (category:base,tabindex:0)
2024-05-24 10:35:12,007 [INFO] PluginManage:310 - Check plugin power
2024-05-24 10:35:12,021 [INFO] PluginManage:359 - Loaded plugin power (category:power,tabindex:4)
2024-05-24 10:35:12,021 [INFO] PluginManage:310 - Check plugin projectmanager
2024-05-24 10:35:12,040 [INFO] PluginManage:359 - Loaded plugin projectmanager (category:projectmanager,tabindex:3)
2024-05-24 10:35:12,041 [INFO] PluginManage:310 - Check plugin thirdparty
2024-05-24 10:35:12,209 [WARN] IntegrityCheckThread:84 - waiting for thirdparty lock release [integrity check]
2024-05-24 10:35:12,209 [INFO] IntegrityCheckThread:86 - entering critical section [integrity check]
2024-05-24 10:35:12,209 [INFO] PluginManage:359 - Loaded plugin thirdparty (category:base,tabindex:-1)
2024-05-24 10:35:12,209 [INFO] PluginManage:310 - Check plugin tools
2024-05-24 10:35:12,210 [INFO] ThirdPartyUpdaterWithRetryManager:70 - Updater plugin not ready yet. [1/15]
2024-05-24 10:35:12,215 [INFO] PluginManage:359 - Loaded plugin tools (category:base,tabindex:7)
2024-05-24 10:35:12,215 [INFO] PluginManage:310 - Check plugin tutovideos
2024-05-24 10:35:12,439 [INFO] PluginManage:359 - Loaded plugin tutovideos (category:base,tabindex:-1)
2024-05-24 10:35:12,439 [INFO] PluginManage:310 - Check plugin updater
2024-05-24 10:35:12,450 [INFO] PluginManage:359 - Loaded plugin updater (category:base,tabindex:12)
2024-05-24 10:35:12,451 [INFO] PluginManage:310 - Check plugin userauth
2024-05-24 10:35:12,456 [INFO] UserAuth:114 - Init User Auth plugin
2024-05-24 10:35:12,456 [INFO] PluginManage:359 - Loaded plugin userauth (category:base,tabindex:14)
2024-05-24 10:35:12,457 [INFO] PluginManage:283 - PluginManage : Loaded plugins [17]
2024-05-24 10:35:12,693 [INFO] PinOutPanel:1561 - setPackage(No Configuration,No Configuration)
2024-05-24 10:35:12,791 [INFO] CADModel:165 - CPN selected for project level
2024-05-24 10:35:12,792 [INFO] CADModel:114 - Register for checkConnection events
2024-05-24 10:35:12,811 [INFO] IPUIPlugin:80 - create IPUIPlugin
2024-05-24 10:35:12,811 [INFO] PluginManager:220 - loadIPPluginJar : add adc
2024-05-24 10:35:12,814 [INFO] IPUIPlugin:80 - create IPUIPlugin
2024-05-24 10:35:12,814 [INFO] PluginManager:220 - loadIPPluginJar : add aes
2024-05-24 10:35:12,818 [INFO] IPUIPlugin:80 - create IPUIPlugin
2024-05-24 10:35:12,818 [INFO] PluginManager:220 - loadIPPluginJar : add can
2024-05-24 10:35:12,819 [INFO] IPUIPlugin:80 - create IPUIPlugin
2024-05-24 10:35:12,820 [INFO] PluginManager:220 - loadIPPluginJar : add comp
2024-05-24 10:35:12,822 [INFO] IPUIPlugin:80 - create IPUIPlugin
2024-05-24 10:35:12,822 [INFO] PluginManager:220 - loadIPPluginJar : add cryp
2024-05-24 10:35:12,825 [INFO] IPUIPlugin:80 - create IPUIPlugin
2024-05-24 10:35:12,826 [INFO] PluginManager:220 - loadIPPluginJar : add dfsdm
2024-05-24 10:35:12,830 [INFO] IPUIPlugin:80 - create IPUIPlugin
2024-05-24 10:35:12,831 [INFO] PluginManager:220 - loadIPPluginJar : add dma
2024-05-24 10:35:12,832 [INFO] IPUIPlugin:80 - create IPUIPlugin
2024-05-24 10:35:12,832 [INFO] PluginManager:220 - loadIPPluginJar : add dma3
2024-05-24 10:35:12,836 [INFO] IPUIPlugin:80 - create IPUIPlugin
2024-05-24 10:35:12,836 [INFO] PluginManager:220 - loadIPPluginJar : add extmemmanager
2024-05-24 10:35:12,837 [INFO] IPUIPlugin:80 - create IPUIPlugin
2024-05-24 10:35:12,837 [INFO] PluginManager:220 - loadIPPluginJar : add fatfs
2024-05-24 10:35:12,841 [INFO] IPUIPlugin:80 - create IPUIPlugin
2024-05-24 10:35:12,841 [INFO] PluginManager:220 - loadIPPluginJar : add fmc
2024-05-24 10:35:12,847 [INFO] IPUIPlugin:80 - create IPUIPlugin
2024-05-24 10:35:12,847 [INFO] PluginManager:220 - loadIPPluginJar : add freertos
2024-05-24 10:35:12,849 [INFO] IPUIPlugin:80 - create IPUIPlugin
2024-05-24 10:35:12,849 [INFO] PluginManager:220 - loadIPPluginJar : add genericplugin
2024-05-24 10:35:12,852 [INFO] IPUIPlugin:80 - create IPUIPlugin
2024-05-24 10:35:12,853 [INFO] PluginManager:220 - loadIPPluginJar : add gfxmmu
2024-05-24 10:35:12,858 [INFO] IPUIPlugin:80 - create IPUIPlugin
2024-05-24 10:35:12,858 [INFO] PluginManager:220 - loadIPPluginJar : add gic
2024-05-24 10:35:12,864 [INFO] IPUIPlugin:80 - create IPUIPlugin
2024-05-24 10:35:12,864 [INFO] PluginManager:220 - loadIPPluginJar : add gpio
2024-05-24 10:35:12,867 [INFO] IPUIPlugin:80 - create IPUIPlugin
2024-05-24 10:35:12,867 [INFO] PluginManager:220 - loadIPPluginJar : add gtzc
2024-05-24 10:35:12,870 [INFO] IPUIPlugin:80 - create IPUIPlugin
2024-05-24 10:35:12,870 [INFO] PluginManager:220 - loadIPPluginJar : add hash
2024-05-24 10:35:12,873 [INFO] IPUIPlugin:80 - create IPUIPlugin
2024-05-24 10:35:12,873 [INFO] PluginManager:220 - loadIPPluginJar : add i2c
2024-05-24 10:35:12,876 [INFO] IPUIPlugin:80 - create IPUIPlugin
2024-05-24 10:35:12,876 [INFO] PluginManager:220 - loadIPPluginJar : add i2s
2024-05-24 10:35:12,879 [INFO] IPUIPlugin:80 - create IPUIPlugin
2024-05-24 10:35:12,879 [INFO] PluginManager:220 - loadIPPluginJar : add i3c
2024-05-24 10:35:12,883 [INFO] IPUIPlugin:80 - create IPUIPlugin
2024-05-24 10:35:12,883 [INFO] PluginManager:220 - loadIPPluginJar : add ipddr
2024-05-24 10:35:12,891 [INFO] IPUIPlugin:80 - create IPUIPlugin
2024-05-24 10:35:12,891 [INFO] PluginManager:220 - loadIPPluginJar : add linkedlist
2024-05-24 10:35:12,894 [INFO] IPUIPlugin:80 - create IPUIPlugin
2024-05-24 10:35:12,895 [INFO] PluginManager:220 - loadIPPluginJar : add lorawan
2024-05-24 10:35:12,897 [INFO] IPUIPlugin:80 - create IPUIPlugin
2024-05-24 10:35:12,897 [INFO] PluginManager:220 - loadIPPluginJar : add ltdc
2024-05-24 10:35:12,904 [INFO] IPUIPlugin:80 - create IPUIPlugin
2024-05-24 10:35:12,905 [INFO] PluginManager:220 - loadIPPluginJar : add mdma
2024-05-24 10:35:12,909 [INFO] IPUIPlugin:80 - create IPUIPlugin
2024-05-24 10:35:12,910 [INFO] PluginManager:220 - loadIPPluginJar : add nvic
2024-05-24 10:35:12,913 [INFO] IPUIPlugin:80 - create IPUIPlugin
2024-05-24 10:35:12,913 [INFO] PluginManager:220 - loadIPPluginJar : add opamp
2024-05-24 10:35:12,918 [INFO] IPUIPlugin:80 - create IPUIPlugin
2024-05-24 10:35:12,918 [INFO] PluginManager:220 - loadIPPluginJar : add openamp
2024-05-24 10:35:12,922 [INFO] IPUIPlugin:80 - create IPUIPlugin
2024-05-24 10:35:12,922 [INFO] PluginManager:220 - loadIPPluginJar : add pdm2pcm
2024-05-24 10:35:12,930 [INFO] IPUIPlugin:80 - create IPUIPlugin
2024-05-24 10:35:12,933 [INFO] PluginManager:220 - loadIPPluginJar : add plateformsettings
2024-05-24 10:35:12,936 [INFO] IPUIPlugin:80 - create IPUIPlugin
2024-05-24 10:35:12,936 [INFO] PluginManager:220 - loadIPPluginJar : add quadspi
2024-05-24 10:35:12,941 [INFO] IPUIPlugin:80 - create IPUIPlugin
2024-05-24 10:35:12,942 [INFO] PluginManager:220 - loadIPPluginJar : add resmgrutility
2024-05-24 10:35:12,945 [INFO] IPUIPlugin:80 - create IPUIPlugin
2024-05-24 10:35:12,945 [INFO] PluginManager:220 - loadIPPluginJar : add sai
2024-05-24 10:35:12,948 [INFO] IPUIPlugin:80 - create IPUIPlugin
2024-05-24 10:35:12,948 [INFO] PluginManager:220 - loadIPPluginJar : add spi
2024-05-24 10:35:12,955 [INFO] IPUIPlugin:80 - create IPUIPlugin
2024-05-24 10:35:12,955 [INFO] PluginManager:220 - loadIPPluginJar : add stm32_wpan
2024-05-24 10:35:12,957 [INFO] IPUIPlugin:80 - create IPUIPlugin
2024-05-24 10:35:12,957 [INFO] PluginManager:220 - loadIPPluginJar : add tim
2024-05-24 10:35:12,961 [INFO] IPUIPlugin:80 - create IPUIPlugin
2024-05-24 10:35:12,961 [INFO] PluginManager:220 - loadIPPluginJar : add touchsensing
2024-05-24 10:35:12,963 [INFO] IPUIPlugin:80 - create IPUIPlugin
2024-05-24 10:35:12,963 [INFO] PluginManager:220 - loadIPPluginJar : add tracer_emb
2024-05-24 10:35:12,966 [INFO] IPUIPlugin:80 - create IPUIPlugin
2024-05-24 10:35:12,967 [INFO] PluginManager:220 - loadIPPluginJar : add ts
2024-05-24 10:35:12,969 [INFO] IPUIPlugin:80 - create IPUIPlugin
2024-05-24 10:35:12,969 [INFO] PluginManager:220 - loadIPPluginJar : add tsc
2024-05-24 10:35:12,971 [INFO] IPUIPlugin:80 - create IPUIPlugin
2024-05-24 10:35:12,971 [INFO] PluginManager:220 - loadIPPluginJar : add ucpd
2024-05-24 10:35:12,975 [INFO] IPUIPlugin:80 - create IPUIPlugin
2024-05-24 10:35:12,975 [INFO] PluginManager:220 - loadIPPluginJar : add usart
2024-05-24 10:35:12,978 [INFO] IPUIPlugin:80 - create IPUIPlugin
2024-05-24 10:35:12,978 [INFO] PluginManager:220 - loadIPPluginJar : add usbx
2024-05-24 10:35:13,119 [INFO] CADModel:165 - CPN selected for project level
2024-05-24 10:35:13,119 [INFO] CADModel:114 - Register for checkConnection events
2024-05-24 10:35:13,119 [FATAL] Updater:308 - Updater called before beeing initialized
2024-05-24 10:35:13,119 [ERROR] CADModel:125 - Updater not yet initialized, retry later 
2024-05-24 10:35:13,290 [INFO] CADModel:165 - CPN selected for project level
2024-05-24 10:35:13,290 [INFO] CADModel:114 - Register for checkConnection events
2024-05-24 10:35:13,291 [FATAL] Updater:308 - Updater called before beeing initialized
2024-05-24 10:35:13,291 [ERROR] CADModel:125 - Updater not yet initialized, retry later 
2024-05-24 10:35:13,294 [FATAL] Updater:308 - Updater called before beeing initialized
2024-05-24 10:35:13,430 [FATAL] Updater:308 - Updater called before beeing initialized
2024-05-24 10:35:13,435 [INFO] DbMcusAds:53 - JSON generation date=Thu May 16 16:22:00 ICT 2024 (1715851320852)
2024-05-24 10:35:13,435 [FATAL] Updater:308 - Updater called before beeing initialized
2024-05-24 10:35:13,479 [WARN] DetailPanel:346 - Failed to get advertising image, set to default
2024-05-24 10:35:13,580 [FATAL] Updater:308 - Updater called before beeing initialized
2024-05-24 10:35:13,583 [FATAL] Updater:308 - Updater called before beeing initialized
2024-05-24 10:35:13,583 [FATAL] Updater:308 - Updater called before beeing initialized
2024-05-24 10:35:13,583 [WARN] DetailPanel:346 - Failed to get advertising image, set to default
2024-05-24 10:35:13,584 [FATAL] Updater:308 - Updater called before beeing initialized
2024-05-24 10:35:13,645 [ERROR] Updater:1120 - MainUpdater not yet initialized. External WinMGr cannot be set.
2024-05-24 10:35:13,648 [INFO] Updater:1056 - Updater Version found : 6.11.0
2024-05-24 10:35:13,669 [INFO] ApplicationProperties:184 - Using Application install path: C:\ST\STM32CubeIDE_1.14.1\STM32CubeIDE\plugins\com.st.stm32cube.common.mx_6.11.0.202403141607
2024-05-24 10:35:15,210 [INFO] ThirdPartyUpdaterWithRetryManager:70 - Updater plugin not ready yet. [2/15]
2024-05-24 10:35:15,251 [ERROR] LogOutputStream:75 - [STDERR_REDIRECT] May 24, 2024 10:35:15 AM java.util.prefs.WindowsPreferences <init>
2024-05-24 10:35:15,252 [ERROR] LogOutputStream:75 - [STDERR_REDIRECT] WARNING: Could not open/create prefs root node Software\JavaSoft\Prefs at root 0xffffffff80000002. Windows RegCreateKeyEx(...) returned error code 5.
2024-05-24 10:35:15,252 [ERROR] LogOutputStream:75 - [STDERR_REDIRECT] 
2024-05-24 10:35:15,541 [INFO] MainUpdater:2873 - connection check result : 22
2024-05-24 10:35:15,542 [INFO] MainUpdater:290 - Updater Check For Update Now.
2024-05-24 10:35:15,543 [INFO] MicroXplorer:498 - Change Database Version : DB.6.0.110
2024-05-24 10:35:15,550 [INFO] McuFinderGlobals:63 - Set McuFinder mode to 2 (CubeIDE integrated)
2024-05-24 10:35:15,561 [INFO] UserAuth:415 - Internet connection configuration mode: 2
2024-05-24 10:35:15,763 [INFO] CheckServerUpdateThread:120 - End of CheckServer Thread
2024-05-24 10:35:18,487 [WARN] PackLoader:240 - Cannot read IP mode file for STMicroelectronics.FP-SNS-MOTENVWB1.1.4.0
2024-05-24 10:35:18,502 [WARN] PackLoader:240 - Cannot read IP mode file for STMicroelectronics.X-CUBE-SMBUS.2.1.0
2024-05-24 10:35:18,509 [WARN] PackLoader:240 - Cannot read IP mode file for STMicroelectronics.X-CUBE-TOUCHGFX.4.23.1
2024-05-24 10:35:18,513 [WARN] PackLoader:240 - Cannot read IP mode file for STMicroelectronics.X-CUBE-TOUCHGFX.4.23.0
2024-05-24 10:35:18,517 [WARN] PackLoader:240 - Cannot read IP mode file for STMicroelectronics.X-CUBE-TOUCHGFX.4.23.2
2024-05-24 10:35:18,550 [WARN] PackLoader:240 - Cannot read IP mode file for STMicroelectronics.X-CUBE-AZRTOS-F7.1.1.0
2024-05-24 10:35:18,564 [WARN] PackLoader:240 - Cannot read IP mode file for STMicroelectronics.FP-SNS-MOTENV1.4.3.2
2024-05-24 10:35:18,575 [WARN] PackLoader:240 - Cannot read IP mode file for STMicroelectronics.FP-SNS-FLIGHT1.5.0.2
2024-05-24 10:35:18,587 [WARN] PackLoader:240 - Cannot read IP mode file for STMicroelectronics.X-CUBE-DISPLAY.3.0.0
2024-05-24 10:35:18,600 [WARN] PackLoader:240 - Cannot read IP mode file for STMicroelectronics.X-CUBE-BLE1.7.0.0
2024-05-24 10:35:18,607 [WARN] PackLoader:240 - Cannot read IP mode file for emotas.I-CUBE-CANOPEN.1.3.0
2024-05-24 10:35:18,611 [WARN] PackLoader:240 - Cannot read IP mode file for STMicroelectronics.X-CUBE-TOUCHGFX.4.22.1
2024-05-24 10:35:18,622 [WARN] PackLoader:240 - Cannot read IP mode file for STMicroelectronics.X-CUBE-BLEMGR.3.1.0
2024-05-24 10:35:18,629 [WARN] PackLoader:240 - Cannot read IP mode file for STMicroelectronics.FP-SNS-SMARTAG2.1.2.0
2024-05-24 10:35:18,641 [INFO] LogOutputStream:77 - [STDOUT_REDIRECT] 1 : Invalid condition id : UX_CORESTACK_Condition cause : null
2024-05-24 10:35:18,641 [INFO] LogOutputStream:77 - [STDOUT_REDIRECT] 1 : Invalid condition id : UX_CORESTACK_Condition cause : null
2024-05-24 10:35:18,643 [INFO] LogOutputStream:77 - [STDOUT_REDIRECT] 1 : Invalid condition id : UX_CORESTACK_Condition cause : null
2024-05-24 10:35:18,644 [INFO] LogOutputStream:77 - [STDOUT_REDIRECT] 1 : Invalid condition id : UX_CORESTACK_Condition cause : null
2024-05-24 10:35:18,645 [INFO] LogOutputStream:77 - [STDOUT_REDIRECT] 1 : Invalid condition id : UX_CORESTACK_Condition cause : null
2024-05-24 10:35:18,649 [WARN] PackLoader:240 - Cannot read IP mode file for STMicroelectronics.X-CUBE-AZRTOS-WL.2.0.0
2024-05-24 10:35:18,655 [WARN] PackLoader:240 - Cannot read IP mode file for STMicroelectronics.FP-SNS-MOTENV1.5.0.0
2024-05-24 10:35:18,666 [WARN] PackLoader:240 - Cannot read IP mode file for WES.I-CUBE-Cesium.1.3.0
2024-05-24 10:35:18,671 [WARN] PackLoader:240 - Cannot read IP mode file for STMicroelectronics.X-CUBE-BLE2.3.3.0
2024-05-24 10:35:18,677 [WARN] PackLoader:240 - Cannot read IP mode file for STMicroelectronics.X-CUBE-TCPP.4.1.0
2024-05-24 10:35:18,685 [WARN] PackLoader:240 - Cannot read IP mode file for STMicroelectronics.X-CUBE-ALGOBUILD.1.3.0
2024-05-24 10:35:18,707 [WARN] PackLoader:240 - Cannot read IP mode file for STMicroelectronics.X-CUBE-AZRTOS-G0.1.1.0
2024-05-24 10:35:18,720 [WARN] PackLoader:240 - Cannot read IP mode file for STMicroelectronics.X-CUBE-SAFEA1.1.2.2
2024-05-24 10:35:18,729 [WARN] PackLoader:240 - Cannot read IP mode file for STMicroelectronics.X-CUBE-NFC4.3.0.0
2024-05-24 10:35:18,743 [WARN] PackLoader:240 - Cannot read IP mode file for STMicroelectronics.X-CUBE-BLEMGR.3.0.0
2024-05-24 10:35:18,752 [WARN] PackLoader:240 - Cannot read IP mode file for STMicroelectronics.FP-ATR-SIGFOX1.3.2.0
2024-05-24 10:35:18,761 [WARN] PackLoader:240 - Cannot read IP mode file for STMicroelectronics.X-CUBE-EEPRMA1.5.1.0
2024-05-24 10:35:18,827 [WARN] PackLoader:240 - Cannot read IP mode file for SEGGER.I-CUBE-embOS.1.3.1
2024-05-24 10:35:18,870 [WARN] PackLoader:240 - Cannot read IP mode file for STMicroelectronics.X-CUBE-ALGOBUILD.1.4.0
2024-05-24 10:35:18,879 [WARN] PackLoader:240 - Cannot read IP mode file for STMicroelectronics.X-CUBE-GNSS1.6.0.0
2024-05-24 10:35:18,897 [WARN] PackLoader:240 - Cannot read IP mode file for STMicroelectronics.X-CUBE-AZRTOS-F4.1.1.0
2024-05-24 10:35:18,905 [WARN] PackLoader:240 - Cannot read IP mode file for wolfSSL.I-CUBE-wolfSSL.5.6.3
2024-05-24 10:35:18,914 [WARN] PackLoader:240 - Cannot read IP mode file for STMicroelectronics.X-CUBE-FREERTOS.1.2.0
2024-05-24 10:35:18,917 [WARN] PackLoader:240 - Cannot read IP mode file for wolfSSL.I-CUBE-wolfSSL.5.6.6
2024-05-24 10:35:18,933 [WARN] PackLoader:240 - Cannot read IP mode file for STMicroelectronics.X-CUBE-AZRTOS-L5.2.0.0
2024-05-24 10:35:18,979 [WARN] PackLoader:240 - Cannot read IP mode file for STMicroelectronics.X-CUBE-MEMS1.9.6.0
2024-05-24 10:35:19,099 [WARN] PackLoader:240 - Cannot read IP mode file for STMicroelectronics.X-CUBE-EEPRMA1.4.2.0
2024-05-24 10:35:19,105 [WARN] PackLoader:240 - Cannot read IP mode file for STMicroelectronics.X-CUBE-NFC6.3.1.0
2024-05-24 10:35:19,111 [WARN] PackLoader:240 - Cannot read IP mode file for ITTIA_DB.I-CUBE-ITTIADB.8.8.0
2024-05-24 10:35:19,145 [WARN] PackLoader:240 - Cannot read IP mode file for STMicroelectronics.X-CUBE-BLEMGR.2.0.0
2024-05-24 10:35:19,151 [WARN] PackLoader:240 - Cannot read IP mode file for STMicroelectronics.X-CUBE-AI.9.0.0
2024-05-24 10:35:19,170 [WARN] ConditionMgr:438 - getConditionDescription Invalid condition id : UX DEVICE CLASS RTOS Condition cause : null
2024-05-24 10:35:19,171 [WARN] ConditionMgr:438 - getConditionDescription Invalid condition id : UX DEVICE CLASS RTOS Condition cause : null
2024-05-24 10:35:19,174 [WARN] PackLoader:240 - Cannot read IP mode file for STMicroelectronics.X-CUBE-AZRTOS-H7.3.1.0
2024-05-24 10:35:19,176 [WARN] ConditionMgr:1039 - genDependencies : Invalid condition id : UX DEVICE CLASS RTOS Condition cause : null
2024-05-24 10:35:19,176 [WARN] ConditionMgr:1039 - genDependencies : Invalid condition id : UX DEVICE CLASS RTOS Condition cause : null
2024-05-24 10:35:19,177 [WARN] ConditionMgr:1039 - genDependencies : Invalid condition id : UX DEVICE CLASS RTOS Condition cause : null
2024-05-24 10:35:19,178 [WARN] ConditionMgr:1039 - genDependencies : Invalid condition id : UX DEVICE CLASS RTOS Condition cause : null
2024-05-24 10:35:19,178 [WARN] ConditionMgr:1039 - genDependencies : Invalid condition id : UX DEVICE CLASS RTOS Condition cause : null
2024-05-24 10:35:19,185 [WARN] PackLoader:240 - Cannot read IP mode file for STMicroelectronics.X-CUBE-NFC7.1.0.1
2024-05-24 10:35:19,193 [WARN] PackLoader:240 - Cannot read IP mode file for STMicroelectronics.X-CUBE-NFC6.3.0.0
2024-05-24 10:35:19,201 [WARN] PackLoader:240 - Cannot read IP mode file for STMicroelectronics.X-CUBE-EEPRMA1.4.1.0
2024-05-24 10:35:19,204 [WARN] PackLoader:240 - Cannot read IP mode file for STMicroelectronics.X-CUBE-AI.8.1.0
2024-05-24 10:35:19,235 [WARN] ConditionMgr:438 - getConditionDescription Invalid condition id : LAN8742 Phy interface Condition cause : null
2024-05-24 10:35:19,236 [WARN] PackLoader:240 - Cannot read IP mode file for STMicroelectronics.X-CUBE-AZRTOS-L4.2.0.0
2024-05-24 10:35:19,237 [WARN] ConditionMgr:1039 - genDependencies : Invalid condition id : LAN8742 Phy interface Condition cause : null
2024-05-24 10:35:19,237 [WARN] ConditionMgr:1039 - genDependencies : Invalid condition id : LAN8742 Phy interface Condition cause : null
2024-05-24 10:35:19,238 [WARN] ConditionMgr:1039 - genDependencies : Invalid condition id : LAN8742 Phy interface Condition cause : null
2024-05-24 10:35:19,290 [WARN] PackLoader:240 - Cannot read IP mode file for STMicroelectronics.X-CUBE-SFXS2LP1.4.0.0
2024-05-24 10:35:19,295 [WARN] PackLoader:240 - Cannot read IP mode file for STMicroelectronics.X-CUBE-ISPU.1.1.0
2024-05-24 10:35:19,309 [WARN] ConditionMgr:438 - getConditionDescription Invalid condition id : UX DEVICE CLASS RTOS Condition cause : null
2024-05-24 10:35:19,310 [WARN] ConditionMgr:438 - getConditionDescription Invalid condition id : UX DEVICE CLASS RTOS Condition cause : null
2024-05-24 10:35:19,312 [WARN] PackLoader:240 - Cannot read IP mode file for STMicroelectronics.X-CUBE-AZRTOS-WB.2.0.0
2024-05-24 10:35:19,313 [WARN] ConditionMgr:1039 - genDependencies : Invalid condition id : UX DEVICE CLASS RTOS Condition cause : null
2024-05-24 10:35:19,313 [WARN] ConditionMgr:1039 - genDependencies : Invalid condition id : UX DEVICE CLASS RTOS Condition cause : null
2024-05-24 10:35:19,314 [WARN] ConditionMgr:1039 - genDependencies : Invalid condition id : UX DEVICE CLASS RTOS Condition cause : null
2024-05-24 10:35:19,315 [WARN] ConditionMgr:1039 - genDependencies : Invalid condition id : UX DEVICE CLASS RTOS Condition cause : null
2024-05-24 10:35:19,315 [WARN] ConditionMgr:1039 - genDependencies : Invalid condition id : UX DEVICE CLASS RTOS Condition cause : null
2024-05-24 10:35:19,326 [WARN] PackLoader:240 - Cannot read IP mode file for STMicroelectronics.X-CUBE-SUBG2.5.0.0
2024-05-24 10:35:19,339 [WARN] PackLoader:240 - Cannot read IP mode file for STMicroelectronics.X-CUBE-TOF1.3.3.1
2024-05-24 10:35:19,359 [WARN] PackLoader:240 - Cannot read IP mode file for STMicroelectronics.X-CUBE-AZRTOS-G4.2.0.0
2024-05-24 10:35:19,370 [WARN] PackLoader:240 - Cannot read IP mode file for Infineon.AIROC-Wi-Fi-Bluetooth-STM32.1.5.1
2024-05-24 10:35:19,375 [WARN] PackLoader:240 - Cannot read IP mode file for STMicroelectronics.FP-SNS-MOTENVWB1.1.3.0
2024-05-24 10:35:19,378 [WARN] PackLoader:240 - Cannot read IP mode file for STMicroelectronics.FP-SNS-MOTENVWB1.1.3.1
2024-05-24 10:35:19,382 [WARN] PackLoader:240 - Cannot read IP mode file for STMicroelectronics.X-CUBE-ISPU.2.0.0
2024-05-24 10:35:19,387 [WARN] PackLoader:240 - Cannot read IP mode file for STMicroelectronics.X-CUBE-ALS.1.0.2
2024-05-24 10:35:19,425 [WARN] PackLoader:240 - Cannot read IP mode file for STMicroelectronics.X-CUBE-MEMS1.10.0.0
2024-05-24 10:35:19,500 [WARN] PackLoader:240 - Cannot read IP mode file for STMicroelectronics.X-CUBE-FREERTOS.1.1.0
2024-05-24 10:35:19,505 [WARN] PackLoader:240 - Cannot read IP mode file for portGmbH.I-Cube-SoM-uGOAL.1.1.0
2024-05-24 10:35:19,508 [WARN] PackLoader:240 - Cannot read IP mode file for STMicroelectronics.X-CUBE-ALS.1.0.1
2024-05-24 10:35:19,521 [WARN] PackLoader:240 - Cannot read IP mode file for STMicroelectronics.X-CUBE-AZRTOS-H7RS.1.0.0
2024-05-24 10:35:19,526 [WARN] PackLoader:240 - Cannot read IP mode file for STMicroelectronics.FP-ATR-ASTRA1.2.0.0
2024-05-24 10:35:19,534 [WARN] PackLoader:240 - Cannot read IP mode file for STMicroelectronics.X-CUBE-TOF1.3.4.0
2024-05-24 10:35:19,550 [WARN] PackLoader:240 - Cannot read IP mode file for STMicroelectronics.X-CUBE-TOF1.3.4.1
2024-05-24 10:35:19,581 [WARN] PackLoader:240 - Cannot read IP mode file for STMicroelectronics.X-CUBE-AZRTOS-H7.3.2.0
2024-05-24 10:35:19,583 [INFO] ThirdParty:978 - Integrity check success = true
2024-05-24 10:35:19,583 [INFO] IntegrityCheckThread:100 - exiting critical section [integrity check]
2024-05-24 10:35:19,583 [INFO] IntegrityCheckThread:103 - End integrity checks thread
2024-05-24 12:03:18,221 [ERROR] LogOutputStream:75 - [STDERR_REDIRECT] 
2024-05-24 12:09:07,770 [INFO] Activator:176 - 


2024-05-24 12:09:07,772 [INFO] Activator:177 - !SESSION log4j initialized
2024-05-24 12:09:19,017 [INFO] LogOutputStream:77 - [STDOUT_REDIRECT] 
2024-05-24 12:09:21,219 [INFO] ApplicationProperties:184 - Using Application install path: C:\ST\STM32CubeIDE_1.14.1\STM32CubeIDE\plugins\com.st.stm32cube.common.mx_6.11.0.202403141607
2024-05-24 12:09:21,244 [INFO] DbMcusXml:78 - Set database path to: C:\ST\STM32CubeIDE_1.14.1\STM32CubeIDE\plugins\com.st.stm32cube.common.mx_6.11.0.202403141607\\db\/mcu/
2024-05-24 12:09:21,245 [INFO] ApiDb:274 - Set plugin database path to: C:\ST\STM32CubeIDE_1.14.1\STM32CubeIDE\plugins\com.st.stm32cube.common.mx_6.11.0.202403141607\\db\/plugins/boardmanager/
2024-05-24 12:09:21,245 [WARN] ApiDb:259 - Overriding images path with different value:  => C:\ST\STM32CubeIDE_1.14.1\STM32CubeIDE\plugins\com.st.stm32cube.common.mx_6.11.0.202403141607\\db\/plugins/mcufinder/images/
2024-05-24 12:09:21,258 [INFO] ApiDb:250 - Set database path to: C:\Users\AAA\.stmcufinder\plugins\mcufinder//mcu/
2024-05-24 12:09:21,260 [INFO] DbMcusAds:125 - Set database path to: C:\Users\AAA\.stmcufinder\plugins\mcufinder//mcu/
2024-05-24 12:09:21,262 [INFO] CrossReferenceDbSqlite:203 - Set database path to: C:\Users\AAA\.stmcufinder\plugins\mcufinder//mcu/cs/
2024-05-24 12:09:21,416 [INFO] RulesReader:64 - Compatibility file has been processed (297 Rules)
2024-05-24 12:09:21,539 [INFO] DbMcusXml:78 - Set database path to: C:\ST\STM32CubeIDE_1.14.1\STM32CubeIDE\plugins\com.st.stm32cube.common.mx_6.11.0.202403141607\\db\/mcu/
2024-05-24 12:09:21,539 [INFO] ApiDb:274 - Set plugin database path to: C:\ST\STM32CubeIDE_1.14.1\STM32CubeIDE\plugins\com.st.stm32cube.common.mx_6.11.0.202403141607\\db\/plugins/boardmanager/
2024-05-24 12:09:21,539 [INFO] ApiDb:261 - Set plugin images path to: C:\ST\STM32CubeIDE_1.14.1\STM32CubeIDE\plugins\com.st.stm32cube.common.mx_6.11.0.202403141607\\db\/plugins/mcufinder/images/
2024-05-24 12:09:21,540 [WARN] DbFile:41 - Overriding database path with different value: C:\Users\AAA\.stmcufinder\plugins\mcufinder/ => C:\Users\AAA\.stmcufinder\plugins\mcufinder
2024-05-24 12:09:21,540 [INFO] ApiDb:250 - Set database path to: C:\Users\AAA\.stmcufinder\plugins\mcufinder//mcu/
2024-05-24 12:09:21,540 [WARN] DbFile:41 - Overriding database path with different value: C:\Users\AAA\.stmcufinder\plugins\mcufinder/ => C:\Users\AAA\.stmcufinder\plugins\mcufinder
2024-05-24 12:09:21,540 [INFO] DbMcusAds:125 - Set database path to: C:\Users\AAA\.stmcufinder\plugins\mcufinder//mcu/
2024-05-24 12:09:21,540 [WARN] DbFile:41 - Overriding database path with different value: C:\Users\AAA\.stmcufinder\plugins\mcufinder/ => C:\Users\AAA\.stmcufinder\plugins\mcufinder
2024-05-24 12:09:21,540 [WARN] DbFile:41 - Overriding database path with different value: C:\Users\AAA\.stmcufinder\plugins\mcufinder/ => C:\Users\AAA\.stmcufinder\plugins\mcufinder
2024-05-24 12:09:21,541 [INFO] CrossReferenceDbSqlite:203 - Set database path to: C:\Users\AAA\.stmcufinder\plugins\mcufinder//mcu/cs/
2024-05-24 12:09:21,646 [INFO] MainPanel:264 - HeapMemory: 279969792
2024-05-24 12:09:21,760 [INFO] DbMcusXml:78 - Set database path to: C:\ST\STM32CubeIDE_1.14.1\STM32CubeIDE\plugins\com.st.stm32cube.common.mx_6.11.0.202403141607\\db\/mcu/
2024-05-24 12:09:21,760 [INFO] ApiDb:274 - Set plugin database path to: C:\ST\STM32CubeIDE_1.14.1\STM32CubeIDE\plugins\com.st.stm32cube.common.mx_6.11.0.202403141607\\db\/plugins/boardmanager/
2024-05-24 12:09:21,760 [INFO] ApiDb:261 - Set plugin images path to: C:\ST\STM32CubeIDE_1.14.1\STM32CubeIDE\plugins\com.st.stm32cube.common.mx_6.11.0.202403141607\\db\/plugins/mcufinder/images/
2024-05-24 12:09:21,760 [WARN] DbFile:41 - Overriding database path with different value: C:\Users\AAA\.stmcufinder\plugins\mcufinder/ => C:\Users\AAA\.stmcufinder\plugins\mcufinder
2024-05-24 12:09:21,760 [INFO] ApiDb:250 - Set database path to: C:\Users\AAA\.stmcufinder\plugins\mcufinder//mcu/
2024-05-24 12:09:21,761 [WARN] DbFile:41 - Overriding database path with different value: C:\Users\AAA\.stmcufinder\plugins\mcufinder/ => C:\Users\AAA\.stmcufinder\plugins\mcufinder
2024-05-24 12:09:21,761 [INFO] DbMcusAds:125 - Set database path to: C:\Users\AAA\.stmcufinder\plugins\mcufinder//mcu/
2024-05-24 12:09:21,761 [WARN] DbFile:41 - Overriding database path with different value: C:\Users\AAA\.stmcufinder\plugins\mcufinder/ => C:\Users\AAA\.stmcufinder\plugins\mcufinder
2024-05-24 12:09:21,761 [WARN] DbFile:41 - Overriding database path with different value: C:\Users\AAA\.stmcufinder\plugins\mcufinder/ => C:\Users\AAA\.stmcufinder\plugins\mcufinder
2024-05-24 12:09:21,761 [INFO] CrossReferenceDbSqlite:203 - Set database path to: C:\Users\AAA\.stmcufinder\plugins\mcufinder//mcu/cs/
2024-05-24 12:09:21,786 [INFO] ApplicationProperties:184 - Using Application install path: C:\ST\STM32CubeIDE_1.14.1\STM32CubeIDE\plugins\com.st.stm32cube.common.mx_6.11.0.202403141607
2024-05-24 12:09:21,789 [INFO] PluginManage:196 - Search for loadable plugins [exclusion list=, ]
2024-05-24 12:09:21,791 [INFO] PluginManage:310 - Check plugin analytics
2024-05-24 12:09:21,994 [INFO] AnalyticsPlugin:253 - Accepted Software Licenses: 
2024-05-24 12:09:21,994 [INFO] AnalyticsPlugin:255 - Accepted CMSIS Pack Licenses: ARM.CMSIS.6.0.0
2024-05-24 12:09:21,994 [INFO] AnalyticsPlugin:257 - Accepted Firmware Licenses: 
2024-05-24 12:09:21,997 [INFO] PluginManage:359 - Loaded plugin analytics (category:tool,tabindex:-1)
2024-05-24 12:09:21,997 [INFO] PluginManage:310 - Check plugin cadmodel
2024-05-24 12:09:22,006 [INFO] CADModel:105 - Init CAD model plugin
2024-05-24 12:09:22,007 [INFO] PluginManage:359 - Loaded plugin cadmodel (category:power,tabindex:5)
2024-05-24 12:09:22,007 [INFO] PluginManage:310 - Check plugin clock
2024-05-24 12:09:22,026 [INFO] PluginManage:359 - Loaded plugin clock (category:base,tabindex:2)
2024-05-24 12:09:22,026 [INFO] PluginManage:310 - Check plugin ddr
2024-05-24 12:09:22,028 [INFO] PluginManage:359 - Loaded plugin ddr (category:tool,tabindex:6)
2024-05-24 12:09:22,028 [INFO] PluginManage:310 - Check plugin filemanager
2024-05-24 12:09:22,207 [INFO] PluginManage:359 - Loaded plugin filemanager (category:base,tabindex:10)
2024-05-24 12:09:22,207 [INFO] PluginManage:310 - Check plugin ipmanager
2024-05-24 12:09:22,218 [INFO] PluginManage:359 - Loaded plugin ipmanager (category:base,tabindex:5)
2024-05-24 12:09:22,218 [INFO] PluginManage:310 - Check plugin lpbam
2024-05-24 12:09:22,228 [INFO] PluginManage:359 - Loaded plugin lpbam (category:base,tabindex:0)
2024-05-24 12:09:22,228 [INFO] PluginManage:310 - Check plugin memorymap
2024-05-24 12:09:22,247 [INFO] PluginManage:359 - Loaded plugin memorymap (category:base,tabindex:4)
2024-05-24 12:09:22,247 [INFO] PluginManage:310 - Check plugin pinoutandconfiguration
2024-05-24 12:09:22,259 [INFO] PluginManage:359 - Loaded plugin pinoutandconfiguration (category:base,tabindex:1)
2024-05-24 12:09:22,259 [INFO] PluginManage:310 - Check plugin pinoutconfig
2024-05-24 12:09:22,385 [WARN] SupportedApi:132 - Cannot load RTOS API schema: s4s-elt-must-match.1: The content of 'definitions' must match (annotation?, (simpleType | complexType)?, (unique | key | keyref)*)). A problem was found starting at: attribute.
2024-05-24 12:09:22,576 [INFO] PluginManage:359 - Loaded plugin pinoutconfig (category:base,tabindex:0)
2024-05-24 12:09:22,576 [INFO] PluginManage:310 - Check plugin power
2024-05-24 12:09:22,594 [INFO] PluginManage:359 - Loaded plugin power (category:power,tabindex:4)
2024-05-24 12:09:22,594 [INFO] PluginManage:310 - Check plugin projectmanager
2024-05-24 12:09:22,621 [INFO] PluginManage:359 - Loaded plugin projectmanager (category:projectmanager,tabindex:3)
2024-05-24 12:09:22,621 [INFO] PluginManage:310 - Check plugin thirdparty
2024-05-24 12:09:22,815 [WARN] IntegrityCheckThread:84 - waiting for thirdparty lock release [integrity check]
2024-05-24 12:09:22,816 [INFO] PluginManage:359 - Loaded plugin thirdparty (category:base,tabindex:-1)
2024-05-24 12:09:22,816 [INFO] IntegrityCheckThread:86 - entering critical section [integrity check]
2024-05-24 12:09:22,816 [INFO] PluginManage:310 - Check plugin tools
2024-05-24 12:09:22,816 [INFO] ThirdPartyUpdaterWithRetryManager:70 - Updater plugin not ready yet. [1/15]
2024-05-24 12:09:22,821 [INFO] PluginManage:359 - Loaded plugin tools (category:base,tabindex:7)
2024-05-24 12:09:22,821 [INFO] PluginManage:310 - Check plugin tutovideos
2024-05-24 12:09:22,991 [INFO] PluginManage:359 - Loaded plugin tutovideos (category:base,tabindex:-1)
2024-05-24 12:09:22,992 [INFO] PluginManage:310 - Check plugin updater
2024-05-24 12:09:23,010 [INFO] PluginManage:359 - Loaded plugin updater (category:base,tabindex:12)
2024-05-24 12:09:23,010 [INFO] PluginManage:310 - Check plugin userauth
2024-05-24 12:09:23,017 [INFO] UserAuth:114 - Init User Auth plugin
2024-05-24 12:09:23,017 [INFO] PluginManage:359 - Loaded plugin userauth (category:base,tabindex:14)
2024-05-24 12:09:23,018 [INFO] PluginManage:283 - PluginManage : Loaded plugins [17]
2024-05-24 12:09:23,289 [INFO] PinOutPanel:1561 - setPackage(No Configuration,No Configuration)
2024-05-24 12:09:23,412 [INFO] CADModel:165 - CPN selected for project level
2024-05-24 12:09:23,412 [INFO] CADModel:114 - Register for checkConnection events
2024-05-24 12:09:23,434 [INFO] IPUIPlugin:80 - create IPUIPlugin
2024-05-24 12:09:23,434 [INFO] PluginManager:220 - loadIPPluginJar : add adc
2024-05-24 12:09:23,438 [INFO] IPUIPlugin:80 - create IPUIPlugin
2024-05-24 12:09:23,438 [INFO] PluginManager:220 - loadIPPluginJar : add aes
2024-05-24 12:09:23,442 [INFO] IPUIPlugin:80 - create IPUIPlugin
2024-05-24 12:09:23,443 [INFO] PluginManager:220 - loadIPPluginJar : add can
2024-05-24 12:09:23,445 [INFO] IPUIPlugin:80 - create IPUIPlugin
2024-05-24 12:09:23,445 [INFO] PluginManager:220 - loadIPPluginJar : add comp
2024-05-24 12:09:23,449 [INFO] IPUIPlugin:80 - create IPUIPlugin
2024-05-24 12:09:23,449 [INFO] PluginManager:220 - loadIPPluginJar : add cryp
2024-05-24 12:09:23,452 [INFO] IPUIPlugin:80 - create IPUIPlugin
2024-05-24 12:09:23,452 [INFO] PluginManager:220 - loadIPPluginJar : add dfsdm
2024-05-24 12:09:23,457 [INFO] IPUIPlugin:80 - create IPUIPlugin
2024-05-24 12:09:23,457 [INFO] PluginManager:220 - loadIPPluginJar : add dma
2024-05-24 12:09:23,460 [INFO] IPUIPlugin:80 - create IPUIPlugin
2024-05-24 12:09:23,460 [INFO] PluginManager:220 - loadIPPluginJar : add dma3
2024-05-24 12:09:23,464 [INFO] IPUIPlugin:80 - create IPUIPlugin
2024-05-24 12:09:23,464 [INFO] PluginManager:220 - loadIPPluginJar : add extmemmanager
2024-05-24 12:09:23,466 [INFO] IPUIPlugin:80 - create IPUIPlugin
2024-05-24 12:09:23,466 [INFO] PluginManager:220 - loadIPPluginJar : add fatfs
2024-05-24 12:09:23,471 [INFO] IPUIPlugin:80 - create IPUIPlugin
2024-05-24 12:09:23,472 [INFO] PluginManager:220 - loadIPPluginJar : add fmc
2024-05-24 12:09:23,490 [INFO] IPUIPlugin:80 - create IPUIPlugin
2024-05-24 12:09:23,490 [INFO] PluginManager:220 - loadIPPluginJar : add freertos
2024-05-24 12:09:23,492 [INFO] IPUIPlugin:80 - create IPUIPlugin
2024-05-24 12:09:23,492 [INFO] PluginManager:220 - loadIPPluginJar : add genericplugin
2024-05-24 12:09:23,497 [INFO] IPUIPlugin:80 - create IPUIPlugin
2024-05-24 12:09:23,497 [INFO] PluginManager:220 - loadIPPluginJar : add gfxmmu
2024-05-24 12:09:23,506 [INFO] IPUIPlugin:80 - create IPUIPlugin
2024-05-24 12:09:23,506 [INFO] PluginManager:220 - loadIPPluginJar : add gic
2024-05-24 12:09:23,514 [INFO] IPUIPlugin:80 - create IPUIPlugin
2024-05-24 12:09:23,514 [INFO] PluginManager:220 - loadIPPluginJar : add gpio
2024-05-24 12:09:23,517 [INFO] IPUIPlugin:80 - create IPUIPlugin
2024-05-24 12:09:23,518 [INFO] PluginManager:220 - loadIPPluginJar : add gtzc
2024-05-24 12:09:23,521 [INFO] IPUIPlugin:80 - create IPUIPlugin
2024-05-24 12:09:23,521 [INFO] PluginManager:220 - loadIPPluginJar : add hash
2024-05-24 12:09:23,526 [INFO] IPUIPlugin:80 - create IPUIPlugin
2024-05-24 12:09:23,526 [INFO] PluginManager:220 - loadIPPluginJar : add i2c
2024-05-24 12:09:23,530 [INFO] IPUIPlugin:80 - create IPUIPlugin
2024-05-24 12:09:23,531 [INFO] PluginManager:220 - loadIPPluginJar : add i2s
2024-05-24 12:09:23,535 [INFO] IPUIPlugin:80 - create IPUIPlugin
2024-05-24 12:09:23,536 [INFO] PluginManager:220 - loadIPPluginJar : add i3c
2024-05-24 12:09:23,541 [INFO] IPUIPlugin:80 - create IPUIPlugin
2024-05-24 12:09:23,541 [INFO] PluginManager:220 - loadIPPluginJar : add ipddr
2024-05-24 12:09:23,549 [INFO] IPUIPlugin:80 - create IPUIPlugin
2024-05-24 12:09:23,549 [INFO] PluginManager:220 - loadIPPluginJar : add linkedlist
2024-05-24 12:09:23,552 [INFO] IPUIPlugin:80 - create IPUIPlugin
2024-05-24 12:09:23,553 [INFO] PluginManager:220 - loadIPPluginJar : add lorawan
2024-05-24 12:09:23,555 [INFO] IPUIPlugin:80 - create IPUIPlugin
2024-05-24 12:09:23,556 [INFO] PluginManager:220 - loadIPPluginJar : add ltdc
2024-05-24 12:09:23,572 [INFO] IPUIPlugin:80 - create IPUIPlugin
2024-05-24 12:09:23,573 [INFO] PluginManager:220 - loadIPPluginJar : add mdma
2024-05-24 12:09:23,580 [INFO] IPUIPlugin:80 - create IPUIPlugin
2024-05-24 12:09:23,580 [INFO] PluginManager:220 - loadIPPluginJar : add nvic
2024-05-24 12:09:23,584 [INFO] IPUIPlugin:80 - create IPUIPlugin
2024-05-24 12:09:23,584 [INFO] PluginManager:220 - loadIPPluginJar : add opamp
2024-05-24 12:09:23,591 [INFO] IPUIPlugin:80 - create IPUIPlugin
2024-05-24 12:09:23,591 [INFO] PluginManager:220 - loadIPPluginJar : add openamp
2024-05-24 12:09:23,598 [INFO] IPUIPlugin:80 - create IPUIPlugin
2024-05-24 12:09:23,598 [INFO] PluginManager:220 - loadIPPluginJar : add pdm2pcm
2024-05-24 12:09:23,605 [INFO] IPUIPlugin:80 - create IPUIPlugin
2024-05-24 12:09:23,613 [INFO] PluginManager:220 - loadIPPluginJar : add plateformsettings
2024-05-24 12:09:23,615 [INFO] IPUIPlugin:80 - create IPUIPlugin
2024-05-24 12:09:23,615 [INFO] PluginManager:220 - loadIPPluginJar : add quadspi
2024-05-24 12:09:23,620 [INFO] IPUIPlugin:80 - create IPUIPlugin
2024-05-24 12:09:23,620 [INFO] PluginManager:220 - loadIPPluginJar : add resmgrutility
2024-05-24 12:09:23,625 [INFO] IPUIPlugin:80 - create IPUIPlugin
2024-05-24 12:09:23,625 [INFO] PluginManager:220 - loadIPPluginJar : add sai
2024-05-24 12:09:23,629 [INFO] IPUIPlugin:80 - create IPUIPlugin
2024-05-24 12:09:23,629 [INFO] PluginManager:220 - loadIPPluginJar : add spi
2024-05-24 12:09:23,641 [INFO] IPUIPlugin:80 - create IPUIPlugin
2024-05-24 12:09:23,641 [INFO] PluginManager:220 - loadIPPluginJar : add stm32_wpan
2024-05-24 12:09:23,646 [INFO] IPUIPlugin:80 - create IPUIPlugin
2024-05-24 12:09:23,646 [INFO] PluginManager:220 - loadIPPluginJar : add tim
2024-05-24 12:09:23,652 [INFO] IPUIPlugin:80 - create IPUIPlugin
2024-05-24 12:09:23,653 [INFO] PluginManager:220 - loadIPPluginJar : add touchsensing
2024-05-24 12:09:23,656 [INFO] IPUIPlugin:80 - create IPUIPlugin
2024-05-24 12:09:23,656 [INFO] PluginManager:220 - loadIPPluginJar : add tracer_emb
2024-05-24 12:09:23,660 [INFO] IPUIPlugin:80 - create IPUIPlugin
2024-05-24 12:09:23,660 [INFO] PluginManager:220 - loadIPPluginJar : add ts
2024-05-24 12:09:23,664 [INFO] IPUIPlugin:80 - create IPUIPlugin
2024-05-24 12:09:23,664 [INFO] PluginManager:220 - loadIPPluginJar : add tsc
2024-05-24 12:09:23,669 [INFO] IPUIPlugin:80 - create IPUIPlugin
2024-05-24 12:09:23,669 [INFO] PluginManager:220 - loadIPPluginJar : add ucpd
2024-05-24 12:09:23,675 [INFO] IPUIPlugin:80 - create IPUIPlugin
2024-05-24 12:09:23,675 [INFO] PluginManager:220 - loadIPPluginJar : add usart
2024-05-24 12:09:23,679 [INFO] IPUIPlugin:80 - create IPUIPlugin
2024-05-24 12:09:23,679 [INFO] PluginManager:220 - loadIPPluginJar : add usbx
2024-05-24 12:09:23,855 [INFO] CADModel:165 - CPN selected for project level
2024-05-24 12:09:23,855 [INFO] CADModel:114 - Register for checkConnection events
2024-05-24 12:09:23,855 [FATAL] Updater:308 - Updater called before beeing initialized
2024-05-24 12:09:23,855 [ERROR] CADModel:125 - Updater not yet initialized, retry later 
2024-05-24 12:09:24,035 [INFO] CADModel:165 - CPN selected for project level
2024-05-24 12:09:24,036 [INFO] CADModel:114 - Register for checkConnection events
2024-05-24 12:09:24,036 [FATAL] Updater:308 - Updater called before beeing initialized
2024-05-24 12:09:24,036 [ERROR] CADModel:125 - Updater not yet initialized, retry later 
2024-05-24 12:09:24,040 [FATAL] Updater:308 - Updater called before beeing initialized
2024-05-24 12:09:24,213 [FATAL] Updater:308 - Updater called before beeing initialized
2024-05-24 12:09:24,217 [INFO] DbMcusAds:53 - JSON generation date=Thu May 16 16:22:00 ICT 2024 (1715851320852)
2024-05-24 12:09:24,217 [FATAL] Updater:308 - Updater called before beeing initialized
2024-05-24 12:09:24,262 [WARN] DetailPanel:346 - Failed to get advertising image, set to default
2024-05-24 12:09:24,365 [FATAL] Updater:308 - Updater called before beeing initialized
2024-05-24 12:09:24,367 [FATAL] Updater:308 - Updater called before beeing initialized
2024-05-24 12:09:24,367 [FATAL] Updater:308 - Updater called before beeing initialized
2024-05-24 12:09:24,367 [WARN] DetailPanel:346 - Failed to get advertising image, set to default
2024-05-24 12:09:24,368 [FATAL] Updater:308 - Updater called before beeing initialized
2024-05-24 12:09:24,436 [ERROR] Updater:1120 - MainUpdater not yet initialized. External WinMGr cannot be set.
2024-05-24 12:09:24,443 [INFO] Updater:1056 - Updater Version found : 6.11.0
2024-05-24 12:09:24,470 [INFO] ApplicationProperties:184 - Using Application install path: C:\ST\STM32CubeIDE_1.14.1\STM32CubeIDE\plugins\com.st.stm32cube.common.mx_6.11.0.202403141607
2024-05-24 12:09:25,817 [INFO] ThirdPartyUpdaterWithRetryManager:70 - Updater plugin not ready yet. [2/15]
2024-05-24 12:09:26,060 [ERROR] LogOutputStream:75 - [STDERR_REDIRECT] May 24, 2024 12:09:26 PM java.util.prefs.WindowsPreferences <init>
2024-05-24 12:09:26,062 [ERROR] LogOutputStream:75 - [STDERR_REDIRECT] WARNING: Could not open/create prefs root node Software\JavaSoft\Prefs at root 0xffffffff80000002. Windows RegCreateKeyEx(...) returned error code 5.
2024-05-24 12:09:26,063 [ERROR] LogOutputStream:75 - [STDERR_REDIRECT] 
2024-05-24 12:09:26,985 [INFO] MainUpdater:2873 - connection check result : 10
2024-05-24 12:09:26,986 [INFO] MainUpdater:290 - Updater Check For Update Now.
2024-05-24 12:09:26,986 [INFO] MicroXplorer:498 - Change Database Version : DB.6.0.110
2024-05-24 12:09:27,001 [INFO] McuFinderGlobals:63 - Set McuFinder mode to 2 (CubeIDE integrated)
2024-05-24 12:09:27,015 [INFO] UserAuth:415 - Internet connection configuration mode: 1
2024-05-24 12:09:27,057 [INFO] JxBrowserEngine:152 - Initiate JxBrowser Engine with user profile folder
2024-05-24 12:09:27,179 [INFO] CheckServerUpdateThread:120 - End of CheckServer Thread
2024-05-24 12:09:29,070 [WARN] PackLoader:240 - Cannot read IP mode file for STMicroelectronics.FP-SNS-MOTENVWB1.1.4.0
2024-05-24 12:09:29,086 [WARN] PackLoader:240 - Cannot read IP mode file for STMicroelectronics.X-CUBE-SMBUS.2.1.0
2024-05-24 12:09:29,093 [WARN] PackLoader:240 - Cannot read IP mode file for STMicroelectronics.X-CUBE-TOUCHGFX.4.23.1
2024-05-24 12:09:29,096 [WARN] PackLoader:240 - Cannot read IP mode file for STMicroelectronics.X-CUBE-TOUCHGFX.4.23.0
2024-05-24 12:09:29,098 [WARN] PackLoader:240 - Cannot read IP mode file for STMicroelectronics.X-CUBE-TOUCHGFX.4.23.2
2024-05-24 12:09:29,131 [WARN] PackLoader:240 - Cannot read IP mode file for STMicroelectronics.X-CUBE-AZRTOS-F7.1.1.0
2024-05-24 12:09:29,148 [WARN] PackLoader:240 - Cannot read IP mode file for STMicroelectronics.FP-SNS-MOTENV1.4.3.2
2024-05-24 12:09:29,160 [WARN] PackLoader:240 - Cannot read IP mode file for STMicroelectronics.FP-SNS-FLIGHT1.5.0.2
2024-05-24 12:09:29,174 [WARN] PackLoader:240 - Cannot read IP mode file for STMicroelectronics.X-CUBE-DISPLAY.3.0.0
2024-05-24 12:09:29,198 [WARN] PackLoader:240 - Cannot read IP mode file for STMicroelectronics.X-CUBE-BLE1.7.0.0
2024-05-24 12:09:29,208 [WARN] PackLoader:240 - Cannot read IP mode file for emotas.I-CUBE-CANOPEN.1.3.0
2024-05-24 12:09:29,212 [WARN] PackLoader:240 - Cannot read IP mode file for STMicroelectronics.X-CUBE-TOUCHGFX.4.22.1
2024-05-24 12:09:29,227 [WARN] PackLoader:240 - Cannot read IP mode file for STMicroelectronics.X-CUBE-BLEMGR.3.1.0
2024-05-24 12:09:29,240 [WARN] PackLoader:240 - Cannot read IP mode file for STMicroelectronics.FP-SNS-SMARTAG2.1.2.0
2024-05-24 12:09:29,256 [INFO] LogOutputStream:77 - [STDOUT_REDIRECT] 1 : Invalid condition id : UX_CORESTACK_Condition cause : null
2024-05-24 12:09:29,257 [INFO] LogOutputStream:77 - [STDOUT_REDIRECT] 1 : Invalid condition id : UX_CORESTACK_Condition cause : null
2024-05-24 12:09:29,259 [INFO] LogOutputStream:77 - [STDOUT_REDIRECT] 1 : Invalid condition id : UX_CORESTACK_Condition cause : null
2024-05-24 12:09:29,261 [INFO] LogOutputStream:77 - [STDOUT_REDIRECT] 1 : Invalid condition id : UX_CORESTACK_Condition cause : null
2024-05-24 12:09:29,263 [INFO] LogOutputStream:77 - [STDOUT_REDIRECT] 1 : Invalid condition id : UX_CORESTACK_Condition cause : null
2024-05-24 12:09:29,270 [WARN] PackLoader:240 - Cannot read IP mode file for STMicroelectronics.X-CUBE-AZRTOS-WL.2.0.0
2024-05-24 12:09:29,279 [WARN] PackLoader:240 - Cannot read IP mode file for STMicroelectronics.FP-SNS-MOTENV1.5.0.0
2024-05-24 12:09:29,309 [WARN] PackLoader:240 - Cannot read IP mode file for WES.I-CUBE-Cesium.1.3.0
2024-05-24 12:09:29,318 [WARN] PackLoader:240 - Cannot read IP mode file for STMicroelectronics.X-CUBE-BLE2.3.3.0
2024-05-24 12:09:29,327 [WARN] PackLoader:240 - Cannot read IP mode file for STMicroelectronics.X-CUBE-TCPP.4.1.0
2024-05-24 12:09:29,339 [WARN] PackLoader:240 - Cannot read IP mode file for STMicroelectronics.X-CUBE-ALGOBUILD.1.3.0
2024-05-24 12:09:29,365 [WARN] PackLoader:240 - Cannot read IP mode file for STMicroelectronics.X-CUBE-AZRTOS-G0.1.1.0
2024-05-24 12:09:29,378 [WARN] PackLoader:240 - Cannot read IP mode file for STMicroelectronics.X-CUBE-SAFEA1.1.2.2
2024-05-24 12:09:29,387 [WARN] PackLoader:240 - Cannot read IP mode file for STMicroelectronics.X-CUBE-NFC4.3.0.0
2024-05-24 12:09:29,399 [WARN] PackLoader:240 - Cannot read IP mode file for STMicroelectronics.X-CUBE-BLEMGR.3.0.0
2024-05-24 12:09:29,407 [WARN] PackLoader:240 - Cannot read IP mode file for STMicroelectronics.FP-ATR-SIGFOX1.3.2.0
2024-05-24 12:09:29,415 [WARN] PackLoader:240 - Cannot read IP mode file for STMicroelectronics.X-CUBE-EEPRMA1.5.1.0
2024-05-24 12:09:29,461 [WARN] PackLoader:240 - Cannot read IP mode file for SEGGER.I-CUBE-embOS.1.3.1
2024-05-24 12:09:29,538 [WARN] PackLoader:240 - Cannot read IP mode file for STMicroelectronics.X-CUBE-ALGOBUILD.1.4.0
2024-05-24 12:09:29,548 [WARN] PackLoader:240 - Cannot read IP mode file for STMicroelectronics.X-CUBE-GNSS1.6.0.0
2024-05-24 12:09:29,577 [WARN] PackLoader:240 - Cannot read IP mode file for STMicroelectronics.X-CUBE-AZRTOS-F4.1.1.0
2024-05-24 12:09:29,591 [WARN] PackLoader:240 - Cannot read IP mode file for wolfSSL.I-CUBE-wolfSSL.5.6.3
2024-05-24 12:09:29,598 [WARN] PackLoader:240 - Cannot read IP mode file for STMicroelectronics.X-CUBE-FREERTOS.1.2.0
2024-05-24 12:09:29,605 [WARN] PackLoader:240 - Cannot read IP mode file for wolfSSL.I-CUBE-wolfSSL.5.6.6
2024-05-24 12:09:29,628 [WARN] PackLoader:240 - Cannot read IP mode file for STMicroelectronics.X-CUBE-AZRTOS-L5.2.0.0
2024-05-24 12:09:29,683 [WARN] PackLoader:240 - Cannot read IP mode file for STMicroelectronics.X-CUBE-MEMS1.9.6.0
2024-05-24 12:09:29,860 [WARN] PackLoader:240 - Cannot read IP mode file for STMicroelectronics.X-CUBE-EEPRMA1.4.2.0
2024-05-24 12:09:29,867 [WARN] PackLoader:240 - Cannot read IP mode file for STMicroelectronics.X-CUBE-NFC6.3.1.0
2024-05-24 12:09:29,874 [WARN] PackLoader:240 - Cannot read IP mode file for ITTIA_DB.I-CUBE-ITTIADB.8.8.0
2024-05-24 12:09:29,910 [WARN] PackLoader:240 - Cannot read IP mode file for STMicroelectronics.X-CUBE-BLEMGR.2.0.0
2024-05-24 12:09:29,916 [WARN] PackLoader:240 - Cannot read IP mode file for STMicroelectronics.X-CUBE-AI.9.0.0
2024-05-24 12:09:29,929 [WARN] ConditionMgr:438 - getConditionDescription Invalid condition id : UX DEVICE CLASS RTOS Condition cause : null
2024-05-24 12:09:29,929 [WARN] ConditionMgr:438 - getConditionDescription Invalid condition id : UX DEVICE CLASS RTOS Condition cause : null
2024-05-24 12:09:29,932 [WARN] PackLoader:240 - Cannot read IP mode file for STMicroelectronics.X-CUBE-AZRTOS-H7.3.1.0
2024-05-24 12:09:29,932 [WARN] ConditionMgr:1039 - genDependencies : Invalid condition id : UX DEVICE CLASS RTOS Condition cause : null
2024-05-24 12:09:29,933 [WARN] ConditionMgr:1039 - genDependencies : Invalid condition id : UX DEVICE CLASS RTOS Condition cause : null
2024-05-24 12:09:29,933 [WARN] ConditionMgr:1039 - genDependencies : Invalid condition id : UX DEVICE CLASS RTOS Condition cause : null
2024-05-24 12:09:29,933 [WARN] ConditionMgr:1039 - genDependencies : Invalid condition id : UX DEVICE CLASS RTOS Condition cause : null
2024-05-24 12:09:29,934 [WARN] ConditionMgr:1039 - genDependencies : Invalid condition id : UX DEVICE CLASS RTOS Condition cause : null
2024-05-24 12:09:29,940 [WARN] PackLoader:240 - Cannot read IP mode file for STMicroelectronics.X-CUBE-NFC7.1.0.1
2024-05-24 12:09:29,946 [WARN] PackLoader:240 - Cannot read IP mode file for STMicroelectronics.X-CUBE-NFC6.3.0.0
2024-05-24 12:09:29,957 [WARN] PackLoader:240 - Cannot read IP mode file for STMicroelectronics.X-CUBE-EEPRMA1.4.1.0
2024-05-24 12:09:29,962 [WARN] PackLoader:240 - Cannot read IP mode file for STMicroelectronics.X-CUBE-AI.8.1.0
2024-05-24 12:09:29,979 [WARN] ConditionMgr:438 - getConditionDescription Invalid condition id : LAN8742 Phy interface Condition cause : null
2024-05-24 12:09:29,980 [WARN] PackLoader:240 - Cannot read IP mode file for STMicroelectronics.X-CUBE-AZRTOS-L4.2.0.0
2024-05-24 12:09:29,981 [WARN] ConditionMgr:1039 - genDependencies : Invalid condition id : LAN8742 Phy interface Condition cause : null
2024-05-24 12:09:29,982 [WARN] ConditionMgr:1039 - genDependencies : Invalid condition id : LAN8742 Phy interface Condition cause : null
2024-05-24 12:09:29,982 [WARN] ConditionMgr:1039 - genDependencies : Invalid condition id : LAN8742 Phy interface Condition cause : null
2024-05-24 12:09:30,048 [WARN] PackLoader:240 - Cannot read IP mode file for STMicroelectronics.X-CUBE-SFXS2LP1.4.0.0
2024-05-24 12:09:30,057 [WARN] PackLoader:240 - Cannot read IP mode file for STMicroelectronics.X-CUBE-ISPU.1.1.0
2024-05-24 12:09:30,071 [WARN] ConditionMgr:438 - getConditionDescription Invalid condition id : UX DEVICE CLASS RTOS Condition cause : null
2024-05-24 12:09:30,072 [WARN] ConditionMgr:438 - getConditionDescription Invalid condition id : UX DEVICE CLASS RTOS Condition cause : null
2024-05-24 12:09:30,073 [WARN] PackLoader:240 - Cannot read IP mode file for STMicroelectronics.X-CUBE-AZRTOS-WB.2.0.0
2024-05-24 12:09:30,074 [WARN] ConditionMgr:1039 - genDependencies : Invalid condition id : UX DEVICE CLASS RTOS Condition cause : null
2024-05-24 12:09:30,074 [WARN] ConditionMgr:1039 - genDependencies : Invalid condition id : UX DEVICE CLASS RTOS Condition cause : null
2024-05-24 12:09:30,074 [WARN] ConditionMgr:1039 - genDependencies : Invalid condition id : UX DEVICE CLASS RTOS Condition cause : null
2024-05-24 12:09:30,074 [WARN] ConditionMgr:1039 - genDependencies : Invalid condition id : UX DEVICE CLASS RTOS Condition cause : null
2024-05-24 12:09:30,074 [WARN] ConditionMgr:1039 - genDependencies : Invalid condition id : UX DEVICE CLASS RTOS Condition cause : null
2024-05-24 12:09:30,087 [WARN] PackLoader:240 - Cannot read IP mode file for STMicroelectronics.X-CUBE-SUBG2.5.0.0
2024-05-24 12:09:30,104 [WARN] PackLoader:240 - Cannot read IP mode file for STMicroelectronics.X-CUBE-TOF1.3.3.1
2024-05-24 12:09:30,123 [WARN] PackLoader:240 - Cannot read IP mode file for STMicroelectronics.X-CUBE-AZRTOS-G4.2.0.0
2024-05-24 12:09:30,137 [WARN] PackLoader:240 - Cannot read IP mode file for Infineon.AIROC-Wi-Fi-Bluetooth-STM32.1.5.1
2024-05-24 12:09:30,144 [WARN] PackLoader:240 - Cannot read IP mode file for STMicroelectronics.FP-SNS-MOTENVWB1.1.3.0
2024-05-24 12:09:30,149 [WARN] PackLoader:240 - Cannot read IP mode file for STMicroelectronics.FP-SNS-MOTENVWB1.1.3.1
2024-05-24 12:09:30,152 [WARN] PackLoader:240 - Cannot read IP mode file for STMicroelectronics.X-CUBE-ISPU.2.0.0
2024-05-24 12:09:30,158 [WARN] PackLoader:240 - Cannot read IP mode file for STMicroelectronics.X-CUBE-ALS.1.0.2
2024-05-24 12:09:30,212 [WARN] PackLoader:240 - Cannot read IP mode file for STMicroelectronics.X-CUBE-MEMS1.10.0.0
2024-05-24 12:09:30,330 [WARN] PackLoader:240 - Cannot read IP mode file for STMicroelectronics.X-CUBE-FREERTOS.1.1.0
2024-05-24 12:09:30,338 [WARN] PackLoader:240 - Cannot read IP mode file for portGmbH.I-Cube-SoM-uGOAL.1.1.0
2024-05-24 12:09:30,341 [WARN] PackLoader:240 - Cannot read IP mode file for STMicroelectronics.X-CUBE-ALS.1.0.1
2024-05-24 12:09:30,362 [WARN] PackLoader:240 - Cannot read IP mode file for STMicroelectronics.X-CUBE-AZRTOS-H7RS.1.0.0
2024-05-24 12:09:30,368 [WARN] PackLoader:240 - Cannot read IP mode file for STMicroelectronics.FP-ATR-ASTRA1.2.0.0
2024-05-24 12:09:30,376 [WARN] PackLoader:240 - Cannot read IP mode file for STMicroelectronics.X-CUBE-TOF1.3.4.0
2024-05-24 12:09:30,392 [WARN] PackLoader:240 - Cannot read IP mode file for STMicroelectronics.X-CUBE-TOF1.3.4.1
2024-05-24 12:09:30,417 [WARN] PackLoader:240 - Cannot read IP mode file for STMicroelectronics.X-CUBE-AZRTOS-H7.3.2.0
2024-05-24 12:09:30,419 [INFO] ThirdParty:978 - Integrity check success = true
2024-05-24 12:09:30,419 [INFO] IntegrityCheckThread:100 - exiting critical section [integrity check]
2024-05-24 12:09:30,420 [INFO] IntegrityCheckThread:103 - End integrity checks thread
2024-05-24 12:09:33,428 [INFO] WebApp:161 - Instantiating new browser for Auth
2024-05-24 12:09:34,515 [INFO] WebApp:779 - Register for checkConnection events
2024-05-24 12:09:34,516 [INFO] WebApp:414 - Apply proxy settings
2024-05-24 12:09:34,516 [INFO] WebApp:499 - Chromium requires no authentication
2024-05-24 12:09:34,528 [INFO] WebApp:442 - Direct internet connection detected
2024-05-24 12:09:34,847 [INFO] WebApp:192 - Starting web application
2024-05-24 12:09:34,848 [INFO] WebApp:544 - Web application path used C:\ST\STM32CubeIDE_1.14.1\STM32CubeIDE\plugins\com.st.stm32cube.common.mx_6.11.0.202403141607\db\plugins\mcufinder\reactClient1\index.html
2024-05-24 15:11:46,670 [ERROR] LogOutputStream:75 - [STDERR_REDIRECT] 
2024-05-24 15:11:46,671 [ERROR] LogOutputStream:75 - [STDERR_REDIRECT] 
