2024-07-10 00:34:33,228 [INFO] Activator:176 - 


2024-07-10 00:34:33,243 [INFO] Activator:177 - !SESSION log4j initialized
2024-07-10 00:34:44,304 [INFO] LogOutputStream:77 - [STDOUT_REDIRECT] 
2024-07-10 00:34:50,063 [INFO] ApplicationProperties:184 - Using Application install path: C:\ST\STM32CubeIDE_1.14.1\STM32CubeIDE\plugins\com.st.stm32cube.common.mx_6.11.0.202403141607
2024-07-10 00:34:50,086 [INFO] DbMcusXml:78 - Set database path to: C:\ST\STM32CubeIDE_1.14.1\STM32CubeIDE\plugins\com.st.stm32cube.common.mx_6.11.0.202403141607\\db\/mcu/
2024-07-10 00:34:50,086 [INFO] ApiDb:274 - Set plugin database path to: C:\ST\STM32CubeIDE_1.14.1\STM32CubeIDE\plugins\com.st.stm32cube.common.mx_6.11.0.202403141607\\db\/plugins/boardmanager/
2024-07-10 00:34:50,087 [WARN] ApiDb:259 - Overriding images path with different value:  => C:\ST\STM32CubeIDE_1.14.1\STM32CubeIDE\plugins\com.st.stm32cube.common.mx_6.11.0.202403141607\\db\/plugins/mcufinder/images/
2024-07-10 00:34:50,099 [INFO] ApiDb:250 - Set database path to: C:\Users\AAA\.stmcufinder\plugins\mcufinder//mcu/
2024-07-10 00:34:50,101 [INFO] DbMcusAds:125 - Set database path to: C:\Users\AAA\.stmcufinder\plugins\mcufinder//mcu/
2024-07-10 00:34:50,102 [INFO] CrossReferenceDbSqlite:203 - Set database path to: C:\Users\AAA\.stmcufinder\plugins\mcufinder//mcu/cs/
2024-07-10 00:34:50,265 [INFO] RulesReader:64 - Compatibility file has been processed (297 Rules)
2024-07-10 00:34:50,382 [INFO] DbMcusXml:78 - Set database path to: C:\ST\STM32CubeIDE_1.14.1\STM32CubeIDE\plugins\com.st.stm32cube.common.mx_6.11.0.202403141607\\db\/mcu/
2024-07-10 00:34:50,382 [INFO] ApiDb:274 - Set plugin database path to: C:\ST\STM32CubeIDE_1.14.1\STM32CubeIDE\plugins\com.st.stm32cube.common.mx_6.11.0.202403141607\\db\/plugins/boardmanager/
2024-07-10 00:34:50,382 [INFO] ApiDb:261 - Set plugin images path to: C:\ST\STM32CubeIDE_1.14.1\STM32CubeIDE\plugins\com.st.stm32cube.common.mx_6.11.0.202403141607\\db\/plugins/mcufinder/images/
2024-07-10 00:34:50,382 [WARN] DbFile:41 - Overriding database path with different value: C:\Users\AAA\.stmcufinder\plugins\mcufinder/ => C:\Users\AAA\.stmcufinder\plugins\mcufinder
2024-07-10 00:34:50,382 [INFO] ApiDb:250 - Set database path to: C:\Users\AAA\.stmcufinder\plugins\mcufinder//mcu/
2024-07-10 00:34:50,383 [WARN] DbFile:41 - Overriding database path with different value: C:\Users\AAA\.stmcufinder\plugins\mcufinder/ => C:\Users\AAA\.stmcufinder\plugins\mcufinder
2024-07-10 00:34:50,383 [INFO] DbMcusAds:125 - Set database path to: C:\Users\AAA\.stmcufinder\plugins\mcufinder//mcu/
2024-07-10 00:34:50,383 [WARN] DbFile:41 - Overriding database path with different value: C:\Users\AAA\.stmcufinder\plugins\mcufinder/ => C:\Users\AAA\.stmcufinder\plugins\mcufinder
2024-07-10 00:34:50,383 [WARN] DbFile:41 - Overriding database path with different value: C:\Users\AAA\.stmcufinder\plugins\mcufinder/ => C:\Users\AAA\.stmcufinder\plugins\mcufinder
2024-07-10 00:34:50,383 [INFO] CrossReferenceDbSqlite:203 - Set database path to: C:\Users\AAA\.stmcufinder\plugins\mcufinder//mcu/cs/
2024-07-10 00:34:50,488 [INFO] MainPanel:264 - HeapMemory: 268435456
2024-07-10 00:34:50,600 [INFO] DbMcusXml:78 - Set database path to: C:\ST\STM32CubeIDE_1.14.1\STM32CubeIDE\plugins\com.st.stm32cube.common.mx_6.11.0.202403141607\\db\/mcu/
2024-07-10 00:34:50,600 [INFO] ApiDb:274 - Set plugin database path to: C:\ST\STM32CubeIDE_1.14.1\STM32CubeIDE\plugins\com.st.stm32cube.common.mx_6.11.0.202403141607\\db\/plugins/boardmanager/
2024-07-10 00:34:50,600 [INFO] ApiDb:261 - Set plugin images path to: C:\ST\STM32CubeIDE_1.14.1\STM32CubeIDE\plugins\com.st.stm32cube.common.mx_6.11.0.202403141607\\db\/plugins/mcufinder/images/
2024-07-10 00:34:50,600 [WARN] DbFile:41 - Overriding database path with different value: C:\Users\AAA\.stmcufinder\plugins\mcufinder/ => C:\Users\AAA\.stmcufinder\plugins\mcufinder
2024-07-10 00:34:50,601 [INFO] ApiDb:250 - Set database path to: C:\Users\AAA\.stmcufinder\plugins\mcufinder//mcu/
2024-07-10 00:34:50,601 [WARN] DbFile:41 - Overriding database path with different value: C:\Users\AAA\.stmcufinder\plugins\mcufinder/ => C:\Users\AAA\.stmcufinder\plugins\mcufinder
2024-07-10 00:34:50,601 [INFO] DbMcusAds:125 - Set database path to: C:\Users\AAA\.stmcufinder\plugins\mcufinder//mcu/
2024-07-10 00:34:50,601 [WARN] DbFile:41 - Overriding database path with different value: C:\Users\AAA\.stmcufinder\plugins\mcufinder/ => C:\Users\AAA\.stmcufinder\plugins\mcufinder
2024-07-10 00:34:50,601 [WARN] DbFile:41 - Overriding database path with different value: C:\Users\AAA\.stmcufinder\plugins\mcufinder/ => C:\Users\AAA\.stmcufinder\plugins\mcufinder
2024-07-10 00:34:50,601 [INFO] CrossReferenceDbSqlite:203 - Set database path to: C:\Users\AAA\.stmcufinder\plugins\mcufinder//mcu/cs/
2024-07-10 00:34:50,622 [INFO] ApplicationProperties:184 - Using Application install path: C:\ST\STM32CubeIDE_1.14.1\STM32CubeIDE\plugins\com.st.stm32cube.common.mx_6.11.0.202403141607
2024-07-10 00:34:50,625 [INFO] PluginManage:196 - Search for loadable plugins [exclusion list=, ]
2024-07-10 00:34:50,626 [INFO] PluginManage:310 - Check plugin analytics
2024-07-10 00:34:50,815 [INFO] AnalyticsPlugin:253 - Accepted Software Licenses: 
2024-07-10 00:34:50,816 [INFO] AnalyticsPlugin:255 - Accepted CMSIS Pack Licenses: ARM.CMSIS.6.0.0
2024-07-10 00:34:50,816 [INFO] AnalyticsPlugin:257 - Accepted Firmware Licenses: 
2024-07-10 00:34:50,822 [INFO] PluginManage:359 - Loaded plugin analytics (category:tool,tabindex:-1)
2024-07-10 00:34:50,822 [INFO] PluginManage:310 - Check plugin cadmodel
2024-07-10 00:34:50,841 [INFO] CADModel:105 - Init CAD model plugin
2024-07-10 00:34:50,841 [INFO] PluginManage:359 - Loaded plugin cadmodel (category:power,tabindex:5)
2024-07-10 00:34:50,841 [INFO] PluginManage:310 - Check plugin clock
2024-07-10 00:34:50,860 [INFO] PluginManage:359 - Loaded plugin clock (category:base,tabindex:2)
2024-07-10 00:34:50,860 [INFO] PluginManage:310 - Check plugin ddr
2024-07-10 00:34:50,862 [INFO] PluginManage:359 - Loaded plugin ddr (category:tool,tabindex:6)
2024-07-10 00:34:50,862 [INFO] PluginManage:310 - Check plugin filemanager
2024-07-10 00:34:51,020 [INFO] PluginManage:359 - Loaded plugin filemanager (category:base,tabindex:10)
2024-07-10 00:34:51,020 [INFO] PluginManage:310 - Check plugin ipmanager
2024-07-10 00:34:51,030 [INFO] PluginManage:359 - Loaded plugin ipmanager (category:base,tabindex:5)
2024-07-10 00:34:51,030 [INFO] PluginManage:310 - Check plugin lpbam
2024-07-10 00:34:51,047 [INFO] PluginManage:359 - Loaded plugin lpbam (category:base,tabindex:0)
2024-07-10 00:34:51,047 [INFO] PluginManage:310 - Check plugin memorymap
2024-07-10 00:34:51,071 [INFO] PluginManage:359 - Loaded plugin memorymap (category:base,tabindex:4)
2024-07-10 00:34:51,071 [INFO] PluginManage:310 - Check plugin pinoutandconfiguration
2024-07-10 00:34:51,088 [INFO] PluginManage:359 - Loaded plugin pinoutandconfiguration (category:base,tabindex:1)
2024-07-10 00:34:51,088 [INFO] PluginManage:310 - Check plugin pinoutconfig
2024-07-10 00:34:51,205 [WARN] SupportedApi:132 - Cannot load RTOS API schema: s4s-elt-must-match.1: The content of 'definitions' must match (annotation?, (simpleType | complexType)?, (unique | key | keyref)*)). A problem was found starting at: attribute.
2024-07-10 00:34:51,408 [INFO] PluginManage:359 - Loaded plugin pinoutconfig (category:base,tabindex:0)
2024-07-10 00:34:51,408 [INFO] PluginManage:310 - Check plugin power
2024-07-10 00:34:51,431 [INFO] PluginManage:359 - Loaded plugin power (category:power,tabindex:4)
2024-07-10 00:34:51,432 [INFO] PluginManage:310 - Check plugin projectmanager
2024-07-10 00:34:51,455 [INFO] PluginManage:359 - Loaded plugin projectmanager (category:projectmanager,tabindex:3)
2024-07-10 00:34:51,455 [INFO] PluginManage:310 - Check plugin thirdparty
2024-07-10 00:34:51,768 [INFO] PluginManage:359 - Loaded plugin thirdparty (category:base,tabindex:-1)
2024-07-10 00:34:51,768 [WARN] IntegrityCheckThread:84 - waiting for thirdparty lock release [integrity check]
2024-07-10 00:34:51,768 [INFO] PluginManage:310 - Check plugin tools
2024-07-10 00:34:51,768 [INFO] IntegrityCheckThread:86 - entering critical section [integrity check]
2024-07-10 00:34:51,769 [INFO] ThirdPartyUpdaterWithRetryManager:70 - Updater plugin not ready yet. [1/15]
2024-07-10 00:34:51,810 [INFO] PluginManage:359 - Loaded plugin tools (category:base,tabindex:7)
2024-07-10 00:34:51,810 [INFO] PluginManage:310 - Check plugin tutovideos
2024-07-10 00:34:52,020 [INFO] PluginManage:359 - Loaded plugin tutovideos (category:base,tabindex:-1)
2024-07-10 00:34:52,020 [INFO] PluginManage:310 - Check plugin updater
2024-07-10 00:34:52,033 [INFO] PluginManage:359 - Loaded plugin updater (category:base,tabindex:12)
2024-07-10 00:34:52,033 [INFO] PluginManage:310 - Check plugin userauth
2024-07-10 00:34:52,038 [INFO] UserAuth:114 - Init User Auth plugin
2024-07-10 00:34:52,039 [INFO] PluginManage:359 - Loaded plugin userauth (category:base,tabindex:14)
2024-07-10 00:34:52,039 [INFO] PluginManage:283 - PluginManage : Loaded plugins [17]
2024-07-10 00:34:52,282 [INFO] PinOutPanel:1561 - setPackage(No Configuration,No Configuration)
2024-07-10 00:34:52,386 [INFO] CADModel:165 - CPN selected for project level
2024-07-10 00:34:52,387 [INFO] CADModel:114 - Register for checkConnection events
2024-07-10 00:34:52,413 [INFO] IPUIPlugin:80 - create IPUIPlugin
2024-07-10 00:34:52,413 [INFO] PluginManager:220 - loadIPPluginJar : add adc
2024-07-10 00:34:52,452 [INFO] IPUIPlugin:80 - create IPUIPlugin
2024-07-10 00:34:52,452 [INFO] PluginManager:220 - loadIPPluginJar : add aes
2024-07-10 00:34:52,496 [INFO] IPUIPlugin:80 - create IPUIPlugin
2024-07-10 00:34:52,496 [INFO] PluginManager:220 - loadIPPluginJar : add can
2024-07-10 00:34:52,525 [INFO] IPUIPlugin:80 - create IPUIPlugin
2024-07-10 00:34:52,525 [INFO] PluginManager:220 - loadIPPluginJar : add comp
2024-07-10 00:34:52,561 [INFO] IPUIPlugin:80 - create IPUIPlugin
2024-07-10 00:34:52,561 [INFO] PluginManager:220 - loadIPPluginJar : add cryp
2024-07-10 00:34:52,593 [INFO] IPUIPlugin:80 - create IPUIPlugin
2024-07-10 00:34:52,593 [INFO] PluginManager:220 - loadIPPluginJar : add dfsdm
2024-07-10 00:34:52,607 [INFO] IPUIPlugin:80 - create IPUIPlugin
2024-07-10 00:34:52,608 [INFO] PluginManager:220 - loadIPPluginJar : add dma
2024-07-10 00:34:52,654 [INFO] IPUIPlugin:80 - create IPUIPlugin
2024-07-10 00:34:52,654 [INFO] PluginManager:220 - loadIPPluginJar : add dma3
2024-07-10 00:34:52,701 [INFO] IPUIPlugin:80 - create IPUIPlugin
2024-07-10 00:34:52,701 [INFO] PluginManager:220 - loadIPPluginJar : add extmemmanager
2024-07-10 00:34:52,721 [INFO] IPUIPlugin:80 - create IPUIPlugin
2024-07-10 00:34:52,721 [INFO] PluginManager:220 - loadIPPluginJar : add fatfs
2024-07-10 00:34:52,770 [INFO] IPUIPlugin:80 - create IPUIPlugin
2024-07-10 00:34:52,770 [INFO] PluginManager:220 - loadIPPluginJar : add fmc
2024-07-10 00:34:52,786 [INFO] IPUIPlugin:80 - create IPUIPlugin
2024-07-10 00:34:52,786 [INFO] PluginManager:220 - loadIPPluginJar : add freertos
2024-07-10 00:34:52,809 [INFO] IPUIPlugin:80 - create IPUIPlugin
2024-07-10 00:34:52,809 [INFO] PluginManager:220 - loadIPPluginJar : add genericplugin
2024-07-10 00:34:52,914 [INFO] IPUIPlugin:80 - create IPUIPlugin
2024-07-10 00:34:52,915 [INFO] PluginManager:220 - loadIPPluginJar : add gfxmmu
2024-07-10 00:34:53,050 [INFO] IPUIPlugin:80 - create IPUIPlugin
2024-07-10 00:34:53,051 [INFO] PluginManager:220 - loadIPPluginJar : add gic
2024-07-10 00:34:53,063 [INFO] IPUIPlugin:80 - create IPUIPlugin
2024-07-10 00:34:53,063 [INFO] PluginManager:220 - loadIPPluginJar : add gpio
2024-07-10 00:34:53,159 [INFO] IPUIPlugin:80 - create IPUIPlugin
2024-07-10 00:34:53,159 [INFO] PluginManager:220 - loadIPPluginJar : add gtzc
2024-07-10 00:34:53,191 [INFO] IPUIPlugin:80 - create IPUIPlugin
2024-07-10 00:34:53,191 [INFO] PluginManager:220 - loadIPPluginJar : add hash
2024-07-10 00:34:53,246 [INFO] IPUIPlugin:80 - create IPUIPlugin
2024-07-10 00:34:53,246 [INFO] PluginManager:220 - loadIPPluginJar : add i2c
2024-07-10 00:34:53,284 [INFO] IPUIPlugin:80 - create IPUIPlugin
2024-07-10 00:34:53,284 [INFO] PluginManager:220 - loadIPPluginJar : add i2s
2024-07-10 00:34:53,326 [INFO] IPUIPlugin:80 - create IPUIPlugin
2024-07-10 00:34:53,326 [INFO] PluginManager:220 - loadIPPluginJar : add i3c
2024-07-10 00:34:53,436 [INFO] IPUIPlugin:80 - create IPUIPlugin
2024-07-10 00:34:53,436 [INFO] PluginManager:220 - loadIPPluginJar : add ipddr
2024-07-10 00:34:53,531 [INFO] IPUIPlugin:80 - create IPUIPlugin
2024-07-10 00:34:53,531 [INFO] PluginManager:220 - loadIPPluginJar : add linkedlist
2024-07-10 00:34:53,567 [INFO] IPUIPlugin:80 - create IPUIPlugin
2024-07-10 00:34:53,567 [INFO] PluginManager:220 - loadIPPluginJar : add lorawan
2024-07-10 00:34:53,605 [INFO] IPUIPlugin:80 - create IPUIPlugin
2024-07-10 00:34:53,605 [INFO] PluginManager:220 - loadIPPluginJar : add ltdc
2024-07-10 00:34:53,619 [INFO] IPUIPlugin:80 - create IPUIPlugin
2024-07-10 00:34:53,620 [INFO] PluginManager:220 - loadIPPluginJar : add mdma
2024-07-10 00:34:53,632 [INFO] IPUIPlugin:80 - create IPUIPlugin
2024-07-10 00:34:53,632 [INFO] PluginManager:220 - loadIPPluginJar : add nvic
2024-07-10 00:34:53,670 [INFO] IPUIPlugin:80 - create IPUIPlugin
2024-07-10 00:34:53,670 [INFO] PluginManager:220 - loadIPPluginJar : add opamp
2024-07-10 00:34:53,753 [INFO] IPUIPlugin:80 - create IPUIPlugin
2024-07-10 00:34:53,753 [INFO] PluginManager:220 - loadIPPluginJar : add openamp
2024-07-10 00:34:53,799 [INFO] IPUIPlugin:80 - create IPUIPlugin
2024-07-10 00:34:53,799 [INFO] PluginManager:220 - loadIPPluginJar : add pdm2pcm
2024-07-10 00:34:53,813 [INFO] IPUIPlugin:80 - create IPUIPlugin
2024-07-10 00:34:53,815 [INFO] PluginManager:220 - loadIPPluginJar : add plateformsettings
2024-07-10 00:34:53,839 [INFO] IPUIPlugin:80 - create IPUIPlugin
2024-07-10 00:34:53,840 [INFO] PluginManager:220 - loadIPPluginJar : add quadspi
2024-07-10 00:34:53,852 [INFO] IPUIPlugin:80 - create IPUIPlugin
2024-07-10 00:34:53,852 [INFO] PluginManager:220 - loadIPPluginJar : add resmgrutility
2024-07-10 00:34:53,907 [INFO] IPUIPlugin:80 - create IPUIPlugin
2024-07-10 00:34:53,907 [INFO] PluginManager:220 - loadIPPluginJar : add sai
2024-07-10 00:34:53,948 [INFO] IPUIPlugin:80 - create IPUIPlugin
2024-07-10 00:34:53,949 [INFO] PluginManager:220 - loadIPPluginJar : add spi
2024-07-10 00:34:54,025 [INFO] IPUIPlugin:80 - create IPUIPlugin
2024-07-10 00:34:54,026 [INFO] PluginManager:220 - loadIPPluginJar : add stm32_wpan
2024-07-10 00:34:54,049 [INFO] IPUIPlugin:80 - create IPUIPlugin
2024-07-10 00:34:54,050 [INFO] PluginManager:220 - loadIPPluginJar : add tim
2024-07-10 00:34:54,117 [INFO] IPUIPlugin:80 - create IPUIPlugin
2024-07-10 00:34:54,117 [INFO] PluginManager:220 - loadIPPluginJar : add touchsensing
2024-07-10 00:34:54,142 [INFO] IPUIPlugin:80 - create IPUIPlugin
2024-07-10 00:34:54,142 [INFO] PluginManager:220 - loadIPPluginJar : add tracer_emb
2024-07-10 00:34:54,165 [INFO] IPUIPlugin:80 - create IPUIPlugin
2024-07-10 00:34:54,165 [INFO] PluginManager:220 - loadIPPluginJar : add ts
2024-07-10 00:34:54,186 [INFO] IPUIPlugin:80 - create IPUIPlugin
2024-07-10 00:34:54,186 [INFO] PluginManager:220 - loadIPPluginJar : add tsc
2024-07-10 00:34:54,208 [INFO] IPUIPlugin:80 - create IPUIPlugin
2024-07-10 00:34:54,209 [INFO] PluginManager:220 - loadIPPluginJar : add ucpd
2024-07-10 00:34:54,251 [INFO] IPUIPlugin:80 - create IPUIPlugin
2024-07-10 00:34:54,251 [INFO] PluginManager:220 - loadIPPluginJar : add usart
2024-07-10 00:34:54,297 [INFO] IPUIPlugin:80 - create IPUIPlugin
2024-07-10 00:34:54,297 [INFO] PluginManager:220 - loadIPPluginJar : add usbx
2024-07-10 00:34:54,435 [INFO] CADModel:165 - CPN selected for project level
2024-07-10 00:34:54,435 [INFO] CADModel:114 - Register for checkConnection events
2024-07-10 00:34:54,435 [FATAL] Updater:308 - Updater called before beeing initialized
2024-07-10 00:34:54,435 [ERROR] CADModel:125 - Updater not yet initialized, retry later 
2024-07-10 00:34:54,645 [INFO] CADModel:165 - CPN selected for project level
2024-07-10 00:34:54,645 [INFO] CADModel:114 - Register for checkConnection events
2024-07-10 00:34:54,645 [FATAL] Updater:308 - Updater called before beeing initialized
2024-07-10 00:34:54,645 [ERROR] CADModel:125 - Updater not yet initialized, retry later 
2024-07-10 00:34:54,648 [FATAL] Updater:308 - Updater called before beeing initialized
2024-07-10 00:34:54,770 [INFO] ThirdPartyUpdaterWithRetryManager:70 - Updater plugin not ready yet. [2/15]
2024-07-10 00:34:54,781 [FATAL] Updater:308 - Updater called before beeing initialized
2024-07-10 00:34:54,791 [INFO] DbMcusAds:53 - JSON generation date=Thu May 16 16:22:00 ICT 2024 (1715851320852)
2024-07-10 00:34:54,791 [FATAL] Updater:308 - Updater called before beeing initialized
2024-07-10 00:34:54,875 [WARN] DetailPanel:346 - Failed to get advertising image, set to default
2024-07-10 00:34:54,968 [FATAL] Updater:308 - Updater called before beeing initialized
2024-07-10 00:34:54,970 [FATAL] Updater:308 - Updater called before beeing initialized
2024-07-10 00:34:54,970 [FATAL] Updater:308 - Updater called before beeing initialized
2024-07-10 00:34:54,970 [WARN] DetailPanel:346 - Failed to get advertising image, set to default
2024-07-10 00:34:54,971 [FATAL] Updater:308 - Updater called before beeing initialized
2024-07-10 00:34:55,041 [ERROR] Updater:1120 - MainUpdater not yet initialized. External WinMGr cannot be set.
2024-07-10 00:34:55,051 [INFO] Updater:1056 - Updater Version found : 6.11.0
2024-07-10 00:34:55,067 [INFO] ApplicationProperties:184 - Using Application install path: C:\ST\STM32CubeIDE_1.14.1\STM32CubeIDE\plugins\com.st.stm32cube.common.mx_6.11.0.202403141607
2024-07-10 00:34:56,646 [ERROR] LogOutputStream:75 - [STDERR_REDIRECT] Jul 10, 2024 12:34:56 AM java.util.prefs.WindowsPreferences <init>
2024-07-10 00:34:56,648 [ERROR] LogOutputStream:75 - [STDERR_REDIRECT] WARNING: Could not open/create prefs root node Software\JavaSoft\Prefs at root 0xffffffff80000002. Windows RegCreateKeyEx(...) returned error code 5.
2024-07-10 00:34:56,648 [ERROR] LogOutputStream:75 - [STDERR_REDIRECT] 
2024-07-10 00:34:56,930 [INFO] MainUpdater:2873 - connection check result : 22
2024-07-10 00:34:56,931 [INFO] MainUpdater:290 - Updater Check For Update Now.
2024-07-10 00:34:56,931 [INFO] MicroXplorer:498 - Change Database Version : DB.6.0.110
2024-07-10 00:34:56,949 [INFO] McuFinderGlobals:63 - Set McuFinder mode to 2 (CubeIDE integrated)
2024-07-10 00:34:56,966 [INFO] UserAuth:415 - Internet connection configuration mode: 2
2024-07-10 00:34:57,151 [INFO] CheckServerUpdateThread:120 - End of CheckServer Thread
2024-07-10 00:34:58,069 [WARN] PackLoader:240 - Cannot read IP mode file for STMicroelectronics.FP-SNS-MOTENVWB1.1.4.0
2024-07-10 00:34:58,086 [WARN] PackLoader:240 - Cannot read IP mode file for STMicroelectronics.X-CUBE-SMBUS.2.1.0
2024-07-10 00:34:58,098 [WARN] PackLoader:240 - Cannot read IP mode file for STMicroelectronics.X-CUBE-TOUCHGFX.4.23.1
2024-07-10 00:34:58,109 [WARN] PackLoader:240 - Cannot read IP mode file for STMicroelectronics.X-CUBE-TOUCHGFX.4.23.0
2024-07-10 00:34:58,119 [WARN] PackLoader:240 - Cannot read IP mode file for STMicroelectronics.X-CUBE-TOUCHGFX.4.23.2
2024-07-10 00:34:58,167 [WARN] PackLoader:240 - Cannot read IP mode file for STMicroelectronics.X-CUBE-AZRTOS-F7.1.1.0
2024-07-10 00:34:58,187 [WARN] PackLoader:240 - Cannot read IP mode file for STMicroelectronics.FP-SNS-MOTENV1.4.3.2
2024-07-10 00:34:58,206 [WARN] PackLoader:240 - Cannot read IP mode file for STMicroelectronics.FP-SNS-FLIGHT1.5.0.2
2024-07-10 00:34:58,225 [WARN] PackLoader:240 - Cannot read IP mode file for STMicroelectronics.X-CUBE-DISPLAY.3.0.0
2024-07-10 00:34:58,246 [WARN] PackLoader:240 - Cannot read IP mode file for STMicroelectronics.X-CUBE-BLE1.7.0.0
2024-07-10 00:34:58,263 [WARN] PackLoader:240 - Cannot read IP mode file for emotas.I-CUBE-CANOPEN.1.3.0
2024-07-10 00:34:58,277 [WARN] PackLoader:240 - Cannot read IP mode file for STMicroelectronics.X-CUBE-TOUCHGFX.4.22.1
2024-07-10 00:34:58,305 [WARN] PackLoader:240 - Cannot read IP mode file for STMicroelectronics.X-CUBE-BLEMGR.3.1.0
2024-07-10 00:34:58,323 [WARN] PackLoader:240 - Cannot read IP mode file for STMicroelectronics.FP-SNS-SMARTAG2.1.2.0
2024-07-10 00:34:58,345 [INFO] LogOutputStream:77 - [STDOUT_REDIRECT] 1 : Invalid condition id : UX_CORESTACK_Condition cause : null
2024-07-10 00:34:58,346 [INFO] LogOutputStream:77 - [STDOUT_REDIRECT] 1 : Invalid condition id : UX_CORESTACK_Condition cause : null
2024-07-10 00:34:58,347 [INFO] LogOutputStream:77 - [STDOUT_REDIRECT] 1 : Invalid condition id : UX_CORESTACK_Condition cause : null
2024-07-10 00:34:58,349 [INFO] LogOutputStream:77 - [STDOUT_REDIRECT] 1 : Invalid condition id : UX_CORESTACK_Condition cause : null
2024-07-10 00:34:58,351 [INFO] LogOutputStream:77 - [STDOUT_REDIRECT] 1 : Invalid condition id : UX_CORESTACK_Condition cause : null
2024-07-10 00:34:58,360 [WARN] PackLoader:240 - Cannot read IP mode file for STMicroelectronics.X-CUBE-AZRTOS-WL.2.0.0
2024-07-10 00:34:58,376 [WARN] PackLoader:240 - Cannot read IP mode file for STMicroelectronics.FP-SNS-MOTENV1.5.0.0
2024-07-10 00:34:58,391 [WARN] PackLoader:240 - Cannot read IP mode file for wolfSSL.I-CUBE-wolfMQTT.1.19.0
2024-07-10 00:34:58,408 [WARN] PackLoader:240 - Cannot read IP mode file for WES.I-CUBE-Cesium.1.3.0
2024-07-10 00:34:58,422 [WARN] PackLoader:240 - Cannot read IP mode file for STMicroelectronics.X-CUBE-BLE2.3.3.0
2024-07-10 00:34:58,438 [WARN] PackLoader:240 - Cannot read IP mode file for STMicroelectronics.X-CUBE-TCPP.4.1.0
2024-07-10 00:34:58,453 [WARN] PackLoader:240 - Cannot read IP mode file for STMicroelectronics.X-CUBE-ALGOBUILD.1.3.0
2024-07-10 00:34:58,479 [WARN] PackLoader:240 - Cannot read IP mode file for STMicroelectronics.X-CUBE-AZRTOS-G0.1.1.0
2024-07-10 00:34:58,496 [WARN] PackLoader:240 - Cannot read IP mode file for STMicroelectronics.X-CUBE-SAFEA1.1.2.2
2024-07-10 00:34:58,517 [WARN] PackLoader:240 - Cannot read IP mode file for STMicroelectronics.X-CUBE-NFC4.3.0.0
2024-07-10 00:34:58,539 [WARN] PackLoader:240 - Cannot read IP mode file for STMicroelectronics.X-CUBE-BLEMGR.3.0.0
2024-07-10 00:34:58,553 [WARN] PackLoader:240 - Cannot read IP mode file for STMicroelectronics.FP-ATR-SIGFOX1.3.2.0
2024-07-10 00:34:58,567 [WARN] PackLoader:240 - Cannot read IP mode file for STMicroelectronics.X-CUBE-EEPRMA1.5.1.0
2024-07-10 00:34:58,609 [WARN] PackLoader:240 - Cannot read IP mode file for SEGGER.I-CUBE-embOS.1.3.1
2024-07-10 00:34:58,651 [WARN] PackLoader:240 - Cannot read IP mode file for STMicroelectronics.X-CUBE-ALGOBUILD.1.4.0
2024-07-10 00:34:58,666 [WARN] PackLoader:240 - Cannot read IP mode file for STMicroelectronics.X-CUBE-GNSS1.6.0.0
2024-07-10 00:34:58,705 [WARN] PackLoader:240 - Cannot read IP mode file for STMicroelectronics.X-CUBE-AZRTOS-F4.1.1.0
2024-07-10 00:34:58,719 [WARN] PackLoader:240 - Cannot read IP mode file for wolfSSL.I-CUBE-wolfSSL.5.6.3
2024-07-10 00:34:58,748 [WARN] PackLoader:240 - Cannot read IP mode file for STMicroelectronics.X-CUBE-FREERTOS.1.2.0
2024-07-10 00:34:58,765 [WARN] PackLoader:240 - Cannot read IP mode file for wolfSSL.I-CUBE-wolfSSL.5.6.6
2024-07-10 00:34:58,794 [WARN] PackLoader:240 - Cannot read IP mode file for STMicroelectronics.X-CUBE-AZRTOS-L5.2.0.0
2024-07-10 00:34:58,847 [WARN] PackLoader:240 - Cannot read IP mode file for STMicroelectronics.X-CUBE-MEMS1.9.6.0
2024-07-10 00:34:58,988 [WARN] PackLoader:240 - Cannot read IP mode file for STMicroelectronics.X-CUBE-EEPRMA1.4.2.0
2024-07-10 00:34:59,004 [WARN] PackLoader:240 - Cannot read IP mode file for STMicroelectronics.X-CUBE-NFC6.3.1.0
2024-07-10 00:34:59,019 [WARN] PackLoader:240 - Cannot read IP mode file for ITTIA_DB.I-CUBE-ITTIADB.8.8.0
2024-07-10 00:34:59,076 [WARN] PackLoader:240 - Cannot read IP mode file for STMicroelectronics.X-CUBE-BLEMGR.2.0.0
2024-07-10 00:34:59,089 [WARN] PackLoader:240 - Cannot read IP mode file for STMicroelectronics.X-CUBE-AI.9.0.0
2024-07-10 00:34:59,116 [WARN] ConditionMgr:438 - getConditionDescription Invalid condition id : UX DEVICE CLASS RTOS Condition cause : null
2024-07-10 00:34:59,116 [WARN] ConditionMgr:438 - getConditionDescription Invalid condition id : UX DEVICE CLASS RTOS Condition cause : null
2024-07-10 00:34:59,119 [WARN] PackLoader:240 - Cannot read IP mode file for STMicroelectronics.X-CUBE-AZRTOS-H7.3.1.0
2024-07-10 00:34:59,119 [WARN] ConditionMgr:1039 - genDependencies : Invalid condition id : UX DEVICE CLASS RTOS Condition cause : null
2024-07-10 00:34:59,120 [WARN] ConditionMgr:1039 - genDependencies : Invalid condition id : UX DEVICE CLASS RTOS Condition cause : null
2024-07-10 00:34:59,120 [WARN] ConditionMgr:1039 - genDependencies : Invalid condition id : UX DEVICE CLASS RTOS Condition cause : null
2024-07-10 00:34:59,120 [WARN] ConditionMgr:1039 - genDependencies : Invalid condition id : UX DEVICE CLASS RTOS Condition cause : null
2024-07-10 00:34:59,120 [WARN] ConditionMgr:1039 - genDependencies : Invalid condition id : UX DEVICE CLASS RTOS Condition cause : null
2024-07-10 00:34:59,135 [WARN] PackLoader:240 - Cannot read IP mode file for STMicroelectronics.X-CUBE-NFC7.1.0.1
2024-07-10 00:34:59,149 [WARN] PackLoader:240 - Cannot read IP mode file for STMicroelectronics.X-CUBE-NFC6.3.0.0
2024-07-10 00:34:59,163 [WARN] PackLoader:240 - Cannot read IP mode file for STMicroelectronics.X-CUBE-EEPRMA1.4.1.0
2024-07-10 00:34:59,176 [WARN] PackLoader:240 - Cannot read IP mode file for STMicroelectronics.X-CUBE-AI.8.1.0
2024-07-10 00:34:59,206 [WARN] ConditionMgr:438 - getConditionDescription Invalid condition id : LAN8742 Phy interface Condition cause : null
2024-07-10 00:34:59,207 [WARN] PackLoader:240 - Cannot read IP mode file for STMicroelectronics.X-CUBE-AZRTOS-L4.2.0.0
2024-07-10 00:34:59,209 [WARN] ConditionMgr:1039 - genDependencies : Invalid condition id : LAN8742 Phy interface Condition cause : null
2024-07-10 00:34:59,209 [WARN] ConditionMgr:1039 - genDependencies : Invalid condition id : LAN8742 Phy interface Condition cause : null
2024-07-10 00:34:59,209 [WARN] ConditionMgr:1039 - genDependencies : Invalid condition id : LAN8742 Phy interface Condition cause : null
2024-07-10 00:34:59,286 [WARN] PackLoader:240 - Cannot read IP mode file for STMicroelectronics.X-CUBE-SFXS2LP1.4.0.0
2024-07-10 00:34:59,305 [WARN] PackLoader:240 - Cannot read IP mode file for STMicroelectronics.X-CUBE-ISPU.1.1.0
2024-07-10 00:34:59,331 [WARN] ConditionMgr:438 - getConditionDescription Invalid condition id : UX DEVICE CLASS RTOS Condition cause : null
2024-07-10 00:34:59,332 [WARN] ConditionMgr:438 - getConditionDescription Invalid condition id : UX DEVICE CLASS RTOS Condition cause : null
2024-07-10 00:34:59,334 [WARN] PackLoader:240 - Cannot read IP mode file for STMicroelectronics.X-CUBE-AZRTOS-WB.2.0.0
2024-07-10 00:34:59,335 [WARN] ConditionMgr:1039 - genDependencies : Invalid condition id : UX DEVICE CLASS RTOS Condition cause : null
2024-07-10 00:34:59,335 [WARN] ConditionMgr:1039 - genDependencies : Invalid condition id : UX DEVICE CLASS RTOS Condition cause : null
2024-07-10 00:34:59,335 [WARN] ConditionMgr:1039 - genDependencies : Invalid condition id : UX DEVICE CLASS RTOS Condition cause : null
2024-07-10 00:34:59,335 [WARN] ConditionMgr:1039 - genDependencies : Invalid condition id : UX DEVICE CLASS RTOS Condition cause : null
2024-07-10 00:34:59,335 [WARN] ConditionMgr:1039 - genDependencies : Invalid condition id : UX DEVICE CLASS RTOS Condition cause : null
2024-07-10 00:34:59,355 [WARN] PackLoader:240 - Cannot read IP mode file for STMicroelectronics.X-CUBE-SUBG2.5.0.0
2024-07-10 00:34:59,377 [WARN] PackLoader:240 - Cannot read IP mode file for STMicroelectronics.X-CUBE-TOF1.3.3.1
2024-07-10 00:34:59,408 [WARN] PackLoader:240 - Cannot read IP mode file for STMicroelectronics.X-CUBE-AZRTOS-G4.2.0.0
2024-07-10 00:34:59,431 [WARN] PackLoader:240 - Cannot read IP mode file for Infineon.AIROC-Wi-Fi-Bluetooth-STM32.1.5.1
2024-07-10 00:34:59,445 [WARN] PackLoader:240 - Cannot read IP mode file for STMicroelectronics.FP-SNS-MOTENVWB1.1.3.0
2024-07-10 00:34:59,457 [WARN] PackLoader:240 - Cannot read IP mode file for STMicroelectronics.FP-SNS-MOTENVWB1.1.3.1
2024-07-10 00:34:59,469 [WARN] PackLoader:240 - Cannot read IP mode file for STMicroelectronics.X-CUBE-ISPU.2.0.0
2024-07-10 00:34:59,482 [WARN] PackLoader:240 - Cannot read IP mode file for STMicroelectronics.X-CUBE-ALS.1.0.2
2024-07-10 00:34:59,541 [WARN] PackLoader:240 - Cannot read IP mode file for STMicroelectronics.X-CUBE-MEMS1.10.0.0
2024-07-10 00:34:59,642 [WARN] PackLoader:240 - Cannot read IP mode file for STMicroelectronics.X-CUBE-FREERTOS.1.1.0
2024-07-10 00:34:59,653 [WARN] PackLoader:240 - Cannot read IP mode file for STMicroelectronics.X-CUBE-TOUCHGFX.4.24.0
2024-07-10 00:34:59,667 [WARN] PackLoader:240 - Cannot read IP mode file for portGmbH.I-Cube-SoM-uGOAL.1.1.0
2024-07-10 00:34:59,680 [WARN] PackLoader:240 - Cannot read IP mode file for STMicroelectronics.X-CUBE-ALS.1.0.1
2024-07-10 00:34:59,711 [WARN] PackLoader:240 - Cannot read IP mode file for STMicroelectronics.X-CUBE-AZRTOS-H7RS.1.0.0
2024-07-10 00:34:59,725 [WARN] PackLoader:240 - Cannot read IP mode file for STMicroelectronics.FP-ATR-ASTRA1.2.0.0
2024-07-10 00:34:59,743 [WARN] PackLoader:240 - Cannot read IP mode file for STMicroelectronics.X-CUBE-TOF1.3.4.0
2024-07-10 00:34:59,781 [WARN] PackLoader:240 - Cannot read IP mode file for STMicroelectronics.X-CUBE-TOF1.3.4.1
2024-07-10 00:34:59,827 [WARN] PackLoader:240 - Cannot read IP mode file for STMicroelectronics.X-CUBE-AZRTOS-H7.3.2.0
2024-07-10 00:34:59,830 [INFO] ThirdParty:978 - Integrity check success = true
2024-07-10 00:34:59,830 [INFO] IntegrityCheckThread:100 - exiting critical section [integrity check]
2024-07-10 00:34:59,830 [INFO] IntegrityCheckThread:103 - End integrity checks thread
2024-07-10 17:44:03,901 [ERROR] LogOutputStream:75 - [STDERR_REDIRECT] 
