2024-07-16 18:10:15,942 [INFO] Activator:176 - 


2024-07-16 18:10:15,954 [INFO] Activator:177 - !SESSION log4j initialized
2024-07-16 18:10:28,759 [INFO] LogOutputStream:77 - [STDOUT_REDIRECT] 
2024-07-16 18:10:35,527 [INFO] ApplicationProperties:184 - Using Application install path: C:\ST\STM32CubeIDE_1.14.1\STM32CubeIDE\plugins\com.st.stm32cube.common.mx_6.11.0.202403141607
2024-07-16 18:10:35,552 [INFO] DbMcusXml:78 - Set database path to: C:\ST\STM32CubeIDE_1.14.1\STM32CubeIDE\plugins\com.st.stm32cube.common.mx_6.11.0.202403141607\\db\/mcu/
2024-07-16 18:10:35,553 [INFO] ApiDb:274 - Set plugin database path to: C:\ST\STM32CubeIDE_1.14.1\STM32CubeIDE\plugins\com.st.stm32cube.common.mx_6.11.0.202403141607\\db\/plugins/boardmanager/
2024-07-16 18:10:35,553 [WARN] ApiDb:259 - Overriding images path with different value:  => C:\ST\STM32CubeIDE_1.14.1\STM32CubeIDE\plugins\com.st.stm32cube.common.mx_6.11.0.202403141607\\db\/plugins/mcufinder/images/
2024-07-16 18:10:35,570 [INFO] ApiDb:250 - Set database path to: C:\Users\AAA\.stmcufinder\plugins\mcufinder//mcu/
2024-07-16 18:10:35,571 [INFO] DbMcusAds:125 - Set database path to: C:\Users\AAA\.stmcufinder\plugins\mcufinder//mcu/
2024-07-16 18:10:35,573 [INFO] CrossReferenceDbSqlite:203 - Set database path to: C:\Users\AAA\.stmcufinder\plugins\mcufinder//mcu/cs/
2024-07-16 18:10:35,752 [INFO] RulesReader:64 - Compatibility file has been processed (297 Rules)
2024-07-16 18:10:35,861 [INFO] DbMcusXml:78 - Set database path to: C:\ST\STM32CubeIDE_1.14.1\STM32CubeIDE\plugins\com.st.stm32cube.common.mx_6.11.0.202403141607\\db\/mcu/
2024-07-16 18:10:35,861 [INFO] ApiDb:274 - Set plugin database path to: C:\ST\STM32CubeIDE_1.14.1\STM32CubeIDE\plugins\com.st.stm32cube.common.mx_6.11.0.202403141607\\db\/plugins/boardmanager/
2024-07-16 18:10:35,861 [INFO] ApiDb:261 - Set plugin images path to: C:\ST\STM32CubeIDE_1.14.1\STM32CubeIDE\plugins\com.st.stm32cube.common.mx_6.11.0.202403141607\\db\/plugins/mcufinder/images/
2024-07-16 18:10:35,861 [WARN] DbFile:41 - Overriding database path with different value: C:\Users\AAA\.stmcufinder\plugins\mcufinder/ => C:\Users\AAA\.stmcufinder\plugins\mcufinder
2024-07-16 18:10:35,861 [INFO] ApiDb:250 - Set database path to: C:\Users\AAA\.stmcufinder\plugins\mcufinder//mcu/
2024-07-16 18:10:35,862 [WARN] DbFile:41 - Overriding database path with different value: C:\Users\AAA\.stmcufinder\plugins\mcufinder/ => C:\Users\AAA\.stmcufinder\plugins\mcufinder
2024-07-16 18:10:35,862 [INFO] DbMcusAds:125 - Set database path to: C:\Users\AAA\.stmcufinder\plugins\mcufinder//mcu/
2024-07-16 18:10:35,862 [WARN] DbFile:41 - Overriding database path with different value: C:\Users\AAA\.stmcufinder\plugins\mcufinder/ => C:\Users\AAA\.stmcufinder\plugins\mcufinder
2024-07-16 18:10:35,862 [WARN] DbFile:41 - Overriding database path with different value: C:\Users\AAA\.stmcufinder\plugins\mcufinder/ => C:\Users\AAA\.stmcufinder\plugins\mcufinder
2024-07-16 18:10:35,862 [INFO] CrossReferenceDbSqlite:203 - Set database path to: C:\Users\AAA\.stmcufinder\plugins\mcufinder//mcu/cs/
2024-07-16 18:10:35,965 [INFO] MainPanel:264 - HeapMemory: 268435456
2024-07-16 18:10:36,065 [INFO] DbMcusXml:78 - Set database path to: C:\ST\STM32CubeIDE_1.14.1\STM32CubeIDE\plugins\com.st.stm32cube.common.mx_6.11.0.202403141607\\db\/mcu/
2024-07-16 18:10:36,065 [INFO] ApiDb:274 - Set plugin database path to: C:\ST\STM32CubeIDE_1.14.1\STM32CubeIDE\plugins\com.st.stm32cube.common.mx_6.11.0.202403141607\\db\/plugins/boardmanager/
2024-07-16 18:10:36,065 [INFO] ApiDb:261 - Set plugin images path to: C:\ST\STM32CubeIDE_1.14.1\STM32CubeIDE\plugins\com.st.stm32cube.common.mx_6.11.0.202403141607\\db\/plugins/mcufinder/images/
2024-07-16 18:10:36,066 [WARN] DbFile:41 - Overriding database path with different value: C:\Users\AAA\.stmcufinder\plugins\mcufinder/ => C:\Users\AAA\.stmcufinder\plugins\mcufinder
2024-07-16 18:10:36,066 [INFO] ApiDb:250 - Set database path to: C:\Users\AAA\.stmcufinder\plugins\mcufinder//mcu/
2024-07-16 18:10:36,066 [WARN] DbFile:41 - Overriding database path with different value: C:\Users\AAA\.stmcufinder\plugins\mcufinder/ => C:\Users\AAA\.stmcufinder\plugins\mcufinder
2024-07-16 18:10:36,066 [INFO] DbMcusAds:125 - Set database path to: C:\Users\AAA\.stmcufinder\plugins\mcufinder//mcu/
2024-07-16 18:10:36,066 [WARN] DbFile:41 - Overriding database path with different value: C:\Users\AAA\.stmcufinder\plugins\mcufinder/ => C:\Users\AAA\.stmcufinder\plugins\mcufinder
2024-07-16 18:10:36,066 [WARN] DbFile:41 - Overriding database path with different value: C:\Users\AAA\.stmcufinder\plugins\mcufinder/ => C:\Users\AAA\.stmcufinder\plugins\mcufinder
2024-07-16 18:10:36,067 [INFO] CrossReferenceDbSqlite:203 - Set database path to: C:\Users\AAA\.stmcufinder\plugins\mcufinder//mcu/cs/
2024-07-16 18:10:36,087 [INFO] ApplicationProperties:184 - Using Application install path: C:\ST\STM32CubeIDE_1.14.1\STM32CubeIDE\plugins\com.st.stm32cube.common.mx_6.11.0.202403141607
2024-07-16 18:10:36,089 [INFO] PluginManage:196 - Search for loadable plugins [exclusion list=, ]
2024-07-16 18:10:36,091 [INFO] PluginManage:310 - Check plugin analytics
2024-07-16 18:10:36,278 [INFO] AnalyticsPlugin:253 - Accepted Software Licenses: 
2024-07-16 18:10:36,278 [INFO] AnalyticsPlugin:255 - Accepted CMSIS Pack Licenses: ARM.CMSIS.6.0.0
2024-07-16 18:10:36,279 [INFO] AnalyticsPlugin:257 - Accepted Firmware Licenses: 
2024-07-16 18:10:36,282 [INFO] PluginManage:359 - Loaded plugin analytics (category:tool,tabindex:-1)
2024-07-16 18:10:36,283 [INFO] PluginManage:310 - Check plugin cadmodel
2024-07-16 18:10:36,305 [INFO] CADModel:105 - Init CAD model plugin
2024-07-16 18:10:36,305 [INFO] PluginManage:359 - Loaded plugin cadmodel (category:power,tabindex:5)
2024-07-16 18:10:36,305 [INFO] PluginManage:310 - Check plugin clock
2024-07-16 18:10:36,335 [INFO] PluginManage:359 - Loaded plugin clock (category:base,tabindex:2)
2024-07-16 18:10:36,335 [INFO] PluginManage:310 - Check plugin ddr
2024-07-16 18:10:36,338 [INFO] PluginManage:359 - Loaded plugin ddr (category:tool,tabindex:6)
2024-07-16 18:10:36,338 [INFO] PluginManage:310 - Check plugin filemanager
2024-07-16 18:10:36,529 [INFO] PluginManage:359 - Loaded plugin filemanager (category:base,tabindex:10)
2024-07-16 18:10:36,529 [INFO] PluginManage:310 - Check plugin ipmanager
2024-07-16 18:10:36,537 [INFO] PluginManage:359 - Loaded plugin ipmanager (category:base,tabindex:5)
2024-07-16 18:10:36,537 [INFO] PluginManage:310 - Check plugin lpbam
2024-07-16 18:10:36,554 [INFO] PluginManage:359 - Loaded plugin lpbam (category:base,tabindex:0)
2024-07-16 18:10:36,555 [INFO] PluginManage:310 - Check plugin memorymap
2024-07-16 18:10:36,581 [INFO] PluginManage:359 - Loaded plugin memorymap (category:base,tabindex:4)
2024-07-16 18:10:36,581 [INFO] PluginManage:310 - Check plugin pinoutandconfiguration
2024-07-16 18:10:36,601 [INFO] PluginManage:359 - Loaded plugin pinoutandconfiguration (category:base,tabindex:1)
2024-07-16 18:10:36,601 [INFO] PluginManage:310 - Check plugin pinoutconfig
2024-07-16 18:10:36,725 [WARN] SupportedApi:132 - Cannot load RTOS API schema: s4s-elt-must-match.1: The content of 'definitions' must match (annotation?, (simpleType | complexType)?, (unique | key | keyref)*)). A problem was found starting at: attribute.
2024-07-16 18:10:36,877 [INFO] PluginManage:359 - Loaded plugin pinoutconfig (category:base,tabindex:0)
2024-07-16 18:10:36,878 [INFO] PluginManage:310 - Check plugin power
2024-07-16 18:10:36,897 [INFO] PluginManage:359 - Loaded plugin power (category:power,tabindex:4)
2024-07-16 18:10:36,897 [INFO] PluginManage:310 - Check plugin projectmanager
2024-07-16 18:10:36,913 [INFO] PluginManage:359 - Loaded plugin projectmanager (category:projectmanager,tabindex:3)
2024-07-16 18:10:36,913 [INFO] PluginManage:310 - Check plugin thirdparty
2024-07-16 18:10:37,193 [INFO] PluginManage:359 - Loaded plugin thirdparty (category:base,tabindex:-1)
2024-07-16 18:10:37,193 [WARN] IntegrityCheckThread:84 - waiting for thirdparty lock release [integrity check]
2024-07-16 18:10:37,194 [INFO] PluginManage:310 - Check plugin tools
2024-07-16 18:10:37,194 [INFO] IntegrityCheckThread:86 - entering critical section [integrity check]
2024-07-16 18:10:37,194 [INFO] ThirdPartyUpdaterWithRetryManager:70 - Updater plugin not ready yet. [1/15]
2024-07-16 18:10:37,231 [INFO] PluginManage:359 - Loaded plugin tools (category:base,tabindex:7)
2024-07-16 18:10:37,231 [INFO] PluginManage:310 - Check plugin tutovideos
2024-07-16 18:10:37,462 [INFO] PluginManage:359 - Loaded plugin tutovideos (category:base,tabindex:-1)
2024-07-16 18:10:37,462 [INFO] PluginManage:310 - Check plugin updater
2024-07-16 18:10:37,475 [INFO] PluginManage:359 - Loaded plugin updater (category:base,tabindex:12)
2024-07-16 18:10:37,475 [INFO] PluginManage:310 - Check plugin userauth
2024-07-16 18:10:37,483 [INFO] UserAuth:114 - Init User Auth plugin
2024-07-16 18:10:37,483 [INFO] PluginManage:359 - Loaded plugin userauth (category:base,tabindex:14)
2024-07-16 18:10:37,483 [INFO] PluginManage:283 - PluginManage : Loaded plugins [17]
2024-07-16 18:10:37,722 [INFO] PinOutPanel:1561 - setPackage(No Configuration,No Configuration)
2024-07-16 18:10:37,807 [INFO] CADModel:165 - CPN selected for project level
2024-07-16 18:10:37,807 [INFO] CADModel:114 - Register for checkConnection events
2024-07-16 18:10:37,835 [INFO] IPUIPlugin:80 - create IPUIPlugin
2024-07-16 18:10:37,835 [INFO] PluginManager:220 - loadIPPluginJar : add adc
2024-07-16 18:10:37,880 [INFO] IPUIPlugin:80 - create IPUIPlugin
2024-07-16 18:10:37,880 [INFO] PluginManager:220 - loadIPPluginJar : add aes
2024-07-16 18:10:37,922 [INFO] IPUIPlugin:80 - create IPUIPlugin
2024-07-16 18:10:37,922 [INFO] PluginManager:220 - loadIPPluginJar : add can
2024-07-16 18:10:37,948 [INFO] IPUIPlugin:80 - create IPUIPlugin
2024-07-16 18:10:37,948 [INFO] PluginManager:220 - loadIPPluginJar : add comp
2024-07-16 18:10:37,983 [INFO] IPUIPlugin:80 - create IPUIPlugin
2024-07-16 18:10:37,984 [INFO] PluginManager:220 - loadIPPluginJar : add cryp
2024-07-16 18:10:38,016 [INFO] IPUIPlugin:80 - create IPUIPlugin
2024-07-16 18:10:38,017 [INFO] PluginManager:220 - loadIPPluginJar : add dfsdm
2024-07-16 18:10:38,032 [INFO] IPUIPlugin:80 - create IPUIPlugin
2024-07-16 18:10:38,033 [INFO] PluginManager:220 - loadIPPluginJar : add dma
2024-07-16 18:10:38,080 [INFO] IPUIPlugin:80 - create IPUIPlugin
2024-07-16 18:10:38,081 [INFO] PluginManager:220 - loadIPPluginJar : add dma3
2024-07-16 18:10:38,127 [INFO] IPUIPlugin:80 - create IPUIPlugin
2024-07-16 18:10:38,127 [INFO] PluginManager:220 - loadIPPluginJar : add extmemmanager
2024-07-16 18:10:38,146 [INFO] IPUIPlugin:80 - create IPUIPlugin
2024-07-16 18:10:38,147 [INFO] PluginManager:220 - loadIPPluginJar : add fatfs
2024-07-16 18:10:38,203 [INFO] IPUIPlugin:80 - create IPUIPlugin
2024-07-16 18:10:38,204 [INFO] PluginManager:220 - loadIPPluginJar : add fmc
2024-07-16 18:10:38,218 [INFO] IPUIPlugin:80 - create IPUIPlugin
2024-07-16 18:10:38,218 [INFO] PluginManager:220 - loadIPPluginJar : add freertos
2024-07-16 18:10:38,240 [INFO] IPUIPlugin:80 - create IPUIPlugin
2024-07-16 18:10:38,240 [INFO] PluginManager:220 - loadIPPluginJar : add genericplugin
2024-07-16 18:10:38,336 [INFO] IPUIPlugin:80 - create IPUIPlugin
2024-07-16 18:10:38,336 [INFO] PluginManager:220 - loadIPPluginJar : add gfxmmu
2024-07-16 18:10:38,482 [INFO] IPUIPlugin:80 - create IPUIPlugin
2024-07-16 18:10:38,482 [INFO] PluginManager:220 - loadIPPluginJar : add gic
2024-07-16 18:10:38,511 [INFO] IPUIPlugin:80 - create IPUIPlugin
2024-07-16 18:10:38,511 [INFO] PluginManager:220 - loadIPPluginJar : add gpio
2024-07-16 18:10:38,609 [INFO] IPUIPlugin:80 - create IPUIPlugin
2024-07-16 18:10:38,609 [INFO] PluginManager:220 - loadIPPluginJar : add gtzc
2024-07-16 18:10:38,645 [INFO] IPUIPlugin:80 - create IPUIPlugin
2024-07-16 18:10:38,645 [INFO] PluginManager:220 - loadIPPluginJar : add hash
2024-07-16 18:10:38,698 [INFO] IPUIPlugin:80 - create IPUIPlugin
2024-07-16 18:10:38,699 [INFO] PluginManager:220 - loadIPPluginJar : add i2c
2024-07-16 18:10:38,740 [INFO] IPUIPlugin:80 - create IPUIPlugin
2024-07-16 18:10:38,740 [INFO] PluginManager:220 - loadIPPluginJar : add i2s
2024-07-16 18:10:38,779 [INFO] IPUIPlugin:80 - create IPUIPlugin
2024-07-16 18:10:38,779 [INFO] PluginManager:220 - loadIPPluginJar : add i3c
2024-07-16 18:10:38,907 [INFO] IPUIPlugin:80 - create IPUIPlugin
2024-07-16 18:10:38,908 [INFO] PluginManager:220 - loadIPPluginJar : add ipddr
2024-07-16 18:10:39,000 [INFO] IPUIPlugin:80 - create IPUIPlugin
2024-07-16 18:10:39,000 [INFO] PluginManager:220 - loadIPPluginJar : add linkedlist
2024-07-16 18:10:39,036 [INFO] IPUIPlugin:80 - create IPUIPlugin
2024-07-16 18:10:39,036 [INFO] PluginManager:220 - loadIPPluginJar : add lorawan
2024-07-16 18:10:39,076 [INFO] IPUIPlugin:80 - create IPUIPlugin
2024-07-16 18:10:39,076 [INFO] PluginManager:220 - loadIPPluginJar : add ltdc
2024-07-16 18:10:39,089 [INFO] IPUIPlugin:80 - create IPUIPlugin
2024-07-16 18:10:39,089 [INFO] PluginManager:220 - loadIPPluginJar : add mdma
2024-07-16 18:10:39,101 [INFO] IPUIPlugin:80 - create IPUIPlugin
2024-07-16 18:10:39,101 [INFO] PluginManager:220 - loadIPPluginJar : add nvic
2024-07-16 18:10:39,136 [INFO] IPUIPlugin:80 - create IPUIPlugin
2024-07-16 18:10:39,136 [INFO] PluginManager:220 - loadIPPluginJar : add opamp
2024-07-16 18:10:39,195 [INFO] IPUIPlugin:80 - create IPUIPlugin
2024-07-16 18:10:39,195 [INFO] PluginManager:220 - loadIPPluginJar : add openamp
2024-07-16 18:10:39,240 [INFO] IPUIPlugin:80 - create IPUIPlugin
2024-07-16 18:10:39,241 [INFO] PluginManager:220 - loadIPPluginJar : add pdm2pcm
2024-07-16 18:10:39,255 [INFO] IPUIPlugin:80 - create IPUIPlugin
2024-07-16 18:10:39,257 [INFO] PluginManager:220 - loadIPPluginJar : add plateformsettings
2024-07-16 18:10:39,281 [INFO] IPUIPlugin:80 - create IPUIPlugin
2024-07-16 18:10:39,281 [INFO] PluginManager:220 - loadIPPluginJar : add quadspi
2024-07-16 18:10:39,292 [INFO] IPUIPlugin:80 - create IPUIPlugin
2024-07-16 18:10:39,292 [INFO] PluginManager:220 - loadIPPluginJar : add resmgrutility
2024-07-16 18:10:39,342 [INFO] IPUIPlugin:80 - create IPUIPlugin
2024-07-16 18:10:39,343 [INFO] PluginManager:220 - loadIPPluginJar : add sai
2024-07-16 18:10:39,380 [INFO] IPUIPlugin:80 - create IPUIPlugin
2024-07-16 18:10:39,381 [INFO] PluginManager:220 - loadIPPluginJar : add spi
2024-07-16 18:10:39,462 [INFO] IPUIPlugin:80 - create IPUIPlugin
2024-07-16 18:10:39,462 [INFO] PluginManager:220 - loadIPPluginJar : add stm32_wpan
2024-07-16 18:10:39,483 [INFO] IPUIPlugin:80 - create IPUIPlugin
2024-07-16 18:10:39,484 [INFO] PluginManager:220 - loadIPPluginJar : add tim
2024-07-16 18:10:39,550 [INFO] IPUIPlugin:80 - create IPUIPlugin
2024-07-16 18:10:39,551 [INFO] PluginManager:220 - loadIPPluginJar : add touchsensing
2024-07-16 18:10:39,573 [INFO] IPUIPlugin:80 - create IPUIPlugin
2024-07-16 18:10:39,574 [INFO] PluginManager:220 - loadIPPluginJar : add tracer_emb
2024-07-16 18:10:39,596 [INFO] IPUIPlugin:80 - create IPUIPlugin
2024-07-16 18:10:39,596 [INFO] PluginManager:220 - loadIPPluginJar : add ts
2024-07-16 18:10:39,618 [INFO] IPUIPlugin:80 - create IPUIPlugin
2024-07-16 18:10:39,618 [INFO] PluginManager:220 - loadIPPluginJar : add tsc
2024-07-16 18:10:39,640 [INFO] IPUIPlugin:80 - create IPUIPlugin
2024-07-16 18:10:39,640 [INFO] PluginManager:220 - loadIPPluginJar : add ucpd
2024-07-16 18:10:39,688 [INFO] IPUIPlugin:80 - create IPUIPlugin
2024-07-16 18:10:39,688 [INFO] PluginManager:220 - loadIPPluginJar : add usart
2024-07-16 18:10:39,732 [INFO] IPUIPlugin:80 - create IPUIPlugin
2024-07-16 18:10:39,732 [INFO] PluginManager:220 - loadIPPluginJar : add usbx
2024-07-16 18:10:39,868 [INFO] CADModel:165 - CPN selected for project level
2024-07-16 18:10:39,868 [INFO] CADModel:114 - Register for checkConnection events
2024-07-16 18:10:39,868 [FATAL] Updater:308 - Updater called before beeing initialized
2024-07-16 18:10:39,868 [ERROR] CADModel:125 - Updater not yet initialized, retry later 
2024-07-16 18:10:40,020 [INFO] CADModel:165 - CPN selected for project level
2024-07-16 18:10:40,020 [INFO] CADModel:114 - Register for checkConnection events
2024-07-16 18:10:40,021 [FATAL] Updater:308 - Updater called before beeing initialized
2024-07-16 18:10:40,021 [ERROR] CADModel:125 - Updater not yet initialized, retry later 
2024-07-16 18:10:40,023 [FATAL] Updater:308 - Updater called before beeing initialized
2024-07-16 18:10:40,155 [FATAL] Updater:308 - Updater called before beeing initialized
2024-07-16 18:10:40,166 [INFO] DbMcusAds:53 - JSON generation date=Thu May 16 16:22:00 ICT 2024 (1715851320852)
2024-07-16 18:10:40,166 [FATAL] Updater:308 - Updater called before beeing initialized
2024-07-16 18:10:40,197 [INFO] ThirdPartyUpdaterWithRetryManager:70 - Updater plugin not ready yet. [2/15]
2024-07-16 18:10:40,253 [WARN] DetailPanel:346 - Failed to get advertising image, set to default
2024-07-16 18:10:40,379 [FATAL] Updater:308 - Updater called before beeing initialized
2024-07-16 18:10:40,381 [FATAL] Updater:308 - Updater called before beeing initialized
2024-07-16 18:10:40,381 [FATAL] Updater:308 - Updater called before beeing initialized
2024-07-16 18:10:40,381 [WARN] DetailPanel:346 - Failed to get advertising image, set to default
2024-07-16 18:10:40,381 [FATAL] Updater:308 - Updater called before beeing initialized
2024-07-16 18:10:40,450 [ERROR] Updater:1120 - MainUpdater not yet initialized. External WinMGr cannot be set.
2024-07-16 18:10:40,464 [INFO] Updater:1056 - Updater Version found : 6.11.0
2024-07-16 18:10:40,486 [INFO] ApplicationProperties:184 - Using Application install path: C:\ST\STM32CubeIDE_1.14.1\STM32CubeIDE\plugins\com.st.stm32cube.common.mx_6.11.0.202403141607
2024-07-16 18:10:42,070 [ERROR] LogOutputStream:75 - [STDERR_REDIRECT] Jul 16, 2024 6:10:42 PM java.util.prefs.WindowsPreferences <init>
2024-07-16 18:10:42,072 [ERROR] LogOutputStream:75 - [STDERR_REDIRECT] WARNING: Could not open/create prefs root node Software\JavaSoft\Prefs at root 0xffffffff80000002. Windows RegCreateKeyEx(...) returned error code 5.
2024-07-16 18:10:42,072 [ERROR] LogOutputStream:75 - [STDERR_REDIRECT] 
2024-07-16 18:10:42,414 [INFO] MainUpdater:2873 - connection check result : 22
2024-07-16 18:10:42,415 [INFO] MainUpdater:290 - Updater Check For Update Now.
2024-07-16 18:10:42,417 [INFO] MicroXplorer:498 - Change Database Version : DB.6.0.110
2024-07-16 18:10:42,443 [INFO] McuFinderGlobals:63 - Set McuFinder mode to 2 (CubeIDE integrated)
2024-07-16 18:10:42,460 [INFO] UserAuth:415 - Internet connection configuration mode: 2
2024-07-16 18:10:42,656 [INFO] CheckServerUpdateThread:120 - End of CheckServer Thread
2024-07-16 18:10:43,509 [WARN] PackLoader:240 - Cannot read IP mode file for STMicroelectronics.FP-SNS-MOTENVWB1.1.4.0
2024-07-16 18:10:43,527 [WARN] PackLoader:240 - Cannot read IP mode file for STMicroelectronics.X-CUBE-SMBUS.2.1.0
2024-07-16 18:10:43,539 [WARN] PackLoader:240 - Cannot read IP mode file for STMicroelectronics.X-CUBE-TOUCHGFX.4.23.1
2024-07-16 18:10:43,550 [WARN] PackLoader:240 - Cannot read IP mode file for STMicroelectronics.X-CUBE-TOUCHGFX.4.23.0
2024-07-16 18:10:43,561 [WARN] PackLoader:240 - Cannot read IP mode file for STMicroelectronics.X-CUBE-TOUCHGFX.4.23.2
2024-07-16 18:10:43,614 [WARN] PackLoader:240 - Cannot read IP mode file for STMicroelectronics.X-CUBE-AZRTOS-F7.1.1.0
2024-07-16 18:10:43,638 [WARN] PackLoader:240 - Cannot read IP mode file for STMicroelectronics.FP-SNS-MOTENV1.4.3.2
2024-07-16 18:10:43,657 [WARN] PackLoader:240 - Cannot read IP mode file for STMicroelectronics.FP-SNS-FLIGHT1.5.0.2
2024-07-16 18:10:43,685 [WARN] PackLoader:240 - Cannot read IP mode file for STMicroelectronics.X-CUBE-DISPLAY.3.0.0
2024-07-16 18:10:43,713 [WARN] PackLoader:240 - Cannot read IP mode file for STMicroelectronics.X-CUBE-BLE1.7.0.0
2024-07-16 18:10:43,737 [WARN] PackLoader:240 - Cannot read IP mode file for emotas.I-CUBE-CANOPEN.1.3.0
2024-07-16 18:10:43,760 [WARN] PackLoader:240 - Cannot read IP mode file for STMicroelectronics.X-CUBE-TOUCHGFX.4.22.1
2024-07-16 18:10:43,792 [WARN] PackLoader:240 - Cannot read IP mode file for STMicroelectronics.X-CUBE-BLEMGR.3.1.0
2024-07-16 18:10:43,913 [WARN] PackLoader:240 - Cannot read IP mode file for STMicroelectronics.FP-SNS-SMARTAG2.1.2.0
2024-07-16 18:10:43,936 [INFO] LogOutputStream:77 - [STDOUT_REDIRECT] 1 : Invalid condition id : UX_CORESTACK_Condition cause : null
2024-07-16 18:10:43,936 [INFO] LogOutputStream:77 - [STDOUT_REDIRECT] 1 : Invalid condition id : UX_CORESTACK_Condition cause : null
2024-07-16 18:10:43,937 [INFO] LogOutputStream:77 - [STDOUT_REDIRECT] 1 : Invalid condition id : UX_CORESTACK_Condition cause : null
2024-07-16 18:10:43,938 [INFO] LogOutputStream:77 - [STDOUT_REDIRECT] 1 : Invalid condition id : UX_CORESTACK_Condition cause : null
2024-07-16 18:10:43,940 [INFO] LogOutputStream:77 - [STDOUT_REDIRECT] 1 : Invalid condition id : UX_CORESTACK_Condition cause : null
2024-07-16 18:10:43,943 [WARN] PackLoader:240 - Cannot read IP mode file for STMicroelectronics.X-CUBE-AZRTOS-WL.2.0.0
2024-07-16 18:10:43,957 [WARN] PackLoader:240 - Cannot read IP mode file for STMicroelectronics.FP-SNS-MOTENV1.5.0.0
2024-07-16 18:10:43,979 [WARN] PackLoader:240 - Cannot read IP mode file for wolfSSL.I-CUBE-wolfMQTT.1.19.0
2024-07-16 18:10:43,995 [WARN] PackLoader:240 - Cannot read IP mode file for WES.I-CUBE-Cesium.1.3.0
2024-07-16 18:10:44,010 [WARN] PackLoader:240 - Cannot read IP mode file for STMicroelectronics.X-CUBE-BLE2.3.3.0
2024-07-16 18:10:44,023 [WARN] PackLoader:240 - Cannot read IP mode file for STMicroelectronics.X-CUBE-TCPP.4.1.0
2024-07-16 18:10:44,038 [WARN] PackLoader:240 - Cannot read IP mode file for STMicroelectronics.X-CUBE-ALGOBUILD.1.3.0
2024-07-16 18:10:44,072 [WARN] PackLoader:240 - Cannot read IP mode file for STMicroelectronics.X-CUBE-AZRTOS-G0.1.1.0
2024-07-16 18:10:44,089 [WARN] PackLoader:240 - Cannot read IP mode file for STMicroelectronics.X-CUBE-SAFEA1.1.2.2
2024-07-16 18:10:44,103 [WARN] PackLoader:240 - Cannot read IP mode file for STMicroelectronics.X-CUBE-NFC4.3.0.0
2024-07-16 18:10:44,127 [WARN] PackLoader:240 - Cannot read IP mode file for STMicroelectronics.X-CUBE-BLEMGR.3.0.0
2024-07-16 18:10:44,143 [WARN] PackLoader:240 - Cannot read IP mode file for STMicroelectronics.FP-ATR-SIGFOX1.3.2.0
2024-07-16 18:10:44,159 [WARN] PackLoader:240 - Cannot read IP mode file for STMicroelectronics.X-CUBE-EEPRMA1.5.1.0
2024-07-16 18:10:44,214 [WARN] PackLoader:240 - Cannot read IP mode file for SEGGER.I-CUBE-embOS.1.3.1
2024-07-16 18:10:44,277 [WARN] PackLoader:240 - Cannot read IP mode file for STMicroelectronics.X-CUBE-ALGOBUILD.1.4.0
2024-07-16 18:10:44,292 [WARN] PackLoader:240 - Cannot read IP mode file for STMicroelectronics.X-CUBE-GNSS1.6.0.0
2024-07-16 18:10:44,318 [WARN] PackLoader:240 - Cannot read IP mode file for STMicroelectronics.X-CUBE-AZRTOS-F4.1.1.0
2024-07-16 18:10:44,332 [WARN] PackLoader:240 - Cannot read IP mode file for wolfSSL.I-CUBE-wolfSSL.5.6.3
2024-07-16 18:10:44,346 [WARN] PackLoader:240 - Cannot read IP mode file for STMicroelectronics.X-CUBE-FREERTOS.1.2.0
2024-07-16 18:10:44,356 [WARN] PackLoader:240 - Cannot read IP mode file for wolfSSL.I-CUBE-wolfSSL.5.6.6
2024-07-16 18:10:44,383 [WARN] PackLoader:240 - Cannot read IP mode file for STMicroelectronics.X-CUBE-AZRTOS-L5.2.0.0
2024-07-16 18:10:44,445 [WARN] PackLoader:240 - Cannot read IP mode file for STMicroelectronics.X-CUBE-MEMS1.9.6.0
2024-07-16 18:10:44,596 [WARN] PackLoader:240 - Cannot read IP mode file for STMicroelectronics.X-CUBE-EEPRMA1.4.2.0
2024-07-16 18:10:44,611 [WARN] PackLoader:240 - Cannot read IP mode file for STMicroelectronics.X-CUBE-NFC6.3.1.0
2024-07-16 18:10:44,625 [WARN] PackLoader:240 - Cannot read IP mode file for ITTIA_DB.I-CUBE-ITTIADB.8.8.0
2024-07-16 18:10:44,687 [WARN] PackLoader:240 - Cannot read IP mode file for STMicroelectronics.X-CUBE-BLEMGR.2.0.0
2024-07-16 18:10:44,701 [WARN] PackLoader:240 - Cannot read IP mode file for STMicroelectronics.X-CUBE-AI.9.0.0
2024-07-16 18:10:44,726 [WARN] ConditionMgr:438 - getConditionDescription Invalid condition id : UX DEVICE CLASS RTOS Condition cause : null
2024-07-16 18:10:44,727 [WARN] ConditionMgr:438 - getConditionDescription Invalid condition id : UX DEVICE CLASS RTOS Condition cause : null
2024-07-16 18:10:44,729 [WARN] PackLoader:240 - Cannot read IP mode file for STMicroelectronics.X-CUBE-AZRTOS-H7.3.1.0
2024-07-16 18:10:44,730 [WARN] ConditionMgr:1039 - genDependencies : Invalid condition id : UX DEVICE CLASS RTOS Condition cause : null
2024-07-16 18:10:44,730 [WARN] ConditionMgr:1039 - genDependencies : Invalid condition id : UX DEVICE CLASS RTOS Condition cause : null
2024-07-16 18:10:44,730 [WARN] ConditionMgr:1039 - genDependencies : Invalid condition id : UX DEVICE CLASS RTOS Condition cause : null
2024-07-16 18:10:44,730 [WARN] ConditionMgr:1039 - genDependencies : Invalid condition id : UX DEVICE CLASS RTOS Condition cause : null
2024-07-16 18:10:44,730 [WARN] ConditionMgr:1039 - genDependencies : Invalid condition id : UX DEVICE CLASS RTOS Condition cause : null
2024-07-16 18:10:44,745 [WARN] PackLoader:240 - Cannot read IP mode file for STMicroelectronics.X-CUBE-NFC7.1.0.1
2024-07-16 18:10:44,763 [WARN] PackLoader:240 - Cannot read IP mode file for STMicroelectronics.X-CUBE-NFC6.3.0.0
2024-07-16 18:10:44,780 [WARN] PackLoader:240 - Cannot read IP mode file for STMicroelectronics.X-CUBE-EEPRMA1.4.1.0
2024-07-16 18:10:44,795 [WARN] PackLoader:240 - Cannot read IP mode file for STMicroelectronics.X-CUBE-AI.8.1.0
2024-07-16 18:10:44,827 [WARN] ConditionMgr:438 - getConditionDescription Invalid condition id : LAN8742 Phy interface Condition cause : null
2024-07-16 18:10:44,828 [WARN] PackLoader:240 - Cannot read IP mode file for STMicroelectronics.X-CUBE-AZRTOS-L4.2.0.0
2024-07-16 18:10:44,830 [WARN] ConditionMgr:1039 - genDependencies : Invalid condition id : LAN8742 Phy interface Condition cause : null
2024-07-16 18:10:44,830 [WARN] ConditionMgr:1039 - genDependencies : Invalid condition id : LAN8742 Phy interface Condition cause : null
2024-07-16 18:10:44,830 [WARN] ConditionMgr:1039 - genDependencies : Invalid condition id : LAN8742 Phy interface Condition cause : null
2024-07-16 18:10:44,903 [WARN] PackLoader:240 - Cannot read IP mode file for STMicroelectronics.X-CUBE-SFXS2LP1.4.0.0
2024-07-16 18:10:44,917 [WARN] PackLoader:240 - Cannot read IP mode file for STMicroelectronics.X-CUBE-ISPU.1.1.0
2024-07-16 18:10:44,947 [WARN] ConditionMgr:438 - getConditionDescription Invalid condition id : UX DEVICE CLASS RTOS Condition cause : null
2024-07-16 18:10:44,947 [WARN] ConditionMgr:438 - getConditionDescription Invalid condition id : UX DEVICE CLASS RTOS Condition cause : null
2024-07-16 18:10:44,949 [WARN] PackLoader:240 - Cannot read IP mode file for STMicroelectronics.X-CUBE-AZRTOS-WB.2.0.0
2024-07-16 18:10:44,950 [WARN] ConditionMgr:1039 - genDependencies : Invalid condition id : UX DEVICE CLASS RTOS Condition cause : null
2024-07-16 18:10:44,950 [WARN] ConditionMgr:1039 - genDependencies : Invalid condition id : UX DEVICE CLASS RTOS Condition cause : null
2024-07-16 18:10:44,950 [WARN] ConditionMgr:1039 - genDependencies : Invalid condition id : UX DEVICE CLASS RTOS Condition cause : null
2024-07-16 18:10:44,951 [WARN] ConditionMgr:1039 - genDependencies : Invalid condition id : UX DEVICE CLASS RTOS Condition cause : null
2024-07-16 18:10:44,951 [WARN] ConditionMgr:1039 - genDependencies : Invalid condition id : UX DEVICE CLASS RTOS Condition cause : null
2024-07-16 18:10:44,973 [WARN] PackLoader:240 - Cannot read IP mode file for STMicroelectronics.X-CUBE-SUBG2.5.0.0
2024-07-16 18:10:45,006 [WARN] PackLoader:240 - Cannot read IP mode file for STMicroelectronics.X-CUBE-TOF1.3.3.1
2024-07-16 18:10:45,039 [WARN] PackLoader:240 - Cannot read IP mode file for STMicroelectronics.X-CUBE-AZRTOS-G4.2.0.0
2024-07-16 18:10:45,069 [WARN] PackLoader:240 - Cannot read IP mode file for Infineon.AIROC-Wi-Fi-Bluetooth-STM32.1.5.1
2024-07-16 18:10:45,087 [WARN] PackLoader:240 - Cannot read IP mode file for STMicroelectronics.FP-SNS-MOTENVWB1.1.3.0
2024-07-16 18:10:45,101 [WARN] PackLoader:240 - Cannot read IP mode file for STMicroelectronics.FP-SNS-MOTENVWB1.1.3.1
2024-07-16 18:10:45,114 [WARN] PackLoader:240 - Cannot read IP mode file for STMicroelectronics.X-CUBE-ISPU.2.0.0
2024-07-16 18:10:45,131 [WARN] PackLoader:240 - Cannot read IP mode file for STMicroelectronics.X-CUBE-ALS.1.0.2
2024-07-16 18:10:45,191 [WARN] PackLoader:240 - Cannot read IP mode file for STMicroelectronics.X-CUBE-MEMS1.10.0.0
2024-07-16 18:10:45,324 [WARN] PackLoader:240 - Cannot read IP mode file for STMicroelectronics.X-CUBE-FREERTOS.1.1.0
2024-07-16 18:10:45,339 [WARN] PackLoader:240 - Cannot read IP mode file for STMicroelectronics.X-CUBE-TOUCHGFX.4.24.0
2024-07-16 18:10:45,355 [WARN] PackLoader:240 - Cannot read IP mode file for portGmbH.I-Cube-SoM-uGOAL.1.1.0
2024-07-16 18:10:45,373 [WARN] PackLoader:240 - Cannot read IP mode file for STMicroelectronics.X-CUBE-ALS.1.0.1
2024-07-16 18:10:45,422 [WARN] PackLoader:240 - Cannot read IP mode file for STMicroelectronics.X-CUBE-AZRTOS-H7RS.1.0.0
2024-07-16 18:10:45,440 [WARN] PackLoader:240 - Cannot read IP mode file for STMicroelectronics.FP-ATR-ASTRA1.2.0.0
2024-07-16 18:10:45,466 [WARN] PackLoader:240 - Cannot read IP mode file for STMicroelectronics.X-CUBE-TOF1.3.4.0
2024-07-16 18:10:45,510 [WARN] PackLoader:240 - Cannot read IP mode file for STMicroelectronics.X-CUBE-TOF1.3.4.1
2024-07-16 18:10:45,577 [WARN] PackLoader:240 - Cannot read IP mode file for STMicroelectronics.X-CUBE-AZRTOS-H7.3.2.0
2024-07-16 18:10:45,582 [INFO] ThirdParty:978 - Integrity check success = true
2024-07-16 18:10:45,582 [INFO] IntegrityCheckThread:100 - exiting critical section [integrity check]
2024-07-16 18:10:45,582 [INFO] IntegrityCheckThread:103 - End integrity checks thread
2024-07-16 18:17:53,200 [ERROR] LogOutputStream:75 - [STDERR_REDIRECT] 
